    1C
    1UUSER                                                              
    1UDATE              11.october.2022                                 
    1UTIME              17:53:23                                        
    1UHOST                                                              
    1UPGM               CalculiX                                        
    1UVERSION           Version 2.20                             
    1UCOMPILETIME       Sun Jul 31 18:08:37 CEST 2022                    
    1UDIR                                                               
    1UDBN                                                               
    1UMAT    1MESH_MATERIAL                                             
    2C                           382                                     1
 -1         1 0.00000E+00 0.00000E+00 0.00000E+00
 -1         3 3.33333E-02 0.00000E+00 0.00000E+00
 -1         5 6.66667E-02 0.00000E+00 0.00000E+00
 -1         8 0.00000E+00 6.25000E-03 0.00000E+00
 -1         9 1.66667E-02 6.25000E-03 0.00000E+00
 -1        10 3.33333E-02 6.25000E-03 0.00000E+00
 -1        12 6.66667E-02 6.25000E-03 0.00000E+00
 -1        16 1.66667E-02 1.25000E-02 0.00000E+00
 -1        17 3.33333E-02 1.25000E-02 0.00000E+00
 -1        18 5.00000E-02 1.25000E-02 0.00000E+00
 -1        19 6.66667E-02 1.25000E-02 0.00000E+00
 -1        20 8.33333E-02 1.25000E-02 0.00000E+00
 -1        21 1.00000E-01 1.25000E-02 0.00000E+00
 -1        24 3.33333E-02 1.87500E-02 0.00000E+00
 -1        25 5.00000E-02 1.87500E-02 0.00000E+00
 -1        26 6.66667E-02 1.87500E-02 0.00000E+00
 -1        27 8.33333E-02 1.87500E-02 0.00000E+00
 -1        28 1.00000E-01 1.87500E-02 0.00000E+00
 -1        32 5.00000E-02 2.50000E-02 0.00000E+00
 -1        33 6.66667E-02 2.50000E-02 0.00000E+00
 -1        34 8.33333E-02 2.50000E-02 0.00000E+00
 -1        35 1.00000E-01 2.50000E-02 0.00000E+00
 -1        51 0.00000E+00 1.04167E-03 0.00000E+00
 -1        52 0.00000E+00 2.08333E-03 0.00000E+00
 -1        53 0.00000E+00 3.12500E-03 0.00000E+00
 -1        54 0.00000E+00 4.16667E-03 0.00000E+00
 -1        55 0.00000E+00 5.20833E-03 0.00000E+00
 -1        56 1.04167E-03 3.90630E-04 0.00000E+00
 -1        57 2.08333E-03 7.81250E-04 0.00000E+00
 -1        58 3.12500E-03 1.17188E-03 0.00000E+00
 -1        59 4.16667E-03 1.56250E-03 0.00000E+00
 -1        60 5.20833E-03 1.95312E-03 0.00000E+00
 -1        61 6.25000E-03 2.34375E-03 0.00000E+00
 -1        62 7.29167E-03 2.73438E-03 0.00000E+00
 -1        63 8.33333E-03 3.12500E-03 0.00000E+00
 -1        64 9.37500E-03 3.51563E-03 0.00000E+00
 -1        65 1.04167E-02 3.90625E-03 0.00000E+00
 -1        66 1.14583E-02 4.29688E-03 0.00000E+00
 -1        67 1.25000E-02 4.68750E-03 0.00000E+00
 -1        68 1.35417E-02 5.07813E-03 0.00000E+00
 -1        69 1.45833E-02 5.46875E-03 0.00000E+00
 -1        70 1.56250E-02 5.85938E-03 0.00000E+00
 -1       121 3.33333E-02 1.04167E-03 0.00000E+00
 -1       122 3.33333E-02 2.08333E-03 0.00000E+00
 -1       123 3.33333E-02 3.12500E-03 0.00000E+00
 -1       124 3.33333E-02 4.16667E-03 0.00000E+00
 -1       125 3.33333E-02 5.20833E-03 0.00000E+00
 -1       191 6.66667E-02 1.04167E-03 0.00000E+00
 -1       192 6.66667E-02 2.08333E-03 0.00000E+00
 -1       193 6.66667E-02 3.12500E-03 0.00000E+00
 -1       194 6.66667E-02 4.16667E-03 0.00000E+00
 -1       195 6.66667E-02 5.20833E-03 0.00000E+00
 -1       271 1.04167E-03 6.64063E-03 0.00000E+00
 -1       272 2.08333E-03 7.03125E-03 0.00000E+00
 -1       273 3.12500E-03 7.42188E-03 0.00000E+00
 -1       274 4.16667E-03 7.81250E-03 0.00000E+00
 -1       275 5.20833E-03 8.20313E-03 0.00000E+00
 -1       276 6.25000E-03 8.59375E-03 0.00000E+00
 -1       277 7.29167E-03 8.98438E-03 0.00000E+00
 -1       278 8.33333E-03 9.37500E-03 0.00000E+00
 -1       279 9.37500E-03 9.76562E-03 0.00000E+00
 -1       280 1.04167E-02 1.01562E-02 0.00000E+00
 -1       281 1.14583E-02 1.05469E-02 0.00000E+00
 -1       282 1.25000E-02 1.09375E-02 0.00000E+00
 -1       283 1.35417E-02 1.13281E-02 0.00000E+00
 -1       284 1.45833E-02 1.17188E-02 0.00000E+00
 -1       285 1.56250E-02 1.21094E-02 0.00000E+00
 -1       301 1.66667E-02 7.29167E-03 0.00000E+00
 -1       302 1.66667E-02 8.33333E-03 0.00000E+00
 -1       303 1.66667E-02 9.37500E-03 0.00000E+00
 -1       304 1.66667E-02 1.04167E-02 0.00000E+00
 -1       305 1.66667E-02 1.14583E-02 0.00000E+00
 -1       306 1.77083E-02 6.64063E-03 0.00000E+00
 -1       307 1.87500E-02 7.03125E-03 0.00000E+00
 -1       308 1.97917E-02 7.42188E-03 0.00000E+00
 -1       309 2.08333E-02 7.81250E-03 0.00000E+00
 -1       310 2.18750E-02 8.20313E-03 0.00000E+00
 -1       311 2.29167E-02 8.59375E-03 0.00000E+00
 -1       312 2.39583E-02 8.98438E-03 0.00000E+00
 -1       313 2.50000E-02 9.37500E-03 0.00000E+00
 -1       314 2.60417E-02 9.76562E-03 0.00000E+00
 -1       315 2.70833E-02 1.01562E-02 0.00000E+00
 -1       316 2.81250E-02 1.05469E-02 0.00000E+00
 -1       317 2.91667E-02 1.09375E-02 0.00000E+00
 -1       318 3.02083E-02 1.13281E-02 0.00000E+00
 -1       319 3.12500E-02 1.17188E-02 0.00000E+00
 -1       320 3.22917E-02 1.21094E-02 0.00000E+00
 -1       336 3.33333E-02 7.29167E-03 0.00000E+00
 -1       337 3.33333E-02 8.33333E-03 0.00000E+00
 -1       338 3.33333E-02 9.37500E-03 0.00000E+00
 -1       339 3.33333E-02 1.04167E-02 0.00000E+00
 -1       340 3.33333E-02 1.14583E-02 0.00000E+00
 -1       406 6.66667E-02 7.29167E-03 0.00000E+00
 -1       407 6.66667E-02 8.33333E-03 0.00000E+00
 -1       408 6.66667E-02 9.37500E-03 0.00000E+00
 -1       409 6.66667E-02 1.04167E-02 0.00000E+00
 -1       410 6.66667E-02 1.14583E-02 0.00000E+00
 -1       521 1.77083E-02 1.28906E-02 0.00000E+00
 -1       522 1.87500E-02 1.32813E-02 0.00000E+00
 -1       523 1.97917E-02 1.36719E-02 0.00000E+00
 -1       524 2.08333E-02 1.40625E-02 0.00000E+00
 -1       525 2.18750E-02 1.44531E-02 0.00000E+00
 -1       526 2.29167E-02 1.48437E-02 0.00000E+00
 -1       527 2.39583E-02 1.52344E-02 0.00000E+00
 -1       528 2.50000E-02 1.56250E-02 0.00000E+00
 -1       529 2.60417E-02 1.60156E-02 0.00000E+00
 -1       530 2.70833E-02 1.64062E-02 0.00000E+00
 -1       531 2.81250E-02 1.67969E-02 0.00000E+00
 -1       532 2.91667E-02 1.71875E-02 0.00000E+00
 -1       533 3.02083E-02 1.75781E-02 0.00000E+00
 -1       534 3.12500E-02 1.79687E-02 0.00000E+00
 -1       535 3.22917E-02 1.83594E-02 0.00000E+00
 -1       536 3.43750E-02 1.25000E-02 0.00000E+00
 -1       537 3.54167E-02 1.25000E-02 0.00000E+00
 -1       538 3.64583E-02 1.25000E-02 0.00000E+00
 -1       539 3.75000E-02 1.25000E-02 0.00000E+00
 -1       540 3.85417E-02 1.25000E-02 0.00000E+00
 -1       541 3.95833E-02 1.25000E-02 0.00000E+00
 -1       542 4.06250E-02 1.25000E-02 0.00000E+00
 -1       543 4.16667E-02 1.25000E-02 0.00000E+00
 -1       544 4.27083E-02 1.25000E-02 0.00000E+00
 -1       545 4.37500E-02 1.25000E-02 0.00000E+00
 -1       546 4.47917E-02 1.25000E-02 0.00000E+00
 -1       547 4.58333E-02 1.25000E-02 0.00000E+00
 -1       548 4.68750E-02 1.25000E-02 0.00000E+00
 -1       549 4.79167E-02 1.25000E-02 0.00000E+00
 -1       550 4.89583E-02 1.25000E-02 0.00000E+00
 -1       551 3.33333E-02 1.35417E-02 0.00000E+00
 -1       552 3.33333E-02 1.45833E-02 0.00000E+00
 -1       553 3.33333E-02 1.56250E-02 0.00000E+00
 -1       554 3.33333E-02 1.66667E-02 0.00000E+00
 -1       555 3.33333E-02 1.77083E-02 0.00000E+00
 -1       556 3.43750E-02 1.28906E-02 0.00000E+00
 -1       557 3.54167E-02 1.32813E-02 0.00000E+00
 -1       558 3.64583E-02 1.36719E-02 0.00000E+00
 -1       559 3.75000E-02 1.40625E-02 0.00000E+00
 -1       560 3.85417E-02 1.44531E-02 0.00000E+00
 -1       561 3.95833E-02 1.48437E-02 0.00000E+00
 -1       562 4.06250E-02 1.52344E-02 0.00000E+00
 -1       563 4.16667E-02 1.56250E-02 0.00000E+00
 -1       564 4.27083E-02 1.60156E-02 0.00000E+00
 -1       565 4.37500E-02 1.64062E-02 0.00000E+00
 -1       566 4.47917E-02 1.67969E-02 0.00000E+00
 -1       567 4.58333E-02 1.71875E-02 0.00000E+00
 -1       568 4.68750E-02 1.75781E-02 0.00000E+00
 -1       569 4.79167E-02 1.79687E-02 0.00000E+00
 -1       570 4.89583E-02 1.83594E-02 0.00000E+00
 -1       571 5.10417E-02 1.25000E-02 0.00000E+00
 -1       572 5.20833E-02 1.25000E-02 0.00000E+00
 -1       573 5.31250E-02 1.25000E-02 0.00000E+00
 -1       574 5.41667E-02 1.25000E-02 0.00000E+00
 -1       575 5.52083E-02 1.25000E-02 0.00000E+00
 -1       576 5.62500E-02 1.25000E-02 0.00000E+00
 -1       577 5.72917E-02 1.25000E-02 0.00000E+00
 -1       578 5.83333E-02 1.25000E-02 0.00000E+00
 -1       579 5.93750E-02 1.25000E-02 0.00000E+00
 -1       580 6.04167E-02 1.25000E-02 0.00000E+00
 -1       581 6.14583E-02 1.25000E-02 0.00000E+00
 -1       582 6.25000E-02 1.25000E-02 0.00000E+00
 -1       583 6.35417E-02 1.25000E-02 0.00000E+00
 -1       584 6.45833E-02 1.25000E-02 0.00000E+00
 -1       585 6.56250E-02 1.25000E-02 0.00000E+00
 -1       586 5.00000E-02 1.35417E-02 0.00000E+00
 -1       587 5.00000E-02 1.45833E-02 0.00000E+00
 -1       588 5.00000E-02 1.56250E-02 0.00000E+00
 -1       589 5.00000E-02 1.66667E-02 0.00000E+00
 -1       590 5.00000E-02 1.77083E-02 0.00000E+00
 -1       591 5.10417E-02 1.28906E-02 0.00000E+00
 -1       592 5.20833E-02 1.32813E-02 0.00000E+00
 -1       593 5.31250E-02 1.36719E-02 0.00000E+00
 -1       594 5.41667E-02 1.40625E-02 0.00000E+00
 -1       595 5.52083E-02 1.44531E-02 0.00000E+00
 -1       596 5.62500E-02 1.48437E-02 0.00000E+00
 -1       597 5.72917E-02 1.52344E-02 0.00000E+00
 -1       598 5.83333E-02 1.56250E-02 0.00000E+00
 -1       599 5.93750E-02 1.60156E-02 0.00000E+00
 -1       600 6.04167E-02 1.64062E-02 0.00000E+00
 -1       601 6.14583E-02 1.67969E-02 0.00000E+00
 -1       602 6.25000E-02 1.71875E-02 0.00000E+00
 -1       603 6.35417E-02 1.75781E-02 0.00000E+00
 -1       604 6.45833E-02 1.79687E-02 0.00000E+00
 -1       605 6.56250E-02 1.83594E-02 0.00000E+00
 -1       606 6.77083E-02 1.25000E-02 0.00000E+00
 -1       607 6.87500E-02 1.25000E-02 0.00000E+00
 -1       608 6.97917E-02 1.25000E-02 0.00000E+00
 -1       609 7.08333E-02 1.25000E-02 0.00000E+00
 -1       610 7.18750E-02 1.25000E-02 0.00000E+00
 -1       611 7.29167E-02 1.25000E-02 0.00000E+00
 -1       612 7.39583E-02 1.25000E-02 0.00000E+00
 -1       613 7.50000E-02 1.25000E-02 0.00000E+00
 -1       614 7.60417E-02 1.25000E-02 0.00000E+00
 -1       615 7.70833E-02 1.25000E-02 0.00000E+00
 -1       616 7.81250E-02 1.25000E-02 0.00000E+00
 -1       617 7.91667E-02 1.25000E-02 0.00000E+00
 -1       618 8.02083E-02 1.25000E-02 0.00000E+00
 -1       619 8.12500E-02 1.25000E-02 0.00000E+00
 -1       620 8.22917E-02 1.25000E-02 0.00000E+00
 -1       621 6.66667E-02 1.35417E-02 0.00000E+00
 -1       622 6.66667E-02 1.45833E-02 0.00000E+00
 -1       623 6.66667E-02 1.56250E-02 0.00000E+00
 -1       624 6.66667E-02 1.66667E-02 0.00000E+00
 -1       625 6.66667E-02 1.77083E-02 0.00000E+00
 -1       626 6.77083E-02 1.28906E-02 0.00000E+00
 -1       627 6.87500E-02 1.32813E-02 0.00000E+00
 -1       628 6.97917E-02 1.36719E-02 0.00000E+00
 -1       629 7.08333E-02 1.40625E-02 0.00000E+00
 -1       630 7.18750E-02 1.44531E-02 0.00000E+00
 -1       631 7.29167E-02 1.48437E-02 0.00000E+00
 -1       632 7.39583E-02 1.52344E-02 0.00000E+00
 -1       633 7.50000E-02 1.56250E-02 0.00000E+00
 -1       634 7.60417E-02 1.60156E-02 0.00000E+00
 -1       635 7.70833E-02 1.64062E-02 0.00000E+00
 -1       636 7.81250E-02 1.67969E-02 0.00000E+00
 -1       637 7.91667E-02 1.71875E-02 0.00000E+00
 -1       638 8.02083E-02 1.75781E-02 0.00000E+00
 -1       639 8.12500E-02 1.79687E-02 0.00000E+00
 -1       640 8.22917E-02 1.83594E-02 0.00000E+00
 -1       656 8.33333E-02 1.35417E-02 0.00000E+00
 -1       657 8.33333E-02 1.45833E-02 0.00000E+00
 -1       658 8.33333E-02 1.56250E-02 0.00000E+00
 -1       659 8.33333E-02 1.66667E-02 0.00000E+00
 -1       660 8.33333E-02 1.77083E-02 0.00000E+00
 -1       661 8.43750E-02 1.28906E-02 0.00000E+00
 -1       662 8.54167E-02 1.32813E-02 0.00000E+00
 -1       663 8.64583E-02 1.36719E-02 0.00000E+00
 -1       664 8.75000E-02 1.40625E-02 0.00000E+00
 -1       665 8.85417E-02 1.44531E-02 0.00000E+00
 -1       666 8.95833E-02 1.48437E-02 0.00000E+00
 -1       667 9.06250E-02 1.52344E-02 0.00000E+00
 -1       668 9.16667E-02 1.56250E-02 0.00000E+00
 -1       669 9.27083E-02 1.60156E-02 0.00000E+00
 -1       670 9.37500E-02 1.64062E-02 0.00000E+00
 -1       671 9.47917E-02 1.67969E-02 0.00000E+00
 -1       672 9.58333E-02 1.71875E-02 0.00000E+00
 -1       673 9.68750E-02 1.75781E-02 0.00000E+00
 -1       674 9.79167E-02 1.79687E-02 0.00000E+00
 -1       675 9.89583E-02 1.83594E-02 0.00000E+00
 -1       676 1.00000E-01 1.35417E-02 0.00000E+00
 -1       677 1.00000E-01 1.45833E-02 0.00000E+00
 -1       678 1.00000E-01 1.56250E-02 0.00000E+00
 -1       679 1.00000E-01 1.66667E-02 0.00000E+00
 -1       680 1.00000E-01 1.77083E-02 0.00000E+00
 -1       771 3.43750E-02 1.91406E-02 0.00000E+00
 -1       772 3.54167E-02 1.95312E-02 0.00000E+00
 -1       773 3.64583E-02 1.99219E-02 0.00000E+00
 -1       774 3.75000E-02 2.03125E-02 0.00000E+00
 -1       775 3.85417E-02 2.07031E-02 0.00000E+00
 -1       776 3.95833E-02 2.10938E-02 0.00000E+00
 -1       777 4.06250E-02 2.14844E-02 0.00000E+00
 -1       778 4.16667E-02 2.18750E-02 0.00000E+00
 -1       779 4.27083E-02 2.22656E-02 0.00000E+00
 -1       780 4.37500E-02 2.26563E-02 0.00000E+00
 -1       781 4.47917E-02 2.30469E-02 0.00000E+00
 -1       782 4.58333E-02 2.34375E-02 0.00000E+00
 -1       783 4.68750E-02 2.38281E-02 0.00000E+00
 -1       784 4.79167E-02 2.42187E-02 0.00000E+00
 -1       785 4.89583E-02 2.46094E-02 0.00000E+00
 -1       786 5.10417E-02 1.87500E-02 0.00000E+00
 -1       787 5.20833E-02 1.87500E-02 0.00000E+00
 -1       788 5.31250E-02 1.87500E-02 0.00000E+00
 -1       789 5.41667E-02 1.87500E-02 0.00000E+00
 -1       790 5.52083E-02 1.87500E-02 0.00000E+00
 -1       791 5.62500E-02 1.87500E-02 0.00000E+00
 -1       792 5.72917E-02 1.87500E-02 0.00000E+00
 -1       793 5.83333E-02 1.87500E-02 0.00000E+00
 -1       794 5.93750E-02 1.87500E-02 0.00000E+00
 -1       795 6.04167E-02 1.87500E-02 0.00000E+00
 -1       796 6.14583E-02 1.87500E-02 0.00000E+00
 -1       797 6.25000E-02 1.87500E-02 0.00000E+00
 -1       798 6.35417E-02 1.87500E-02 0.00000E+00
 -1       799 6.45833E-02 1.87500E-02 0.00000E+00
 -1       800 6.56250E-02 1.87500E-02 0.00000E+00
 -1       801 5.00000E-02 1.97917E-02 0.00000E+00
 -1       802 5.00000E-02 2.08333E-02 0.00000E+00
 -1       803 5.00000E-02 2.18750E-02 0.00000E+00
 -1       804 5.00000E-02 2.29167E-02 0.00000E+00
 -1       805 5.00000E-02 2.39583E-02 0.00000E+00
 -1       806 5.10417E-02 1.91406E-02 0.00000E+00
 -1       807 5.20833E-02 1.95312E-02 0.00000E+00
 -1       808 5.31250E-02 1.99219E-02 0.00000E+00
 -1       809 5.41667E-02 2.03125E-02 0.00000E+00
 -1       810 5.52083E-02 2.07031E-02 0.00000E+00
 -1       811 5.62500E-02 2.10938E-02 0.00000E+00
 -1       812 5.72917E-02 2.14844E-02 0.00000E+00
 -1       813 5.83333E-02 2.18750E-02 0.00000E+00
 -1       814 5.93750E-02 2.22656E-02 0.00000E+00
 -1       815 6.04167E-02 2.26563E-02 0.00000E+00
 -1       816 6.14583E-02 2.30469E-02 0.00000E+00
 -1       817 6.25000E-02 2.34375E-02 0.00000E+00
 -1       818 6.35417E-02 2.38281E-02 0.00000E+00
 -1       819 6.45833E-02 2.42187E-02 0.00000E+00
 -1       820 6.56250E-02 2.46094E-02 0.00000E+00
 -1       821 6.77083E-02 1.87500E-02 0.00000E+00
 -1       822 6.87500E-02 1.87500E-02 0.00000E+00
 -1       823 6.97917E-02 1.87500E-02 0.00000E+00
 -1       824 7.08333E-02 1.87500E-02 0.00000E+00
 -1       825 7.18750E-02 1.87500E-02 0.00000E+00
 -1       826 7.29167E-02 1.87500E-02 0.00000E+00
 -1       827 7.39583E-02 1.87500E-02 0.00000E+00
 -1       828 7.50000E-02 1.87500E-02 0.00000E+00
 -1       829 7.60417E-02 1.87500E-02 0.00000E+00
 -1       830 7.70833E-02 1.87500E-02 0.00000E+00
 -1       831 7.81250E-02 1.87500E-02 0.00000E+00
 -1       832 7.91667E-02 1.87500E-02 0.00000E+00
 -1       833 8.02083E-02 1.87500E-02 0.00000E+00
 -1       834 8.12500E-02 1.87500E-02 0.00000E+00
 -1       835 8.22917E-02 1.87500E-02 0.00000E+00
 -1       836 6.66667E-02 1.97917E-02 0.00000E+00
 -1       837 6.66667E-02 2.08333E-02 0.00000E+00
 -1       838 6.66667E-02 2.18750E-02 0.00000E+00
 -1       839 6.66667E-02 2.29167E-02 0.00000E+00
 -1       840 6.66667E-02 2.39583E-02 0.00000E+00
 -1       856 8.43750E-02 1.87500E-02 0.00000E+00
 -1       857 8.54167E-02 1.87500E-02 0.00000E+00
 -1       858 8.64583E-02 1.87500E-02 0.00000E+00
 -1       859 8.75000E-02 1.87500E-02 0.00000E+00
 -1       860 8.85417E-02 1.87500E-02 0.00000E+00
 -1       861 8.95833E-02 1.87500E-02 0.00000E+00
 -1       862 9.06250E-02 1.87500E-02 0.00000E+00
 -1       863 9.16667E-02 1.87500E-02 0.00000E+00
 -1       864 9.27083E-02 1.87500E-02 0.00000E+00
 -1       865 9.37500E-02 1.87500E-02 0.00000E+00
 -1       866 9.47917E-02 1.87500E-02 0.00000E+00
 -1       867 9.58333E-02 1.87500E-02 0.00000E+00
 -1       868 9.68750E-02 1.87500E-02 0.00000E+00
 -1       869 9.79167E-02 1.87500E-02 0.00000E+00
 -1       870 9.89583E-02 1.87500E-02 0.00000E+00
 -1       871 8.33333E-02 1.97917E-02 0.00000E+00
 -1       872 8.33333E-02 2.08333E-02 0.00000E+00
 -1       873 8.33333E-02 2.18750E-02 0.00000E+00
 -1       874 8.33333E-02 2.29167E-02 0.00000E+00
 -1       875 8.33333E-02 2.39583E-02 0.00000E+00
 -1       876 8.43750E-02 1.91406E-02 0.00000E+00
 -1       877 8.54167E-02 1.95312E-02 0.00000E+00
 -1       878 8.64583E-02 1.99219E-02 0.00000E+00
 -1       879 8.75000E-02 2.03125E-02 0.00000E+00
 -1       880 8.85417E-02 2.07031E-02 0.00000E+00
 -1       881 8.95833E-02 2.10938E-02 0.00000E+00
 -1       882 9.06250E-02 2.14844E-02 0.00000E+00
 -1       883 9.16667E-02 2.18750E-02 0.00000E+00
 -1       884 9.27083E-02 2.22656E-02 0.00000E+00
 -1       885 9.37500E-02 2.26563E-02 0.00000E+00
 -1       886 9.47917E-02 2.30469E-02 0.00000E+00
 -1       887 9.58333E-02 2.34375E-02 0.00000E+00
 -1       888 9.68750E-02 2.38281E-02 0.00000E+00
 -1       889 9.79167E-02 2.42187E-02 0.00000E+00
 -1       890 9.89583E-02 2.46094E-02 0.00000E+00
 -1       891 1.00000E-01 1.97917E-02 0.00000E+00
 -1       892 1.00000E-01 2.08333E-02 0.00000E+00
 -1       893 1.00000E-01 2.18750E-02 0.00000E+00
 -1       894 1.00000E-01 2.29167E-02 0.00000E+00
 -1       895 1.00000E-01 2.39583E-02 0.00000E+00
 -1       956 6.77083E-02 2.50000E-02 0.00000E+00
 -1       957 6.87500E-02 2.50000E-02 0.00000E+00
 -1       958 6.97917E-02 2.50000E-02 0.00000E+00
 -1       959 7.08333E-02 2.50000E-02 0.00000E+00
 -1       960 7.18750E-02 2.50000E-02 0.00000E+00
 -1       961 7.29167E-02 2.50000E-02 0.00000E+00
 -1       962 7.39583E-02 2.50000E-02 0.00000E+00
 -1       963 7.50000E-02 2.50000E-02 0.00000E+00
 -1       964 7.60417E-02 2.50000E-02 0.00000E+00
 -1       965 7.70833E-02 2.50000E-02 0.00000E+00
 -1       966 7.81250E-02 2.50000E-02 0.00000E+00
 -1       967 7.91667E-02 2.50000E-02 0.00000E+00
 -1       968 8.02083E-02 2.50000E-02 0.00000E+00
 -1       969 8.12500E-02 2.50000E-02 0.00000E+00
 -1       970 8.22917E-02 2.50000E-02 0.00000E+00
 -1       971 8.43750E-02 2.50000E-02 0.00000E+00
 -1       972 8.54167E-02 2.50000E-02 0.00000E+00
 -1       973 8.64583E-02 2.50000E-02 0.00000E+00
 -1       974 8.75000E-02 2.50000E-02 0.00000E+00
 -1       975 8.85417E-02 2.50000E-02 0.00000E+00
 -1       976 8.95833E-02 2.50000E-02 0.00000E+00
 -1       977 9.06250E-02 2.50000E-02 0.00000E+00
 -1       978 9.16667E-02 2.50000E-02 0.00000E+00
 -1       979 9.27083E-02 2.50000E-02 0.00000E+00
 -1       980 9.37500E-02 2.50000E-02 0.00000E+00
 -1       981 9.47917E-02 2.50000E-02 0.00000E+00
 -1       982 9.58333E-02 2.50000E-02 0.00000E+00
 -1       983 9.68750E-02 2.50000E-02 0.00000E+00
 -1       984 9.79167E-02 2.50000E-02 0.00000E+00
 -1       985 9.89583E-02 2.50000E-02 0.00000E+00
 -3
    3C                           197                                     1
 -1         1   12    0    1
 -2         1        52        51
 -1         2   12    0    1
 -2        52        54        53
 -1         3   12    0    1
 -2        54         8        55
 -1         4   12    0    1
 -2         1        57        56
 -1         5   12    0    1
 -2        57        59        58
 -1         6   12    0    1
 -2        59        61        60
 -1         7   12    0    1
 -2        61        63        62
 -1         8   12    0    1
 -2        63        65        64
 -1         9   12    0    1
 -2        65        67        66
 -1        10   12    0    1
 -2        67        69        68
 -1        11   12    0    1
 -2        69         9        70
 -1        12   12    0    1
 -2         3       122       121
 -1        13   12    0    1
 -2       122       124       123
 -1        14   12    0    1
 -2       124        10       125
 -1        15   12    0    1
 -2         5       192       191
 -1        16   12    0    1
 -2       192       194       193
 -1        17   12    0    1
 -2       194        12       195
 -1        18   12    0    1
 -2         8       272       271
 -1        19   12    0    1
 -2       272       274       273
 -1        20   12    0    1
 -2       274       276       275
 -1        21   12    0    1
 -2       276       278       277
 -1        22   12    0    1
 -2       278       280       279
 -1        23   12    0    1
 -2       280       282       281
 -1        24   12    0    1
 -2       282       284       283
 -1        25   12    0    1
 -2       284        16       285
 -1        26   12    0    1
 -2         9       302       301
 -1        27   12    0    1
 -2       302       304       303
 -1        28   12    0    1
 -2       304        16       305
 -1        29   12    0    1
 -2         9       307       306
 -1        30   12    0    1
 -2       307       309       308
 -1        31   12    0    1
 -2       309       311       310
 -1        32   12    0    1
 -2       311       313       312
 -1        33   12    0    1
 -2       313       315       314
 -1        34   12    0    1
 -2       315       317       316
 -1        35   12    0    1
 -2       317       319       318
 -1        36   12    0    1
 -2       319        17       320
 -1        37   12    0    1
 -2        10       337       336
 -1        38   12    0    1
 -2       337       339       338
 -1        39   12    0    1
 -2       339        17       340
 -1        40   12    0    1
 -2        12       407       406
 -1        41   12    0    1
 -2       407       409       408
 -1        42   12    0    1
 -2       409        19       410
 -1        43   12    0    1
 -2        16       522       521
 -1        44   12    0    1
 -2       522       524       523
 -1        45   12    0    1
 -2       524       526       525
 -1        46   12    0    1
 -2       526       528       527
 -1        47   12    0    1
 -2       528       530       529
 -1        48   12    0    1
 -2       530       532       531
 -1        49   12    0    1
 -2       532       534       533
 -1        50   12    0    1
 -2       534        24       535
 -1        51   12    0    1
 -2        17       537       536
 -1        52   12    0    1
 -2       537       539       538
 -1        53   12    0    1
 -2       539       541       540
 -1        54   12    0    1
 -2       541       543       542
 -1        55   12    0    1
 -2       543       545       544
 -1        56   12    0    1
 -2       545       547       546
 -1        57   12    0    1
 -2       547       549       548
 -1        58   12    0    1
 -2       549        18       550
 -1        59   12    0    1
 -2        17       552       551
 -1        60   12    0    1
 -2       552       554       553
 -1        61   12    0    1
 -2       554        24       555
 -1        62   12    0    1
 -2        17       557       556
 -1        63   12    0    1
 -2       557       559       558
 -1        64   12    0    1
 -2       559       561       560
 -1        65   12    0    1
 -2       561       563       562
 -1        66   12    0    1
 -2       563       565       564
 -1        67   12    0    1
 -2       565       567       566
 -1        68   12    0    1
 -2       567       569       568
 -1        69   12    0    1
 -2       569        25       570
 -1        70   12    0    1
 -2        18       572       571
 -1        71   12    0    1
 -2       572       574       573
 -1        72   12    0    1
 -2       574       576       575
 -1        73   12    0    1
 -2       576       578       577
 -1        74   12    0    1
 -2       578       580       579
 -1        75   12    0    1
 -2       580       582       581
 -1        76   12    0    1
 -2       582       584       583
 -1        77   12    0    1
 -2       584        19       585
 -1        78   12    0    1
 -2        18       587       586
 -1        79   12    0    1
 -2       587       589       588
 -1        80   12    0    1
 -2       589        25       590
 -1        81   12    0    1
 -2        18       592       591
 -1        82   12    0    1
 -2       592       594       593
 -1        83   12    0    1
 -2       594       596       595
 -1        84   12    0    1
 -2       596       598       597
 -1        85   12    0    1
 -2       598       600       599
 -1        86   12    0    1
 -2       600       602       601
 -1        87   12    0    1
 -2       602       604       603
 -1        88   12    0    1
 -2       604        26       605
 -1        89   12    0    1
 -2        19       607       606
 -1        90   12    0    1
 -2       607       609       608
 -1        91   12    0    1
 -2       609       611       610
 -1        92   12    0    1
 -2       611       613       612
 -1        93   12    0    1
 -2       613       615       614
 -1        94   12    0    1
 -2       615       617       616
 -1        95   12    0    1
 -2       617       619       618
 -1        96   12    0    1
 -2       619        20       620
 -1        97   12    0    1
 -2        19       622       621
 -1        98   12    0    1
 -2       622       624       623
 -1        99   12    0    1
 -2       624        26       625
 -1       100   12    0    1
 -2        19       627       626
 -1       101   12    0    1
 -2       627       629       628
 -1       102   12    0    1
 -2       629       631       630
 -1       103   12    0    1
 -2       631       633       632
 -1       104   12    0    1
 -2       633       635       634
 -1       105   12    0    1
 -2       635       637       636
 -1       106   12    0    1
 -2       637       639       638
 -1       107   12    0    1
 -2       639        27       640
 -1       108   12    0    1
 -2        20       657       656
 -1       109   12    0    1
 -2       657       659       658
 -1       110   12    0    1
 -2       659        27       660
 -1       111   12    0    1
 -2        20       662       661
 -1       112   12    0    1
 -2       662       664       663
 -1       113   12    0    1
 -2       664       666       665
 -1       114   12    0    1
 -2       666       668       667
 -1       115   12    0    1
 -2       668       670       669
 -1       116   12    0    1
 -2       670       672       671
 -1       117   12    0    1
 -2       672       674       673
 -1       118   12    0    1
 -2       674        28       675
 -1       119   12    0    1
 -2        21       677       676
 -1       120   12    0    1
 -2       677       679       678
 -1       121   12    0    1
 -2       679        28       680
 -1       122   12    0    1
 -2        24       772       771
 -1       123   12    0    1
 -2       772       774       773
 -1       124   12    0    1
 -2       774       776       775
 -1       125   12    0    1
 -2       776       778       777
 -1       126   12    0    1
 -2       778       780       779
 -1       127   12    0    1
 -2       780       782       781
 -1       128   12    0    1
 -2       782       784       783
 -1       129   12    0    1
 -2       784        32       785
 -1       130   12    0    1
 -2        25       787       786
 -1       131   12    0    1
 -2       787       789       788
 -1       132   12    0    1
 -2       789       791       790
 -1       133   12    0    1
 -2       791       793       792
 -1       134   12    0    1
 -2       793       795       794
 -1       135   12    0    1
 -2       795       797       796
 -1       136   12    0    1
 -2       797       799       798
 -1       137   12    0    1
 -2       799        26       800
 -1       138   12    0    1
 -2        25       802       801
 -1       139   12    0    1
 -2       802       804       803
 -1       140   12    0    1
 -2       804        32       805
 -1       141   12    0    1
 -2        25       807       806
 -1       142   12    0    1
 -2       807       809       808
 -1       143   12    0    1
 -2       809       811       810
 -1       144   12    0    1
 -2       811       813       812
 -1       145   12    0    1
 -2       813       815       814
 -1       146   12    0    1
 -2       815       817       816
 -1       147   12    0    1
 -2       817       819       818
 -1       148   12    0    1
 -2       819        33       820
 -1       149   12    0    1
 -2        26       822       821
 -1       150   12    0    1
 -2       822       824       823
 -1       151   12    0    1
 -2       824       826       825
 -1       152   12    0    1
 -2       826       828       827
 -1       153   12    0    1
 -2       828       830       829
 -1       154   12    0    1
 -2       830       832       831
 -1       155   12    0    1
 -2       832       834       833
 -1       156   12    0    1
 -2       834        27       835
 -1       157   12    0    1
 -2        26       837       836
 -1       158   12    0    1
 -2       837       839       838
 -1       159   12    0    1
 -2       839        33       840
 -1       160   12    0    1
 -2        27       857       856
 -1       161   12    0    1
 -2       857       859       858
 -1       162   12    0    1
 -2       859       861       860
 -1       163   12    0    1
 -2       861       863       862
 -1       164   12    0    1
 -2       863       865       864
 -1       165   12    0    1
 -2       865       867       866
 -1       166   12    0    1
 -2       867       869       868
 -1       167   12    0    1
 -2       869        28       870
 -1       168   12    0    1
 -2        27       872       871
 -1       169   12    0    1
 -2       872       874       873
 -1       170   12    0    1
 -2       874        34       875
 -1       171   12    0    1
 -2        27       877       876
 -1       172   12    0    1
 -2       877       879       878
 -1       173   12    0    1
 -2       879       881       880
 -1       174   12    0    1
 -2       881       883       882
 -1       175   12    0    1
 -2       883       885       884
 -1       176   12    0    1
 -2       885       887       886
 -1       177   12    0    1
 -2       887       889       888
 -1       178   12    0    1
 -2       889        35       890
 -1       179   12    0    1
 -2        28       892       891
 -1       180   12    0    1
 -2       892       894       893
 -1       181   12    0    1
 -2       894        35       895
 -1       182   12    0    1
 -2        33       957       956
 -1       183   12    0    1
 -2       957       959       958
 -1       184   12    0    1
 -2       959       961       960
 -1       185   12    0    1
 -2       961       963       962
 -1       186   12    0    1
 -2       963       965       964
 -1       187   12    0    1
 -2       965       967       966
 -1       188   12    0    1
 -2       967       969       968
 -1       189   12    0    1
 -2       969        34       970
 -1       190   12    0    1
 -2        34       972       971
 -1       191   12    0    1
 -2       972       974       973
 -1       192   12    0    1
 -2       974       976       975
 -1       193   12    0    1
 -2       976       978       977
 -1       194   12    0    1
 -2       978       980       979
 -1       195   12    0    1
 -2       980       982       981
 -1       196   12    0    1
 -2       982       984       983
 -1       197   12    0    1
 -2       984        35       985
 -3
    1PSTEP                         1           1           1          
  100CL  101 1.000000000         382                     0    1           1
 -4  DISP        4    1
 -5  D1          1    2    1    0
 -5  D2          1    2    2    0
 -5  D3          1    2    3    0
 -5  ALL         1    2    0    0    1ALL
 -1         1 1.38602E-04 0.00000E+00 0.00000E+00
 -1         3 8.72422E-05-1.89964E-26 0.00000E+00
 -1         5 6.77635E-05 3.89292E-25 0.00000E+00
 -1         8 1.10479E-04-1.44398E-06 0.00000E+00
 -1         9 9.48095E-05-3.26461E-05 0.00000E+00
 -1        10 8.04176E-05-2.67049E-06 0.00000E+00
 -1        12 6.64575E-05 1.23470E-06-1.32349E-23
 -1        16 7.86951E-05-3.28087E-05 0.00000E+00
 -1        17 6.07262E-05-5.35747E-06 0.00000E+00
 -1        18 6.04932E-05-5.37124E-07 0.00000E+00
 -1        19 6.25371E-05 2.45997E-06 0.00000E+00
 -1        20 6.33141E-05 2.75016E-05 0.00000E+00
 -1        21 6.32997E-05 6.31118E-05 6.61744E-24
 -1        24 2.45521E-05-6.65664E-06 0.00000E+00
 -1        25 5.58710E-05-1.85966E-07 0.00000E+00
 -1        26 5.75441E-05 3.27475E-06 0.00000E+00
 -1        27 5.54636E-05 2.64276E-05 0.00000E+00
 -1        28 5.33398E-05 6.20644E-05 0.00000E+00
 -1        32 0.00000E+00 0.00000E+00 0.00000E+00
 -1        33 5.19411E-05 4.65986E-06 0.00000E+00
 -1        34 4.95588E-05 2.63182E-05 0.00000E+00
 -1        35 4.60379E-05 6.15650E-05 0.00000E+00
 -1        51 1.36456E-04-2.40390E-07 0.00000E+00
 -1        52 1.32924E-04-4.73411E-07 0.00000E+00
 -1        53 1.28275E-04-7.06777E-07 0.00000E+00
 -1        54 1.22794E-04-9.43444E-07 0.00000E+00
 -1        55 1.16767E-04-1.18586E-06-1.30281E-23
 -1        56 1.36005E-04-2.07118E-06 0.00000E+00
 -1        57 1.34002E-04-6.07214E-06 0.00000E+00
 -1        58 1.32589E-04-1.16423E-05 0.00000E+00
 -1        59 1.31575E-04-1.83498E-05-5.29396E-23
 -1        60 1.30741E-04-2.55477E-05 0.00000E+00
 -1        61 1.29834E-04-3.25585E-05-5.29396E-23
 -1        62 1.28619E-04-3.87364E-05 0.00000E+00
 -1        63 1.26881E-04-4.35020E-05-5.29396E-23
 -1        64 1.24494E-04-4.65249E-05 0.00000E+00
 -1        65 1.21383E-04-4.76099E-05-5.29396E-23
 -1        66 1.17599E-04-4.69036E-05 0.00000E+00
 -1        67 1.13249E-04-4.46896E-05 0.00000E+00
 -1        68 1.08536E-04-4.15184E-05 0.00000E+00
 -1        69 1.03715E-04-3.80063E-05 5.29396E-23
 -1        70 9.90198E-05-3.48447E-05 5.29396E-23
 -1       121 8.70508E-05-4.44300E-07-1.32349E-23
 -1       122 8.64774E-05-8.88734E-07-6.61744E-24
 -1       123 8.55236E-05-1.33345E-06-1.32349E-23
 -1       124 8.41927E-05-1.77857E-06-6.61744E-24
 -1       125 8.24889E-05-2.22421E-06 1.32349E-23
 -1       191 6.77273E-05 2.05822E-07 0.00000E+00
 -1       192 6.76185E-05 4.11636E-07-6.61744E-24
 -1       193 6.74371E-05 6.17440E-07 0.00000E+00
 -1       194 6.71832E-05 8.23225E-07 0.00000E+00
 -1       195 6.68566E-05 1.02898E-06 0.00000E+00
 -1       271 1.06632E-04 1.77557E-06 5.29396E-23
 -1       272 1.03315E-04 3.36036E-06-2.64698E-23
 -1       273 1.00556E-04 3.47006E-06-5.29396E-23
 -1       274 9.82783E-05 2.26315E-06 2.64698E-23
 -1       275 9.64204E-05-6.95721E-08 5.29396E-23
 -1       276 9.49014E-05-3.31700E-06 0.00000E+00
 -1       277 9.36372E-05-7.25020E-06 0.00000E+00
 -1       278 9.25371E-05-1.16260E-05 2.64698E-23
 -1       279 9.15080E-05-1.61929E-05 0.00000E+00
 -1       280 9.04551E-05-2.06954E-05 2.64698E-23
 -1       281 8.92843E-05-2.48790E-05 0.00000E+00
 -1       282 8.79046E-05-2.84962E-05 0.00000E+00
 -1       283 8.62269E-05-3.13101E-05 0.00000E+00
 -1       284 8.41765E-05-3.30983E-05 2.64698E-23
 -1       285 8.16664E-05-3.36636E-05 5.29396E-23
 -1       301 9.20664E-05-3.26851E-05 6.61744E-24
 -1       302 8.93273E-05-3.27010E-05 3.30872E-24
 -1       303 8.66064E-05-3.27138E-05 0.00000E+00
 -1       304 8.39180E-05-3.27282E-05-3.30872E-24
 -1       305 8.12763E-05-3.27492E-05 0.00000E+00
 -1       306 9.25915E-05-3.06153E-05 2.64698E-23
 -1       307 9.04640E-05-2.89223E-05-1.32349E-23
 -1       308 8.84386E-05-2.74983E-05-2.64698E-23
 -1       309 8.64877E-05-2.62858E-05 2.64698E-23
 -1       310 8.45919E-05-2.52214E-05 5.29396E-23
 -1       311 8.27272E-05-2.42419E-05 0.00000E+00
 -1       312 8.08699E-05-2.32827E-05 0.00000E+00
 -1       313 7.89959E-05-2.22792E-05 0.00000E+00
 -1       314 7.70810E-05-2.11673E-05-5.29396E-23
 -1       315 7.51017E-05-1.98840E-05 2.64698E-23
 -1       316 7.30350E-05-1.83683E-05-5.29396E-23
 -1       317 7.08597E-05-1.65616E-05 0.00000E+00
 -1       318 6.85545E-05-1.44085E-05 0.00000E+00
 -1       319 6.61051E-05-1.18555E-05 0.00000E+00
 -1       320 6.34864E-05-8.85798E-06 2.64698E-23
 -1       336 7.79856E-05-3.11749E-06 0.00000E+00
 -1       337 7.52006E-05-3.56521E-06 0.00000E+00
 -1       338 7.20715E-05-4.01377E-06 0.00000E+00
 -1       339 6.86085E-05-4.46250E-06 0.00000E+00
 -1       340 6.48226E-05-4.91239E-06-1.32349E-23
 -1       406 6.59857E-05 1.44035E-06 0.00000E+00
 -1       407 6.54412E-05 1.64588E-06 6.61744E-24
 -1       408 6.48240E-05 1.85121E-06 6.61744E-24
 -1       409 6.41341E-05 2.05600E-06 0.00000E+00
 -1       410 6.33716E-05 2.25974E-06 0.00000E+00
 -1       521 7.54432E-05-3.13292E-05-5.29396E-23
 -1       522 7.22110E-05-3.01013E-05-2.64698E-23
 -1       523 6.90465E-05-2.90490E-05 0.00000E+00
 -1       524 6.59183E-05-2.81216E-05 2.64698E-23
 -1       525 6.28133E-05-2.72591E-05 5.29396E-23
 -1       526 5.97089E-05-2.64031E-05 2.64698E-23
 -1       527 5.65843E-05-2.54947E-05 0.00000E+00
 -1       528 5.34181E-05-2.44766E-05-2.64698E-23
 -1       529 5.01896E-05-2.32934E-05 0.00000E+00
 -1       530 4.68795E-05-2.18932E-05-2.64698E-23
 -1       531 4.34698E-05-2.02283E-05 0.00000E+00
 -1       532 3.99458E-05-1.82565E-05 0.00000E+00
 -1       533 3.62934E-05-1.59417E-05 5.29396E-23
 -1       534 3.25097E-05-1.32520E-05 2.64698E-23
 -1       535 2.85755E-05-1.01697E-05 5.29396E-23
 -1       536 6.06920E-05-1.61379E-06 0.00000E+00
 -1       537 6.06729E-05 1.23626E-06-1.65436E-24
 -1       538 6.06557E-05 3.28497E-06 0.00000E+00
 -1       539 6.06415E-05 4.62568E-06 0.00000E+00
 -1       540 6.06282E-05 5.35156E-06 0.00000E+00
 -1       541 6.06155E-05 5.55592E-06 0.00000E+00
 -1       542 6.06029E-05 5.33209E-06 0.00000E+00
 -1       543 6.05903E-05 4.77346E-06 8.27181E-25
 -1       544 6.05775E-05 3.97344E-06-4.13590E-25
 -1       545 6.05647E-05 3.02545E-06 2.06795E-25
 -1       546 6.05519E-05 2.02294E-06 2.06795E-25
 -1       547 6.05392E-05 1.05939E-06-5.16988E-26
 -1       548 6.05266E-05 2.28204E-07-2.06795E-25
 -1       549 6.05146E-05-3.77180E-07 0.00000E+00
 -1       550 6.05026E-05-6.63280E-07 0.00000E+00
 -1       551 5.53345E-05-5.56558E-06-1.65436E-24
 -1       552 4.93040E-05-5.77223E-06 8.27181E-25
 -1       553 4.29202E-05-5.98087E-06-6.61744E-24
 -1       554 3.64738E-05-6.19293E-06 0.00000E+00
 -1       555 3.02556E-05-6.40996E-06 0.00000E+00
 -1       556 5.91946E-05-1.80373E-06 0.00000E+00
 -1       557 5.79816E-05 9.28292E-07 0.00000E+00
 -1       558 5.70513E-05 2.91571E-06 1.32349E-23
 -1       559 5.63707E-05 4.24311E-06-6.61744E-24
 -1       560 5.59069E-05 4.99523E-06 1.32349E-23
 -1       561 5.56274E-05 5.25752E-06 6.61744E-24
 -1       562 5.54997E-05 5.11559E-06 0.00000E+00
 -1       563 5.54915E-05 4.65520E-06 0.00000E+00
 -1       564 5.55705E-05 3.96219E-06-6.61744E-24
 -1       565 5.57044E-05 3.12247E-06 0.00000E+00
 -1       566 5.58611E-05 2.22199E-06 0.00000E+00
 -1       567 5.60086E-05 1.34672E-06-1.65436E-24
 -1       568 5.61145E-05 5.82607E-07-2.89513E-24
 -1       569 5.61473E-05 1.55031E-08 4.13590E-25
 -1       570 5.60751E-05-2.68841E-07-1.65436E-24
 -1       571 6.06162E-05-2.82110E-07-2.89513E-24
 -1       572 6.07427E-05-1.13947E-07 1.24077E-24
 -1       573 6.08703E-05-1.67219E-08 1.65436E-24
 -1       574 6.09983E-05 2.62942E-08-8.27181E-25
 -1       575 6.11265E-05 3.18991E-08 0.00000E+00
 -1       576 6.12548E-05 1.69996E-08 0.00000E+00
 -1       577 6.13831E-05-1.48925E-09 0.00000E+00
 -1       578 6.15115E-05-6.63790E-09 0.00000E+00
 -1       579 6.16398E-05 1.84847E-08 0.00000E+00
 -1       580 6.17682E-05 9.08112E-08 0.00000E+00
 -1       581 6.18965E-05 2.27272E-07 0.00000E+00
 -1       582 6.20248E-05 4.44785E-07-6.61744E-24
 -1       583 6.21531E-05 7.60250E-07 0.00000E+00
 -1       584 6.22813E-05 1.19040E-06-3.30872E-24
 -1       585 6.24093E-05 1.75186E-06 0.00000E+00
 -1       586 5.98513E-05-4.77513E-07 0.00000E+00
 -1       587 5.91060E-05-4.17470E-07 0.00000E+00
 -1       588 5.82959E-05-3.57498E-07 3.30872E-24
 -1       589 5.74604E-05-2.98070E-07 0.00000E+00
 -1       590 5.66391E-05-2.39855E-07 0.00000E+00
 -1       591 6.02919E-05-2.34187E-07 0.00000E+00
 -1       592 6.01064E-05 8.82196E-09 0.00000E+00
 -1       593 5.99378E-05 2.03960E-07-3.30872E-24
 -1       594 5.97824E-05 3.62020E-07-1.65436E-24
 -1       595 5.96367E-05 4.93812E-07-3.30872E-24
 -1       596 5.94966E-05 6.10064E-07 0.00000E+00
 -1       597 5.93583E-05 7.21490E-07-3.30872E-24
 -1       598 5.92178E-05 8.38793E-07 0.00000E+00
 -1       599 5.90711E-05 9.72678E-07 3.30872E-24
 -1       600 5.89142E-05 1.13384E-06 8.27181E-25
 -1       601 5.87430E-05 1.33298E-06 1.65436E-24
 -1       602 5.85537E-05 1.58081E-06-8.27181E-25
 -1       603 5.83423E-05 1.88804E-06 1.65436E-24
 -1       604 5.81052E-05 2.26543E-06 0.00000E+00
 -1       605 5.78389E-05 2.72375E-06 0.00000E+00
 -1       606 6.25909E-05 3.42865E-06 0.00000E+00
 -1       607 6.26413E-05 4.51298E-06 0.00000E+00
 -1       608 6.26907E-05 5.70613E-06 6.61744E-24
 -1       609 6.27396E-05 7.00029E-06 0.00000E+00
 -1       610 6.27881E-05 8.38759E-06 0.00000E+00
 -1       611 6.28365E-05 9.86004E-06 0.00000E+00
 -1       612 6.28847E-05 1.14096E-05-3.30872E-24
 -1       613 6.29328E-05 1.30283E-05 0.00000E+00
 -1       614 6.29809E-05 1.47080E-05 0.00000E+00
 -1       615 6.30288E-05 1.64407E-05 0.00000E+00
 -1       616 6.30766E-05 1.82185E-05 0.00000E+00
 -1       617 6.31244E-05 2.00332E-05 0.00000E+00
 -1       618 6.31721E-05 2.18769E-05 0.00000E+00
 -1       619 6.32197E-05 2.37416E-05-8.27181E-25
 -1       620 6.32671E-05 2.56191E-05 0.00000E+00
 -1       621 6.16352E-05 2.59654E-06 3.30872E-24
 -1       622 6.07440E-05 2.73357E-06 1.65436E-24
 -1       623 5.98764E-05 2.87057E-06 3.30872E-24
 -1       624 5.90454E-05 3.00718E-06 1.65436E-24
 -1       625 5.82638E-05 3.14302E-06 3.30872E-24
 -1       626 6.22732E-05 3.48911E-06-6.61744E-24
 -1       627 6.19629E-05 4.63944E-06 0.00000E+00
 -1       628 6.16110E-05 5.89955E-06 0.00000E+00
 -1       629 6.12224E-05 7.25673E-06 3.30872E-24
 -1       630 6.08021E-05 8.69826E-06 0.00000E+00
 -1       631 6.03548E-05 1.02112E-05 0.00000E+00
 -1       632 5.98855E-05 1.17827E-05 0.00000E+00
 -1       633 5.93990E-05 1.33998E-05 4.96308E-24
 -1       634 5.89002E-05 1.50496E-05 0.00000E+00
 -1       635 5.83939E-05 1.67192E-05 0.00000E+00
 -1       636 5.78850E-05 1.83956E-05 0.00000E+00
 -1       637 5.73784E-05 2.00660E-05 0.00000E+00
 -1       638 5.68787E-05 2.17173E-05 0.00000E+00
 -1       639 5.63905E-05 2.33368E-05 1.24077E-24
 -1       640 5.59181E-05 2.49113E-05 8.27181E-25
 -1       656 6.16589E-05 2.73282E-05 3.30872E-24
 -1       657 6.02690E-05 2.71461E-05 1.65436E-24
 -1       658 5.90495E-05 2.69646E-05 0.00000E+00
 -1       659 5.79056E-05 2.67831E-05-1.65436E-24
 -1       660 5.67419E-05 2.66012E-05-1.65436E-24
 -1       661 6.27580E-05 2.94680E-05 0.00000E+00
 -1       662 6.21687E-05 3.15394E-05 0.00000E+00
 -1       663 6.15468E-05 3.36971E-05 0.00000E+00
 -1       664 6.08995E-05 3.59247E-05 0.00000E+00
 -1       665 6.02322E-05 3.82054E-05 6.61744E-24
 -1       666 5.95512E-05 4.05226E-05 3.30872E-24
 -1       667 5.88628E-05 4.28599E-05-6.61744E-24
 -1       668 5.81730E-05 4.52006E-05 0.00000E+00
 -1       669 5.74881E-05 4.75285E-05 6.61744E-24
 -1       670 5.68143E-05 4.98268E-05 0.00000E+00
 -1       671 5.61578E-05 5.20793E-05 0.00000E+00
 -1       672 5.55246E-05 5.42691E-05-3.30872E-24
 -1       673 5.49211E-05 5.63797E-05-3.30872E-24
 -1       674 5.43525E-05 5.83941E-05 1.65436E-24
 -1       675 5.38264E-05 6.02957E-05 1.65436E-24
 -1       676 6.16274E-05 6.29358E-05 6.61744E-24
 -1       677 5.99572E-05 6.27599E-05 3.30872E-24
 -1       678 5.82913E-05 6.25842E-05 6.61744E-24
 -1       679 5.66316E-05 6.24092E-05-1.65436E-24
 -1       680 5.49805E-05 6.22341E-05 3.30872E-24
 -1       771 2.18329E-05-3.06097E-06 0.00000E+00
 -1       772 1.93936E-05-2.42296E-07 0.00000E+00
 -1       773 1.72186E-05 1.87141E-06 0.00000E+00
 -1       774 1.52802E-05 3.35480E-06 0.00000E+00
 -1       775 1.35507E-05 4.28313E-06 0.00000E+00
 -1       776 1.20011E-05 4.73274E-06 0.00000E+00
 -1       777 1.06026E-05 4.78046E-06 0.00000E+00
 -1       778 9.32587E-06 4.50376E-06 0.00000E+00
 -1       779 8.14173E-06 3.98047E-06 0.00000E+00
 -1       780 7.02079E-06 3.28879E-06 2.64698E-23
 -1       781 5.93368E-06 2.50714E-06 0.00000E+00
 -1       782 4.85112E-06 1.71409E-06 1.32349E-23
 -1       783 3.74381E-06 9.88224E-07-2.64698E-23
 -1       784 2.58337E-06 4.08146E-07 0.00000E+00
 -1       785 1.34131E-06 5.22505E-08 0.00000E+00
 -1       786 5.59689E-05 2.84267E-07 8.27181E-25
 -1       787 5.60732E-05 6.38660E-07 0.00000E+00
 -1       788 5.61774E-05 8.94840E-07 0.00000E+00
 -1       789 5.62825E-05 1.07046E-06 0.00000E+00
 -1       790 5.63879E-05 1.18312E-06 0.00000E+00
 -1       791 5.64933E-05 1.25034E-06-1.65436E-24
 -1       792 5.65989E-05 1.28964E-06 0.00000E+00
 -1       793 5.67044E-05 1.31849E-06 1.65436E-24
 -1       794 5.68100E-05 1.35437E-06 0.00000E+00
 -1       795 5.69156E-05 1.41477E-06-1.65436E-24
 -1       796 5.70211E-05 1.51717E-06 3.30872E-24
 -1       797 5.71266E-05 1.67912E-06-1.65436E-24
 -1       798 5.72320E-05 1.91819E-06 0.00000E+00
 -1       799 5.73370E-05 2.25200E-06 0.00000E+00
 -1       800 5.74419E-05 2.69830E-06 3.30872E-24
 -1       801 5.10750E-05-1.17868E-07 0.00000E+00
 -1       802 4.09280E-05-7.77030E-08 0.00000E+00
 -1       803 2.80862E-05-6.39235E-08 0.00000E+00
 -1       804 1.52109E-05-5.60099E-08 3.30872E-24
 -1       805 4.96312E-06-2.29308E-08 0.00000E+00
 -1       806 5.55845E-05 2.38263E-07 0.00000E+00
 -1       807 5.53171E-05 6.01546E-07-3.30872E-24
 -1       808 5.50680E-05 9.13652E-07-6.61744E-24
 -1       809 5.48341E-05 1.18416E-06 0.00000E+00
 -1       810 5.46121E-05 1.42262E-06 0.00000E+00
 -1       811 5.43984E-05 1.63860E-06 1.65436E-24
 -1       812 5.41896E-05 1.84164E-06-3.30872E-24
 -1       813 5.39820E-05 2.04128E-06 1.65436E-24
 -1       814 5.37721E-05 2.24707E-06-3.30872E-24
 -1       815 5.35563E-05 2.46855E-06-1.65436E-24
 -1       816 5.33311E-05 2.71525E-06 1.65436E-24
 -1       817 5.30928E-05 2.99672E-06-8.27181E-25
 -1       818 5.28380E-05 3.32248E-06 3.30872E-24
 -1       819 5.25632E-05 3.70201E-06 1.24077E-24
 -1       820 5.22650E-05 4.14477E-06 3.30872E-24
 -1       821 5.74222E-05 4.02945E-06-8.27181E-25
 -1       822 5.72927E-05 4.96731E-06 0.00000E+00
 -1       823 5.71632E-05 6.06938E-06 0.00000E+00
 -1       824 5.70324E-05 7.31630E-06 0.00000E+00
 -1       825 5.69013E-05 8.68870E-06 0.00000E+00
 -1       826 5.67699E-05 1.01670E-05 0.00000E+00
 -1       827 5.66383E-05 1.17316E-05 0.00000E+00
 -1       828 5.65065E-05 1.33627E-05 0.00000E+00
 -1       829 5.63747E-05 1.50405E-05 0.00000E+00
 -1       830 5.62428E-05 1.67453E-05 0.00000E+00
 -1       831 5.61110E-05 1.84571E-05 3.30872E-24
 -1       832 5.59794E-05 2.01561E-05 1.65436E-24
 -1       833 5.58480E-05 2.18224E-05 3.30872E-24
 -1       834 5.57176E-05 2.34363E-05 0.00000E+00
 -1       835 5.55873E-05 2.49779E-05 0.00000E+00
 -1       836 5.67463E-05 3.50194E-06 3.30872E-24
 -1       837 5.57802E-05 3.73692E-06 3.30872E-24
 -1       838 5.47310E-05 3.97150E-06 0.00000E+00
 -1       839 5.36844E-05 4.20532E-06-1.65436E-24
 -1       840 5.27260E-05 4.43932E-06 1.65436E-24
 -1       856 5.53390E-05 2.79651E-05 1.65436E-24
 -1       857 5.52074E-05 2.97475E-05-1.65436E-24
 -1       858 5.50755E-05 3.17425E-05 0.00000E+00
 -1       859 5.49422E-05 3.39174E-05-1.65436E-24
 -1       860 5.48085E-05 3.62395E-05 3.30872E-24
 -1       861 5.46743E-05 3.86759E-05-1.65436E-24
 -1       862 5.45399E-05 4.11936E-05 3.30872E-24
 -1       863 5.44054E-05 4.37597E-05-1.65436E-24
 -1       864 5.42708E-05 4.63410E-05 0.00000E+00
 -1       865 5.41362E-05 4.89045E-05 0.00000E+00
 -1       866 5.40019E-05 5.14171E-05-3.30872E-24
 -1       867 5.38677E-05 5.38458E-05 0.00000E+00
 -1       868 5.37340E-05 5.61577E-05 3.30872E-24
 -1       869 5.36010E-05 5.83199E-05 0.00000E+00
 -1       870 5.34685E-05 6.02996E-05 0.00000E+00
 -1       871 5.43029E-05 2.64122E-05 0.00000E+00
 -1       872 5.32867E-05 2.63952E-05 0.00000E+00
 -1       873 5.23600E-05 2.63777E-05 0.00000E+00
 -1       874 5.14670E-05 2.63597E-05 4.13590E-25
 -1       875 5.05517E-05 2.63409E-05 0.00000E+00
 -1       876 5.50956E-05 2.80141E-05 0.00000E+00
 -1       877 5.46591E-05 2.98069E-05-3.30872E-24
 -1       878 5.41559E-05 3.17764E-05 0.00000E+00
 -1       879 5.35972E-05 3.38964E-05 0.00000E+00
 -1       880 5.29919E-05 3.61404E-05 6.61744E-24
 -1       881 5.23500E-05 3.84822E-05-3.30872E-24
 -1       882 5.16810E-05 4.08958E-05 6.61744E-24
 -1       883 5.09947E-05 4.33551E-05 3.30872E-24
 -1       884 5.03009E-05 4.58344E-05 0.00000E+00
 -1       885 4.96094E-05 4.83077E-05 0.00000E+00
 -1       886 4.89297E-05 5.07492E-05 6.61744E-24
 -1       887 4.82716E-05 5.31330E-05 3.30872E-24
 -1       888 4.76448E-05 5.54331E-05 0.00000E+00
 -1       889 4.70580E-05 5.76230E-05-1.65436E-24
 -1       890 4.65226E-05 5.96770E-05-3.30872E-24
 -1       891 5.19309E-05 6.19816E-05 0.00000E+00
 -1       892 5.07793E-05 6.18978E-05 0.00000E+00
 -1       893 4.97498E-05 6.18141E-05 1.65436E-24
 -1       894 4.87068E-05 6.17306E-05-8.27181E-25
 -1       895 4.75145E-05 6.16469E-05 0.00000E+00
 -1       956 5.17959E-05 5.42983E-06 1.65436E-24
 -1       957 5.16479E-05 6.36280E-06 0.00000E+00
 -1       958 5.14992E-05 7.44152E-06 1.65436E-24
 -1       959 5.13501E-05 8.64760E-06 0.00000E+00
 -1       960 5.12008E-05 9.96266E-06-3.30872E-24
 -1       961 5.10513E-05 1.13682E-05 0.00000E+00
 -1       962 5.09016E-05 1.28456E-05 0.00000E+00
 -1       963 5.07519E-05 1.43764E-05-1.65436E-24
 -1       964 5.06022E-05 1.59420E-05 0.00000E+00
 -1       965 5.04524E-05 1.75238E-05-1.65436E-24
 -1       966 5.03026E-05 1.91034E-05 0.00000E+00
 -1       967 5.01529E-05 2.06620E-05 3.30872E-24
 -1       968 5.00034E-05 2.21812E-05 0.00000E+00
 -1       969 4.98541E-05 2.36426E-05 0.00000E+00
 -1       970 4.97054E-05 2.50275E-05 0.00000E+00
 -1       971 4.93448E-05 2.76697E-05 3.30872E-24
 -1       972 4.91255E-05 2.92946E-05-3.30872E-24
 -1       973 4.89057E-05 3.11594E-05 0.00000E+00
 -1       974 4.86849E-05 3.32303E-05 3.30872E-24
 -1       975 4.84636E-05 3.54728E-05 6.61744E-24
 -1       976 4.82418E-05 3.78527E-05-3.30872E-24
 -1       977 4.80198E-05 4.03353E-05 0.00000E+00
 -1       978 4.77976E-05 4.28859E-05 0.00000E+00
 -1       979 4.75753E-05 4.54697E-05 0.00000E+00
 -1       980 4.73531E-05 4.80518E-05-3.30872E-24
 -1       981 4.71310E-05 5.05975E-05 6.61744E-24
 -1       982 4.69093E-05 5.30719E-05 0.00000E+00
 -1       983 4.66881E-05 5.54403E-05 0.00000E+00
 -1       984 4.64682E-05 5.76682E-05 0.00000E+00
 -1       985 4.62489E-05 5.97210E-05 0.00000E+00
 -3
    1PSTEP                         2           1           1          
  100CL  101 1.000000000         382                     0    1           1
 -4  STRESS      6    1
 -5  SXX         1    4    1    1
 -5  SYY         1    4    2    2
 -5  SZZ         1    4    3    3
 -5  SXY         1    4    1    2
 -5  SYZ         1    4    2    3
 -5  SZX         1    4    3    1
 -1         1-4.00673E+06-1.71269E+06-9.13315E+05-2.03638E+06-1.60071E-10-4.36557E-10
 -1         3-6.33058E+01-1.26954E+06-3.13438E+01-4.07383E+02 2.67775E-10 6.36646E-12
 -1         5-3.92086E+01 5.89163E+05 1.98864E+01 1.88684E+00 1.61783E-10-2.04454E-09
 -1         8-2.98112E+06-1.36425E+06-5.48962E+05-1.83014E+06 2.54659E-10 4.36557E-10
 -1         9-3.73710E+06-1.21634E+06-6.78421E+05-1.13829E+06-2.56841E-09 8.96883E-09
 -1        10-1.30060E+02-1.26969E+06-1.26300E+03-2.37426E+03 2.99238E-09-4.40696E-09
 -1        12-3.12106E+01 5.89204E+05 6.45866E+02 1.21219E+01 4.93571E-10-1.57515E-08
 -1        16-3.94810E+06-1.25307E+06-5.30827E+05-1.34774E+06 1.03804E-09 1.00936E-08
 -1        17-7.30336E+05-5.75542E+05-8.94921E+04-4.93687E+05 6.03904E-10-1.07684E-10
 -1        18 3.28911E+04 1.35421E+04-1.75771E+04-1.22120E+05 9.45420E-10 1.40517E-09
 -1        19 1.58659E+05 2.01213E+05 4.10437E+02 1.08485E+04 7.46149E-10 1.46247E-10
 -1        20 1.36888E+05-1.27279E+05-1.97052E+04 8.54987E+04 1.68253E-08-9.85892E-10
 -1        21-1.55080E+02-5.00135E+05-2.23757E+03-6.93713E+02-8.76241E-10 3.59658E-09
 -1        24-2.90071E+06-1.04594E+06-2.66819E+05-1.40246E+06-1.41445E-08 1.25146E-09
 -1        25-4.72406E+03 4.48949E+04 2.65810E+04-5.17651E+05 1.45919E-09 1.56360E-09
 -1        26-1.52457E+04 1.76565E+05 7.96372E+03-3.84864E+04 2.67755E-10 2.39329E-09
 -1        27-3.01945E+04-7.82059E+04-3.43924E+04 1.00860E+05 7.04828E-09-2.37136E-09
 -1        28-1.31808E+04-1.50301E+05-4.11538E+03 6.58478E+04 1.20090E-08-2.24534E-09
 -1        32-1.08542E+06-1.66559E+05 2.62024E+05-1.56674E+06-6.71571E-09 2.86536E-09
 -1        33-1.50544E+05 1.89596E+05 5.70951E+04-5.09320E+04-1.60518E-09 1.72804E-09
 -1        34-3.34070E+05-5.43742E+04-1.92347E+04 9.33392E+04 1.36237E-09-2.49747E-09
 -1        35-4.35270E+04-4.55637E+04-7.59329E+02 1.01966E+05 2.79764E-11 1.87598E-09
 -1        51 3.85844E+04-6.00010E+05 6.27757E+04-1.57582E+06-5.82077E-10-1.14524E-08
 -1        52 2.25190E+04-6.01027E+05 4.08607E+04-1.73459E+06 1.02591E-09-2.21553E-08
 -1        53 1.90903E+04-6.21056E+05 3.59830E+04-1.57157E+06 7.56700E-10-1.22236E-08
 -1        54 4.28897E+04-6.19362E+05 5.90763E+04-1.73885E+06-6.25732E-10 5.58794E-09
 -1        55 8.85388E+04-6.39973E+05 1.09318E+05-1.57056E+06 6.54836E-10-1.75351E-09
 -1        56-7.56091E+06-8.22895E+05-6.40710E+05-2.91382E+06 1.90630E-09-4.01633E-09
 -1        57-7.82571E+06-1.40784E+06-4.33804E+05-2.87781E+06 3.72529E-09-3.75439E-09
 -1        58-7.70946E+06-1.01049E+06-1.50434E+05-2.84892E+06 3.20870E-09-4.64206E-09
 -1        59-7.65066E+06-1.19121E+06-9.02681E+04-2.95859E+06 3.03794E-09-2.71393E-09
 -1        60-7.73478E+06-1.03317E+06-3.49843E+04-2.83530E+06-1.82172E-09 2.87400E-10
 -1        61-7.63364E+06-1.15099E+06-1.99275E+04-2.95822E+06-2.07410E-09 1.10686E-09
 -1        62-7.72578E+06-1.05008E+06-9.87330E+03-2.84926E+06 3.20051E-09 1.93893E-10
 -1        63-7.66693E+06-1.10840E+06-7.68248E+03-2.91323E+06-1.77943E-09-7.75185E-09
 -1        64-7.70036E+06-1.07642E+06-9.84444E+03-2.87951E+06-4.29372E-09-7.00311E-11
 -1        65-7.72245E+06-1.05941E+06-1.87339E+04-2.85155E+06 1.84764E-09 2.45745E-09
 -1        66-7.67026E+06-1.09920E+06-3.36801E+04-2.91088E+06-2.34877E-09 2.21917E-09
 -1        67-7.78698E+06-1.05110E+06-8.58858E+04-2.79970E+06 1.24601E-09 6.98765E-09
 -1        68-7.63734E+06-1.08474E+06-1.43086E+05-2.93201E+06-2.09184E-10 2.32831E-10
 -1        69-7.93663E+06-1.27712E+06-4.13359E+05-2.74753E+06-7.49424E-10 2.00962E-08
 -1        70-7.52307E+06-8.78328E+05-6.09807E+05-2.96186E+06-5.12227E-09 8.46921E-09
 -1       121-8.53689E+01-1.26986E+06-8.58337E+01 2.03610E+02 6.53784E-11 4.32556E-09
 -1       122-6.11679E+01-1.26955E+06-7.47678E+01-8.06936E+02 1.15942E-09 5.67024E-09
 -1       123-8.18641E+01-1.26986E+06-1.91076E+02 6.02832E+02 4.97291E-10 5.86351E-09
 -1       124-6.04821E+01-1.26958E+06-3.05137E+02-1.59816E+03 2.58575E-09 1.19744E-08
 -1       125-6.92343E+01-1.26986E+06-6.42547E+02 9.94407E+02 4.51109E-10 7.65976E-09
 -1       191-4.18133E+01 5.89207E+05 2.25116E+01-9.54749E-01 3.51270E-10 4.83851E-10
 -1       192-4.10630E+01 5.89164E+05 4.21576E+01 4.93760E+00 5.56405E-10 5.05679E-10
 -1       193-4.67253E+01 5.89206E+05 7.71694E+01-4.05518E+00 6.62215E-10 1.50976E-09
 -1       194-4.70222E+01 5.89170E+05 1.59572E+02 1.06907E+01 3.65276E-10 4.69299E-10
 -1       195-5.61583E+01 5.89201E+05 3.10875E+02-6.80408E+00 9.89033E-10-3.53793E-09
 -1       271-5.87390E+06-7.65302E+05-4.55678E+05-2.28512E+06 2.09911E-09 8.44011E-10
 -1       272-6.01248E+06-1.05487E+06-2.83542E+05-2.30507E+06 6.17183E-09-1.48066E-09
 -1       273-5.95643E+06-8.53248E+05-1.07439E+05-2.26988E+06 2.53931E-09-4.32192E-09
 -1       274-5.91490E+06-9.37297E+05-5.79492E+04-2.33632E+06-1.24510E-09-4.44379E-09
 -1       275-5.96962E+06-8.57730E+05-2.49513E+04-2.26424E+06 1.00044E-10 7.31234E-10
 -1       276-5.89929E+06-9.31714E+05-1.29091E+04-2.34713E+06 1.38243E-10 1.50976E-10
 -1       277-5.97362E+06-8.55558E+05-6.61975E+03-2.26119E+06 1.10140E-09 1.96815E-09
 -1       278-5.89548E+06-9.33934E+05-4.96484E+03-2.35184E+06 4.14116E-09-3.22018E-10
 -1       279-5.97450E+06-8.54686E+05-5.78896E+03-2.26035E+06 1.20946E-09-5.31600E-09
 -1       280-5.89669E+06-9.34350E+05-1.07837E+04-2.35112E+06-4.16094E-11-3.03589E-09
 -1       281-5.97228E+06-8.55348E+05-2.04230E+04-2.26176E+06-3.36513E-10 2.53021E-09
 -1       282-5.90820E+06-9.40358E+05-4.75230E+04-2.34410E+06-3.52975E-09-5.78893E-09
 -1       283-5.96198E+06-8.51190E+05-8.79164E+04-2.26584E+06 2.73758E-10-3.19415E-09
 -1       284-5.98741E+06-1.03721E+06-2.32245E+05-2.31889E+06-3.94095E-10 2.54659E-09
 -1       285-5.89433E+06-7.79329E+05-3.73286E+05-2.27834E+06-3.20142E-10 1.81899E-09
 -1       301 6.76594E+04-2.05087E+04 1.72519E+05-3.99580E+04-2.15368E-09 1.98429E-09
 -1       302 2.38501E+04 1.35960E+04 1.11127E+05-4.83897E+04 3.16413E-09-5.35204E-09
 -1       303 5.96936E+03-8.61283E+03 9.61274E+04-4.01459E+04-3.13958E-09 4.99449E-09
 -1       304 3.75478E+04 2.30432E+04 1.51732E+05-4.82489E+04-9.54969E-10 3.27782E-09
 -1       305 1.10413E+05-2.98264E+04 2.69958E+05-3.99932E+04-2.11003E-09 1.15551E-08
 -1       306-3.23604E+06-4.29860E+05-1.89402E+05-1.24842E+06 1.92449E-09 1.77533E-09
 -1       307-3.29452E+06-5.50513E+05-1.17981E+05-1.25716E+06 1.75282E-09 5.71163E-09
 -1       308-3.26833E+06-4.68463E+05-4.46018E+04-1.24427E+06 9.56561E-10 9.22955E-09
 -1       309-3.25695E+06-4.98288E+05-2.42083E+04-1.26569E+06-7.64487E-10 3.52429E-10
 -1       310-3.27212E+06-4.72096E+05-1.03912E+04-1.24365E+06-4.60204E-10 1.06866E-09
 -1       311-3.25260E+06-4.93431E+05-5.54203E+03-1.26669E+06 2.92795E-09-8.04081E-09
 -1       312-3.27257E+06-4.72464E+05-3.02364E+03-1.24360E+06-1.24714E-09-2.78123E-09
 -1       313-3.25238E+06-4.92783E+05-2.67209E+03-1.26647E+06-1.47884E-09 1.45565E-09
 -1       314-3.27230E+06-4.72713E+05-3.61766E+03-1.24387E+06-6.33463E-10 6.95763E-10
 -1       315-3.25366E+06-4.92666E+05-7.14909E+03-1.26551E+06 2.18552E-09-8.91987E-10
 -1       316-3.27120E+06-4.72713E+05-1.37021E+04-1.24446E+06-2.44881E-09-4.55566E-09
 -1       317-3.26019E+06-4.98316E+05-3.20427E+04-1.26322E+06-2.45359E-09 7.86622E-09
 -1       318-3.26581E+06-4.68255E+05-5.91214E+04-1.24566E+06-3.91424E-09 5.42059E-09
 -1       319-3.31053E+06-5.66968E+05-1.56370E+05-1.25127E+06-2.69620E-09 1.80626E-09
 -1       320-3.22277E+06-4.17290E+05-2.51007E+05-1.25139E+06-8.03993E-10 3.59432E-09
 -1       336 4.99512E+00-1.26979E+06-2.46155E+03 1.37865E+03 9.19499E-10 3.91083E-11
 -1       337-1.02183E+03-1.27039E+06-5.30685E+03-3.12546E+03 4.52985E-09-1.12641E-09
 -1       338 6.68116E+02-1.26920E+06-9.67227E+03 1.74494E+03 1.09685E-09-6.78028E-09
 -1       339-1.09082E+04-1.27656E+06-2.35691E+04-3.92561E+03 4.96948E-09-2.24418E-09
 -1       340 7.45461E+03-1.26369E+06-3.73482E+04 2.16853E+03 1.34241E-09 3.00588E-09
 -1       406 1.68947E+01 5.89172E+05 1.27371E+03-5.56882E+00 1.31161E-09-1.84918E-08
 -1       407 4.13433E+02 5.89428E+05 2.70960E+03-9.06128E+00-1.04592E-11-2.44145E-08
 -1       408 1.36277E+03 5.88976E+05 5.40965E+03 1.57647E+01 1.59707E-09-7.11589E-09
 -1       409 5.82160E+03 5.91155E+05 1.21799E+04-1.94282E+02 2.84217E-11-5.89080E-09
 -1       410 1.67827E+04 5.87432E+05 2.48634E+04 2.02679E+02 1.70621E-09-1.81899E-11
 -1       521-6.00480E+06-7.83288E+05-3.83057E+05-2.30973E+06 3.63070E-09 4.94765E-09
 -1       522-6.14357E+06-1.00805E+06-2.38785E+05-2.30441E+06 7.28505E-09-4.32192E-09
 -1       523-6.06947E+06-8.62324E+05-9.00719E+04-2.30182E+06 1.51249E-09 2.05910E-09
 -1       524-6.06820E+06-9.01126E+05-4.88685E+04-2.32046E+06-2.55022E-09 7.90897E-09
 -1       525-6.07667E+06-8.70150E+05-2.08731E+04-2.30098E+06-3.48336E-10 2.63844E-09
 -1       526-6.05999E+06-8.90545E+05-1.09977E+04-2.32161E+06-1.93688E-09-5.27996E-09
 -1       527-6.07725E+06-8.71231E+05-5.72901E+03-2.30122E+06 5.73436E-10 2.80671E-09
 -1       528-6.06001E+06-8.88681E+05-4.59259E+03-2.32057E+06-5.17866E-09 7.30097E-09
 -1       529-6.07654E+06-8.71954E+05-5.68409E+03-2.30200E+06-9.16771E-10 1.07184E-09
 -1       530-6.06260E+06-8.87817E+05-1.08457E+04-2.31841E+06-6.16637E-10-2.07660E-09
 -1       531-6.07460E+06-8.72263E+05-2.05916E+04-2.30327E+06-4.59704E-09-2.67391E-09
 -1       532-6.07313E+06-8.95732E+05-4.81365E+04-2.31436E+06-4.86307E-09 1.52795E-10
 -1       533-6.06631E+06-8.65760E+05-8.87554E+04-2.30543E+06-1.07684E-09 2.54659E-10
 -1       534-6.14955E+06-9.98850E+05-2.35203E+05-2.29606E+06-1.75714E-09 1.22782E-08
 -1       535-6.00163E+06-7.88894E+05-3.77356E+05-2.31433E+06-5.90808E-09 1.00117E-08
 -1       536-4.77088E+04-1.59965E+04 7.62286E+04-2.04711E+04 3.51065E-10-5.06043E-09
 -1       537-1.97544E+04 2.17962E+04 4.83333E+04-6.57958E+04-3.60887E-09-7.03039E-09
 -1       538-3.65641E+04-1.85862E+03 1.96254E+04-2.01714E+04-1.07684E-09-3.99359E-09
 -1       539-3.30009E+04 1.75203E+03 1.09049E+04-6.61193E+04 2.50930E-09-1.84264E-09
 -1       540-3.54968E+04-3.33708E+02 4.89597E+03-2.01317E+04 1.12050E-09-2.06455E-10
 -1       541-3.48768E+04 1.04287E+02 2.58535E+03-6.61723E+04-6.26187E-10 7.36691E-11
 -1       542-3.54454E+04-6.76817E+01 1.15582E+03-2.01208E+04-2.75577E-10 1.91380E-09
 -1       543-3.53854E+04 7.19706E+01 5.16332E+02-6.61900E+04-1.39335E-09-1.63413E-09
 -1       544-3.54743E+04 2.36855E+01 5.52886E+01-2.01145E+04 6.28461E-10-4.06999E-09
 -1       545-3.55945E+04 8.46245E+01-3.67504E+02-6.61978E+04-9.67873E-10-2.45200E-09
 -1       546-3.54513E+04 7.04590E+01-9.35606E+02-2.01129E+04 1.83263E-10 3.00929E-09
 -1       547-3.58417E+04-3.11439E+02-2.17881E+03-6.61875E+04-1.22941E-09 7.28960E-10
 -1       548-3.51706E+04 3.04508E+02-4.02918E+03-2.01250E+04-1.06138E-09 2.93494E-09
 -1       549-3.81786E+04-4.53641E+03-9.84558E+03-6.60288E+04-1.27648E-09 4.65138E-09
 -1       550-3.27866E+04 3.03433E+03-1.56681E+04-2.02712E+04 1.65528E-10 5.20276E-09
 -1       551 2.16860E+04-5.39211E+05 4.27562E+04-8.20021E+05-4.52928E-09-1.87720E-09
 -1       552 1.73270E+04-5.34665E+05 4.13068E+04-9.85505E+05-4.69299E-09 2.05000E-09
 -1       553 1.33613E+04-5.41778E+05 5.66920E+04-8.18484E+05-4.70754E-09 4.12820E-09
 -1       554 4.22744E+04-5.18747E+05 1.13806E+05-9.85655E+05-4.94765E-09 7.56154E-09
 -1       555 9.88390E+04-5.57340E+05 2.16721E+05-8.19419E+05-4.28554E-09-1.81171E-09
 -1       556-2.55100E+05-1.84500E+05 3.91332E+04-3.11872E+05-1.49885E-09-5.16593E-09
 -1       557-2.18377E+05-2.21475E+05 1.96230E+04-3.40243E+05-4.98403E-09-1.17370E-08
 -1       558-2.56354E+05-1.95114E+05 8.11495E+03-3.05447E+05-1.76078E-09-2.11003E-10
 -1       559-2.23523E+05-2.27082E+05 4.04700E+03-3.42507E+05-6.18456E-10-1.43700E-08
 -1       560-2.57632E+05-1.94582E+05 1.73546E+03-3.06020E+05-5.21686E-09 5.98720E-09
 -1       561-2.25197E+05-2.26748E+05 8.65740E+02-3.43661E+05-1.43664E-08 7.20615E-09
 -1       562-2.58602E+05-1.93965E+05 3.05176E+02-3.06672E+05-7.20684E-09-3.84716E-10
 -1       563-2.26171E+05-2.26330E+05 5.60281E+01-3.44332E+05-1.29148E-10 3.15231E-09
 -1       564-2.59163E+05-1.93608E+05-2.45318E+02-3.07055E+05 1.50249E-09 1.00226E-09
 -1       565-2.26654E+05-2.26131E+05-6.73244E+02-3.44647E+05-2.16096E-09 1.58980E-09
 -1       566-2.59276E+05-1.93488E+05-1.49469E+03-3.07157E+05 4.99404E-09-7.49424E-10
 -1       567-2.26878E+05-2.26272E+05-3.32341E+03-3.44589E+05 1.58957E-08-3.11138E-09
 -1       568-2.58798E+05-1.93991E+05-6.86728E+03-3.06824E+05 7.32143E-09-5.21322E-09
 -1       569-2.30375E+05-2.30176E+05-1.61738E+04-3.43243E+05 8.24002E-10-1.07320E-09
 -1       570-2.56350E+05-2.05158E+05-3.26335E+04-3.01936E+05 1.34969E-09-3.03044E-09
 -1       571 3.65715E+05 1.68605E+04 2.50494E+04-9.70759E+04 4.32919E-10 6.07997E-09
 -1       572 3.69435E+05 5.84448E+03 1.22744E+04-1.06421E+05 7.03039E-10 4.58112E-09
 -1       573 3.67170E+05 1.37681E+03 5.45286E+03-9.68203E+04 1.13414E-09 2.26555E-09
 -1       574 3.67608E+05 4.40203E+02 2.73289E+03-1.06697E+05 3.85171E-10 4.76030E-09
 -1       575 3.67313E+05 5.23561E+01 1.28752E+03-9.67877E+04 8.66294E-10 1.08776E-09
 -1       576 3.67350E+05 9.82208E+00 6.54664E+02-1.06733E+05-1.23896E-09-7.54881E-11
 -1       577 3.67337E+05-1.85472E+01 3.19779E+02-9.67834E+04-2.86764E-09 2.15641E-09
 -1       578 3.67337E+05-1.83029E+01 1.69254E+02-1.06738E+05-1.93177E-09 3.18141E-09
 -1       579 3.67386E+05-3.58203E+01 9.24498E+01-9.67829E+04 5.91172E-10 2.97678E-09
 -1       580 3.67408E+05-5.32488E+01 6.94138E+01-1.06733E+05 1.27602E-09 4.63842E-11
 -1       581 3.67480E+05-8.30233E+01 7.20236E+01-9.67880E+04-3.01952E-10-7.68523E-10
 -1       582 3.67546E+05-1.02492E+02 1.25215E+02-1.06677E+05-1.27329E-11 2.75941E-09
 -1       583 3.67612E+05-1.07267E+02 2.24066E+02-9.68392E+04 1.69348E-09-3.57750E-09
 -1       584 3.67798E+05 3.50924E+01 5.04140E+02-1.06241E+05-2.43381E-09-5.25620E-09
 -1       585 3.67717E+05 4.53792E+02 1.00927E+03-9.72242E+04 7.94898E-10-1.01500E-09
 -1       586 3.13849E+03 1.73587E+05 5.47924E+03-2.19403E+05 5.85715E-10-4.46107E-09
 -1       587 1.85179E+03 1.74439E+05 5.32582E+03-2.41993E+05 2.05910E-09-1.05674E-08
 -1       588 2.21161E+03 1.73410E+05 7.66309E+03-2.19096E+05 7.54881E-10-3.79441E-09
 -1       589 7.59512E+03 1.76268E+05 1.57747E+04-2.42122E+05 2.59752E-09 3.20722E-09
 -1       590 2.10436E+04 1.71509E+05 3.14720E+04-2.19261E+05 7.48514E-10 4.23415E-09
 -1       591-1.93253E+05-5.90325E+04-3.64714E+04-9.35029E+04 1.19007E-09 3.74166E-09
 -1       592-1.95259E+05-5.59662E+04-1.81390E+04-1.03573E+05-6.66205E-10-6.03677E-10
 -1       593-1.94762E+05-4.73782E+04-7.70206E+03-9.90957E+04-4.65661E-10 4.46926E-09
 -1       594-1.91240E+05-5.13007E+04-3.77683E+03-1.04030E+05-2.12822E-10 3.54231E-09
 -1       595-1.94957E+05-4.70237E+04-1.74173E+03-9.93219E+04-7.71706E-10 6.45059E-10
 -1       596-1.90957E+05-5.11314E+04-8.81257E+02-1.03996E+05-4.32465E-09 1.78011E-09
 -1       597-1.94991E+05-4.70533E+04-4.76105E+02-9.93226E+04-1.04882E-09 4.70209E-09
 -1       598-1.90927E+05-5.11345E+04-3.73858E+02-1.03982E+05-1.81842E-10 2.41880E-09
 -1       599-1.94986E+05-4.70569E+04-4.66393E+02-9.93195E+04-4.40423E-10 2.82853E-10
 -1       600-1.90946E+05-5.11364E+04-8.55435E+02-1.03986E+05 2.12140E-10-7.73070E-12
 -1       601-1.94940E+05-4.70345E+04-1.68573E+03-9.93126E+04 4.92037E-10 2.33013E-09
 -1       602-1.91212E+05-5.13004E+04-3.65259E+03-1.04005E+05 7.18501E-10-1.33150E-09
 -1       603-1.94739E+05-4.73884E+04-7.44758E+03-9.90922E+04-2.40561E-09-3.54703E-09
 -1       604-1.95129E+05-5.57691E+04-1.75353E+04-1.03502E+05 9.31323E-10 6.23413E-09
 -1       605-1.93230E+05-5.86929E+04-3.52571E+04-9.37226E+04 6.68024E-10 6.73026E-11
 -1       606 1.43067E+05-1.53108E+04-2.31874E+04 4.45965E+04-7.91624E-09-7.50333E-09
 -1       607 1.39479E+05-5.23807E+03-1.13748E+04 4.86085E+04-4.29281E-10-1.59434E-09
 -1       608 1.41546E+05-1.17942E+03-5.06068E+03 4.43012E+04 5.98448E-09-8.57426E-10
 -1       609 1.41046E+05-3.15448E+02-2.53312E+03 4.89307E+04-9.16771E-10-8.92760E-09
 -1       610 1.41306E+05 2.96184E+01-1.19539E+03 4.42631E+04-8.54016E-09-2.00498E-09
 -1       611 1.41191E+05 9.96612E+01-5.99562E+02 4.89711E+04-1.58579E-08 4.28190E-09
 -1       612 1.41228E+05 1.15645E+02-2.83755E+02 4.42589E+04-8.10724E-09-1.15824E-09
 -1       613 1.41173E+05 1.37307E+02-1.25978E+02 4.89757E+04-1.22418E-08-3.09092E-09
 -1       614 1.41182E+05 1.28477E+02-2.87866E+01 4.42580E+04-2.93130E-09-1.71713E-09
 -1       615 1.41144E+05 1.54491E+02 5.63293E+01 4.89756E+04 7.76799E-09-3.47427E-09
 -1       616 1.41147E+05 1.50124E+02 1.65456E+02 4.42587E+04-1.59307E-08 3.14503E-09
 -1       617 1.41150E+05 2.25839E+02 3.81214E+02 4.89734E+04-2.07474E-08 1.60708E-09
 -1       618 1.41100E+05 3.40867E+02 7.73723E+02 4.42596E+04-9.70249E-09-4.59522E-09
 -1       619 1.41388E+05 9.85871E+02 1.74819E+03 4.89639E+04-4.53201E-09-7.32098E-09
 -1       620 1.40866E+05 2.51695E+03 3.56573E+03 4.42625E+04-2.79897E-10-5.61568E-09
 -1       621 1.62172E+03 3.93825E+05 4.96811E+03-3.67666E+04 4.25189E-11 1.85491E-09
 -1       622 7.19965E+02 3.94804E+05 5.01254E+03-4.42533E+04 4.93401E-11-9.12223E-10
 -1       623 4.86946E+02 3.93960E+05 7.21106E+03-3.67744E+04-1.49612E-10-6.03586E-09
 -1       624 3.98339E+03 3.97077E+05 1.47072E+04-4.41181E+04-1.36424E-11-1.73241E-08
 -1       625 1.18010E+04 3.91609E+05 2.82011E+04-3.68952E+04 3.31056E-10-1.32382E-08
 -1       626 2.25626E+05 7.58132E+04-5.40080E+03 1.48542E+05-4.52201E-09 2.25555E-10
 -1       627 2.20538E+05 8.22143E+04-2.55656E+03 1.52577E+05-4.43833E-10-2.72416E-09
 -1       628 2.25806E+05 7.83874E+04-1.07489E+03 1.47065E+05-5.52609E-09-3.32830E-09
 -1       629 2.20741E+05 8.34801E+04-5.10208E+02 1.52588E+05-1.30995E-08 1.66717E-08
 -1       630 2.25760E+05 7.85878E+04-2.20793E+02 1.46910E+05-2.61753E-09 3.39753E-09
 -1       631 2.20704E+05 8.35963E+04-8.63939E+01 1.52572E+05-6.65568E-09 2.79852E-09
 -1       632 2.25713E+05 7.86101E+04 1.97577E+00 1.46876E+05-2.92312E-09 6.14841E-09
 -1       633 2.20676E+05 8.36134E+04 9.04099E+01 1.52556E+05 5.45560E-09-7.51243E-10
 -1       634 2.25680E+05 7.86097E+04 2.24164E+02 1.46862E+05 6.27097E-09-2.80456E-08
 -1       635 2.20690E+05 8.36255E+04 5.05782E+02 1.52553E+05 3.27823E-08-5.94400E-09
 -1       636 2.25655E+05 7.86381E+04 1.04772E+03 1.46842E+05 1.15947E-08-7.46604E-09
 -1       637 2.20944E+05 8.39177E+04 2.34074E+03 1.52507E+05 2.39925E-09 6.69388E-10
 -1       638 2.25610E+05 7.95159E+04 4.85195E+03 1.46463E+05 8.46148E-09-5.18412E-10
 -1       639 2.23429E+05 8.82889E+04 1.15499E+04 1.51429E+05 1.39789E-09 1.57252E-09
 -1       640 2.25772E+05 9.21218E+04 2.43685E+04 1.41231E+05-2.32558E-09 5.32054E-11
 -1       656 1.17198E+04-5.14701E+05-6.09228E+04 2.12702E+04 1.09467E-08 3.38332E-10
 -1       657-1.86488E+04-5.36180E+05-4.39774E+04 6.77967E+04 1.28657E-08 2.43699E-09
 -1       658 2.15107E+03-5.22501E+05-2.86229E+04 2.11021E+04 1.06605E-08 9.69976E-09
 -1       659-1.75264E+04-5.35578E+05-4.19362E+04 6.79067E+04 9.61109E-09 1.25375E-09
 -1       660 1.09469E+04-5.15414E+05-5.69883E+04 2.11628E+04 8.82574E-09-2.42608E-09
 -1       661 4.10551E+05 5.69651E+04 3.26211E+04 1.61779E+05 1.11868E-09-7.79619E-09
 -1       662 4.17237E+05 7.72101E+04 1.97765E+04 1.66987E+05-1.31695E-09 2.61480E-10
 -1       663 4.15646E+05 6.22214E+04 7.66631E+03 1.61686E+05 1.93631E-09-4.66116E-10
 -1       664 4.11299E+05 6.90797E+04 4.06766E+03 1.67951E+05-2.08405E-09-4.26655E-09
 -1       665 4.16137E+05 6.27196E+04 1.79134E+03 1.61704E+05 7.60554E-09-1.07616E-09
 -1       666 4.10725E+05 6.83691E+04 9.54895E+02 1.67982E+05 4.76393E-09 6.40367E-09
 -1       667 4.16188E+05 6.27733E+04 5.51863E+02 1.61712E+05 1.05295E-08 4.68910E-09
 -1       668 4.10675E+05 6.83161E+04 5.25640E+02 1.67980E+05-1.21453E-08 3.62303E-09
 -1       669 4.16185E+05 6.27655E+04 7.60778E+02 1.61708E+05-2.42710E-09-3.95062E-10
 -1       670 4.10772E+05 6.84241E+04 1.52152E+03 1.68001E+05-3.94988E-09 3.47080E-09
 -1       671 4.16100E+05 6.26706E+04 2.96643E+03 1.61692E+05-1.69140E-08-8.88804E-10
 -1       672 4.11737E+05 6.96192E+04 6.80429E+03 1.67953E+05 3.62058E-09-6.50061E-09
 -1       673 4.15272E+05 6.18353E+04 1.28481E+04 1.61662E+05 3.42936E-09 6.45741E-11
 -1       674 4.21691E+05 8.32627E+04 3.31649E+04 1.66342E+05 5.59891E-09 6.36692E-09
 -1       675 4.06732E+05 5.30158E+04 5.47114E+04 1.61810E+05 1.75942E-09 9.56788E-10
 -1       676 7.64019E+01-4.99898E+05-2.67538E+03 3.46861E+02 1.16142E-09 9.84983E-10
 -1       677-8.83189E+02-5.00647E+05-4.95652E+03-6.92360E+02 8.31005E-09 5.86272E-09
 -1       678 6.46092E+02-4.99387E+05-8.63175E+03 3.45254E+02-7.55699E-09 4.70675E-09
 -1       679-9.60768E+03-5.06031E+05-2.08407E+04-6.89064E+02 7.08224E-09 4.90473E-10
 -1       680 6.61575E+03-4.94520E+05-3.29148E+04 3.40152E+02-4.48745E-09 7.52891E-11
 -1       771-2.89442E+06-5.81000E+05-8.13595E+04-1.26512E+06-1.42099E-08 5.57338E-09
 -1       772-2.88081E+06-5.91226E+05-4.03157E+04-1.30737E+06-2.10530E-08 2.17569E-08
 -1       773-2.89988E+06-5.53674E+05-1.72880E+04-1.27734E+06-1.17216E-08 8.76389E-09
 -1       774-2.87231E+06-5.81503E+05-8.40433E+03-1.31084E+06 3.34694E-10-1.38425E-09
 -1       775-2.90168E+06-5.51980E+05-3.96947E+03-1.27836E+06 2.91038E-11-2.43745E-10
 -1       776-2.87259E+06-5.80935E+05-1.96551E+03-1.31201E+06 7.38510E-10-3.89036E-10
 -1       777-2.90276E+06-5.51421E+05-1.10408E+03-1.27881E+06-2.03727E-10-3.58796E-10
 -1       778-2.87320E+06-5.80743E+05-8.27468E+02-1.31278E+06-4.65661E-10 2.01067E-09
 -1       779-2.90338E+06-5.51034E+05-1.05909E+03-1.27909E+06 2.43745E-10 2.09548E-09
 -1       780-2.87363E+06-5.80637E+05-1.92833E+03-1.31323E+06-2.85945E-09-6.68479E-09
 -1       781-2.90353E+06-5.50824E+05-3.83665E+03-1.27920E+06 1.16597E-09 1.60071E-10
 -1       782-2.87432E+06-5.80980E+05-8.33945E+03-1.31332E+06-1.84173E-11 2.53749E-10
 -1       783-2.90294E+06-5.51722E+05-1.70601E+04-1.27866E+06-2.13367E-09-1.57888E-09
 -1       784-2.88326E+06-5.91130E+05-4.02282E+04-1.31167E+06-4.08363E-10-1.45337E-09
 -1       785-2.89890E+06-5.78066E+05-8.09807E+04-1.26636E+06 1.97178E-09 1.26056E-09
 -1       786 2.95752E+05-7.79694E+03 3.87571E+04-3.75147E+03 1.00044E-10 6.76664E-10
 -1       787 3.09349E+05 1.13061E+04 2.44835E+04-1.24115E+04-1.15699E-09 1.53477E-09
 -1       788 3.01488E+05-7.64067E+02 1.00226E+04-3.73901E+03 4.30646E-10-1.28239E-10
 -1       789 3.02980E+05 1.03060E+03 5.53001E+03-1.24088E+04 2.43290E-10-2.91038E-10
 -1       790 3.02100E+05-8.18347E+01 2.54155E+03-3.75281E+03 2.20666E-10 5.03633E-10
 -1       791 3.02280E+05 9.19143E+01 1.35426E+03-1.23883E+04-1.66563E-09-3.29806E-09
 -1       792 3.02176E+05-1.07232E+01 6.98195E+02-3.75943E+03 4.86750E-10-3.64395E-09
 -1       793 3.02194E+05 1.06426E+01 4.62125E+02-1.23835E+04-3.11417E-10-2.68133E-09
 -1       794 3.02184E+05-6.37605E+00 4.28043E+02-3.75769E+03 3.15140E-10-3.69897E-09
 -1       795 3.02222E+05 3.79582E+01 6.47432E+02-1.23959E+04-5.81167E-10-3.68203E-11
 -1       796 3.02155E+05-3.76236E+01 1.12376E+03-3.74703E+03-3.56522E-10 4.09216E-10
 -1       797 3.02528E+05 4.37952E+02 2.39374E+03-1.24227E+04-9.24501E-10 1.13104E-09
 -1       798 3.01894E+05-3.33578E+02 4.31480E+03-3.73088E+03-1.18234E-10 1.05911E-09
 -1       799 3.05277E+05 4.85140E+03 1.05297E+04-1.24269E+04-1.07809E-09-6.46651E-10
 -1       800 2.99430E+05-3.36168E+03 1.66583E+04-3.74350E+03 1.60071E-10-2.18461E-09
 -1       801-1.72613E+04 2.77227E+05 3.81218E+04-5.79049E+05 1.26092E-08 3.68163E-09
 -1       802 5.86299E+04 2.73221E+05 6.15887E+04-1.88733E+06-5.71890E-09-2.97950E-09
 -1       803 9.31631E+03 2.61157E+05 7.85284E+04-5.77301E+05 2.77578E-08 9.20386E-09
 -1       804 1.20338E+05 3.10263E+05 1.76138E+05-1.88701E+06-1.12341E-08-7.34872E-09
 -1       805-6.26292E+04 2.38880E+05 2.58308E+05-5.79400E+05 1.94996E-08 5.04951E-09
 -1       806-2.61638E+05-8.31598E+04-2.16917E+04-1.38779E+05 1.58332E-09 2.81398E-09
 -1       807-2.60366E+05-7.89305E+04-1.02779E+04-1.46971E+05 4.02906E-09 4.45937E-09
 -1       808-2.61560E+05-7.19043E+04-4.31881E+03-1.43447E+05 1.91085E-09 4.74984E-09
 -1       809-2.58190E+05-7.50326E+04-2.08310E+03-1.47973E+05-1.73895E-09-3.15657E-09
 -1       810-2.61630E+05-7.11054E+04-9.37866E+02-1.43800E+05-9.36961E-09-1.11477E-08
 -1       811-2.57982E+05-7.47670E+04-4.62542E+02-1.48029E+05-9.77980E-09 1.12623E-08
 -1       812-2.61655E+05-7.10765E+04-2.28060E+02-1.43820E+05-5.90217E-09-3.31602E-09
 -1       813-2.57960E+05-7.47600E+04-1.42516E+02-1.48025E+05 2.64485E-09-2.65482E-09
 -1       814-2.61654E+05-7.10836E+04-1.31341E+02-1.43817E+05-2.29898E-09-1.60753E-09
 -1       815-2.57960E+05-7.47687E+04-2.05185E+02-1.48017E+05-1.73259E-09 7.29324E-09
 -1       816-2.61631E+05-7.11041E+04-3.85239E+02-1.43802E+05 1.75805E-08-6.71935E-09
 -1       817-2.58039E+05-7.48710E+04-8.40500E+02-1.47970E+05 4.54011E-08-1.02164E-08
 -1       818-2.61577E+05-7.14457E+04-1.73643E+03-1.43662E+05 2.95340E-08-1.02018E-08
 -1       819-2.58986E+05-7.63472E+04-4.12651E+03-1.47443E+05 2.28665E-08 2.72576E-09
 -1       820-2.61497E+05-7.60529E+04-8.70836E+03-1.41872E+05 1.15861E-08-6.73481E-09
 -1       821-3.65768E+05 9.15365E+03-4.55983E+04 3.85929E+03-3.42698E-09 3.32693E-09
 -1       822-3.81724E+05-1.33030E+04-2.88019E+04 1.31885E+04-2.61389E-09-3.66208E-09
 -1       823-3.72527E+05 8.90058E+02-1.17990E+04 3.75394E+03 4.05362E-09-1.13414E-09
 -1       824-3.74277E+05-1.19195E+03-6.51215E+03 1.33337E+04-1.66892E-09-6.15159E-10
 -1       825-3.73256E+05 9.87335E+01-3.01184E+03 3.71242E+03-6.95582E-09-1.37675E-09
 -1       826-3.73485E+05-7.38502E+01-1.63339E+03 1.34015E+04-1.38220E-08 6.59156E-09
 -1       827-3.73349E+05 2.28015E+01-9.04704E+02 3.68576E+03-7.74526E-09 5.74124E-09
 -1       828-3.73408E+05 2.47993E+01-7.14180E+02 1.34430E+04-7.02289E-09-2.30381E-09
 -1       829-3.73353E+05 2.45476E+01-8.38388E+02 3.67080E+03-1.41353E-09-2.13275E-09
 -1       830-3.73490E+05-5.26404E+01-1.46269E+03 1.34599E+04 7.74504E-09-3.95615E-09
 -1       831-3.73275E+05 9.63879E+01-2.66589E+03 3.66884E+03-6.57352E-09-2.36764E-09
 -1       832-3.74204E+05-1.03235E+03-5.75370E+03 1.34505E+04-1.42745E-09-5.20424E-09
 -1       833-3.72636E+05 7.99613E+02-1.04127E+04 3.68051E+03 2.00885E-09-3.64571E-09
 -1       834-3.80793E+05-1.17171E+04-2.54247E+04 1.33911E+04 4.97403E-09-1.84582E-09
 -1       835-3.66674E+05 8.09856E+03-4.02429E+04 3.73173E+03 3.17209E-09-3.15231E-09
 -1       836-7.39816E+03 6.72247E+05 5.62266E+04-2.97465E+04 2.92857E-10 5.89353E-09
 -1       837 1.49434E+04 6.91032E+05 4.32191E+04-7.37573E+04-4.60204E-10 3.76849E-09
 -1       838-1.69483E+03 6.78433E+05 3.50598E+04-2.96866E+04 3.21961E-10 5.39274E-10
 -1       839 2.28990E+04 6.96398E+05 5.97602E+04-7.37542E+04-9.45874E-11 1.11083E-09
 -1       840-1.21787E+04 6.66883E+05 8.88481E+04-2.97480E+04 1.16415E-10-2.65209E-09
 -1       856-3.69444E+05 5.75218E+03-4.09419E+04 1.04865E+04-7.71433E-09 1.88084E-09
 -1       857-3.83005E+05-1.02302E+04-2.51650E+04 2.70375E+04-5.62250E-09-8.76253E-09
 -1       858-3.75299E+05 5.38951E+02-1.05330E+04 1.03302E+04-5.98084E-09-6.73845E-09
 -1       859-3.76689E+05-7.01689E+02-5.68969E+03 2.72318E+04 2.10753E-09 9.04038E-10
 -1       860-3.75880E+05 9.61700E+01-2.66520E+03 1.02872E+04 2.39197E-09 9.78844E-10
 -1       861-3.76107E+05 6.64451E+01-1.40818E+03 2.72936E+04-8.43602E-09 3.70926E-09
 -1       862-3.75959E+05 5.99547E+01-7.44528E+02 1.02675E+04 7.81324E-09 3.16015E-09
 -1       863-3.76053E+05 1.30741E+02-5.12152E+02 2.73168E+04 2.33516E-08-5.46834E-09
 -1       864-3.75966E+05 5.89746E+01-5.11571E+02 1.02637E+04 9.86785E-09-3.48149E-09
 -1       865-3.76075E+05 1.01038E+02-8.05635E+02 2.73075E+04 1.12833E-08-1.07121E-09
 -1       866-3.75925E+05 7.61402E+01-1.44169E+03 1.02769E+04-3.09296E-09 1.44257E-09
 -1       867-3.76372E+05-3.10359E+02-3.03039E+03 2.72618E+04-4.75802E-09 9.18831E-10
 -1       868-3.75612E+05 3.05005E+02-5.59229E+03 1.03100E+04 1.41204E-08 2.58478E-09
 -1       869-3.79697E+05-5.37072E+03-1.33431E+04 2.70932E+04 7.20593E-09-1.96110E-10
 -1       870-3.72500E+05 3.05772E+03-2.17118E+04 1.04488E+04 1.63991E-08-2.34650E-10
 -1       871-5.26385E+03-4.71819E+04-1.04937E+04 1.58635E+05-2.32103E-09-1.82990E-09
 -1       872-1.86956E+03-4.92256E+04-3.11252E+03 1.90436E+05 6.33918E-10-8.62656E-10
 -1       873-1.01436E+02-4.85429E+04 3.07084E+03 1.58318E+05-1.66892E-09 3.18323E-10
 -1       874 3.11970E+03-4.59252E+04 1.15140E+04 1.90562E+05 1.08776E-09-3.43346E-09
 -1       875 1.02105E+04-5.07222E+04 2.45684E+04 1.58534E+05-3.67254E-09 2.14186E-09
 -1       876 5.12301E+05 7.11856E+04 4.71891E+04 2.03801E+05 1.14551E-09 6.54836E-10
 -1       877 5.21210E+05 1.01282E+05 2.86118E+04 2.12258E+05 2.24873E-10 5.83168E-09
 -1       878 5.19660E+05 7.88045E+04 1.10853E+04 2.03670E+05 1.59548E-09-4.30191E-10
 -1       879 5.12623E+05 8.95005E+04 5.88007E+03 2.13612E+05-6.42126E-09-4.63297E-09
 -1       880 5.20348E+05 7.95477E+04 2.57815E+03 2.03710E+05 5.76688E-09 7.76481E-10
 -1       881 5.11808E+05 8.84463E+04 1.35649E+03 2.13612E+05 4.27644E-09 3.26099E-09
 -1       882 5.20406E+05 7.96442E+04 7.45866E+02 2.03734E+05 1.36589E-08 4.90466E-09
 -1       883 5.11743E+05 8.83454E+04 6.47234E+02 2.13574E+05-1.57391E-08 2.66516E-09
 -1       884 5.20394E+05 7.96491E+04 8.70498E+02 2.03739E+05-6.61322E-09-7.76367E-10
 -1       885 5.11854E+05 8.84524E+04 1.69259E+03 2.13581E+05-1.03812E-08-4.10574E-09
 -1       886 5.20298E+05 7.95472E+04 3.27745E+03 2.03724E+05-1.95793E-08 1.07048E-09
 -1       887 5.12919E+05 8.97694E+04 7.50356E+03 2.13532E+05 1.72844E-09-2.41334E-09
 -1       888 5.19391E+05 7.86209E+04 1.41625E+04 2.03688E+05 6.59122E-09 4.36557E-09
 -1       889 5.23894E+05 1.04809E+05 3.65537E+04 2.11770E+05 1.43378E-08 2.57023E-09
 -1       890 5.09984E+05 6.88940E+04 6.02982E+04 2.03849E+05 8.70841E-10-4.13638E-09
 -1       891 1.10950E+03-2.37503E+05-9.66132E+03 4.63427E+04 4.71709E-09 4.01178E-09
 -1       892-2.77509E+03-2.40586E+05-7.34174E+03 1.15954E+05-1.05142E-08 1.67552E-09
 -1       893 2.05074E+02-2.38646E+05-5.87889E+03 4.61812E+04 8.69932E-10 4.99199E-10
 -1       894-4.02823E+03-2.41401E+05-9.92602E+03 1.15938E+05-4.25598E-09-1.24373E-10
 -1       895 1.84093E+03-2.36649E+05-1.47608E+04 4.63571E+04 5.89444E-09-2.26100E-09
 -1       956-4.23199E+05-7.69870E+03-1.83794E+04 5.19954E+04-6.21367E-09-2.02090E-09
 -1       957-4.26780E+05-2.50571E+03-9.38555E+03 6.19987E+04-1.43609E-09-4.53838E-10
 -1       958-4.24865E+05-1.96639E+02-4.23176E+03 5.16698E+04 5.52245E-09-1.00817E-09
 -1       959-4.25201E+05 3.50003E+01-2.15564E+03 6.23543E+04-2.72212E-09-4.55657E-10
 -1       960-4.25074E+05 1.32180E+02-1.04990E+03 5.16356E+04-7.13408E-09 2.71530E-09
 -1       961-4.25139E+05 1.68138E+02-5.49967E+02 6.23937E+04-1.17561E-08 2.46291E-09
 -1       962-4.25146E+05 1.52640E+02-3.05429E+02 5.16294E+04-5.97720E-09-8.83119E-10
 -1       963-4.25170E+05 1.90792E+02-2.26539E+02 6.24019E+04-1.09608E-08 3.02134E-09
 -1       964-4.25173E+05 1.67642E+02-2.54055E+02 5.16270E+04-2.24213E-09-8.42647E-10
 -1       965-4.25196E+05 2.01211E+02-4.21427E+02 6.24024E+04 9.50156E-09-3.59887E-09
 -1       966-4.25159E+05 1.76688E+02-7.82771E+02 5.16288E+04 3.06932E-09 1.77943E-09
 -1       967-4.25284E+05 1.25599E+02-1.60171E+03 6.23811E+04 1.27266E-08 2.32285E-09
 -1       968-4.25035E+05-4.74530E+01-3.13774E+03 5.16489E+04 5.62432E-09 1.80012E-09
 -1       969-4.26490E+05-1.74433E+03-6.96603E+03 6.21626E+04-2.94222E-10-9.57243E-11
 -1       970-4.23819E+05-5.60757E+03-1.36380E+04 5.18554E+04 3.31875E-09-4.01451E-09
 -1       971-6.21708E+05 4.35939E+03-3.11620E+04 1.05824E+04-8.24275E-09 2.84854E-09
 -1       972-6.31975E+05-7.77706E+03-1.91487E+04 2.77324E+04-6.03404E-09 3.51065E-09
 -1       973-6.26171E+05 4.05229E+02-8.02643E+03 1.03689E+04-1.05829E-08-1.69439E-09
 -1       974-6.27202E+05-5.13608E+02-4.34465E+03 2.80203E+04-1.87833E-09-1.25510E-10
 -1       975-6.26622E+05 7.81231E+01-2.06335E+03 1.02913E+04 2.61116E-09-1.60503E-09
 -1       976-6.26785E+05 8.15378E+01-1.13935E+03 2.81385E+04-8.70750E-09-5.43423E-11
 -1       977-6.26686E+05 5.81664E+01-7.02271E+02 1.02498E+04 1.17650E-08-6.58588E-10
 -1       978-6.26770E+05 1.33780E+02-6.66917E+02 2.81932E+04 2.23397E-08 6.44491E-10
 -1       979-6.26686E+05 6.63780E+01-9.33633E+02 1.02364E+04 1.14981E-08-3.71483E-09
 -1       980-6.26858E+05 6.59020E+01-1.74329E+03 2.81912E+04 1.06766E-08 1.44712E-09
 -1       981-6.26598E+05 1.19805E+02-3.28340E+03 1.02519E+04 1.58320E-09-1.00971E-09
 -1       982-6.27601E+05-8.68516E+02-7.01043E+03 2.81290E+04 1.92631E-09 3.80766E-09
 -1       983-6.25893E+05 6.75654E+02-1.29685E+04 1.02996E+04 7.63885E-09-1.52249E-09
 -1       984-6.35414E+05-1.25972E+04-3.10018E+04 2.79265E+04-1.08344E-09-4.89308E-10
 -1       985-6.18692E+05 7.11314E+03-5.04243E+04 1.04620E+04 3.93175E-09-4.78394E-09
 -3
 9999
