SUMMARY OF C0NVERGENCE INFORMATION
  STEP   INC  ATT   ITER     CONT.   RESID.        CORR.      RESID.      CORR.
                              EL.    FORCE         DISP       FLUX        TEMP.
                              (#)     (%)           (%)        (%)         (%)
     1     1     1     1        0  0.2029E+04  0.1000E+03  0.0000E+00  0.0000E+00
     1     1     1     2        0  0.3145E+05  0.3193E+02  0.0000E+00  0.0000E+00
     1     1     1     3        0  0.2779E+05  0.6919E+02  0.0000E+00  0.0000E+00
     1     1     1     4        0  0.9445E+05  0.3763E+02  0.0000E+00  0.0000E+00
     1     1     1     5        0  0.5956E+05  0.1000E+03  0.0000E+00  0.0000E+00
     1     1     2     1        0  0.5139E+03  0.1000E+03  0.0000E+00  0.0000E+00
     1     1     2     2        0  0.4201E+01  0.1764E+01  0.0000E+00  0.0000E+00
     1     1     2     3        0  0.0000E+00  0.5936E-02  0.0000E+00  0.0000E+00
     1     2     1     1        0  0.4212E+04  0.1097E+02  0.0000E+00  0.0000E+00
     1     2     1     2        0  0.1757E+02  0.7694E+01  0.0000E+00  0.0000E+00
     1     2     1     3        0  0.1811E+04  0.6965E+01  0.0000E+00  0.0000E+00
     1     2     1     4        0  0.1065E+03  0.3988E+01  0.0000E+00  0.0000E+00
     1     2     2     1        0  0.2043E+01  0.2638E+01  0.0000E+00  0.0000E+00
     1     2     2     2        0  0.0000E+00  0.1807E-01  0.0000E+00  0.0000E+00
     1     3     1     1        0  0.4580E+01  0.1844E+01  0.0000E+00  0.0000E+00
     1     3     1     2        0  0.0000E+00  0.3916E-01  0.0000E+00  0.0000E+00
     1     4     1     1        0  0.3601E+04  0.2339E+02  0.0000E+00  0.0000E+00
     1     4     1     2        0  0.5037E+01  0.1622E+02  0.0000E+00  0.0000E+00
     1     4     1     3        0  0.3941E+02  0.5734E+01  0.0000E+00  0.0000E+00
     1     4     1     4        0  0.2684E+00  0.2587E+00  0.0000E+00  0.0000E+00
     1     5     1     1        0  0.7572E+03  0.5565E+02  0.0000E+00  0.0000E+00
     1     5     1     2        0  0.3715E+05  0.1000E+03  0.0000E+00  0.0000E+00
     1     5     1     3        0  0.8506E+03  0.4445E+01  0.0000E+00  0.0000E+00
     1     5     1     4        0  0.1266E+06  0.3564E+02  0.0000E+00  0.0000E+00
     1     5     1     5        0  0.5166E+05  0.1000E+03  0.0000E+00  0.0000E+00
     1     5     2     1        0  0.7168E+03  0.7712E+02  0.0000E+00  0.0000E+00
     1     5     2     2        0  0.5610E+03  0.7401E+02  0.0000E+00  0.0000E+00
     1     5     2     3        0  0.2296E+02  0.2145E+02  0.0000E+00  0.0000E+00
     1     5     2     4        0  0.2312E+01  0.5369E+01  0.0000E+00  0.0000E+00
     1     5     2     5        0  0.3383E-02  0.2462E-01  0.0000E+00  0.0000E+00
     1     6     1     1        0  0.7201E+03  0.3381E+02  0.0000E+00  0.0000E+00
     1     6     1     2        0  0.1568E+03  0.2584E+02  0.0000E+00  0.0000E+00
     1     6     1     3        0  0.7894E+01  0.2466E+01  0.0000E+00  0.0000E+00
     1     6     1     4        0  0.2769E-01  0.2675E+00  0.0000E+00  0.0000E+00
     1     7     1     1        0  0.1568E+04  0.5766E+01  0.0000E+00  0.0000E+00
     1     7     1     2        0  0.1959E+04  0.1813E+02  0.0000E+00  0.0000E+00
     1     7     1     3        0  0.1047E+04  0.9601E+01  0.0000E+00  0.0000E+00
     1     7     1     4        0  0.3492E+04  0.1899E+02  0.0000E+00  0.0000E+00
     1     7     1     5        0  0.2047E+03  0.2186E+01  0.0000E+00  0.0000E+00
     1     7     1     6        0  0.1751E+05  0.5379E+02  0.0000E+00  0.0000E+00
     1     7     1     7        0  0.1077E+03  0.7431E+01  0.0000E+00  0.0000E+00
     1     7     1     8        0  0.1185E+03  0.1611E+02  0.0000E+00  0.0000E+00
     1     7     1     9        0  0.2141E+01  0.5154E+00  0.0000E+00  0.0000E+00
     1     7     1    10        0  0.9866E-01  0.1598E+00  0.0000E+00  0.0000E+00
     1     8     1     1        0  0.1050E+05  0.1000E+03  0.0000E+00  0.0000E+00
     1     8     1     2        0  0.1023E+04  0.9257E+02  0.0000E+00  0.0000E+00
     1     8     1     3        0  0.3827E+03  0.1257E+02  0.0000E+00  0.0000E+00
     1     8     1     4        0  0.1186E+02  0.1113E+01  0.0000E+00  0.0000E+00
     1     8     1     5        0  0.7378E+00  0.5075E-01  0.0000E+00  0.0000E+00
     1     8     1     6        0  0.1870E-03  0.7547E-03  0.0000E+00  0.0000E+00
     1     9     1     1        0  0.1105E+05  0.2668E+02  0.0000E+00  0.0000E+00
     1     9     1     2        0  0.5076E+03  0.2752E+02  0.0000E+00  0.0000E+00
     1     9     1     3        0  0.7028E+04  0.1385E+02  0.0000E+00  0.0000E+00
     1     9     1     4        0  0.2403E+02  0.1212E+01  0.0000E+00  0.0000E+00
     1     9     1     5        0  0.5117E+04  0.5263E+01  0.0000E+00  0.0000E+00
     1     9     1     6        0  0.1208E+02  0.9237E+00  0.0000E+00  0.0000E+00
     1     9     1     7        0  0.1375E+02  0.2374E+00  0.0000E+00  0.0000E+00
     1     9     1     8        0  0.8694E-01  0.1867E-01  0.0000E+00  0.0000E+00
     1    10     1     1        0  0.2677E+04  0.1491E+02  0.0000E+00  0.0000E+00
     1    10     1     2        0  0.5714E+04  0.3241E+02  0.0000E+00  0.0000E+00
     1    10     1     3        0  0.2806E+03  0.1702E+02  0.0000E+00  0.0000E+00
     1    10     1     4        0  0.3637E+06  0.1000E+03  0.0000E+00  0.0000E+00
     1    10     1     5        0  0.8148E+05  0.1000E+03  0.0000E+00  0.0000E+00
     1    10     2     1        0  0.6703E+02  0.8497E+01  0.0000E+00  0.0000E+00
     1    10     2     2        0  0.2192E+05  0.4949E+02  0.0000E+00  0.0000E+00
     1    10     2     3        0  0.3018E+03  0.3150E+02  0.0000E+00  0.0000E+00
     1    10     2     4        0  0.2419E+02  0.2886E+01  0.0000E+00  0.0000E+00
     1    10     2     5        0  0.2773E+03  0.6879E+01  0.0000E+00  0.0000E+00
     1    10     2     6        0  0.4244E+01  0.8733E+00  0.0000E+00  0.0000E+00
     1    10     2     7        0  0.3287E+02  0.2777E+01  0.0000E+00  0.0000E+00
     1    10     2     8        0  0.4378E+00  0.2756E+00  0.0000E+00  0.0000E+00
     1    11     1     1        0  0.2334E+04  0.1000E+03  0.0000E+00  0.0000E+00
     1    11     1     2        0  0.4295E+03  0.2735E+02  0.0000E+00  0.0000E+00
     1    11     1     3        0  0.1136E+03  0.6084E+01  0.0000E+00  0.0000E+00
     1    11     1     4        0  0.5351E+02  0.2005E+02  0.0000E+00  0.0000E+00
     1    11     1     5        0  0.3042E+02  0.1049E+02  0.0000E+00  0.0000E+00
     1    11     1     6        0  0.2721E+01  0.3514E+01  0.0000E+00  0.0000E+00
     1    11     1     7        0  0.6134E-01  0.5110E+00  0.0000E+00  0.0000E+00
     1    12     1     1        0  0.8145E+03  0.8669E+02  0.0000E+00  0.0000E+00
     1    12     1     2        0  0.3372E+05  0.1000E+03  0.0000E+00  0.0000E+00
     1    12     1     3        0  0.8630E+03  0.3775E+02  0.0000E+00  0.0000E+00
     1    12     1     4        0  0.7380E+03  0.4853E+01  0.0000E+00  0.0000E+00
     1    12     1     5        0  0.8021E+03  0.4811E+01  0.0000E+00  0.0000E+00
     1    12     1     6        0  0.2051E+04  0.1187E+02  0.0000E+00  0.0000E+00
     1    12     2     1        0  0.4374E+02  0.8755E+02  0.0000E+00  0.0000E+00
     1    12     2     2        0  0.2826E+04  0.1000E+03  0.0000E+00  0.0000E+00
     1    12     2     3        0  0.1199E+02  0.1419E+02  0.0000E+00  0.0000E+00
     1    12     2     4        0  0.1454E+04  0.5690E+02  0.0000E+00  0.0000E+00
     1    12     2     5        0  0.1693E+02  0.1001E+02  0.0000E+00  0.0000E+00
     1    12     3     1        0  0.3105E+02  0.1000E+03  0.0000E+00  0.0000E+00
     1    12     3     2        0  0.5103E+03  0.1000E+03  0.0000E+00  0.0000E+00
     1    12     3     3        0  0.2808E+01  0.9967E+01  0.0000E+00  0.0000E+00
     1    12     3     4        0  0.1257E+02  0.1429E+02  0.0000E+00  0.0000E+00
     1    12     3     5        0  0.2517E-01  0.5573E+00  0.0000E+00  0.0000E+00
     1    13     1     1        0  0.2029E+02  0.4423E+02  0.0000E+00  0.0000E+00
     1    13     1     2        0  0.1167E+03  0.9762E+02  0.0000E+00  0.0000E+00
     1    13     1     3        0  0.6079E+01  0.2342E+02  0.0000E+00  0.0000E+00
     1    13     1     4        0  0.5664E+02  0.6499E+02  0.0000E+00  0.0000E+00
     1    13     1     5        0  0.5528E+01  0.2066E+02  0.0000E+00  0.0000E+00
     1    13     1     6        0  0.2893E+05  0.1000E+03  0.0000E+00  0.0000E+00
     1    13     1     7        0  0.8130E+03  0.5339E+02  0.0000E+00  0.0000E+00
     1    13     2     1        0  0.9196E+00  0.3266E+02  0.0000E+00  0.0000E+00
     1    13     2     2        0  0.1184E+00  0.1238E+02  0.0000E+00  0.0000E+00
     1    13     2     3        0  0.2038E-03  0.4877E+00  0.0000E+00  0.0000E+00
     1    14     1     1        0  0.7446E+00  0.2507E+02  0.0000E+00  0.0000E+00
     1    14     1     2        0  0.8562E-01  0.8762E+01  0.0000E+00  0.0000E+00
     1    14     1     3        0  0.1974E-03  0.4071E+00  0.0000E+00  0.0000E+00
     1    15     1     1        0  0.2982E+05  0.1000E+03  0.0000E+00  0.0000E+00
     1    15     1     2        0  0.7180E+03  0.5078E+02  0.0000E+00  0.0000E+00
     1    15     1     3        0  0.3161E+04  0.7539E+01  0.0000E+00  0.0000E+00
     1    15     1     4        0  0.6250E+03  0.6252E+01  0.0000E+00  0.0000E+00
     1    15     1     5        0  0.3703E+04  0.1219E+02  0.0000E+00  0.0000E+00
     1    15     1     6        0  0.1071E+03  0.5233E+01  0.0000E+00  0.0000E+00
     1    15     1     7        0  0.9461E+02  0.5365E+01  0.0000E+00  0.0000E+00
     1    15     1     8        0  0.4540E+02  0.3893E+01  0.0000E+00  0.0000E+00
     1    15     1     9        0  0.4037E+02  0.3404E+01  0.0000E+00  0.0000E+00
     1    15     2     1        0  0.1259E+01  0.3814E+02  0.0000E+00  0.0000E+00
     1    15     2     2        0  0.1758E+00  0.1460E+02  0.0000E+00  0.0000E+00
     1    15     2     3        0  0.1138E-02  0.1146E+01  0.0000E+00  0.0000E+00
     1    16     1     1        0  0.2898E+02  0.1000E+03  0.0000E+00  0.0000E+00
     1    16     1     2        0  0.1471E+01  0.2086E+02  0.0000E+00  0.0000E+00
     1    16     1     3        0  0.5918E+01  0.4383E+02  0.0000E+00  0.0000E+00
     1    16     1     4        0  0.1628E+00  0.7412E+01  0.0000E+00  0.0000E+00
     1    17     1     1        0  0.1010E+02  0.2484E+02  0.0000E+00  0.0000E+00
     1    17     1     2        0  0.1020E+03  0.4786E+02  0.0000E+00  0.0000E+00
     1    17     1     3        0  0.1078E+02  0.1948E+02  0.0000E+00  0.0000E+00
     1    17     1     4        0  0.6569E+02  0.4360E+02  0.0000E+00  0.0000E+00
     1    17     1     5        0  0.8268E+02  0.5273E+02  0.0000E+00  0.0000E+00
     1    17     2     1        0  0.4595E+01  0.5003E+02  0.0000E+00  0.0000E+00
     1    17     2     2        0  0.1149E+02  0.7215E+02  0.0000E+00  0.0000E+00
     1    17     2     3        0  0.5193E+01  0.5056E+02  0.0000E+00  0.0000E+00
     1    17     2     4        0  0.8075E+02  0.1000E+03  0.0000E+00  0.0000E+00
     1    17     2     5        0  0.5253E+03  0.1000E+03  0.0000E+00  0.0000E+00
