SUMMARY OF C0NVERGENCE INFORMATION
  STEP   INC  ATT   ITER     CONT.   RESID.        CORR.      RESID.      CORR.
                              EL.    FORCE         DISP       FLUX        TEMP.
                              (#)     (%)           (%)        (%)         (%)
     1     1     1     1        0  0.2030E+04  0.1000E+03  0.0000E+00  0.0000E+00
     1     1     1     2        0  0.3146E+05  0.3193E+02  0.0000E+00  0.0000E+00
     1     1     1     3        0  0.2779E+05  0.6920E+02  0.0000E+00  0.0000E+00
     1     1     1     4        0  0.9396E+05  0.3755E+02  0.0000E+00  0.0000E+00
     1     1     1     5        0  0.6090E+05  0.1000E+03  0.0000E+00  0.0000E+00
     1     1     2     1        0  0.5141E+03  0.1000E+03  0.0000E+00  0.0000E+00
     1     1     2     2        0  0.4202E+01  0.1764E+01  0.0000E+00  0.0000E+00
     1     1     2     3        0  0.3559E-03  0.5936E-02  0.0000E+00  0.0000E+00
     1     2     1     1        0  0.4214E+04  0.1097E+02  0.0000E+00  0.0000E+00
     1     2     1     2        0  0.1758E+02  0.7694E+01  0.0000E+00  0.0000E+00
     1     2     1     3        0  0.1811E+04  0.6965E+01  0.0000E+00  0.0000E+00
     1     2     1     4        0  0.1066E+03  0.3988E+01  0.0000E+00  0.0000E+00
     1     2     2     1        0  0.2044E+01  0.2638E+01  0.0000E+00  0.0000E+00
     1     2     2     2        0  0.0000E+00  0.1807E-01  0.0000E+00  0.0000E+00
     1     3     1     1        0  0.4580E+01  0.1844E+01  0.0000E+00  0.0000E+00
     1     3     1     2        0  0.1068E-01  0.3917E-01  0.0000E+00  0.0000E+00
     1     4     1     1        0  0.3596E+04  0.2339E+02  0.0000E+00  0.0000E+00
     1     4     1     2        0  0.5036E+01  0.1622E+02  0.0000E+00  0.0000E+00
     1     4     1     3        0  0.3939E+02  0.5734E+01  0.0000E+00  0.0000E+00
     1     4     1     4        0  0.4182E+00  0.2588E+00  0.0000E+00  0.0000E+00
     1     5     1     1        0  0.7562E+03  0.5565E+02  0.0000E+00  0.0000E+00
     1     5     1     2        0  0.3708E+05  0.1000E+03  0.0000E+00  0.0000E+00
     1     5     1     3        0  0.8571E+03  0.4458E+01  0.0000E+00  0.0000E+00
     1     5     1     4        0  0.1266E+06  0.3567E+02  0.0000E+00  0.0000E+00
     1     5     1     5        0  0.5182E+05  0.1000E+03  0.0000E+00  0.0000E+00
     1     5     2     1        0  0.7162E+03  0.7712E+02  0.0000E+00  0.0000E+00
     1     5     2     2        0  0.5605E+03  0.7401E+02  0.0000E+00  0.0000E+00
     1     5     2     3        0  0.2294E+02  0.2145E+02  0.0000E+00  0.0000E+00
     1     5     2     4        0  0.2309E+01  0.5367E+01  0.0000E+00  0.0000E+00
     1     5     2     5        0  0.3351E-02  0.2454E-01  0.0000E+00  0.0000E+00
     1     6     1     1        0  0.7193E+03  0.3381E+02  0.0000E+00  0.0000E+00
     1     6     1     2        0  0.1566E+03  0.2584E+02  0.0000E+00  0.0000E+00
     1     6     1     3        0  0.7885E+01  0.2467E+01  0.0000E+00  0.0000E+00
     1     6     1     4        0  0.2769E-01  0.2677E+00  0.0000E+00  0.0000E+00
     1     7     1     1        0  0.1566E+04  0.5766E+01  0.0000E+00  0.0000E+00
     1     7     1     2        0  0.1957E+04  0.1813E+02  0.0000E+00  0.0000E+00
     1     7     1     3        0  0.1046E+04  0.9600E+01  0.0000E+00  0.0000E+00
     1     7     1     4        0  0.3485E+04  0.1898E+02  0.0000E+00  0.0000E+00
     1     7     1     5        0  0.2049E+03  0.2191E+01  0.0000E+00  0.0000E+00
     1     7     1     6        0  0.1746E+05  0.5373E+02  0.0000E+00  0.0000E+00
     1     7     1     7        0  0.1072E+03  0.7404E+01  0.0000E+00  0.0000E+00
     1     7     1     8        0  0.1208E+03  0.1613E+02  0.0000E+00  0.0000E+00
     1     7     1     9        0  0.2168E+01  0.5167E+00  0.0000E+00  0.0000E+00
     1     7     1    10        0  0.1051E+00  0.1648E+00  0.0000E+00  0.0000E+00
     1     8     1     1        0  0.1049E+05  0.1000E+03  0.0000E+00  0.0000E+00
     1     8     1     2        0  0.1022E+04  0.9257E+02  0.0000E+00  0.0000E+00
     1     8     1     3        0  0.3805E+03  0.1257E+02  0.0000E+00  0.0000E+00
     1     8     1     4        0  0.1185E+02  0.1113E+01  0.0000E+00  0.0000E+00
     1     8     1     5        0  0.7371E+00  0.5003E-01  0.0000E+00  0.0000E+00
     1     8     1     6        0  0.1868E-03  0.7546E-03  0.0000E+00  0.0000E+00
     1     9     1     1        0  0.1104E+05  0.2668E+02  0.0000E+00  0.0000E+00
     1     9     1     2        0  0.5072E+03  0.2752E+02  0.0000E+00  0.0000E+00
     1     9     1     3        0  0.7022E+04  0.1385E+02  0.0000E+00  0.0000E+00
     1     9     1     4        0  0.2401E+02  0.1212E+01  0.0000E+00  0.0000E+00
     1     9     1     5        0  0.5113E+04  0.5263E+01  0.0000E+00  0.0000E+00
     1     9     1     6        0  0.1207E+02  0.9237E+00  0.0000E+00  0.0000E+00
     1     9     1     7        0  0.1374E+02  0.2374E+00  0.0000E+00  0.0000E+00
     1     9     1     8        0  0.8684E-01  0.1866E-01  0.0000E+00  0.0000E+00
     1    10     1     1        0  0.2675E+04  0.1491E+02  0.0000E+00  0.0000E+00
     1    10     1     2        0  0.5709E+04  0.3241E+02  0.0000E+00  0.0000E+00
     1    10     1     3        0  0.2804E+03  0.1702E+02  0.0000E+00  0.0000E+00
     1    10     1     4        0  0.3636E+06  0.1000E+03  0.0000E+00  0.0000E+00
     1    10     1     5        0  0.8144E+05  0.1000E+03  0.0000E+00  0.0000E+00
     1    10     2     1        0  0.6698E+02  0.8497E+01  0.0000E+00  0.0000E+00
     1    10     2     2        0  0.2190E+05  0.4949E+02  0.0000E+00  0.0000E+00
     1    10     2     3        0  0.3015E+03  0.3150E+02  0.0000E+00  0.0000E+00
     1    10     2     4        0  0.2417E+02  0.2884E+01  0.0000E+00  0.0000E+00
     1    10     2     5        0  0.2771E+03  0.6880E+01  0.0000E+00  0.0000E+00
