SUMMARY OF C0NVERGENCE INFORMATION
  STEP   INC  ATT   ITER     CONT.   RESID.        CORR.      RESID.      CORR.
                              EL.    FORCE         DISP       FLUX        TEMP.
                              (#)     (%)           (%)        (%)         (%)
     1     1     1     1        0  0.3402E+03  0.1000E+03  0.0000E+00  0.0000E+00
     1     1     1     2        0  0.1312E+05  0.1744E+02  0.0000E+00  0.0000E+00
     1     1     1     3        0  0.5017E+03  0.5022E+02  0.0000E+00  0.0000E+00
     1     1     1     4        0  0.1255E+04  0.1004E+02  0.0000E+00  0.0000E+00
     1     1     1     5        0  0.1346E+04  0.1000E+03  0.0000E+00  0.0000E+00
     1     1     2     1        0  0.8537E+02  0.1000E+03  0.0000E+00  0.0000E+00
     1     1     2     2        0  0.5536E+04  0.1000E+03  0.0000E+00  0.0000E+00
     1     1     2     3        0  0.7860E+02  0.8170E+01  0.0000E+00  0.0000E+00
     1     1     2     4        0  0.6349E+03  0.9949E+02  0.0000E+00  0.0000E+00
     1     1     2     5        0  0.1187E+03  0.1913E+02  0.0000E+00  0.0000E+00
     1     1     3     1        0  0.2136E+02  0.1000E+03  0.0000E+00  0.0000E+00
     1     1     3     2        0  0.3520E-01  0.1023E+01  0.0000E+00  0.0000E+00
     1     2     1     1        0  0.3055E+00  0.4415E+01  0.0000E+00  0.0000E+00
     1     2     1     2        0  0.0000E+00  0.4860E-02  0.0000E+00  0.0000E+00
     1     3     1     1        0  0.4383E+02  0.5040E+02  0.0000E+00  0.0000E+00
     1     3     1     2        0  0.4208E-02  0.4611E+00  0.0000E+00  0.0000E+00
     1     4     1     1        0  0.5839E+03  0.1000E+03  0.0000E+00  0.0000E+00
     1     4     1     2        0  0.2524E+02  0.2269E+02  0.0000E+00  0.0000E+00
     1     4     1     3        0  0.4371E+01  0.1321E+02  0.0000E+00  0.0000E+00
     1     4     1     4        0  0.7880E-03  0.1094E+00  0.0000E+00  0.0000E+00
     1     5     1     1        0  0.4405E+06  0.1000E+03  0.0000E+00  0.0000E+00
     1     5     1     2        0  0.1490E+06  0.8225E+02  0.0000E+00  0.0000E+00
     1     5     1     3        0  0.5351E+05  0.1000E+03  0.0000E+00  0.0000E+00
     1     5     1     4        0  0.7152E+05  0.1937E+02  0.0000E+00  0.0000E+00
     1     5     1     5        0  0.2851E+05  0.1168E+02  0.0000E+00  0.0000E+00
     1     5     1     6        0  0.3151E+05  0.1233E+02  0.0000E+00  0.0000E+00
     1     5     1     7        0  0.1014E+05  0.2104E+02  0.0000E+00  0.0000E+00
     1     5     1     8        0  0.1142E+05  0.1216E+02  0.0000E+00  0.0000E+00
     1     5     1     9        0  0.3969E+05  0.1677E+02  0.0000E+00  0.0000E+00
     1     5     2     1        0  0.9179E+02  0.1000E+03  0.0000E+00  0.0000E+00
     1     5     2     2        0  0.1206E+01  0.1555E+02  0.0000E+00  0.0000E+00
     1     5     2     3        0  0.1021E-01  0.1677E+01  0.0000E+00  0.0000E+00
     1     6     1     1        0  0.7226E+04  0.1000E+03  0.0000E+00  0.0000E+00
     1     6     1     2        0  0.1399E+03  0.1374E+02  0.0000E+00  0.0000E+00
     1     6     1     3        0  0.5564E+03  0.2565E+02  0.0000E+00  0.0000E+00
     1     6     1     4        0  0.1547E+03  0.1427E+02  0.0000E+00  0.0000E+00
     1     6     2     1        0  0.6436E+00  0.8332E+02  0.0000E+00  0.0000E+00
     1     6     2     2        0  0.0000E+00  0.4437E+00  0.0000E+00  0.0000E+00
     1     7     1     1        0  0.1091E+01  0.7457E+02  0.0000E+00  0.0000E+00
     1     7     1     2        0  0.0000E+00  0.6724E+00  0.0000E+00  0.0000E+00
     1     8     1     1        0  0.4687E+02  0.1000E+03  0.0000E+00  0.0000E+00
     1     8     1     2        0  0.1361E+01  0.1651E+02  0.0000E+00  0.0000E+00
     1     8     1     3        0  0.2030E+00  0.6390E+01  0.0000E+00  0.0000E+00
     1     9     1     1        0  0.3737E+02  0.4369E+02  0.0000E+00  0.0000E+00
     1     9     1     2        0  0.1066E+01  0.8456E+01  0.0000E+00  0.0000E+00
     1     9     1     3        0  0.4475E-02  0.3627E+00  0.0000E+00  0.0000E+00
     1    10     1     1        0  0.1184E+04  0.1813E+02  0.0000E+00  0.0000E+00
     1    10     1     2        0  0.2215E+02  0.1145E+02  0.0000E+00  0.0000E+00
     1    10     1     3        0  0.7767E+02  0.2319E+01  0.0000E+00  0.0000E+00
     1    10     1     4        0  0.7903E+01  0.2544E+00  0.0000E+00  0.0000E+00
     1    10     1     5        0  0.8783E+00  0.8583E-01  0.0000E+00  0.0000E+00
     1    10     1     6        0  0.3113E-02  0.4381E-02  0.0000E+00  0.0000E+00
     1    11     1     1        0  0.4042E+02  0.1400E+02  0.0000E+00  0.0000E+00
     1    11     1     2        0  0.3452E+02  0.7358E+01  0.0000E+00  0.0000E+00
     1    11     1     3        0  0.2514E+00  0.6432E+00  0.0000E+00  0.0000E+00
     1    12     1     1        0  0.2234E+03  0.1406E+02  0.0000E+00  0.0000E+00
     1    12     1     2        0  0.2635E+02  0.5402E+01  0.0000E+00  0.0000E+00
     1    12     1     3        0  0.1572E+01  0.6712E+00  0.0000E+00  0.0000E+00
     1    12     1     4        0  0.5511E-02  0.2435E-01  0.0000E+00  0.0000E+00
     1    13     1     1        0  0.2460E+02  0.1099E+02  0.0000E+00  0.0000E+00
     1    13     1     2        0  0.1070E+02  0.5494E+01  0.0000E+00  0.0000E+00
     1    13     1     3        0  0.3315E-01  0.1584E+00  0.0000E+00  0.0000E+00
     1    14     1     1        0  0.3235E+03  0.1331E+02  0.0000E+00  0.0000E+00
     1    14     1     2        0  0.5992E+02  0.8185E+01  0.0000E+00  0.0000E+00
     1    14     1     3        0  0.9316E+04  0.1724E+02  0.0000E+00  0.0000E+00
     1    14     1     4        0  0.2505E+03  0.2857E+02  0.0000E+00  0.0000E+00
     1    14     2     1        0  0.1857E+02  0.1296E+02  0.0000E+00  0.0000E+00
     1    14     2     2        0  0.2982E+00  0.1434E+01  0.0000E+00  0.0000E+00
     1    15     1     1        0  0.2420E+02  0.6226E+01  0.0000E+00  0.0000E+00
     1    15     1     2        0  0.3360E-01  0.1030E+01  0.0000E+00  0.0000E+00
     1    16     1     1        0  0.1112E+01  0.4702E+01  0.0000E+00  0.0000E+00
     1    16     1     2        0  0.9769E+00  0.9687E+00  0.0000E+00  0.0000E+00
     1    16     1     3        0  0.2316E-02  0.3135E-01  0.0000E+00  0.0000E+00
     1    17     1     1        0  0.8145E+01  0.4989E+01  0.0000E+00  0.0000E+00
     1    17     1     2        0  0.5209E+01  0.2265E+01  0.0000E+00  0.0000E+00
     1    17     1     3        0  0.4206E-01  0.1280E+00  0.0000E+00  0.0000E+00
     1    18     1     1        0  0.1920E+03  0.6301E+01  0.0000E+00  0.0000E+00
     1    18     1     2        0  0.3020E+01  0.2552E+01  0.0000E+00  0.0000E+00
     1    18     1     3        0  0.1222E+03  0.8403E+00  0.0000E+00  0.0000E+00
     1    18     1     4        0  0.1541E+03  0.9487E+00  0.0000E+00  0.0000E+00
     1    18     2     1        0  0.1269E+01  0.4433E+01  0.0000E+00  0.0000E+00
     1    18     2     2        0  0.9851E-02  0.4718E+00  0.0000E+00  0.0000E+00
     1    19     1     1        0  0.7220E+01  0.2415E+01  0.0000E+00  0.0000E+00
     1    19     1     2        0  0.5118E-01  0.9625E-01  0.0000E+00  0.0000E+00
     1    20     1     1        0  0.8333E+01  0.2572E+01  0.0000E+00  0.0000E+00
     1    20     1     2        0  0.2903E+00  0.2391E+00  0.0000E+00  0.0000E+00
     1    21     1     1        0  0.3631E+01  0.3862E+01  0.0000E+00  0.0000E+00
     1    21     1     2        0  0.2365E+01  0.6443E+00  0.0000E+00  0.0000E+00
     1    21     1     3        0  0.1935E-01  0.2163E-01  0.0000E+00  0.0000E+00
     1    22     1     1        0  0.3263E+01  0.4829E+01  0.0000E+00  0.0000E+00
     1    22     1     2        0  0.5727E+00  0.5461E+00  0.0000E+00  0.0000E+00
     1    22     1     3        0  0.8202E-03  0.5665E-02  0.0000E+00  0.0000E+00
