SUMMARY OF C0NVERGENCE INFORMATION
  STEP   INC  ATT   ITER     CONT.   RESID.        CORR.      RESID.      CORR.
                              EL.    FORCE         DISP       FLUX        TEMP.
                              (#)     (%)           (%)        (%)         (%)
     1     1     1     1        0  0.2029E+04  0.1000E+03  0.0000E+00  0.0000E+00
     1     1     1     2        0  0.3144E+05  0.3192E+02  0.0000E+00  0.0000E+00
     1     1     1     3        0  0.2777E+05  0.6915E+02  0.0000E+00  0.0000E+00
     1     1     1     4        0  0.1025E+06  0.3873E+02  0.0000E+00  0.0000E+00
     1     1     1     5        0  0.7387E+05  0.1000E+03  0.0000E+00  0.0000E+00
     1     1     2     1        0  0.5138E+03  0.1000E+03  0.0000E+00  0.0000E+00
     1     1     2     2        0  0.4200E+01  0.1764E+01  0.0000E+00  0.0000E+00
     1     1     2     3        0  0.0000E+00  0.5935E-02  0.0000E+00  0.0000E+00
     1     2     1     1        0  0.4213E+04  0.1097E+02  0.0000E+00  0.0000E+00
     1     2     1     2        0  0.1758E+02  0.7697E+01  0.0000E+00  0.0000E+00
     1     2     1     3        0  0.1809E+04  0.6963E+01  0.0000E+00  0.0000E+00
     1     2     1     4        0  0.1066E+03  0.3984E+01  0.0000E+00  0.0000E+00
     1     2     2     1        0  0.2042E+01  0.2638E+01  0.0000E+00  0.0000E+00
     1     2     2     2        0  0.0000E+00  0.1807E-01  0.0000E+00  0.0000E+00
     1     3     1     1        0  0.4578E+01  0.1844E+01  0.0000E+00  0.0000E+00
     1     3     1     2        0  0.0000E+00  0.3916E-01  0.0000E+00  0.0000E+00
     1     4     1     1        0  0.3598E+04  0.2338E+02  0.0000E+00  0.0000E+00
     1     4     1     2        0  0.5028E+01  0.1621E+02  0.0000E+00  0.0000E+00
     1     4     1     3        0  0.3930E+02  0.5725E+01  0.0000E+00  0.0000E+00
     1     4     1     4        0  0.2669E+00  0.2580E+00  0.0000E+00  0.0000E+00
     1     5     1     1        0  0.7575E+03  0.5565E+02  0.0000E+00  0.0000E+00
     1     5     1     2        0  0.3707E+05  0.1000E+03  0.0000E+00  0.0000E+00
     1     5     1     3        0  0.8626E+03  0.4454E+01  0.0000E+00  0.0000E+00
     1     5     1     4        0  0.1265E+06  0.3564E+02  0.0000E+00  0.0000E+00
     1     5     1     5        0  0.5160E+05  0.1000E+03  0.0000E+00  0.0000E+00
     1     5     2     1        0  0.7171E+03  0.7713E+02  0.0000E+00  0.0000E+00
     1     5     2     2        0  0.5604E+03  0.7399E+02  0.0000E+00  0.0000E+00
     1     5     2     3        0  0.2302E+02  0.2146E+02  0.0000E+00  0.0000E+00
     1     5     2     4        0  0.2312E+01  0.5370E+01  0.0000E+00  0.0000E+00
     1     5     2     5        0  0.3351E-02  0.2469E-01  0.0000E+00  0.0000E+00
     1     6     1     1        0  0.7197E+03  0.3381E+02  0.0000E+00  0.0000E+00
     1     6     1     2        0  0.1568E+03  0.2584E+02  0.0000E+00  0.0000E+00
     1     6     1     3        0  0.7891E+01  0.2469E+01  0.0000E+00  0.0000E+00
     1     6     1     4        0  0.2775E-01  0.2679E+00  0.0000E+00  0.0000E+00
     1     7     1     1        0  0.1568E+04  0.5767E+01  0.0000E+00  0.0000E+00
     1     7     1     2        0  0.1957E+04  0.1813E+02  0.0000E+00  0.0000E+00
     1     7     1     3        0  0.1049E+04  0.9597E+01  0.0000E+00  0.0000E+00
     1     7     1     4        0  0.3474E+04  0.1894E+02  0.0000E+00  0.0000E+00
     1     7     1     5        0  0.2067E+03  0.2206E+01  0.0000E+00  0.0000E+00
     1     7     1     6        0  0.1734E+05  0.5350E+02  0.0000E+00  0.0000E+00
     1     7     1     7        0  0.1054E+03  0.7295E+01  0.0000E+00  0.0000E+00
     1     7     1     8        0  0.1312E+03  0.1622E+02  0.0000E+00  0.0000E+00
     1     7     1     9        0  0.2278E+01  0.5205E+00  0.0000E+00  0.0000E+00
     1     7     1    10        0  0.1350E+00  0.1857E+00  0.0000E+00  0.0000E+00
     1     8     1     1        0  0.1050E+05  0.1000E+03  0.0000E+00  0.0000E+00
     1     8     1     2        0  0.1023E+04  0.9256E+02  0.0000E+00  0.0000E+00
     1     8     1     3        0  0.3864E+03  0.1258E+02  0.0000E+00  0.0000E+00
     1     8     1     4        0  0.1186E+02  0.1113E+01  0.0000E+00  0.0000E+00
     1     8     1     5        0  0.7376E+00  0.5214E-01  0.0000E+00  0.0000E+00
     1     8     1     6        0  0.1869E-03  0.7546E-03  0.0000E+00  0.0000E+00
     1     9     1     1        0  0.1105E+05  0.2669E+02  0.0000E+00  0.0000E+00
     1     9     1     2        0  0.5076E+03  0.2752E+02  0.0000E+00  0.0000E+00
     1     9     1     3        0  0.7027E+04  0.1385E+02  0.0000E+00  0.0000E+00
     1     9     1     4        0  0.2402E+02  0.1212E+01  0.0000E+00  0.0000E+00
     1     9     1     5        0  0.5117E+04  0.5263E+01  0.0000E+00  0.0000E+00
     1     9     1     6        0  0.1208E+02  0.9238E+00  0.0000E+00  0.0000E+00
     1     9     1     7        0  0.1373E+02  0.2373E+00  0.0000E+00  0.0000E+00
     1     9     1     8        0  0.8687E-01  0.1866E-01  0.0000E+00  0.0000E+00
     1    10     1     1        0  0.2677E+04  0.1491E+02  0.0000E+00  0.0000E+00
     1    10     1     2        0  0.5712E+04  0.3241E+02  0.0000E+00  0.0000E+00
     1    10     1     3        0  0.2806E+03  0.1702E+02  0.0000E+00  0.0000E+00
     1    10     1     4        0  0.3638E+06  0.1000E+03  0.0000E+00  0.0000E+00
     1    10     1     5        0  0.8155E+05  0.1000E+03  0.0000E+00  0.0000E+00
     1    10     2     1        0  0.6703E+02  0.8497E+01  0.0000E+00  0.0000E+00
     1    10     2     2        0  0.2191E+05  0.4948E+02  0.0000E+00  0.0000E+00
     1    10     2     3        0  0.3015E+03  0.3148E+02  0.0000E+00  0.0000E+00
     1    10     2     4        0  0.2420E+02  0.2874E+01  0.0000E+00  0.0000E+00
     1    10     2     5        0  0.2774E+03  0.6883E+01  0.0000E+00  0.0000E+00
     1    10     2     6        0  0.4245E+01  0.8733E+00  0.0000E+00  0.0000E+00
     1    10     2     7        0  0.3289E+02  0.2779E+01  0.0000E+00  0.0000E+00
     1    10     2     8        0  0.4369E+00  0.2753E+00  0.0000E+00  0.0000E+00
     1    11     1     1        0  0.2333E+04  0.1000E+03  0.0000E+00  0.0000E+00
     1    11     1     2        0  0.4294E+03  0.2734E+02  0.0000E+00  0.0000E+00
     1    11     1     3        0  0.1141E+03  0.6021E+01  0.0000E+00  0.0000E+00
     1    11     1     4        0  0.5518E+02  0.2030E+02  0.0000E+00  0.0000E+00
     1    11     1     5        0  0.3186E+02  0.1076E+02  0.0000E+00  0.0000E+00
     1    11     1     6        0  0.3060E+01  0.3724E+01  0.0000E+00  0.0000E+00
     1    11     1     7        0  0.7535E-01  0.5668E+00  0.0000E+00  0.0000E+00
     1    12     1     1        0  0.8150E+03  0.8670E+02  0.0000E+00  0.0000E+00
     1    12     1     2        0  0.3373E+05  0.1000E+03  0.0000E+00  0.0000E+00
     1    12     1     3        0  0.8640E+03  0.3776E+02  0.0000E+00  0.0000E+00
     1    12     1     4        0  0.7372E+03  0.4849E+01  0.0000E+00  0.0000E+00
     1    12     1     5        0  0.8012E+03  0.4805E+01  0.0000E+00  0.0000E+00
     1    12     1     6        0  0.2041E+04  0.1182E+02  0.0000E+00  0.0000E+00
     1    12     2     1        0  0.4375E+02  0.8755E+02  0.0000E+00  0.0000E+00
     1    12     2     2        0  0.2826E+04  0.1000E+03  0.0000E+00  0.0000E+00
     1    12     2     3        0  0.1199E+02  0.1419E+02  0.0000E+00  0.0000E+00
     1    12     2     4        0  0.1453E+04  0.5688E+02  0.0000E+00  0.0000E+00
     1    12     2     5        0  0.1692E+02  0.1001E+02  0.0000E+00  0.0000E+00
     1    12     3     1        0  0.3103E+02  0.1000E+03  0.0000E+00  0.0000E+00
     1    12     3     2        0  0.5101E+03  0.1000E+03  0.0000E+00  0.0000E+00
     1    12     3     3        0  0.2811E+01  0.9970E+01  0.0000E+00  0.0000E+00
     1    12     3     4        0  0.1257E+02  0.1429E+02  0.0000E+00  0.0000E+00
     1    12     3     5        0  0.2515E-01  0.5572E+00  0.0000E+00  0.0000E+00
     1    13     1     1        0  0.2033E+02  0.4428E+02  0.0000E+00  0.0000E+00
     1    13     1     2        0  0.1167E+03  0.9764E+02  0.0000E+00  0.0000E+00
     1    13     1     3        0  0.6068E+01  0.2341E+02  0.0000E+00  0.0000E+00
     1    13     1     4        0  0.5620E+02  0.6476E+02  0.0000E+00  0.0000E+00
     1    13     1     5        0  0.5550E+01  0.2070E+02  0.0000E+00  0.0000E+00
     1    13     1     6        0  0.7285E+05  0.1000E+03  0.0000E+00  0.0000E+00
     1    13     1     7        0  0.5212E+04  0.7965E+02  0.0000E+00  0.0000E+00
     1    13     2     1        0  0.9177E+00  0.3264E+02  0.0000E+00  0.0000E+00
     1    13     2     2        0  0.1180E+00  0.1237E+02  0.0000E+00  0.0000E+00
     1    13     2     3        0  0.2026E-03  0.4864E+00  0.0000E+00  0.0000E+00
     1    14     1     1        0  0.7420E+00  0.2503E+02  0.0000E+00  0.0000E+00
     1    14     1     2        0  0.8522E-01  0.8744E+01  0.0000E+00  0.0000E+00
     1    14     1     3        0  0.1958E-03  0.4056E+00  0.0000E+00  0.0000E+00
     1    15     1     1        0  0.2267E+05  0.1000E+03  0.0000E+00  0.0000E+00
     1    15     1     2        0  0.4210E+03  0.4527E+02  0.0000E+00  0.0000E+00
     1    15     1     3        0  0.4390E+04  0.8293E+01  0.0000E+00  0.0000E+00
     1    15     1     4        0  0.1691E+04  0.9834E+01  0.0000E+00  0.0000E+00
     1    15     2     1        0  0.1071E+00  0.2206E+02  0.0000E+00  0.0000E+00
     1    15     2     2        0  0.6895E-02  0.5683E+01  0.0000E+00  0.0000E+00
     1    16     1     1        0  0.1112E+00  0.1971E+02  0.0000E+00  0.0000E+00
     1    16     1     2        0  0.9593E-02  0.5833E+01  0.0000E+00  0.0000E+00
     1    16     1     3        0  0.0000E+00  0.2563E+00  0.0000E+00  0.0000E+00
     1    17     1     1        0  0.2153E+01  0.5188E+02  0.0000E+00  0.0000E+00
     1    17     1     2        0  0.4493E+00  0.2400E+02  0.0000E+00  0.0000E+00
     1    17     1     3        0  0.1594E-01  0.4463E+01  0.0000E+00  0.0000E+00
     1    18     1     1        0  0.1090E+02  0.6152E+02  0.0000E+00  0.0000E+00
     1    18     1     2        0  0.3859E+03  0.1000E+03  0.0000E+00  0.0000E+00
     1    18     1     3        0  0.6450E+01  0.1747E+02  0.0000E+00  0.0000E+00
     1    18     1     4        0  0.6089E+02  0.3495E+02  0.0000E+00  0.0000E+00
     1    18     1     5        0  0.7780E+01  0.1462E+02  0.0000E+00  0.0000E+00
     1    18     2     1        0  0.1737E+01  0.9487E+02  0.0000E+00  0.0000E+00
     1    18     2     2        0  0.3512E+00  0.4296E+02  0.0000E+00  0.0000E+00
     1    18     2     3        0  0.3352E-01  0.1317E+02  0.0000E+00  0.0000E+00
     1    18     2     4        0  0.3115E-03  0.1264E+01  0.0000E+00  0.0000E+00
     1    19     1     1        0  0.2534E+02  0.1000E+03  0.0000E+00  0.0000E+00
     1    19     1     2        0  0.1289E+03  0.1000E+03  0.0000E+00  0.0000E+00
     1    19     1     3        0  0.9492E+00  0.1125E+02  0.0000E+00  0.0000E+00
     1    19     1     4        0  0.9375E+01  0.2534E+02  0.0000E+00  0.0000E+00
     1    19     1     5        0  0.3270E+01  0.1563E+02  0.0000E+00  0.0000E+00
