SUMMARY OF C0NVERGENCE INFORMATION
  STEP   INC  ATT   ITER     CONT.   RESID.        CORR.      RESID.      CORR.
                              EL.    FORCE         DISP       FLUX        TEMP.
                              (#)     (%)           (%)        (%)         (%)
     1     1     1     1        0  0.2030E+04  0.1000E+03  0.0000E+00  0.0000E+00
     1     1     1     2        0  0.3172E+05  0.3232E+02  0.0000E+00  0.0000E+00
     1     1     1     3        0  0.2718E+05  0.7054E+02  0.0000E+00  0.0000E+00
     1     1     1     4        0  0.5522E+05  0.3538E+02  0.0000E+00  0.0000E+00
     1     1     1     5        0  0.1438E+05  0.6213E+02  0.0000E+00  0.0000E+00
     1     1     1     6        0  0.4248E+05  0.1000E+03  0.0000E+00  0.0000E+00
     1     1     1     7        0  0.4163E+05  0.1000E+03  0.0000E+00  0.0000E+00
     1     1     2     1        0  0.5142E+03  0.1000E+03  0.0000E+00  0.0000E+00
     1     1     2     2        0  0.4199E+01  0.1766E+01  0.0000E+00  0.0000E+00
     1     1     2     3        0  0.0000E+00  0.5929E-02  0.0000E+00  0.0000E+00
     1     2     1     1        0  0.4231E+04  0.1102E+02  0.0000E+00  0.0000E+00
     1     2     1     2        0  0.1773E+02  0.7717E+01  0.0000E+00  0.0000E+00
     1     2     1     3        0  0.1794E+04  0.6942E+01  0.0000E+00  0.0000E+00
     1     2     1     4        0  0.1070E+03  0.3937E+01  0.0000E+00  0.0000E+00
     1     2     2     1        0  0.2041E+01  0.2641E+01  0.0000E+00  0.0000E+00
     1     2     2     2        0  0.0000E+00  0.1806E-01  0.0000E+00  0.0000E+00
     1     3     1     1        0  0.4568E+01  0.1844E+01  0.0000E+00  0.0000E+00
     1     3     1     2        0  0.0000E+00  0.3905E-01  0.0000E+00  0.0000E+00
     1     4     1     1        0  0.3564E+04  0.2325E+02  0.0000E+00  0.0000E+00
     1     4     1     2        0  0.4914E+01  0.1604E+02  0.0000E+00  0.0000E+00
     1     4     1     3        0  0.3754E+02  0.5571E+01  0.0000E+00  0.0000E+00
     1     4     1     4        0  0.2434E+00  0.2453E+00  0.0000E+00  0.0000E+00
     1     5     1     1        0  0.7647E+03  0.5559E+02  0.0000E+00  0.0000E+00
     1     5     1     2        0  0.3720E+05  0.1000E+03  0.0000E+00  0.0000E+00
     1     5     1     3        0  0.9441E+03  0.4234E+01  0.0000E+00  0.0000E+00
     1     5     1     4        0  0.1239E+06  0.3441E+02  0.0000E+00  0.0000E+00
     1     5     1     5        0  0.4496E+05  0.1000E+03  0.0000E+00  0.0000E+00
     1     5     2     1        0  0.7241E+03  0.7723E+02  0.0000E+00  0.0000E+00
     1     5     2     2        0  0.5560E+03  0.7377E+02  0.0000E+00  0.0000E+00
     1     5     2     3        0  0.2418E+02  0.2178E+02  0.0000E+00  0.0000E+00
     1     5     2     4        0  0.2372E+01  0.5447E+01  0.0000E+00  0.0000E+00
     1     5     2     5        0  0.3538E-02  0.2801E-01  0.0000E+00  0.0000E+00
     1     6     1     1        0  0.7229E+03  0.3390E+02  0.0000E+00  0.0000E+00
     1     6     1     2        0  0.1577E+03  0.2591E+02  0.0000E+00  0.0000E+00
     1     6     1     3        0  0.7977E+01  0.2478E+01  0.0000E+00  0.0000E+00
     1     6     1     4        0  0.2844E-01  0.2707E+00  0.0000E+00  0.0000E+00
     1     7     1     1        0  0.1562E+04  0.5621E+01  0.0000E+00  0.0000E+00
     1     7     1     2        0  0.1983E+04  0.1900E+02  0.0000E+00  0.0000E+00
     1     7     1     3        0  0.1025E+04  0.5482E+01  0.0000E+00  0.0000E+00
     1     7     1     4        0  0.3731E+04  0.2039E+02  0.0000E+00  0.0000E+00
     1     7     1     5        0  0.1767E+03  0.3086E+01  0.0000E+00  0.0000E+00
     1     7     1     6        0  0.1995E+05  0.5902E+02  0.0000E+00  0.0000E+00
     1     7     1     7        0  0.1450E+03  0.9501E+01  0.0000E+00  0.0000E+00
     1     7     1     8        0  0.6457E+02  0.1471E+02  0.0000E+00  0.0000E+00
     1     7     1     9        0  0.1632E+00  0.1084E+00  0.0000E+00  0.0000E+00
     1     8     1     1        0  0.1444E+05  0.1000E+03  0.0000E+00  0.0000E+00
     1     8     1     2        0  0.1108E+04  0.9264E+02  0.0000E+00  0.0000E+00
     1     8     1     3        0  0.3194E+05  0.1765E+02  0.0000E+00  0.0000E+00
     1     8     1     4        0  0.6235E+03  0.1323E+02  0.0000E+00  0.0000E+00
     1     8     1     5        0  0.4061E+03  0.3394E+01  0.0000E+00  0.0000E+00
     1     8     1     6        0  0.1354E+03  0.1195E+01  0.0000E+00  0.0000E+00
     1     8     1     7        0  0.3746E+02  0.4976E+00  0.0000E+00  0.0000E+00
     1     8     1     8        0  0.2144E+01  0.1189E+00  0.0000E+00  0.0000E+00
     1     8     1     9        0  0.1195E-01  0.8856E-02  0.0000E+00  0.0000E+00
     1     9     1     1        0  0.9873E+04  0.2677E+02  0.0000E+00  0.0000E+00
     1     9     1     2        0  0.1672E+04  0.8449E+02  0.0000E+00  0.0000E+00
     1     9     1     3        0  0.4289E+03  0.4684E+02  0.0000E+00  0.0000E+00
     1     9     1     4        0  0.6089E+05  0.1000E+03  0.0000E+00  0.0000E+00
     1     9     1     5        0  0.2054E+04  0.4208E+02  0.0000E+00  0.0000E+00
     1     9     2     1        0  0.3037E+03  0.4060E+02  0.0000E+00  0.0000E+00
     1     9     2     2        0  0.2697E+03  0.1523E+02  0.0000E+00  0.0000E+00
     1     9     2     3        0  0.4964E+02  0.1298E+02  0.0000E+00  0.0000E+00
     1     9     2     4        0  0.1596E+01  0.2062E+01  0.0000E+00  0.0000E+00
     1     9     2     5        0  0.1972E-02  0.7340E-01  0.0000E+00  0.0000E+00
     1    10     1     1        0  0.2118E+02  0.9228E+01  0.0000E+00  0.0000E+00
     1    10     1     2        0  0.2861E+01  0.2339E+01  0.0000E+00  0.0000E+00
     1    10     1     3        0  0.3445E-02  0.1184E+00  0.0000E+00  0.0000E+00
     1    11     1     1        0  0.3211E+02  0.1994E+02  0.0000E+00  0.0000E+00
     1    11     1     2        0  0.2662E+02  0.1579E+02  0.0000E+00  0.0000E+00
     1    11     1     3        0  0.1707E+00  0.1994E+01  0.0000E+00  0.0000E+00
     1    12     1     1        0  0.2947E+03  0.5175E+02  0.0000E+00  0.0000E+00
     1    12     1     2        0  0.7908E+06  0.1000E+03  0.0000E+00  0.0000E+00
     1    12     1     3        0  0.7910E+06  0.3132E+02  0.0000E+00  0.0000E+00
     1    12     1     4        0  0.7917E+06  0.2074E+02  0.0000E+00  0.0000E+00
     1    12     1     5        0  0.7585E+06  0.3572E+02  0.0000E+00  0.0000E+00
     1    12     1     6        0  0.7557E+06  0.2638E+02  0.0000E+00  0.0000E+00
     1    12     1     7        0  0.1277E+07  0.3834E+02  0.0000E+00  0.0000E+00
     1    12     1     8        0  0.1275E+07  0.1104E+02  0.0000E+00  0.0000E+00
     1    12     2     1        0  0.3164E+02  0.5569E+02  0.0000E+00  0.0000E+00
     1    12     2     2        0  0.1122E+03  0.9134E+02  0.0000E+00  0.0000E+00
     1    12     2     3        0  0.3319E+02  0.5873E+02  0.0000E+00  0.0000E+00
     1    12     2     4        0  0.1773E+03  0.1000E+03  0.0000E+00  0.0000E+00
     1    12     2     5        0  0.5872E+03  0.1000E+03  0.0000E+00  0.0000E+00
     1    12     3     1        0  0.1695E+01  0.5182E+02  0.0000E+00  0.0000E+00
     1    12     3     2        0  0.1856E+00  0.1331E+02  0.0000E+00  0.0000E+00
     1    12     3     3        0  0.0000E+00  0.2258E+00  0.0000E+00  0.0000E+00
     1    13     1     1        0  0.7197E+00  0.2157E+02  0.0000E+00  0.0000E+00
     1    13     1     2        0  0.3090E-01  0.3860E+01  0.0000E+00  0.0000E+00
     1    13     1     3        0  0.0000E+00  0.4911E-01  0.0000E+00  0.0000E+00
     1    14     1     1        0  0.8494E+01  0.4166E+02  0.0000E+00  0.0000E+00
     1    14     1     2        0  0.8403E+01  0.3690E+02  0.0000E+00  0.0000E+00
     1    14     1     3        0  0.5218E+00  0.9670E+01  0.0000E+00  0.0000E+00
     1    14     1     4        0  0.1067E-01  0.1368E+01  0.0000E+00  0.0000E+00
     1    15     1     1        0  0.6950E+02  0.5430E+02  0.0000E+00  0.0000E+00
     1    15     1     2        0  0.2190E+04  0.1000E+03  0.0000E+00  0.0000E+00
     1    15     1     3        0  0.2651E+02  0.1858E+02  0.0000E+00  0.0000E+00
     1    15     1     4        0  0.6836E+03  0.4415E+02  0.0000E+00  0.0000E+00
     1    15     1     5        0  0.6944E+02  0.2037E+02  0.0000E+00  0.0000E+00
     1    15     2     1        0  0.2869E+02  0.1000E+03  0.0000E+00  0.0000E+00
     1    15     2     2        0  0.5669E+05  0.1000E+03  0.0000E+00  0.0000E+00
     1    15     2     3        0  0.3406E+04  0.7608E+02  0.0000E+00  0.0000E+00
     1    15     2     4        0  0.4398E+05  0.1000E+03  0.0000E+00  0.0000E+00
     1    15     2     5        0  0.2134E+04  0.3819E+02  0.0000E+00  0.0000E+00
     1    15     2     6        0  0.4628E+06  0.1000E+03  0.0000E+00  0.0000E+00
     1    15     2     7        0  0.4605E+06  0.3796E+02  0.0000E+00  0.0000E+00
     1    15     3     1        0  0.2296E+01  0.1000E+03  0.0000E+00  0.0000E+00
     1    15     3     2        0  0.6777E+00  0.5303E+02  0.0000E+00  0.0000E+00
     1    15     3     3        0  0.1802E-01  0.8768E+01  0.0000E+00  0.0000E+00
     1    16     1     1        0  0.1789E+02  0.1000E+03  0.0000E+00  0.0000E+00
     1    16     1     2        0  0.2337E+03  0.1000E+03  0.0000E+00  0.0000E+00
     1    16     1     3        0  0.7571E+01  0.1987E+02  0.0000E+00  0.0000E+00
     1    16     1     4        0  0.3136E+02  0.3473E+02  0.0000E+00  0.0000E+00
     1    16     1     5        0  0.1033E+02  0.2098E+02  0.0000E+00  0.0000E+00
     1    16     2     1        0  0.3249E+00  0.6200E+02  0.0000E+00  0.0000E+00
     1    16     2     2        0  0.4306E-01  0.2253E+02  0.0000E+00  0.0000E+00
     1    16     2     3        0  0.4643E-03  0.2351E+01  0.0000E+00  0.0000E+00
     1    17     1     1        0  0.2447E+01  0.9285E+02  0.0000E+00  0.0000E+00
     1    17     1     2        0  0.1284E+04  0.1000E+03  0.0000E+00  0.0000E+00
     1    17     1     3        0  0.2942E+02  0.2203E+02  0.0000E+00  0.0000E+00
     1    17     1     4        0  0.1759E+03  0.2962E+02  0.0000E+00  0.0000E+00
     1    17     1     5        0  0.1733E+02  0.1217E+02  0.0000E+00  0.0000E+00
     1    17     1     6        0  0.3020E+02  0.1465E+02  0.0000E+00  0.0000E+00
     1    17     1     7        0  0.7066E+01  0.7422E+01  0.0000E+00  0.0000E+00
     1    17     1     8        0  0.5507E+01  0.6508E+01  0.0000E+00  0.0000E+00
     1    17     2     1        0  0.1959E+00  0.5240E+02  0.0000E+00  0.0000E+00
     1    17     2     2        0  0.6427E-01  0.3006E+02  0.0000E+00  0.0000E+00
     1    17     2     3        0  0.3470E-02  0.6990E+01  0.0000E+00  0.0000E+00
     1    18     1     1        0  0.8913E+02  0.1000E+03  0.0000E+00  0.0000E+00
     1    18     1     2        0  0.4363E+06  0.1000E+03  0.0000E+00  0.0000E+00
     1    18     1     3        0  0.1817E+06  0.1000E+03  0.0000E+00  0.0000E+00
     1    18     1     4        0  0.3472E+05  0.1592E+02  0.0000E+00  0.0000E+00
     1    18     1     5        0  0.3456E+05  0.1634E+02  0.0000E+00  0.0000E+00
     1    18     1     6        0  0.1156E+06  0.1231E+02  0.0000E+00  0.0000E+00
     1    18     1     7        0  0.2005E+05  0.8359E+02  0.0000E+00  0.0000E+00
     1    18     1     8        0  0.2300E+05  0.6948E+01  0.0000E+00  0.0000E+00
     1    18     1     9        0  0.2514E+05  0.4874E+01  0.0000E+00  0.0000E+00
