    1C
    1UUSER                                                              
    1UDATE              11.october.2022                                 
    1UTIME              18:34:57                                        
    1UHOST                                                              
    1UPGM               CalculiX                                        
    1UVERSION           Version 2.20                             
    1UCOMPILETIME       Sun Jul 31 18:08:37 CEST 2022                    
    1UDIR                                                               
    1UDBN                                                               
    1UMAT    1MESH_MATERIAL                                             
    2C                           409                                     1
 -1         1 0.00000E+00 0.00000E+00 0.00000E+00
 -1         2 1.66667E-02 0.00000E+00 0.00000E+00
 -1         3 3.33333E-02 0.00000E+00 0.00000E+00
 -1         5 6.66667E-02 0.00000E+00 0.00000E+00
 -1         8 0.00000E+00 6.25000E-03 0.00000E+00
 -1         9 1.66667E-02 6.25000E-03 0.00000E+00
 -1        10 3.33333E-02 6.25000E-03 0.00000E+00
 -1        12 6.66667E-02 6.25000E-03 0.00000E+00
 -1        15 0.00000E+00 1.25000E-02 0.00000E+00
 -1        16 1.66667E-02 1.25000E-02 0.00000E+00
 -1        17 3.33333E-02 1.25000E-02 0.00000E+00
 -1        18 5.00000E-02 1.25000E-02 0.00000E+00
 -1        19 6.66667E-02 1.25000E-02 0.00000E+00
 -1        20 8.33333E-02 1.25000E-02 0.00000E+00
 -1        21 1.00000E-01 1.25000E-02 0.00000E+00
 -1        24 3.33333E-02 1.87500E-02 0.00000E+00
 -1        25 5.00000E-02 1.87500E-02 0.00000E+00
 -1        26 6.66667E-02 1.87500E-02 0.00000E+00
 -1        27 8.33333E-02 1.87500E-02 0.00000E+00
 -1        28 1.00000E-01 1.87500E-02 0.00000E+00
 -1        32 5.00000E-02 2.50000E-02 0.00000E+00
 -1        33 6.66667E-02 2.50000E-02 0.00000E+00
 -1        34 8.33333E-02 2.50000E-02 0.00000E+00
 -1        35 1.00000E-01 2.50000E-02 0.00000E+00
 -1        51 0.00000E+00 1.04167E-03 0.00000E+00
 -1        52 0.00000E+00 2.08333E-03 0.00000E+00
 -1        53 0.00000E+00 3.12500E-03 0.00000E+00
 -1        54 0.00000E+00 4.16667E-03 0.00000E+00
 -1        55 0.00000E+00 5.20833E-03 0.00000E+00
 -1        56 1.04167E-03 3.90630E-04 0.00000E+00
 -1        57 2.08333E-03 7.81250E-04 0.00000E+00
 -1        58 3.12500E-03 1.17188E-03 0.00000E+00
 -1        59 4.16667E-03 1.56250E-03 0.00000E+00
 -1        60 5.20833E-03 1.95312E-03 0.00000E+00
 -1        61 6.25000E-03 2.34375E-03 0.00000E+00
 -1        62 7.29167E-03 2.73438E-03 0.00000E+00
 -1        63 8.33333E-03 3.12500E-03 0.00000E+00
 -1        64 9.37500E-03 3.51563E-03 0.00000E+00
 -1        65 1.04167E-02 3.90625E-03 0.00000E+00
 -1        66 1.14583E-02 4.29688E-03 0.00000E+00
 -1        67 1.25000E-02 4.68750E-03 0.00000E+00
 -1        68 1.35417E-02 5.07813E-03 0.00000E+00
 -1        69 1.45833E-02 5.46875E-03 0.00000E+00
 -1        70 1.56250E-02 5.85938E-03 0.00000E+00
 -1        86 1.66667E-02 1.04167E-03 0.00000E+00
 -1        87 1.66667E-02 2.08333E-03 0.00000E+00
 -1        88 1.66667E-02 3.12500E-03 0.00000E+00
 -1        89 1.66667E-02 4.16667E-03 0.00000E+00
 -1        90 1.66667E-02 5.20833E-03 0.00000E+00
 -1       121 3.33333E-02 1.04167E-03 0.00000E+00
 -1       122 3.33333E-02 2.08333E-03 0.00000E+00
 -1       123 3.33333E-02 3.12500E-03 0.00000E+00
 -1       124 3.33333E-02 4.16667E-03 0.00000E+00
 -1       125 3.33333E-02 5.20833E-03 0.00000E+00
 -1       191 6.66667E-02 1.04167E-03 0.00000E+00
 -1       192 6.66667E-02 2.08333E-03 0.00000E+00
 -1       193 6.66667E-02 3.12500E-03 0.00000E+00
 -1       194 6.66667E-02 4.16667E-03 0.00000E+00
 -1       195 6.66667E-02 5.20833E-03 0.00000E+00
 -1       251 1.04167E-03 6.25000E-03 0.00000E+00
 -1       252 2.08333E-03 6.25000E-03 0.00000E+00
 -1       253 3.12500E-03 6.25000E-03 0.00000E+00
 -1       254 4.16667E-03 6.25000E-03 0.00000E+00
 -1       255 5.20833E-03 6.25000E-03 0.00000E+00
 -1       256 6.25000E-03 6.25000E-03 0.00000E+00
 -1       257 7.29167E-03 6.25000E-03 0.00000E+00
 -1       258 8.33333E-03 6.25000E-03 0.00000E+00
 -1       259 9.37500E-03 6.25000E-03 0.00000E+00
 -1       260 1.04167E-02 6.25000E-03 0.00000E+00
 -1       261 1.14583E-02 6.25000E-03 0.00000E+00
 -1       262 1.25000E-02 6.25000E-03 0.00000E+00
 -1       263 1.35417E-02 6.25000E-03 0.00000E+00
 -1       264 1.45833E-02 6.25000E-03 0.00000E+00
 -1       265 1.56250E-02 6.25000E-03 0.00000E+00
 -1       266 0.00000E+00 7.29167E-03 0.00000E+00
 -1       267 0.00000E+00 8.33333E-03 0.00000E+00
 -1       268 0.00000E+00 9.37500E-03 0.00000E+00
 -1       269 0.00000E+00 1.04167E-02 0.00000E+00
 -1       270 0.00000E+00 1.14583E-02 0.00000E+00
 -1       271 1.04167E-03 6.64063E-03 0.00000E+00
 -1       272 2.08333E-03 7.03125E-03 0.00000E+00
 -1       273 3.12500E-03 7.42188E-03 0.00000E+00
 -1       274 4.16667E-03 7.81250E-03 0.00000E+00
 -1       275 5.20833E-03 8.20313E-03 0.00000E+00
 -1       276 6.25000E-03 8.59375E-03 0.00000E+00
 -1       277 7.29167E-03 8.98438E-03 0.00000E+00
 -1       278 8.33333E-03 9.37500E-03 0.00000E+00
 -1       279 9.37500E-03 9.76562E-03 0.00000E+00
 -1       280 1.04167E-02 1.01562E-02 0.00000E+00
 -1       281 1.14583E-02 1.05469E-02 0.00000E+00
 -1       282 1.25000E-02 1.09375E-02 0.00000E+00
 -1       283 1.35417E-02 1.13281E-02 0.00000E+00
 -1       284 1.45833E-02 1.17188E-02 0.00000E+00
 -1       285 1.56250E-02 1.21094E-02 0.00000E+00
 -1       301 1.66667E-02 7.29167E-03 0.00000E+00
 -1       302 1.66667E-02 8.33333E-03 0.00000E+00
 -1       303 1.66667E-02 9.37500E-03 0.00000E+00
 -1       304 1.66667E-02 1.04167E-02 0.00000E+00
 -1       305 1.66667E-02 1.14583E-02 0.00000E+00
 -1       306 1.77083E-02 6.64063E-03 0.00000E+00
 -1       307 1.87500E-02 7.03125E-03 0.00000E+00
 -1       308 1.97917E-02 7.42188E-03 0.00000E+00
 -1       309 2.08333E-02 7.81250E-03 0.00000E+00
 -1       310 2.18750E-02 8.20313E-03 0.00000E+00
 -1       311 2.29167E-02 8.59375E-03 0.00000E+00
 -1       312 2.39583E-02 8.98438E-03 0.00000E+00
 -1       313 2.50000E-02 9.37500E-03 0.00000E+00
 -1       314 2.60417E-02 9.76562E-03 0.00000E+00
 -1       315 2.70833E-02 1.01562E-02 0.00000E+00
 -1       316 2.81250E-02 1.05469E-02 0.00000E+00
 -1       317 2.91667E-02 1.09375E-02 0.00000E+00
 -1       318 3.02083E-02 1.13281E-02 0.00000E+00
 -1       319 3.12500E-02 1.17188E-02 0.00000E+00
 -1       320 3.22917E-02 1.21094E-02 0.00000E+00
 -1       336 3.33333E-02 7.29167E-03 0.00000E+00
 -1       337 3.33333E-02 8.33333E-03 0.00000E+00
 -1       338 3.33333E-02 9.37500E-03 0.00000E+00
 -1       339 3.33333E-02 1.04167E-02 0.00000E+00
 -1       340 3.33333E-02 1.14583E-02 0.00000E+00
 -1       406 6.66667E-02 7.29167E-03 0.00000E+00
 -1       407 6.66667E-02 8.33333E-03 0.00000E+00
 -1       408 6.66667E-02 9.37500E-03 0.00000E+00
 -1       409 6.66667E-02 1.04167E-02 0.00000E+00
 -1       410 6.66667E-02 1.14583E-02 0.00000E+00
 -1       521 1.77083E-02 1.28906E-02 0.00000E+00
 -1       522 1.87500E-02 1.32813E-02 0.00000E+00
 -1       523 1.97917E-02 1.36719E-02 0.00000E+00
 -1       524 2.08333E-02 1.40625E-02 0.00000E+00
 -1       525 2.18750E-02 1.44531E-02 0.00000E+00
 -1       526 2.29167E-02 1.48437E-02 0.00000E+00
 -1       527 2.39583E-02 1.52344E-02 0.00000E+00
 -1       528 2.50000E-02 1.56250E-02 0.00000E+00
 -1       529 2.60417E-02 1.60156E-02 0.00000E+00
 -1       530 2.70833E-02 1.64062E-02 0.00000E+00
 -1       531 2.81250E-02 1.67969E-02 0.00000E+00
 -1       532 2.91667E-02 1.71875E-02 0.00000E+00
 -1       533 3.02083E-02 1.75781E-02 0.00000E+00
 -1       534 3.12500E-02 1.79687E-02 0.00000E+00
 -1       535 3.22917E-02 1.83594E-02 0.00000E+00
 -1       536 3.43750E-02 1.25000E-02 0.00000E+00
 -1       537 3.54167E-02 1.25000E-02 0.00000E+00
 -1       538 3.64583E-02 1.25000E-02 0.00000E+00
 -1       539 3.75000E-02 1.25000E-02 0.00000E+00
 -1       540 3.85417E-02 1.25000E-02 0.00000E+00
 -1       541 3.95833E-02 1.25000E-02 0.00000E+00
 -1       542 4.06250E-02 1.25000E-02 0.00000E+00
 -1       543 4.16667E-02 1.25000E-02 0.00000E+00
 -1       544 4.27083E-02 1.25000E-02 0.00000E+00
 -1       545 4.37500E-02 1.25000E-02 0.00000E+00
 -1       546 4.47917E-02 1.25000E-02 0.00000E+00
 -1       547 4.58333E-02 1.25000E-02 0.00000E+00
 -1       548 4.68750E-02 1.25000E-02 0.00000E+00
 -1       549 4.79167E-02 1.25000E-02 0.00000E+00
 -1       550 4.89583E-02 1.25000E-02 0.00000E+00
 -1       551 3.33333E-02 1.35417E-02 0.00000E+00
 -1       552 3.33333E-02 1.45833E-02 0.00000E+00
 -1       553 3.33333E-02 1.56250E-02 0.00000E+00
 -1       554 3.33333E-02 1.66667E-02 0.00000E+00
 -1       555 3.33333E-02 1.77083E-02 0.00000E+00
 -1       556 3.43750E-02 1.28906E-02 0.00000E+00
 -1       557 3.54167E-02 1.32813E-02 0.00000E+00
 -1       558 3.64583E-02 1.36719E-02 0.00000E+00
 -1       559 3.75000E-02 1.40625E-02 0.00000E+00
 -1       560 3.85417E-02 1.44531E-02 0.00000E+00
 -1       561 3.95833E-02 1.48437E-02 0.00000E+00
 -1       562 4.06250E-02 1.52344E-02 0.00000E+00
 -1       563 4.16667E-02 1.56250E-02 0.00000E+00
 -1       564 4.27083E-02 1.60156E-02 0.00000E+00
 -1       565 4.37500E-02 1.64062E-02 0.00000E+00
 -1       566 4.47917E-02 1.67969E-02 0.00000E+00
 -1       567 4.58333E-02 1.71875E-02 0.00000E+00
 -1       568 4.68750E-02 1.75781E-02 0.00000E+00
 -1       569 4.79167E-02 1.79687E-02 0.00000E+00
 -1       570 4.89583E-02 1.83594E-02 0.00000E+00
 -1       571 5.10417E-02 1.25000E-02 0.00000E+00
 -1       572 5.20833E-02 1.25000E-02 0.00000E+00
 -1       573 5.31250E-02 1.25000E-02 0.00000E+00
 -1       574 5.41667E-02 1.25000E-02 0.00000E+00
 -1       575 5.52083E-02 1.25000E-02 0.00000E+00
 -1       576 5.62500E-02 1.25000E-02 0.00000E+00
 -1       577 5.72917E-02 1.25000E-02 0.00000E+00
 -1       578 5.83333E-02 1.25000E-02 0.00000E+00
 -1       579 5.93750E-02 1.25000E-02 0.00000E+00
 -1       580 6.04167E-02 1.25000E-02 0.00000E+00
 -1       581 6.14583E-02 1.25000E-02 0.00000E+00
 -1       582 6.25000E-02 1.25000E-02 0.00000E+00
 -1       583 6.35417E-02 1.25000E-02 0.00000E+00
 -1       584 6.45833E-02 1.25000E-02 0.00000E+00
 -1       585 6.56250E-02 1.25000E-02 0.00000E+00
 -1       586 5.00000E-02 1.35417E-02 0.00000E+00
 -1       587 5.00000E-02 1.45833E-02 0.00000E+00
 -1       588 5.00000E-02 1.56250E-02 0.00000E+00
 -1       589 5.00000E-02 1.66667E-02 0.00000E+00
 -1       590 5.00000E-02 1.77083E-02 0.00000E+00
 -1       591 5.10417E-02 1.28906E-02 0.00000E+00
 -1       592 5.20833E-02 1.32813E-02 0.00000E+00
 -1       593 5.31250E-02 1.36719E-02 0.00000E+00
 -1       594 5.41667E-02 1.40625E-02 0.00000E+00
 -1       595 5.52083E-02 1.44531E-02 0.00000E+00
 -1       596 5.62500E-02 1.48437E-02 0.00000E+00
 -1       597 5.72917E-02 1.52344E-02 0.00000E+00
 -1       598 5.83333E-02 1.56250E-02 0.00000E+00
 -1       599 5.93750E-02 1.60156E-02 0.00000E+00
 -1       600 6.04167E-02 1.64062E-02 0.00000E+00
 -1       601 6.14583E-02 1.67969E-02 0.00000E+00
 -1       602 6.25000E-02 1.71875E-02 0.00000E+00
 -1       603 6.35417E-02 1.75781E-02 0.00000E+00
 -1       604 6.45833E-02 1.79687E-02 0.00000E+00
 -1       605 6.56250E-02 1.83594E-02 0.00000E+00
 -1       606 6.77083E-02 1.25000E-02 0.00000E+00
 -1       607 6.87500E-02 1.25000E-02 0.00000E+00
 -1       608 6.97917E-02 1.25000E-02 0.00000E+00
 -1       609 7.08333E-02 1.25000E-02 0.00000E+00
 -1       610 7.18750E-02 1.25000E-02 0.00000E+00
 -1       611 7.29167E-02 1.25000E-02 0.00000E+00
 -1       612 7.39583E-02 1.25000E-02 0.00000E+00
 -1       613 7.50000E-02 1.25000E-02 0.00000E+00
 -1       614 7.60417E-02 1.25000E-02 0.00000E+00
 -1       615 7.70833E-02 1.25000E-02 0.00000E+00
 -1       616 7.81250E-02 1.25000E-02 0.00000E+00
 -1       617 7.91667E-02 1.25000E-02 0.00000E+00
 -1       618 8.02083E-02 1.25000E-02 0.00000E+00
 -1       619 8.12500E-02 1.25000E-02 0.00000E+00
 -1       620 8.22917E-02 1.25000E-02 0.00000E+00
 -1       621 6.66667E-02 1.35417E-02 0.00000E+00
 -1       622 6.66667E-02 1.45833E-02 0.00000E+00
 -1       623 6.66667E-02 1.56250E-02 0.00000E+00
 -1       624 6.66667E-02 1.66667E-02 0.00000E+00
 -1       625 6.66667E-02 1.77083E-02 0.00000E+00
 -1       626 6.77083E-02 1.28906E-02 0.00000E+00
 -1       627 6.87500E-02 1.32813E-02 0.00000E+00
 -1       628 6.97917E-02 1.36719E-02 0.00000E+00
 -1       629 7.08333E-02 1.40625E-02 0.00000E+00
 -1       630 7.18750E-02 1.44531E-02 0.00000E+00
 -1       631 7.29167E-02 1.48437E-02 0.00000E+00
 -1       632 7.39583E-02 1.52344E-02 0.00000E+00
 -1       633 7.50000E-02 1.56250E-02 0.00000E+00
 -1       634 7.60417E-02 1.60156E-02 0.00000E+00
 -1       635 7.70833E-02 1.64062E-02 0.00000E+00
 -1       636 7.81250E-02 1.67969E-02 0.00000E+00
 -1       637 7.91667E-02 1.71875E-02 0.00000E+00
 -1       638 8.02083E-02 1.75781E-02 0.00000E+00
 -1       639 8.12500E-02 1.79687E-02 0.00000E+00
 -1       640 8.22917E-02 1.83594E-02 0.00000E+00
 -1       656 8.33333E-02 1.35417E-02 0.00000E+00
 -1       657 8.33333E-02 1.45833E-02 0.00000E+00
 -1       658 8.33333E-02 1.56250E-02 0.00000E+00
 -1       659 8.33333E-02 1.66667E-02 0.00000E+00
 -1       660 8.33333E-02 1.77083E-02 0.00000E+00
 -1       661 8.43750E-02 1.28906E-02 0.00000E+00
 -1       662 8.54167E-02 1.32813E-02 0.00000E+00
 -1       663 8.64583E-02 1.36719E-02 0.00000E+00
 -1       664 8.75000E-02 1.40625E-02 0.00000E+00
 -1       665 8.85417E-02 1.44531E-02 0.00000E+00
 -1       666 8.95833E-02 1.48437E-02 0.00000E+00
 -1       667 9.06250E-02 1.52344E-02 0.00000E+00
 -1       668 9.16667E-02 1.56250E-02 0.00000E+00
 -1       669 9.27083E-02 1.60156E-02 0.00000E+00
 -1       670 9.37500E-02 1.64062E-02 0.00000E+00
 -1       671 9.47917E-02 1.67969E-02 0.00000E+00
 -1       672 9.58333E-02 1.71875E-02 0.00000E+00
 -1       673 9.68750E-02 1.75781E-02 0.00000E+00
 -1       674 9.79167E-02 1.79687E-02 0.00000E+00
 -1       675 9.89583E-02 1.83594E-02 0.00000E+00
 -1       676 1.00000E-01 1.35417E-02 0.00000E+00
 -1       677 1.00000E-01 1.45833E-02 0.00000E+00
 -1       678 1.00000E-01 1.56250E-02 0.00000E+00
 -1       679 1.00000E-01 1.66667E-02 0.00000E+00
 -1       680 1.00000E-01 1.77083E-02 0.00000E+00
 -1       771 3.43750E-02 1.91406E-02 0.00000E+00
 -1       772 3.54167E-02 1.95312E-02 0.00000E+00
 -1       773 3.64583E-02 1.99219E-02 0.00000E+00
 -1       774 3.75000E-02 2.03125E-02 0.00000E+00
 -1       775 3.85417E-02 2.07031E-02 0.00000E+00
 -1       776 3.95833E-02 2.10938E-02 0.00000E+00
 -1       777 4.06250E-02 2.14844E-02 0.00000E+00
 -1       778 4.16667E-02 2.18750E-02 0.00000E+00
 -1       779 4.27083E-02 2.22656E-02 0.00000E+00
 -1       780 4.37500E-02 2.26563E-02 0.00000E+00
 -1       781 4.47917E-02 2.30469E-02 0.00000E+00
 -1       782 4.58333E-02 2.34375E-02 0.00000E+00
 -1       783 4.68750E-02 2.38281E-02 0.00000E+00
 -1       784 4.79167E-02 2.42187E-02 0.00000E+00
 -1       785 4.89583E-02 2.46094E-02 0.00000E+00
 -1       786 5.10417E-02 1.87500E-02 0.00000E+00
 -1       787 5.20833E-02 1.87500E-02 0.00000E+00
 -1       788 5.31250E-02 1.87500E-02 0.00000E+00
 -1       789 5.41667E-02 1.87500E-02 0.00000E+00
 -1       790 5.52083E-02 1.87500E-02 0.00000E+00
 -1       791 5.62500E-02 1.87500E-02 0.00000E+00
 -1       792 5.72917E-02 1.87500E-02 0.00000E+00
 -1       793 5.83333E-02 1.87500E-02 0.00000E+00
 -1       794 5.93750E-02 1.87500E-02 0.00000E+00
 -1       795 6.04167E-02 1.87500E-02 0.00000E+00
 -1       796 6.14583E-02 1.87500E-02 0.00000E+00
 -1       797 6.25000E-02 1.87500E-02 0.00000E+00
 -1       798 6.35417E-02 1.87500E-02 0.00000E+00
 -1       799 6.45833E-02 1.87500E-02 0.00000E+00
 -1       800 6.56250E-02 1.87500E-02 0.00000E+00
 -1       801 5.00000E-02 1.97917E-02 0.00000E+00
 -1       802 5.00000E-02 2.08333E-02 0.00000E+00
 -1       803 5.00000E-02 2.18750E-02 0.00000E+00
 -1       804 5.00000E-02 2.29167E-02 0.00000E+00
 -1       805 5.00000E-02 2.39583E-02 0.00000E+00
 -1       806 5.10417E-02 1.91406E-02 0.00000E+00
 -1       807 5.20833E-02 1.95312E-02 0.00000E+00
 -1       808 5.31250E-02 1.99219E-02 0.00000E+00
 -1       809 5.41667E-02 2.03125E-02 0.00000E+00
 -1       810 5.52083E-02 2.07031E-02 0.00000E+00
 -1       811 5.62500E-02 2.10938E-02 0.00000E+00
 -1       812 5.72917E-02 2.14844E-02 0.00000E+00
 -1       813 5.83333E-02 2.18750E-02 0.00000E+00
 -1       814 5.93750E-02 2.22656E-02 0.00000E+00
 -1       815 6.04167E-02 2.26563E-02 0.00000E+00
 -1       816 6.14583E-02 2.30469E-02 0.00000E+00
 -1       817 6.25000E-02 2.34375E-02 0.00000E+00
 -1       818 6.35417E-02 2.38281E-02 0.00000E+00
 -1       819 6.45833E-02 2.42187E-02 0.00000E+00
 -1       820 6.56250E-02 2.46094E-02 0.00000E+00
 -1       821 6.77083E-02 1.87500E-02 0.00000E+00
 -1       822 6.87500E-02 1.87500E-02 0.00000E+00
 -1       823 6.97917E-02 1.87500E-02 0.00000E+00
 -1       824 7.08333E-02 1.87500E-02 0.00000E+00
 -1       825 7.18750E-02 1.87500E-02 0.00000E+00
 -1       826 7.29167E-02 1.87500E-02 0.00000E+00
 -1       827 7.39583E-02 1.87500E-02 0.00000E+00
 -1       828 7.50000E-02 1.87500E-02 0.00000E+00
 -1       829 7.60417E-02 1.87500E-02 0.00000E+00
 -1       830 7.70833E-02 1.87500E-02 0.00000E+00
 -1       831 7.81250E-02 1.87500E-02 0.00000E+00
 -1       832 7.91667E-02 1.87500E-02 0.00000E+00
 -1       833 8.02083E-02 1.87500E-02 0.00000E+00
 -1       834 8.12500E-02 1.87500E-02 0.00000E+00
 -1       835 8.22917E-02 1.87500E-02 0.00000E+00
 -1       836 6.66667E-02 1.97917E-02 0.00000E+00
 -1       837 6.66667E-02 2.08333E-02 0.00000E+00
 -1       838 6.66667E-02 2.18750E-02 0.00000E+00
 -1       839 6.66667E-02 2.29167E-02 0.00000E+00
 -1       840 6.66667E-02 2.39583E-02 0.00000E+00
 -1       856 8.43750E-02 1.87500E-02 0.00000E+00
 -1       857 8.54167E-02 1.87500E-02 0.00000E+00
 -1       858 8.64583E-02 1.87500E-02 0.00000E+00
 -1       859 8.75000E-02 1.87500E-02 0.00000E+00
 -1       860 8.85417E-02 1.87500E-02 0.00000E+00
 -1       861 8.95833E-02 1.87500E-02 0.00000E+00
 -1       862 9.06250E-02 1.87500E-02 0.00000E+00
 -1       863 9.16667E-02 1.87500E-02 0.00000E+00
 -1       864 9.27083E-02 1.87500E-02 0.00000E+00
 -1       865 9.37500E-02 1.87500E-02 0.00000E+00
 -1       866 9.47917E-02 1.87500E-02 0.00000E+00
 -1       867 9.58333E-02 1.87500E-02 0.00000E+00
 -1       868 9.68750E-02 1.87500E-02 0.00000E+00
 -1       869 9.79167E-02 1.87500E-02 0.00000E+00
 -1       870 9.89583E-02 1.87500E-02 0.00000E+00
 -1       871 8.33333E-02 1.97917E-02 0.00000E+00
 -1       872 8.33333E-02 2.08333E-02 0.00000E+00
 -1       873 8.33333E-02 2.18750E-02 0.00000E+00
 -1       874 8.33333E-02 2.29167E-02 0.00000E+00
 -1       875 8.33333E-02 2.39583E-02 0.00000E+00
 -1       876 8.43750E-02 1.91406E-02 0.00000E+00
 -1       877 8.54167E-02 1.95312E-02 0.00000E+00
 -1       878 8.64583E-02 1.99219E-02 0.00000E+00
 -1       879 8.75000E-02 2.03125E-02 0.00000E+00
 -1       880 8.85417E-02 2.07031E-02 0.00000E+00
 -1       881 8.95833E-02 2.10938E-02 0.00000E+00
 -1       882 9.06250E-02 2.14844E-02 0.00000E+00
 -1       883 9.16667E-02 2.18750E-02 0.00000E+00
 -1       884 9.27083E-02 2.22656E-02 0.00000E+00
 -1       885 9.37500E-02 2.26563E-02 0.00000E+00
 -1       886 9.47917E-02 2.30469E-02 0.00000E+00
 -1       887 9.58333E-02 2.34375E-02 0.00000E+00
 -1       888 9.68750E-02 2.38281E-02 0.00000E+00
 -1       889 9.79167E-02 2.42187E-02 0.00000E+00
 -1       890 9.89583E-02 2.46094E-02 0.00000E+00
 -1       891 1.00000E-01 1.97917E-02 0.00000E+00
 -1       892 1.00000E-01 2.08333E-02 0.00000E+00
 -1       893 1.00000E-01 2.18750E-02 0.00000E+00
 -1       894 1.00000E-01 2.29167E-02 0.00000E+00
 -1       895 1.00000E-01 2.39583E-02 0.00000E+00
 -1       956 6.77083E-02 2.50000E-02 0.00000E+00
 -1       957 6.87500E-02 2.50000E-02 0.00000E+00
 -1       958 6.97917E-02 2.50000E-02 0.00000E+00
 -1       959 7.08333E-02 2.50000E-02 0.00000E+00
 -1       960 7.18750E-02 2.50000E-02 0.00000E+00
 -1       961 7.29167E-02 2.50000E-02 0.00000E+00
 -1       962 7.39583E-02 2.50000E-02 0.00000E+00
 -1       963 7.50000E-02 2.50000E-02 0.00000E+00
 -1       964 7.60417E-02 2.50000E-02 0.00000E+00
 -1       965 7.70833E-02 2.50000E-02 0.00000E+00
 -1       966 7.81250E-02 2.50000E-02 0.00000E+00
 -1       967 7.91667E-02 2.50000E-02 0.00000E+00
 -1       968 8.02083E-02 2.50000E-02 0.00000E+00
 -1       969 8.12500E-02 2.50000E-02 0.00000E+00
 -1       970 8.22917E-02 2.50000E-02 0.00000E+00
 -1       971 8.43750E-02 2.50000E-02 0.00000E+00
 -1       972 8.54167E-02 2.50000E-02 0.00000E+00
 -1       973 8.64583E-02 2.50000E-02 0.00000E+00
 -1       974 8.75000E-02 2.50000E-02 0.00000E+00
 -1       975 8.85417E-02 2.50000E-02 0.00000E+00
 -1       976 8.95833E-02 2.50000E-02 0.00000E+00
 -1       977 9.06250E-02 2.50000E-02 0.00000E+00
 -1       978 9.16667E-02 2.50000E-02 0.00000E+00
 -1       979 9.27083E-02 2.50000E-02 0.00000E+00
 -1       980 9.37500E-02 2.50000E-02 0.00000E+00
 -1       981 9.47917E-02 2.50000E-02 0.00000E+00
 -1       982 9.58333E-02 2.50000E-02 0.00000E+00
 -1       983 9.68750E-02 2.50000E-02 0.00000E+00
 -1       984 9.79167E-02 2.50000E-02 0.00000E+00
 -1       985 9.89583E-02 2.50000E-02 0.00000E+00
 -3
    3C                           211                                     1
 -1         1   12    0    1
 -2         1        52        51
 -1         2   12    0    1
 -2        52        54        53
 -1         3   12    0    1
 -2        54         8        55
 -1         4   12    0    1
 -2         1        57        56
 -1         5   12    0    1
 -2        57        59        58
 -1         6   12    0    1
 -2        59        61        60
 -1         7   12    0    1
 -2        61        63        62
 -1         8   12    0    1
 -2        63        65        64
 -1         9   12    0    1
 -2        65        67        66
 -1        10   12    0    1
 -2        67        69        68
 -1        11   12    0    1
 -2        69         9        70
 -1        12   12    0    1
 -2         2        87        86
 -1        13   12    0    1
 -2        87        89        88
 -1        14   12    0    1
 -2        89         9        90
 -1        15   12    0    1
 -2         3       122       121
 -1        16   12    0    1
 -2       122       124       123
 -1        17   12    0    1
 -2       124        10       125
 -1        18   12    0    1
 -2         5       192       191
 -1        19   12    0    1
 -2       192       194       193
 -1        20   12    0    1
 -2       194        12       195
 -1        21   12    0    1
 -2         8       252       251
 -1        22   12    0    1
 -2       252       254       253
 -1        23   12    0    1
 -2       254       256       255
 -1        24   12    0    1
 -2       256       258       257
 -1        25   12    0    1
 -2       258       260       259
 -1        26   12    0    1
 -2       260       262       261
 -1        27   12    0    1
 -2       262       264       263
 -1        28   12    0    1
 -2       264         9       265
 -1        29   12    0    1
 -2         8       267       266
 -1        30   12    0    1
 -2       267       269       268
 -1        31   12    0    1
 -2       269        15       270
 -1        32   12    0    1
 -2         8       272       271
 -1        33   12    0    1
 -2       272       274       273
 -1        34   12    0    1
 -2       274       276       275
 -1        35   12    0    1
 -2       276       278       277
 -1        36   12    0    1
 -2       278       280       279
 -1        37   12    0    1
 -2       280       282       281
 -1        38   12    0    1
 -2       282       284       283
 -1        39   12    0    1
 -2       284        16       285
 -1        40   12    0    1
 -2         9       302       301
 -1        41   12    0    1
 -2       302       304       303
 -1        42   12    0    1
 -2       304        16       305
 -1        43   12    0    1
 -2         9       307       306
 -1        44   12    0    1
 -2       307       309       308
 -1        45   12    0    1
 -2       309       311       310
 -1        46   12    0    1
 -2       311       313       312
 -1        47   12    0    1
 -2       313       315       314
 -1        48   12    0    1
 -2       315       317       316
 -1        49   12    0    1
 -2       317       319       318
 -1        50   12    0    1
 -2       319        17       320
 -1        51   12    0    1
 -2        10       337       336
 -1        52   12    0    1
 -2       337       339       338
 -1        53   12    0    1
 -2       339        17       340
 -1        54   12    0    1
 -2        12       407       406
 -1        55   12    0    1
 -2       407       409       408
 -1        56   12    0    1
 -2       409        19       410
 -1        57   12    0    1
 -2        16       522       521
 -1        58   12    0    1
 -2       522       524       523
 -1        59   12    0    1
 -2       524       526       525
 -1        60   12    0    1
 -2       526       528       527
 -1        61   12    0    1
 -2       528       530       529
 -1        62   12    0    1
 -2       530       532       531
 -1        63   12    0    1
 -2       532       534       533
 -1        64   12    0    1
 -2       534        24       535
 -1        65   12    0    1
 -2        17       537       536
 -1        66   12    0    1
 -2       537       539       538
 -1        67   12    0    1
 -2       539       541       540
 -1        68   12    0    1
 -2       541       543       542
 -1        69   12    0    1
 -2       543       545       544
 -1        70   12    0    1
 -2       545       547       546
 -1        71   12    0    1
 -2       547       549       548
 -1        72   12    0    1
 -2       549        18       550
 -1        73   12    0    1
 -2        17       552       551
 -1        74   12    0    1
 -2       552       554       553
 -1        75   12    0    1
 -2       554        24       555
 -1        76   12    0    1
 -2        17       557       556
 -1        77   12    0    1
 -2       557       559       558
 -1        78   12    0    1
 -2       559       561       560
 -1        79   12    0    1
 -2       561       563       562
 -1        80   12    0    1
 -2       563       565       564
 -1        81   12    0    1
 -2       565       567       566
 -1        82   12    0    1
 -2       567       569       568
 -1        83   12    0    1
 -2       569        25       570
 -1        84   12    0    1
 -2        18       572       571
 -1        85   12    0    1
 -2       572       574       573
 -1        86   12    0    1
 -2       574       576       575
 -1        87   12    0    1
 -2       576       578       577
 -1        88   12    0    1
 -2       578       580       579
 -1        89   12    0    1
 -2       580       582       581
 -1        90   12    0    1
 -2       582       584       583
 -1        91   12    0    1
 -2       584        19       585
 -1        92   12    0    1
 -2        18       587       586
 -1        93   12    0    1
 -2       587       589       588
 -1        94   12    0    1
 -2       589        25       590
 -1        95   12    0    1
 -2        18       592       591
 -1        96   12    0    1
 -2       592       594       593
 -1        97   12    0    1
 -2       594       596       595
 -1        98   12    0    1
 -2       596       598       597
 -1        99   12    0    1
 -2       598       600       599
 -1       100   12    0    1
 -2       600       602       601
 -1       101   12    0    1
 -2       602       604       603
 -1       102   12    0    1
 -2       604        26       605
 -1       103   12    0    1
 -2        19       607       606
 -1       104   12    0    1
 -2       607       609       608
 -1       105   12    0    1
 -2       609       611       610
 -1       106   12    0    1
 -2       611       613       612
 -1       107   12    0    1
 -2       613       615       614
 -1       108   12    0    1
 -2       615       617       616
 -1       109   12    0    1
 -2       617       619       618
 -1       110   12    0    1
 -2       619        20       620
 -1       111   12    0    1
 -2        19       622       621
 -1       112   12    0    1
 -2       622       624       623
 -1       113   12    0    1
 -2       624        26       625
 -1       114   12    0    1
 -2        19       627       626
 -1       115   12    0    1
 -2       627       629       628
 -1       116   12    0    1
 -2       629       631       630
 -1       117   12    0    1
 -2       631       633       632
 -1       118   12    0    1
 -2       633       635       634
 -1       119   12    0    1
 -2       635       637       636
 -1       120   12    0    1
 -2       637       639       638
 -1       121   12    0    1
 -2       639        27       640
 -1       122   12    0    1
 -2        20       657       656
 -1       123   12    0    1
 -2       657       659       658
 -1       124   12    0    1
 -2       659        27       660
 -1       125   12    0    1
 -2        20       662       661
 -1       126   12    0    1
 -2       662       664       663
 -1       127   12    0    1
 -2       664       666       665
 -1       128   12    0    1
 -2       666       668       667
 -1       129   12    0    1
 -2       668       670       669
 -1       130   12    0    1
 -2       670       672       671
 -1       131   12    0    1
 -2       672       674       673
 -1       132   12    0    1
 -2       674        28       675
 -1       133   12    0    1
 -2        21       677       676
 -1       134   12    0    1
 -2       677       679       678
 -1       135   12    0    1
 -2       679        28       680
 -1       136   12    0    1
 -2        24       772       771
 -1       137   12    0    1
 -2       772       774       773
 -1       138   12    0    1
 -2       774       776       775
 -1       139   12    0    1
 -2       776       778       777
 -1       140   12    0    1
 -2       778       780       779
 -1       141   12    0    1
 -2       780       782       781
 -1       142   12    0    1
 -2       782       784       783
 -1       143   12    0    1
 -2       784        32       785
 -1       144   12    0    1
 -2        25       787       786
 -1       145   12    0    1
 -2       787       789       788
 -1       146   12    0    1
 -2       789       791       790
 -1       147   12    0    1
 -2       791       793       792
 -1       148   12    0    1
 -2       793       795       794
 -1       149   12    0    1
 -2       795       797       796
 -1       150   12    0    1
 -2       797       799       798
 -1       151   12    0    1
 -2       799        26       800
 -1       152   12    0    1
 -2        25       802       801
 -1       153   12    0    1
 -2       802       804       803
 -1       154   12    0    1
 -2       804        32       805
 -1       155   12    0    1
 -2        25       807       806
 -1       156   12    0    1
 -2       807       809       808
 -1       157   12    0    1
 -2       809       811       810
 -1       158   12    0    1
 -2       811       813       812
 -1       159   12    0    1
 -2       813       815       814
 -1       160   12    0    1
 -2       815       817       816
 -1       161   12    0    1
 -2       817       819       818
 -1       162   12    0    1
 -2       819        33       820
 -1       163   12    0    1
 -2        26       822       821
 -1       164   12    0    1
 -2       822       824       823
 -1       165   12    0    1
 -2       824       826       825
 -1       166   12    0    1
 -2       826       828       827
 -1       167   12    0    1
 -2       828       830       829
 -1       168   12    0    1
 -2       830       832       831
 -1       169   12    0    1
 -2       832       834       833
 -1       170   12    0    1
 -2       834        27       835
 -1       171   12    0    1
 -2        26       837       836
 -1       172   12    0    1
 -2       837       839       838
 -1       173   12    0    1
 -2       839        33       840
 -1       174   12    0    1
 -2        27       857       856
 -1       175   12    0    1
 -2       857       859       858
 -1       176   12    0    1
 -2       859       861       860
 -1       177   12    0    1
 -2       861       863       862
 -1       178   12    0    1
 -2       863       865       864
 -1       179   12    0    1
 -2       865       867       866
 -1       180   12    0    1
 -2       867       869       868
 -1       181   12    0    1
 -2       869        28       870
 -1       182   12    0    1
 -2        27       872       871
 -1       183   12    0    1
 -2       872       874       873
 -1       184   12    0    1
 -2       874        34       875
 -1       185   12    0    1
 -2        27       877       876
 -1       186   12    0    1
 -2       877       879       878
 -1       187   12    0    1
 -2       879       881       880
 -1       188   12    0    1
 -2       881       883       882
 -1       189   12    0    1
 -2       883       885       884
 -1       190   12    0    1
 -2       885       887       886
 -1       191   12    0    1
 -2       887       889       888
 -1       192   12    0    1
 -2       889        35       890
 -1       193   12    0    1
 -2        28       892       891
 -1       194   12    0    1
 -2       892       894       893
 -1       195   12    0    1
 -2       894        35       895
 -1       196   12    0    1
 -2        33       957       956
 -1       197   12    0    1
 -2       957       959       958
 -1       198   12    0    1
 -2       959       961       960
 -1       199   12    0    1
 -2       961       963       962
 -1       200   12    0    1
 -2       963       965       964
 -1       201   12    0    1
 -2       965       967       966
 -1       202   12    0    1
 -2       967       969       968
 -1       203   12    0    1
 -2       969        34       970
 -1       204   12    0    1
 -2        34       972       971
 -1       205   12    0    1
 -2       972       974       973
 -1       206   12    0    1
 -2       974       976       975
 -1       207   12    0    1
 -2       976       978       977
 -1       208   12    0    1
 -2       978       980       979
 -1       209   12    0    1
 -2       980       982       981
 -1       210   12    0    1
 -2       982       984       983
 -1       211   12    0    1
 -2       984        35       985
 -3
    1PSTEP                         1           1           1          
  100CL  101 1.000000000         409                     0    1           1
 -4  DISP        4    1
 -5  D1          1    2    1    0
 -5  D2          1    2    2    0
 -5  D3          1    2    3    0
 -5  ALL         1    2    0    0    1ALL
 -1         1 1.97641E-04 0.00000E+00 0.00000E+00
 -1         2 1.33380E-04-2.66367E-31-2.64698E-23
 -1         3 1.45549E-04-4.69447E-26 0.00000E+00
 -1         5 1.03947E-04 5.68044E-25 6.61744E-24
 -1         8 1.60393E-04-1.63807E-06 0.00000E+00
 -1         9 1.30862E-04-6.09741E-06 0.00000E+00
 -1        10 1.33819E-04-3.11810E-06-6.61744E-24
 -1        12 1.02758E-04 1.16700E-06-3.30872E-24
 -1        15 1.18675E-04-1.82477E-06 0.00000E+00
 -1        16 9.64395E-05-6.38318E-06 0.00000E+00
 -1        17 9.73406E-05-6.60851E-06 0.00000E+00
 -1        18 9.70926E-05-1.61255E-07 0.00000E+00
 -1        19 9.91892E-05 2.32639E-06 0.00000E+00
 -1        20 9.98036E-05 2.90641E-05 0.00000E+00
 -1        21 9.79577E-05 6.23232E-05 0.00000E+00
 -1        24 3.04982E-05-8.45447E-06 0.00000E+00
 -1        25 9.27404E-05 1.70679E-07 0.00000E+00
 -1        26 9.45183E-05 3.16971E-06 0.00000E+00
 -1        27 9.21542E-05 2.74071E-05 0.00000E+00
 -1        28 9.03856E-05 6.12784E-05 0.00000E+00
 -1        32 0.00000E+00 0.00000E+00 0.00000E+00
 -1        33 8.87826E-05 4.20824E-06 0.00000E+00
 -1        34 8.62244E-05 2.73006E-05 0.00000E+00
 -1        35 8.30725E-05 6.07404E-05 0.00000E+00
 -1        51 1.94982E-04-2.67038E-07 0.00000E+00
 -1        52 1.90396E-04-5.27869E-07 0.00000E+00
 -1        53 1.84254E-04-7.91570E-07 0.00000E+00
 -1        54 1.76946E-04-1.06145E-06 0.00000E+00
 -1        55 1.68862E-04-1.33964E-06-1.32349E-23
 -1        56 1.93226E-04 7.10476E-07 0.00000E+00
 -1        57 1.87214E-04 5.21568E-06 0.00000E+00
 -1        58 1.80536E-04 1.14919E-05 1.05879E-22
 -1        59 1.74035E-04 1.72339E-05 0.00000E+00
 -1        60 1.68519E-04 2.03870E-05 0.00000E+00
 -1        61 1.64641E-04 1.91908E-05 0.00000E+00
 -1        62 1.62348E-04 1.37435E-05-1.05879E-22
 -1        63 1.61398E-04 4.65115E-06 0.00000E+00
 -1        64 1.60987E-04-5.91358E-06 0.00000E+00
 -1        65 1.60255E-04-1.55986E-05 5.29396E-23
 -1        66 1.58475E-04-2.24313E-05-1.05879E-22
 -1        67 1.55034E-04-2.47834E-05 0.00000E+00
 -1        68 1.50019E-04-2.29487E-05 0.00000E+00
 -1        69 1.43735E-04-1.77097E-05-5.29396E-23
 -1        70 1.37001E-04-1.13188E-05 5.29396E-23
 -1        86 1.33107E-04-1.01843E-06-2.64698E-23
 -1        87 1.32301E-04-2.03667E-06 1.32349E-23
 -1        88 1.32181E-04-3.05473E-06 0.00000E+00
 -1        89 1.33934E-04-4.07148E-06 0.00000E+00
 -1        90 1.34496E-04-5.08845E-06 0.00000E+00
 -1       121 1.45219E-04-5.17087E-07 0.00000E+00
 -1       122 1.44230E-04-1.03461E-06 0.00000E+00
 -1       123 1.42587E-04-1.55297E-06-1.32349E-23
 -1       124 1.40297E-04-2.07269E-06 0.00000E+00
 -1       125 1.37370E-04-2.59396E-06 0.00000E+00
 -1       191 1.03914E-04 1.94533E-07 6.61744E-24
 -1       192 1.03815E-04 3.89059E-07 3.30872E-24
 -1       193 1.03650E-04 5.83577E-07-6.61744E-24
 -1       194 1.03419E-04 7.78080E-07-3.30872E-24
 -1       195 1.03121E-04 9.72558E-07-6.61744E-24
 -1       251 1.58585E-04 2.76146E-06 0.00000E+00
 -1       252 1.56738E-04 1.90443E-06 0.00000E+00
 -1       253 1.54893E-04-6.74407E-07 0.00000E+00
 -1       254 1.53040E-04-1.29303E-06 0.00000E+00
 -1       255 1.51188E-04-1.28309E-06 0.00000E+00
 -1       256 1.49334E-04-2.02873E-06-2.64698E-23
 -1       257 1.47480E-04-2.98420E-06 5.29396E-23
 -1       258 1.45625E-04-3.58623E-06 0.00000E+00
 -1       259 1.43771E-04-4.17382E-06 0.00000E+00
 -1       260 1.41916E-04-5.08717E-06 2.64698E-23
 -1       261 1.40062E-04-5.83484E-06 0.00000E+00
 -1       262 1.38210E-04-5.93924E-06 0.00000E+00
 -1       263 1.36358E-04-6.56578E-06 5.29396E-23
 -1       264 1.34513E-04-8.83624E-06-2.64698E-23
 -1       265 1.32666E-04-9.66701E-06 5.29396E-23
 -1       266 1.53440E-04-1.69288E-06-1.32349E-23
 -1       267 1.46487E-04-1.72110E-06-3.30872E-24
 -1       268 1.39534E-04-1.75104E-06 3.30872E-24
 -1       269 1.32581E-04-1.77595E-06 0.00000E+00
 -1       270 1.25628E-04-1.80076E-06 8.27181E-25
 -1       271 1.54544E-04 3.32754E-06 5.29396E-23
 -1       272 1.49111E-04 6.83091E-06 0.00000E+00
 -1       273 1.44247E-04 8.84806E-06 0.00000E+00
 -1       274 1.39922E-04 9.38114E-06 0.00000E+00
 -1       275 1.36107E-04 8.55466E-06 1.05879E-22
 -1       276 1.32725E-04 6.56217E-06 0.00000E+00
 -1       277 1.29674E-04 3.68322E-06 0.00000E+00
 -1       278 1.26831E-04 2.46502E-07 5.29396E-23
 -1       279 1.24058E-04-3.37876E-06 0.00000E+00
 -1       280 1.21214E-04-6.81254E-06 0.00000E+00
 -1       281 1.18162E-04-9.68919E-06 1.05879E-22
 -1       282 1.14781E-04-1.16739E-05 0.00000E+00
 -1       283 1.10965E-04-1.24973E-05 0.00000E+00
 -1       284 1.06651E-04-1.19496E-05-5.29396E-23
 -1       285 1.01778E-04-9.93241E-06 0.00000E+00
 -1       301 1.25111E-04-6.15791E-06 0.00000E+00
 -1       302 1.19344E-04-6.19078E-06 0.00000E+00
 -1       303 1.13577E-04-6.22112E-06-6.61744E-24
 -1       304 1.07827E-04-6.25383E-06 6.61744E-24
 -1       305 1.02109E-04-6.29327E-06 0.00000E+00
 -1       306 1.27279E-04-2.04029E-06 0.00000E+00
 -1       307 1.24344E-04 1.59585E-07 0.00000E+00
 -1       308 1.22038E-04 6.97092E-07 5.29396E-23
 -1       309 1.20265E-04-2.06783E-07-2.64698E-23
 -1       310 1.18926E-04-2.27140E-06 5.29396E-23
 -1       311 1.17901E-04-5.18521E-06 0.00000E+00
 -1       312 1.17065E-04-8.60425E-06 0.00000E+00
 -1       313 1.16283E-04-1.21703E-05 0.00000E+00
 -1       314 1.15421E-04-1.55195E-05-5.29396E-23
 -1       315 1.14345E-04-1.82940E-05 2.64698E-23
 -1       316 1.12929E-04-2.01582E-05 0.00000E+00
 -1       317 1.11058E-04-2.08021E-05-2.64698E-23
 -1       318 1.08630E-04-1.99622E-05 0.00000E+00
 -1       319 1.05569E-04-1.74144E-05 0.00000E+00
 -1       320 1.01798E-04-1.30056E-05 0.00000E+00
 -1       336 1.29566E-04-3.69161E-06 0.00000E+00
 -1       337 1.24540E-04-4.26937E-06 0.00000E+00
 -1       338 1.18769E-04-4.85078E-06 0.00000E+00
 -1       339 1.12286E-04-5.43511E-06 0.00000E+00
 -1       340 1.05130E-04-6.02407E-06 0.00000E+00
 -1       406 1.02328E-04 1.36140E-06 0.00000E+00
 -1       407 1.01833E-04 1.55569E-06-3.30872E-24
 -1       408 1.01271E-04 1.74983E-06 6.61744E-24
 -1       409 1.00643E-04 1.94352E-06 3.30872E-24
 -1       410 9.99488E-05 2.13637E-06-6.61744E-24
 -1       521 9.11162E-05-3.01554E-06 1.05879E-22
 -1       522 8.63661E-05-1.47488E-06 5.29396E-23
 -1       523 8.22619E-05-1.63209E-06 1.05879E-22
 -1       524 7.87091E-05-3.30862E-06 0.00000E+00
 -1       525 7.56104E-05-6.20203E-06 0.00000E+00
 -1       526 7.28257E-05-9.94638E-06 5.29396E-23
 -1       527 7.01972E-05-1.41118E-05 0.00000E+00
 -1       528 6.75563E-05-1.82452E-05 0.00000E+00
 -1       529 6.47355E-05-2.18957E-05 0.00000E+00
 -1       530 6.15773E-05-2.46399E-05 0.00000E+00
 -1       531 5.79468E-05-2.61215E-05-1.05879E-22
 -1       532 5.37382E-05-2.60555E-05-5.29396E-23
 -1       533 4.88822E-05-2.42716E-05 0.00000E+00
 -1       534 4.33640E-05-2.06915E-05 0.00000E+00
 -1       535 3.71802E-05-1.53806E-05 5.29396E-23
 -1       536 9.72886E-05 5.53554E-07 6.61744E-24
 -1       537 9.72611E-05 5.98047E-06 0.00000E+00
 -1       538 9.72401E-05 9.84983E-06 1.65436E-24
 -1       539 9.72257E-05 1.23400E-05 8.27181E-25
 -1       540 9.72137E-05 1.36296E-05 0.00000E+00
 -1       541 9.72030E-05 1.38975E-05 0.00000E+00
 -1       542 9.71923E-05 1.33227E-05-8.27181E-25
 -1       543 9.71812E-05 1.20846E-05 0.00000E+00
 -1       544 9.71694E-05 1.03626E-05 0.00000E+00
 -1       545 9.71572E-05 8.33602E-06 0.00000E+00
 -1       546 9.71447E-05 6.18461E-06 0.00000E+00
 -1       547 9.71324E-05 4.08792E-06 5.16988E-26
 -1       548 9.71206E-05 2.22551E-06 0.00000E+00
 -1       549 9.71099E-05 7.76918E-07 0.00000E+00
 -1       550 9.70997E-05-7.83759E-08 8.27181E-25
 -1       551 8.74714E-05-6.89709E-06-3.30872E-24
 -1       552 7.63835E-05-7.19207E-06-3.30872E-24
 -1       553 6.46055E-05-7.49435E-06 6.61744E-24
 -1       554 5.26748E-05-7.80206E-06 6.61744E-24
 -1       555 4.11287E-05-8.11217E-06 0.00000E+00
 -1       556 9.45795E-05 3.04409E-07 0.00000E+00
 -1       557 9.24447E-05 5.61096E-06 0.00000E+00
 -1       558 9.08666E-05 9.45876E-06 2.64698E-23
 -1       559 8.97818E-05 1.20082E-05 0.00000E+00
 -1       560 8.91272E-05 1.34194E-05 0.00000E+00
 -1       561 8.88405E-05 1.38539E-05 0.00000E+00
 -1       562 8.88600E-05 1.34736E-05-1.32349E-23
 -1       563 8.91240E-05 1.24404E-05 0.00000E+00
 -1       564 8.95716E-05 1.09168E-05 6.61744E-24
 -1       565 9.01418E-05 9.06526E-06 0.00000E+00
 -1       566 9.07737E-05 7.04833E-06 0.00000E+00
 -1       567 9.14067E-05 5.02872E-06 4.13590E-25
 -1       568 9.19801E-05 3.16905E-06-1.65436E-24
 -1       569 9.24334E-05 1.63178E-06 0.00000E+00
 -1       570 9.27058E-05 5.79270E-07 0.00000E+00
 -1       571 9.72193E-05 7.29858E-08 8.27181E-25
 -1       572 9.73492E-05 2.22472E-07 8.27181E-25
 -1       573 9.74800E-05 3.02373E-07-1.65436E-24
 -1       574 9.76113E-05 3.28652E-07-8.27181E-25
 -1       575 9.77428E-05 3.17336E-07 3.30872E-24
 -1       576 9.78743E-05 2.84559E-07 0.00000E+00
 -1       577 9.80059E-05 2.46466E-07 0.00000E+00
 -1       578 9.81374E-05 2.19211E-07 3.30872E-24
 -1       579 9.82690E-05 2.18954E-07 0.00000E+00
 -1       580 9.84006E-05 2.61852E-07 0.00000E+00
 -1       581 9.85322E-05 3.64065E-07-6.61744E-24
 -1       582 9.86637E-05 5.41735E-07 6.61744E-24
 -1       583 9.87952E-05 8.10993E-07 6.61744E-24
 -1       584 9.89267E-05 1.18781E-06 0.00000E+00
 -1       585 9.90581E-05 1.68806E-06 0.00000E+00
 -1       586 9.64224E-05-1.04388E-07 0.00000E+00
 -1       587 9.56548E-05-4.76329E-08 0.00000E+00
 -1       588 9.48460E-05 8.92466E-09-1.65436E-24
 -1       589 9.40528E-05 6.49382E-08 0.00000E+00
 -1       590 9.33324E-05 1.19866E-07 0.00000E+00
 -1       591 9.69114E-05 1.19930E-07 0.00000E+00
 -1       592 9.67486E-05 3.34227E-07-8.27181E-25
 -1       593 9.66051E-05 4.95054E-07 3.30872E-24
 -1       594 9.64764E-05 6.14383E-07 0.00000E+00
 -1       595 9.63586E-05 7.04273E-07 0.00000E+00
 -1       596 9.62473E-05 7.76689E-07 0.00000E+00
 -1       597 9.61379E-05 8.43587E-07 1.65436E-24
 -1       598 9.60261E-05 9.16913E-07 0.00000E+00
 -1       599 9.59075E-05 1.00861E-06 0.00000E+00
 -1       600 9.57775E-05 1.13062E-06 0.00000E+00
 -1       601 9.56316E-05 1.29488E-06 0.00000E+00
 -1       602 9.54656E-05 1.51334E-06 0.00000E+00
 -1       603 9.52749E-05 1.79794E-06 8.27181E-25
 -1       604 9.50555E-05 2.16071E-06 2.06795E-25
 -1       605 9.48031E-05 2.61359E-06 0.00000E+00
 -1       606 9.92338E-05 3.23379E-06 0.00000E+00
 -1       607 9.92744E-05 4.28843E-06 0.00000E+00
 -1       608 9.93138E-05 5.48163E-06 0.00000E+00
 -1       609 9.93526E-05 6.80353E-06 0.00000E+00
 -1       610 9.93911E-05 8.24428E-06-6.61744E-24
 -1       611 9.94293E-05 9.79384E-06 0.00000E+00
 -1       612 9.94674E-05 1.14421E-05 0.00000E+00
 -1       613 9.95053E-05 1.31792E-05 0.00000E+00
 -1       614 9.95430E-05 1.49949E-05 0.00000E+00
 -1       615 9.95807E-05 1.68792E-05 0.00000E+00
 -1       616 9.96182E-05 1.88222E-05 0.00000E+00
 -1       617 9.96556E-05 2.08136E-05 0.00000E+00
 -1       618 9.96929E-05 2.28436E-05 0.00000E+00
 -1       619 9.97301E-05 2.49020E-05-8.27181E-25
 -1       620 9.97671E-05 2.69789E-05 0.00000E+00
 -1       621 9.83722E-05 2.46761E-06 3.30872E-24
 -1       622 9.75555E-05 2.60930E-06-1.65436E-24
 -1       623 9.67505E-05 2.75093E-06 0.00000E+00
 -1       624 9.59685E-05 2.89221E-06 0.00000E+00
 -1       625 9.52207E-05 3.03292E-06 0.00000E+00
 -1       626 9.89727E-05 3.30210E-06 0.00000E+00
 -1       627 9.86996E-05 4.42851E-06 0.00000E+00
 -1       628 9.83752E-05 5.69129E-06 0.00000E+00
 -1       629 9.80054E-05 7.07491E-06 6.61744E-24
 -1       630 9.75959E-05 8.56384E-06 0.00000E+00
 -1       631 9.71527E-05 1.01424E-05 0.00000E+00
 -1       632 9.66816E-05 1.17949E-05 0.00000E+00
 -1       633 9.61886E-05 1.35056E-05 0.00000E+00
 -1       634 9.56795E-05 1.52590E-05 0.00000E+00
 -1       635 9.51603E-05 1.70392E-05 0.00000E+00
 -1       636 9.46368E-05 1.88307E-05-3.30872E-24
 -1       637 9.41150E-05 2.06177E-05 0.00000E+00
 -1       638 9.36005E-05 2.23846E-05 0.00000E+00
 -1       639 9.30991E-05 2.41157E-05 0.00000E+00
 -1       640 9.26160E-05 2.57952E-05 0.00000E+00
 -1       656 9.80184E-05 2.87949E-05-3.30872E-24
 -1       657 9.66528E-05 2.85141E-05 3.30872E-24
 -1       658 9.55461E-05 2.82344E-05 0.00000E+00
 -1       659 9.45360E-05 2.79549E-05-3.30872E-24
 -1       660 9.34595E-05 2.76746E-05 3.30872E-24
 -1       661 9.91644E-05 3.11976E-05 0.00000E+00
 -1       662 9.85112E-05 3.33841E-05 0.00000E+00
 -1       663 9.78440E-05 3.56070E-05-3.30872E-24
 -1       664 9.71693E-05 3.78524E-05 0.00000E+00
 -1       665 9.64916E-05 4.01057E-05 3.30872E-24
 -1       666 9.58166E-05 4.23525E-05 0.00000E+00
 -1       667 9.51494E-05 4.45786E-05 0.00000E+00
 -1       668 9.44955E-05 4.67695E-05 0.00000E+00
 -1       669 9.38603E-05 4.89108E-05-3.30872E-24
 -1       670 9.32492E-05 5.09882E-05 0.00000E+00
 -1       671 9.26677E-05 5.29869E-05-3.30872E-24
 -1       672 9.21211E-05 5.48922E-05-1.65436E-24
 -1       673 9.16152E-05 5.66895E-05 3.30872E-24
 -1       674 9.11542E-05 5.83634E-05 1.65436E-24
 -1       675 9.07455E-05 5.98992E-05 1.65436E-24
 -1       676 9.66864E-05 6.21477E-05 6.61744E-24
 -1       677 9.54166E-05 6.19724E-05-3.30872E-24
 -1       678 9.41500E-05 6.17971E-05 6.61744E-24
 -1       679 9.28883E-05 6.16226E-05 0.00000E+00
 -1       680 9.16330E-05 6.14481E-05-3.30872E-24
 -1       771 2.59573E-05-9.34280E-07 0.00000E+00
 -1       772 2.19490E-05 5.15218E-06 2.64698E-23
 -1       773 1.84488E-05 9.90179E-06-5.29396E-23
 -1       774 1.54162E-05 1.34181E-05 0.00000E+00
 -1       775 1.28106E-05 1.58066E-05 0.00000E+00
 -1       776 1.05898E-05 1.71762E-05 0.00000E+00
 -1       777 8.71135E-06 1.76374E-05 0.00000E+00
 -1       778 7.13186E-06 1.73033E-05 0.00000E+00
 -1       779 5.80788E-06 1.62881E-05 5.29396E-23
 -1       780 4.69540E-06 1.47083E-05 0.00000E+00
 -1       781 3.75038E-06 1.26809E-05 0.00000E+00
 -1       782 2.92850E-06 1.03245E-05-2.64698E-23
 -1       783 2.18541E-06 7.75820E-06 5.29396E-23
 -1       784 1.47735E-06 5.10172E-06 0.00000E+00
 -1       785 7.60063E-07 2.47493E-06 5.29396E-23
 -1       786 9.28450E-05 4.01765E-07-8.27181E-25
 -1       787 9.29559E-05 5.67469E-07 0.00000E+00
 -1       788 9.30665E-05 6.80697E-07 0.00000E+00
 -1       789 9.31783E-05 7.54265E-07 0.00000E+00
 -1       790 9.32901E-05 8.00885E-07-3.30872E-24
 -1       791 9.34021E-05 8.33222E-07 0.00000E+00
 -1       792 9.35141E-05 8.63903E-07 3.30872E-24
 -1       793 9.36262E-05 9.05549E-07-1.65436E-24
 -1       794 9.37383E-05 9.70813E-07 0.00000E+00
 -1       795 9.38504E-05 1.07239E-06-1.65436E-24
 -1       796 9.39624E-05 1.22307E-06-3.30872E-24
 -1       797 9.40744E-05 1.43575E-06 0.00000E+00
 -1       798 9.41863E-05 1.72345E-06 0.00000E+00
 -1       799 9.42978E-05 2.09937E-06-1.65436E-24
 -1       800 9.44093E-05 2.57693E-06-3.30872E-24
 -1       801 8.54764E-05 2.54786E-07 0.00000E+00
 -1       802 6.77527E-05 2.26328E-07 0.00000E+00
 -1       803 4.49596E-05 1.07711E-07 0.00000E+00
 -1       804 2.24799E-05-1.26395E-08 3.30872E-24
 -1       805 5.69491E-06-3.41600E-08 2.64698E-23
 -1       806 9.25302E-05 3.39597E-07 0.00000E+00
 -1       807 9.23277E-05 4.75345E-07-1.65436E-24
 -1       808 9.21327E-05 5.88070E-07 0.00000E+00
 -1       809 9.19423E-05 6.87197E-07-1.65436E-24
 -1       810 9.17532E-05 7.82112E-07-3.30872E-24
 -1       811 9.15622E-05 8.82140E-07 0.00000E+00
 -1       812 9.13657E-05 9.96593E-07 3.30872E-24
 -1       813 9.11604E-05 1.13477E-06 1.65436E-24
 -1       814 9.09426E-05 1.30598E-06 3.30872E-24
 -1       815 9.07089E-05 1.51951E-06-1.65436E-24
 -1       816 9.04559E-05 1.78465E-06 0.00000E+00
 -1       817 9.01800E-05 2.11067E-06-8.27181E-25
 -1       818 8.98779E-05 2.50687E-06 1.65436E-24
 -1       819 8.95462E-05 2.98245E-06-4.13590E-25
 -1       820 8.91817E-05 3.54663E-06 0.00000E+00
 -1       821 9.43795E-05 3.92865E-06 0.00000E+00
 -1       822 9.42323E-05 4.88383E-06 1.65436E-24
 -1       823 9.40852E-05 6.01605E-06-3.30872E-24
 -1       824 9.39365E-05 7.30556E-06 0.00000E+00
 -1       825 9.37875E-05 8.73215E-06-3.30872E-24
 -1       826 9.36381E-05 1.02752E-05 1.65436E-24
 -1       827 9.34885E-05 1.19137E-05 3.30872E-24
 -1       828 9.33387E-05 1.36265E-05 0.00000E+00
 -1       829 9.31889E-05 1.53920E-05-3.30872E-24
 -1       830 9.30390E-05 1.71886E-05 0.00000E+00
 -1       831 9.28892E-05 1.89946E-05-3.30872E-24
 -1       832 9.27396E-05 2.07883E-05 0.00000E+00
 -1       833 9.25902E-05 2.25479E-05-3.30872E-24
 -1       834 9.24423E-05 2.42518E-05 0.00000E+00
 -1       835 9.22942E-05 2.58786E-05 1.65436E-24
 -1       836 9.37256E-05 3.34120E-06-3.30872E-24
 -1       837 9.27836E-05 3.51773E-06 0.00000E+00
 -1       838 9.17551E-05 3.69402E-06 0.00000E+00
 -1       839 9.07033E-05 3.86952E-06 0.00000E+00
 -1       840 8.96915E-05 4.04467E-06 0.00000E+00
 -1       856 9.20516E-05 2.90151E-05 0.00000E+00
 -1       857 9.19420E-05 3.08549E-05 0.00000E+00
 -1       858 9.18322E-05 3.28920E-05 3.30872E-24
 -1       859 9.17210E-05 3.50913E-05 1.65436E-24
 -1       860 9.16094E-05 3.74176E-05 0.00000E+00
 -1       861 9.14974E-05 3.98355E-05 0.00000E+00
 -1       862 9.13853E-05 4.23098E-05 3.30872E-24
 -1       863 9.12730E-05 4.48050E-05 1.65436E-24
 -1       864 9.11608E-05 4.72857E-05 0.00000E+00
 -1       865 9.10487E-05 4.97165E-05 0.00000E+00
 -1       866 9.09368E-05 5.20620E-05 3.30872E-24
 -1       867 9.08252E-05 5.42868E-05 0.00000E+00
 -1       868 9.07140E-05 5.63559E-05 0.00000E+00
 -1       869 9.06035E-05 5.82340E-05 0.00000E+00
 -1       870 9.04933E-05 5.98863E-05-3.30872E-24
 -1       871 9.09578E-05 2.73933E-05 0.00000E+00
 -1       872 8.99511E-05 2.73768E-05 0.00000E+00
 -1       873 8.90549E-05 2.73599E-05 0.00000E+00
 -1       874 8.81885E-05 2.73422E-05 2.06795E-25
 -1       875 8.72716E-05 2.73237E-05 8.27181E-25
 -1       876 9.17528E-05 2.90314E-05 0.00000E+00
 -1       877 9.13067E-05 3.07937E-05 0.00000E+00
 -1       878 9.08157E-05 3.26758E-05 0.00000E+00
 -1       879 9.02864E-05 3.46616E-05 0.00000E+00
 -1       880 8.97243E-05 3.67348E-05 0.00000E+00
 -1       881 8.91354E-05 3.88795E-05 0.00000E+00
 -1       882 8.85257E-05 4.10795E-05-6.61744E-24
 -1       883 8.79011E-05 4.33190E-05-3.30872E-24
 -1       884 8.72676E-05 4.55820E-05 0.00000E+00
 -1       885 8.66313E-05 4.78527E-05 0.00000E+00
 -1       886 8.59979E-05 5.01151E-05 0.00000E+00
 -1       887 8.53735E-05 5.23532E-05 0.00000E+00
 -1       888 8.47639E-05 5.45512E-05-6.61744E-24
 -1       889 8.41744E-05 5.66929E-05-1.65436E-24
 -1       890 8.36116E-05 5.87623E-05 0.00000E+00
 -1       891 8.92652E-05 6.11893E-05 0.00000E+00
 -1       892 8.82300E-05 6.10991E-05-8.27181E-25
 -1       893 8.71866E-05 6.10089E-05-1.65436E-24
 -1       894 8.60416E-05 6.09188E-05-8.27181E-25
 -1       895 8.47011E-05 6.08285E-05 1.65436E-24
 -1       956 8.86266E-05 5.12432E-06 0.00000E+00
 -1       957 8.84676E-05 6.18781E-06-8.27181E-25
 -1       958 8.83080E-05 7.38308E-06 3.30872E-24
 -1       959 8.81479E-05 8.69351E-06 0.00000E+00
 -1       960 8.79875E-05 1.01024E-05 3.30872E-24
 -1       961 8.78270E-05 1.15931E-05 0.00000E+00
 -1       962 8.76664E-05 1.31487E-05-6.61744E-24
 -1       963 8.75057E-05 1.47525E-05 0.00000E+00
 -1       964 8.73449E-05 1.63876E-05 0.00000E+00
 -1       965 8.71841E-05 1.80373E-05 0.00000E+00
 -1       966 8.70234E-05 1.96847E-05 1.32349E-23
 -1       967 8.68627E-05 2.13130E-05-3.30872E-24
 -1       968 8.67021E-05 2.29054E-05 0.00000E+00
 -1       969 8.65418E-05 2.44451E-05 0.00000E+00
 -1       970 8.63821E-05 2.59156E-05 0.00000E+00
 -1       971 8.60317E-05 2.87171E-05 0.00000E+00
 -1       972 8.58352E-05 3.03323E-05 3.30872E-24
 -1       973 8.56382E-05 3.21233E-05 0.00000E+00
 -1       974 8.54406E-05 3.40670E-05 0.00000E+00
 -1       975 8.52425E-05 3.61399E-05 0.00000E+00
 -1       976 8.50442E-05 3.83186E-05 0.00000E+00
 -1       977 8.48457E-05 4.05797E-05 0.00000E+00
 -1       978 8.46470E-05 4.28995E-05 0.00000E+00
 -1       979 8.44483E-05 4.52544E-05-6.61744E-24
 -1       980 8.42496E-05 4.76209E-05-3.30872E-24
 -1       981 8.40510E-05 4.99753E-05 0.00000E+00
 -1       982 8.38526E-05 5.22939E-05 0.00000E+00
 -1       983 8.36546E-05 5.45532E-05 6.61744E-24
 -1       984 8.34576E-05 5.67297E-05 0.00000E+00
 -1       985 8.32613E-05 5.87998E-05 3.30872E-24
 -3
    1PSTEP                         2           1           1          
  100CL  101 1.000000000         409                     0    1           1
 -4  STRESS      6    1
 -5  SXX         1    4    1    1
 -5  SYY         1    4    2    2
 -5  SZZ         1    4    3    3
 -5  SXY         1    4    1    2
 -5  SYZ         1    4    2    3
 -5  SZX         1    4    3    1
 -1         1-5.01160E+06-2.01364E+06-1.16848E+06-2.36345E+06 2.18279E-10 2.81725E-08
 -1         2-2.38273E+03-2.91007E+06-6.83347E+03-7.48375E+03-8.09706E-10-1.89542E-08
 -1         3-1.20729E+02-1.47652E+06 3.96136E+02-9.35015E+02-3.48066E-10-1.57161E-08
 -1         5-3.24483E+01 5.56819E+05 1.60306E+01 1.58185E+00 3.92562E-10 3.69382E-08
 -1         8-3.52671E+06-1.17824E+06-5.66756E+05-1.17659E+06-1.09139E-10 1.38243E-09
 -1         9-4.03600E+06-1.69288E+06-7.68909E+05-8.40783E+05-4.71773E-09 2.47383E-09
 -1        10-1.40082E+03-1.54722E+06-2.73271E+03-6.39853E+03 3.19278E-09-1.33194E-08
 -1        12-2.59947E+01 5.56853E+05 5.20728E+02 1.02402E+01 4.45652E-10-2.09402E-08
 -1        15 4.12476E+03 2.23586E+03 1.27707E+04 1.26116E+01-1.61141E-07-2.41193E-05
 -1        16-6.04924E+06-1.93410E+06-9.31824E+05-1.95038E+06 6.06330E-10-8.40070E-09
 -1        17-9.75013E+05-7.71680E+05-1.53299E+05-6.72170E+05 1.01107E-08-2.78815E-09
 -1        18 3.99430E+04 1.00876E+04-2.23358E+04-1.35642E+05 8.37190E-10 5.63887E-11
 -1        19 1.65346E+05 1.99605E+05-1.08794E+03 1.89431E+04-2.17151E-09 1.80298E-09
 -1        20 9.07823E+04-2.30060E+05-4.33191E+04 7.82512E+04 7.82014E-09-3.21840E-09
 -1        21-1.44294E+02-5.00120E+05-2.06445E+03-5.27409E+02 6.81815E-09-1.36092E-09
 -1        24-4.17138E+06-1.48685E+06-4.77298E+05-1.92661E+06-2.27107E-08-7.70281E-09
 -1        25 3.81406E+04 7.29825E+04 3.82200E+04-5.85281E+05-3.55722E-09 1.99288E-09
 -1        26-2.88027E+04 1.40775E+05-7.57471E+03-3.31942E+04 9.53878E-10 2.78809E-09
 -1        27-4.57759E+04-1.37792E+05-6.31195E+04 1.05156E+05 1.54523E-09-1.49157E-09
 -1        28-5.21144E+03-1.52459E+05 2.58713E+03 5.51557E+04 1.52500E-09-3.33075E-09
 -1        32-1.29976E+06-9.60127E+04 4.01077E+05-1.82666E+06-1.31404E-08 3.03271E-09
 -1        33-1.91528E+05 1.28086E+05 4.11390E+04-5.56951E+04 4.82487E-10-9.13557E-09
 -1        34-3.18213E+05-4.45073E+04-7.01851E+03 1.00479E+05 1.23894E-09 8.64596E-09
 -1        35-3.93460E+04-5.42408E+04-2.86675E+03 8.97352E+04-2.80409E-09-4.10000E-09
 -1        51 3.00897E+04-6.44190E+05 6.02584E+04-1.80855E+06-4.36557E-10 5.23869E-10
 -1        52 2.25221E+04-6.51045E+05 4.26364E+04-2.02581E+06 1.60071E-10-1.26165E-08
 -1        53 2.19256E+04-6.79418E+05 4.04759E+04-1.80300E+06 3.63798E-10-5.99539E-09
 -1        54 5.30794E+04-6.81063E+05 7.03136E+04-2.03132E+06 4.07454E-10-6.36646E-09
 -1        55 1.04017E+05-7.08305E+05 1.30889E+05-1.80147E+06 8.73115E-11 2.91038E-11
 -1        56-9.21511E+06-1.05633E+06-8.02915E+05-3.66305E+06 1.39698E-09-1.71422E-08
 -1        57-9.82508E+06-1.54683E+06-5.48760E+05-3.29498E+06 3.04135E-09-1.01500E-08
 -1        58-9.32762E+06-1.37327E+06-1.87367E+05-3.65754E+06 2.77214E-09 1.43336E-09
 -1        59-9.61640E+06-1.24377E+06-1.13241E+05-3.37407E+06-3.62297E-09-9.34961E-09
 -1        60-9.42051E+06-1.35641E+06-4.59383E+04-3.58386E+06-6.11635E-10-6.83940E-09
 -1        61-9.42080E+06-1.35498E+06-2.26754E+04-3.56078E+06 3.79214E-09 7.09451E-09
 -1        62-9.52007E+06-1.26331E+06-1.34184E+04-3.46898E+06-1.77079E-09 9.41054E-09
 -1        63-9.29541E+06-1.48030E+06-8.94960E+03-3.71921E+06 4.15412E-10 1.96110E-09
 -1        64-9.54864E+06-1.22807E+06-1.12484E+04-3.42806E+06 1.67825E-09-1.05492E-08
 -1        65-9.32697E+06-1.45447E+06-2.21835E+04-3.67966E+06-1.19417E-09-1.95532E-08
 -1        66-9.48775E+06-1.29050E+06-4.32876E+04-3.50754E+06-6.61021E-09-1.59398E-08
 -1        67-9.51056E+06-1.33665E+06-1.04662E+05-3.48145E+06-3.12286E-09-4.39832E-09
 -1        68-9.36394E+06-1.34810E+06-1.76623E+05-3.62474E+06 1.82081E-09 1.16415E-09
 -1        69-9.82127E+06-1.51239E+06-5.12952E+05-3.28913E+06-1.26984E-08 1.34751E-08
 -1        70-9.18270E+06-1.11535E+06-7.48934E+05-3.70207E+06-6.65023E-09 1.33878E-08
 -1        86 1.19144E+03-2.90883E+06-7.36310E+03 3.74193E+03 6.45741E-10 7.61372E-09
 -1        87-7.39715E+03-2.91097E+06-1.50481E+04 1.96366E+03 8.30369E-10-9.23066E-09
 -1        88 6.23416E+03-2.90791E+06-2.37672E+04-5.70199E+03-1.32331E-09-1.61226E-09
 -1        89-4.39887E+04-2.91959E+06-6.12630E+04-5.15586E+03-1.95359E-09 1.28444E-08
 -1        90 3.79584E+04-2.90005E+06-9.13110E+04 1.08867E+04 2.85581E-09 1.18480E-08
 -1       121-2.34588E+02-1.47734E+06 3.28906E+02 4.67133E+02-4.68546E-10 6.36464E-09
 -1       122 4.02062E+01-1.47644E+06 8.49162E+02-1.86153E+03-6.01815E-10-5.09226E-09
 -1       123-3.51477E+02-1.47744E+06 1.29682E+03 1.39222E+03-1.35867E-09-3.29965E-09
 -1       124 1.76453E+03-1.47551E+06 3.52001E+03-3.81604E+03-1.06888E-09 2.28101E-09
 -1       125-1.57427E+03-1.47834E+06 5.20450E+03 2.42109E+03-2.16369E-09-1.51722E-08
 -1       191-3.45893E+01 5.56862E+05 1.81043E+01-7.99439E-01 3.53962E-10 1.85119E-08
 -1       192-3.39428E+01 5.56820E+05 3.39863E+01 4.22698E+00 4.83716E-10 1.23473E-08
 -1       193-3.85484E+01 5.56861E+05 6.21714E+01-3.48184E+00 6.44141E-10 1.24783E-08
 -1       194-3.87455E+01 5.56825E+05 1.28651E+02 9.19797E+00 3.44555E-10 8.60837E-09
 -1       195-4.61518E+01 5.56857E+05 2.50596E+02-5.84224E+00 9.62302E-10-5.75892E-09
 -1       251-5.24147E+06 1.29580E+05-3.04244E+05-2.85981E+04-4.69386E-09 2.91038E-09
 -1       252-5.34329E+06-1.50374E+05-2.10258E+05 2.41324E+04 2.44096E-09 1.77170E-09
 -1       253-5.27995E+06 2.07340E+04-7.82143E+04 1.50265E+04 4.74822E-09 7.11589E-09
 -1       254-5.29762E+06-2.40680E+04-4.87479E+04-3.89218E+03 8.84500E-09-1.49157E-09
 -1       255-5.28675E+06 3.31746E+03-2.01083E+04-5.73221E+02-9.93777E-09 9.13042E-09
 -1       256-5.28953E+06-3.92078E+03-1.21133E+04 6.51706E+03-1.03046E-08 4.73574E-09
 -1       257-5.28790E+06 5.97889E+02-6.21490E+03 4.61519E+03-6.94547E-07-6.36874E-10
 -1       258-5.28835E+06-1.19316E+03-5.46733E+03 1.68479E+03-1.38187E-06 3.62976E-09
 -1       259-5.28790E+06 5.91978E+02-6.19855E+03 4.25846E+03-6.92801E-07-2.50297E-08
 -1       260-5.28959E+06-3.87793E+03-1.20758E+04 6.13823E+03 6.06835E-09-2.29229E-08
 -1       261-5.28669E+06 3.28133E+03-2.00174E+04 1.62106E+02-7.33375E-09-1.04392E-08
 -1       262-5.29814E+06-2.39038E+04-4.86433E+04-2.72389E+03-1.20340E-08 6.92216E-09
 -1       263-5.27948E+06 2.06099E+04-7.77985E+04 1.31221E+04-7.11928E-09-2.66300E-09
 -1       264-5.34758E+06-1.50167E+05-2.10364E+05 2.07796E+04-2.19647E-09 8.48377E-09
 -1       265-5.23767E+06 1.29515E+05-3.02150E+05-2.33426E+04-2.25287E-08 7.91624E-09
 -1       266-7.23092E+04-3.34185E+04 1.66981E+05-2.59618E+02-3.74232E-07-5.62587E-05
 -1       267 8.37552E+04 3.90612E+04 1.18407E+05 2.98359E+02-7.50406E-07-1.12445E-04
 -1       268-1.14036E+04-5.58201E+03 4.38311E+04-3.88623E+01-5.41151E-07-8.10404E-05
 -1       269 1.34812E+04 6.71505E+03 2.86454E+04 4.51698E+01-3.31187E-07-4.96328E-05
 -1       270-2.04557E+03-1.10136E+03 1.37557E+04-6.30378E+00-2.45497E-07-3.67604E-05
 -1       271-8.83396E+06-1.06759E+06-7.20175E+05-3.45947E+06-2.91038E-11-4.01633E-09
 -1       272-9.18117E+06-1.57153E+06-4.72759E+05-3.35724E+06-1.64619E-09 8.89850E-09
 -1       273-8.98480E+06-1.25787E+06-1.69738E+05-3.40838E+06-7.36691E-10 7.47968E-09
 -1       274-8.99422E+06-1.35425E+06-9.71841E+04-3.43460E+06-1.81467E-09 1.59707E-09
 -1       275-9.01719E+06-1.26866E+06-3.95565E+04-3.38770E+06-2.06819E-09 5.73345E-09
 -1       276-8.95036E+06-1.34758E+06-2.14245E+04-3.46808E+06 1.12050E-09-2.35013E-09
 -1       277-9.02908E+06-1.26192E+06-1.05523E+04-3.37624E+06-1.17825E-09-1.80398E-09
 -1       278-8.93712E+06-1.35567E+06-8.20267E+03-3.48254E+06 2.75338E-09 1.09198E-08
 -1       279-9.03116E+06-1.25985E+06-9.30529E+03-3.37387E+06-4.61773E-09-9.97261E-10
 -1       280-8.94273E+06-1.35444E+06-1.80449E+04-3.47738E+06-2.45109E-09 1.84828E-08
 -1       281-9.02325E+06-1.26349E+06-3.27448E+04-3.38116E+06-1.07093E-09 5.39694E-09
 -1       282-8.97720E+06-1.36150E+06-8.03673E+04-3.45131E+06 2.63208E-09 2.26828E-09
 -1       283-8.99617E+06-1.25508E+06-1.40264E+05-3.39872E+06 3.66344E-09 5.50062E-09
 -1       284-9.13384E+06-1.53816E+06-3.90502E+05-3.38357E+06-9.89530E-10 2.24827E-09
 -1       285-8.86920E+06-1.10066E+06-5.95340E+05-3.44388E+06-4.07454E-10 1.42609E-09
 -1       301 5.84318E+04-3.57450E+04 2.04918E+05-3.27627E+04 1.54978E-09-8.39651E-09
 -1       302 2.54406E+04 8.89330E+03 1.37731E+05-4.24510E+04-1.85992E-09 6.35767E-09
 -1       303 3.86356E+03-1.97797E+04 1.22646E+05-3.31066E+04 8.25821E-10-3.14481E-09
 -1       304 4.33490E+04 2.41803E+04 1.97965E+05-4.23795E+04-7.73070E-10 1.65230E-08
 -1       305 1.03763E+05-5.08796E+04 3.45601E+05-3.25079E+04 1.10595E-09 1.97711E-08
 -1       306-4.55802E+06-5.72979E+05-2.90683E+05-1.76956E+06 2.96131E-09 1.07684E-09
 -1       307-4.64171E+06-8.27149E+05-1.89942E+05-1.78810E+06 5.70026E-09 2.51930E-09
 -1       308-4.62137E+06-6.45886E+05-6.87123E+04-1.74593E+06-1.96451E-09 3.58705E-09
 -1       309-4.56519E+06-7.43245E+05-3.91506E+04-1.82412E+06 5.27507E-10-2.35468E-09
 -1       310-4.63487E+06-6.49373E+05-1.60928E+04-1.73703E+06 4.91127E-11 1.48975E-09
 -1       311-4.54909E+06-7.39937E+05-8.83312E+03-1.83755E+06 1.18325E-09 1.24255E-08
 -1       312-4.63856E+06-6.47641E+05-4.60076E+03-1.73365E+06-7.06223E-10 7.49438E-09
 -1       313-4.54683E+06-7.40189E+05-4.11088E+03-1.83973E+06-1.25431E-09 6.40875E-09
 -1       314-4.63735E+06-6.48898E+05-5.39709E+03-1.73505E+06-6.06542E-09-3.92947E-09
 -1       315-4.55336E+06-7.35828E+05-1.08890E+04-1.83164E+06-1.61435E-09 1.59434E-08
 -1       316-4.63114E+06-6.52678E+05-2.03624E+04-1.74106E+06-5.04770E-10 1.35587E-08
 -1       317-4.57546E+06-7.38372E+05-4.94500E+04-1.81282E+06 3.11729E-09-6.43195E-09
 -1       318-4.61389E+06-6.48308E+05-8.69699E+04-1.75241E+06 1.15779E-09 1.95796E-08
 -1       319-4.67192E+06-8.45580E+05-2.40366E+05-1.76908E+06 1.69734E-09 7.68341E-09
 -1       320-4.53486E+06-5.54539E+05-3.67602E+05-1.78080E+06-5.85351E-09-8.00355E-10
 -1       336 1.68133E+03-1.61666E+06-1.05034E+04 3.97222E+03 8.09541E-09-3.70892E-09
 -1       337-4.32044E+03-1.61990E+06-1.25679E+04-9.42471E+03 1.04669E-08-1.43336E-09
 -1       338 1.56304E+03-1.61668E+06-1.64924E+04 5.44128E+03 1.06738E-08 9.20409E-10
 -1       339-1.91831E+04-1.62871E+06-3.76212E+04-1.22491E+04 1.22027E-08 2.16710E-08
 -1       340 1.45032E+04-1.60816E+06-5.70380E+04 6.77827E+03 1.40790E-08 9.51150E-09
 -1       406 1.27488E+01 5.56834E+05 1.02689E+03-4.58583E+00 1.32826E-09-3.67800E-09
 -1       407 3.32510E+02 5.57033E+05 2.18465E+03-9.30847E+00 1.51658E-10-8.20364E-09
 -1       408 1.09789E+03 5.56676E+05 4.36156E+03 1.47223E+01 1.40608E-09 3.10774E-08
 -1       409 4.69307E+03 5.58425E+05 9.82036E+03-1.78570E+02 5.36602E-11 6.39138E-08
 -1       410 1.35306E+04 5.55431E+05 2.00465E+04 1.81574E+02 1.29512E-09 2.73267E-08
 -1       521-8.99105E+06-1.11344E+06-6.07632E+05-3.48979E+06 4.35102E-09-1.56870E-08
 -1       522-9.24323E+06-1.57643E+06-3.98351E+05-3.44717E+06 1.95905E-09-6.82485E-09
 -1       523-9.12294E+06-1.26839E+06-1.43159E+05-3.44092E+06-1.99543E-09 2.25555E-10
 -1       524-9.08125E+06-1.39899E+06-8.19281E+04-3.52013E+06-3.44698E-10-3.59432E-09
 -1       525-9.15102E+06-1.27635E+06-3.33037E+04-3.42240E+06 2.64390E-09 1.13869E-09
 -1       526-9.04748E+06-1.39064E+06-1.82326E+04-3.54574E+06 5.51131E-09 2.49429E-09
 -1       527-9.15752E+06-1.27423E+06-9.12734E+03-3.41676E+06 5.44674E-09 9.71113E-10
 -1       528-9.04605E+06-1.38710E+06-7.56076E+03-3.54524E+06 4.87671E-09 7.33371E-09
 -1       529-9.15228E+06-1.27978E+06-9.32681E+03-3.42287E+06 5.00768E-09 3.15595E-09
 -1       530-9.06561E+06-1.37101E+06-1.82172E+04-3.52172E+06-1.00954E-09-2.45336E-09
 -1       531-9.13651E+06-1.29146E+06-3.38494E+04-3.43915E+06 2.06001E-09 8.40919E-09
 -1       532-9.11452E+06-1.36448E+06-8.23598E+04-3.47903E+06 2.85581E-10 4.18549E-09
 -1       533-9.10251E+06-1.28887E+06-1.44309E+05-3.46405E+06 1.70576E-09-1.73168E-09
 -1       534-9.28574E+06-1.53659E+06-4.01092E+05-3.39994E+06-4.40195E-10-5.99539E-09
 -1       535-8.96891E+06-1.13296E+06-6.11622E+05-3.51371E+06-7.55972E-09-9.31323E-10
 -1       536-4.61371E+04-3.01700E+04 8.65540E+04-2.25008E+03 3.25417E-09-1.31877E-08
 -1       537-7.13250E+03 3.43873E+04 5.90561E+04-6.93211E+04-1.26829E-08 2.65936E-09
 -1       538-3.20049E+04-4.19861E+03 2.23075E+04-2.11882E+03 2.55386E-09-6.09816E-09
 -1       539-2.46993E+04 4.00989E+03 1.34992E+04-6.95334E+04 4.48199E-09-1.23937E-08
 -1       540-2.99505E+04-7.06987E+02 5.56516E+03-2.03944E+03-1.40062E-10-7.18092E-09
 -1       541-2.81406E+04 4.62125E+02 3.20733E+03-6.96594E+04-1.62800E-09-1.26533E-09
 -1       542-2.95808E+04-1.43871E+02 1.30979E+03-1.99819E+03-1.58252E-10-6.15432E-09
 -1       543-2.92743E+04 2.01319E+02 6.48786E+02-6.97253E+04 1.36606E-09 4.75484E-09
 -1       544-2.94781E+04 1.22323E+00 7.06440E+01-1.97424E+03 3.27418E-11-4.33897E-09
 -1       545-2.97569E+04 1.56469E+02-4.23279E+02-6.97554E+04-2.45700E-09 2.01533E-09
 -1       546-2.94020E+04 1.11146E+02-1.03410E+03-1.96754E+03 7.05938E-10-8.67021E-09
 -1       547-3.01341E+04-6.36253E+02-2.56157E+03-6.97436E+04-3.19642E-09-8.37463E-09
 -1       548-2.90463E+04 7.14605E+02-4.45966E+03-1.98627E+03-3.63116E-09 1.59775E-09
 -1       549-3.27465E+04-6.80856E+03-1.14971E+04-6.96286E+04-7.59201E-10 2.96745E-09
 -1       550-2.63766E+04 5.62657E+03-1.72714E+04-2.08289E+03 2.73758E-10 2.33376E-09
 -1       551 2.78259E+04-6.78060E+05 4.33529E+04-1.09228E+06-1.64873E-08 8.00355E-10
 -1       552 3.53650E+04-6.80462E+05 4.81301E+04-1.39590E+06-9.98989E-09 1.10595E-09
 -1       553 2.65733E+04-6.86941E+05 7.00622E+04-1.08967E+06-1.74623E-08 2.19552E-09
 -1       554 6.54414E+04-6.59338E+05 1.43868E+05-1.39623E+06-1.21363E-08-3.83807E-10
 -1       555 1.02743E+05-7.06727E+05 2.67140E+05-1.09100E+06-1.62108E-08-7.58882E-09
 -1       556-7.10242E+04-2.20567E+05 6.29585E+04-3.18967E+05 6.65023E-09-1.11031E-08
 -1       557 3.65952E+02-2.81467E+05 3.28511E+04-3.75961E+05 9.02219E-09 6.52108E-10
 -1       558-7.31690E+04-2.30379E+05 1.31084E+04-3.11778E+05-2.60479E-09 5.27143E-09
 -1       559-1.11965E+04-2.89465E+05 6.71066E+03-3.81577E+05-3.27418E-10-6.35919E-09
 -1       560-7.65745E+04-2.28291E+05 2.66472E+03-3.13905E+05-1.22236E-09-4.54202E-09
 -1       561-1.58143E+04-2.88084E+05 1.45327E+03-3.84629E+05 6.54836E-10 1.64482E-09
 -1       562-7.91976E+04-2.26599E+05 4.81606E+02-3.15735E+05 3.49246E-10-2.06001E-10
 -1       563-1.86895E+04-2.86849E+05 2.80852E+02-3.86532E+05 1.09139E-11-3.45472E-09
 -1       564-8.07956E+04-2.25588E+05-5.10912E+01-3.16839E+05 1.06047E-08-4.39650E-09
 -1       565-2.01567E+04-2.86225E+05-2.89205E+02-3.87482E+05 1.73095E-08-6.25732E-09
 -1       566-8.13123E+04-2.25231E+05-8.20963E+02-3.17211E+05 1.55405E-08-9.55515E-09
 -1       567-2.03720E+04-2.86249E+05-1.90252E+03-3.87459E+05-4.99494E-09 4.29281E-10
 -1       568-8.06278E+04-2.25685E+05-4.06241E+03-3.16830E+05-4.54020E-09-1.28202E-08
 -1       569-2.19717E+04-2.88344E+05-9.56306E+03-3.85540E+05 1.74623E-10 5.38421E-09
 -1       570-7.71563E+04-2.31417E+05-1.89783E+04-3.14401E+05 4.92582E-09 1.97415E-08
 -1       571 3.75088E+05 1.55526E+04 2.31046E+04-9.26558E+04 1.03864E-09 6.97582E-09
 -1       572 3.78517E+05 5.39221E+03 1.13215E+04-1.01564E+05 1.25146E-09 6.97946E-09
 -1       573 3.76430E+05 1.27139E+03 5.02946E+03-9.24084E+04 2.17915E-09-3.29146E-09
 -1       574 3.76829E+05 4.08327E+02 2.52064E+03-1.01833E+05 1.64255E-09-2.77214E-09
 -1       575 3.76560E+05 5.09193E+01 1.18733E+03-9.23768E+04 1.63254E-09 5.61340E-09
 -1       576 3.76589E+05 1.27554E+01 6.03396E+02-1.01868E+05-3.31966E-11-9.45693E-09
 -1       577 3.76579E+05-1.28880E+01 2.94110E+02-9.23727E+04 1.83618E-08 7.06405E-09
 -1       578 3.76574E+05-1.13822E+01 1.54359E+02-1.01873E+05 3.53853E-08 5.86351E-09
 -1       579 3.76622E+05-2.68354E+01 8.19196E+01-9.23722E+04 1.66292E-08-5.01859E-09
 -1       580 3.76635E+05-4.17039E+01 5.69596E+01-1.01868E+05 1.03864E-09 1.82627E-09
 -1       581 3.76705E+05-6.89553E+01 5.26502E+01-9.23770E+04 1.04228E-09 2.77487E-09
 -1       582 3.76755E+05-8.95833E+01 8.59405E+01-1.01815E+05 2.15641E-09 6.57474E-09
 -1       583 3.76825E+05-1.03523E+02 1.47977E+02-9.24252E+04 3.93993E-09 6.50289E-09
 -1       584 3.76964E+05-1.92829E+01 3.32473E+02-1.01405E+05-1.56706E-09-6.18547E-09
 -1       585 3.76934E+05 2.47796E+02 6.60780E+02-9.27879E+04 5.27507E-11-3.80896E-09
 -1       586 5.19627E+02 1.63545E+05 1.39403E+03-2.77460E+05 8.87667E-10-1.45974E-09
 -1       587 9.03142E+02 1.63726E+05 3.19553E+03-3.10256E+05 8.51287E-10 7.75162E-09
 -1       588 1.64382E+03 1.63177E+05 6.42528E+03-2.77166E+05 8.49468E-10 6.38033E-09
 -1       589 6.43446E+03 1.65977E+05 1.44689E+04-3.10175E+05 9.73159E-10 6.66660E-09
 -1       590 1.82745E+04 1.61487E+05 2.92883E+04-2.77537E+05 8.39464E-10-1.98270E-10
 -1       591-1.68912E+05-4.79041E+04-3.54454E+04-8.09477E+04-1.07934E-09 4.20187E-10
 -1       592-1.71543E+05-4.89832E+04-1.81771E+04-9.03729E+04 3.22871E-10-8.40146E-10
 -1       593-1.71227E+05-4.00624E+04-7.69737E+03-8.52368E+04-2.47474E-09-2.30830E-09
 -1       594-1.67296E+05-4.45822E+04-3.79260E+03-9.06009E+04 6.33918E-10 9.85722E-10
 -1       595-1.71443E+05-3.98901E+04-1.75123E+03-8.53955E+04-3.64389E-09 1.50649E-09
 -1       596-1.67018E+05-4.44256E+04-8.86059E+02-9.05600E+04-2.52481E-09 1.42149E-08
 -1       597-1.71477E+05-3.99185E+04-4.78738E+02-8.53968E+04-2.45834E-10-8.92214E-10
 -1       598-1.66989E+05-4.44256E+04-3.76060E+02-9.05469E+04-1.92358E-10-9.85756E-09
 -1       599-1.71472E+05-3.99219E+04-4.69794E+02-8.53941E+04-1.84855E-10 1.89675E-09
 -1       600-1.67009E+05-4.44298E+04-8.62123E+02-9.05500E+04-1.53614E-09-1.06011E-08
 -1       601-1.71429E+05-3.99003E+04-1.69940E+03-8.53876E+04-8.84029E-10 6.28006E-10
 -1       602-1.67270E+05-4.45820E+04-3.67727E+03-9.05766E+04-2.58660E-09 2.57660E-09
 -1       603-1.71207E+05-4.00775E+04-7.46232E+03-8.52321E+04-2.42380E-09 7.70069E-09
 -1       604-1.71416E+05-4.88095E+04-1.76169E+04-9.03001E+04-6.75936E-09-1.02359E-08
 -1       605-1.68918E+05-4.77137E+04-3.43531E+04-8.11097E+04-4.21187E-09-5.82077E-09
 -1       606 1.14904E+05-1.58351E+04-2.72501E+04 4.47839E+04-7.19047E-09 3.59250E-09
 -1       607 1.10343E+05-5.14839E+03-1.35127E+04 4.98675E+04-2.19006E-09 8.97307E-09
 -1       608 1.12917E+05-9.30637E+02-6.04494E+03 4.44424E+04 5.62613E-09-8.53561E-10
 -1       609 1.12360E+05-2.16821E+02-3.04617E+03 5.02387E+04-1.90630E-09-2.19325E-09
 -1       610 1.12637E+05 6.64717E+01-1.45330E+03 4.44031E+04-8.53106E-09-5.66706E-09
 -1       611 1.12511E+05 1.14451E+02-7.31516E+02 5.02797E+04-1.80808E-08-3.80305E-09
 -1       612 1.12543E+05 1.18622E+02-3.50348E+02 4.43995E+04-7.60883E-09-7.01812E-09
 -1       613 1.12480E+05 1.46061E+02-1.58043E+02 5.02836E+04-1.02846E-08-8.95488E-09
 -1       614 1.12485E+05 1.33390E+02-4.24108E+01 4.43987E+04 1.05301E-08 5.17093E-09
 -1       615 1.12440E+05 1.66720E+02 5.56742E+01 5.02834E+04 3.15235E-08-2.26100E-09
 -1       616 1.12441E+05 1.53666E+02 1.76192E+02 4.43995E+04 1.41063E-08-9.38871E-09
 -1       617 1.12438E+05 2.24002E+02 4.07863E+02 5.02814E+04 1.85955E-08 1.70212E-09
 -1       618 1.12387E+05 2.98616E+02 8.24506E+02 4.44000E+04 8.69841E-09-9.69976E-09
 -1       619 1.12708E+05 9.07039E+02 1.85531E+03 5.02762E+04 7.67614E-10-7.09406E-11
 -1       620 1.12112E+05 2.35121E+03 3.74404E+03 4.43988E+04 3.65162E-09-8.57244E-09
 -1       621 1.16529E+03 4.06882E+05 4.89726E+03-2.34772E+04-3.94658E-09 1.04581E-08
 -1       622 6.05364E+02 4.07916E+05 4.91490E+03-2.99671E+04-1.41813E-09-1.61901E-09
 -1       623 2.31165E+02 4.07065E+05 6.91676E+03-2.34673E+04-3.75394E-09 4.80213E-10
 -1       624 3.30910E+03 4.10234E+05 1.40176E+04-2.98985E+04-1.27079E-09 1.01743E-08
 -1       625 7.99667E+03 4.04586E+05 2.61223E+04-2.35406E+04-3.17414E-09 5.06134E-09
 -1       626 2.88996E+05 8.78941E+04 6.06502E+02 1.70806E+05-1.17052E-09-2.36105E-09
 -1       627 2.83519E+05 9.32042E+04 2.95052E+02 1.77153E+05 6.49561E-09 1.56417E-08
 -1       628 2.89139E+05 8.73935E+04 1.21326E+02 1.70598E+05 2.47874E-08 1.85210E-08
 -1       629 2.83095E+05 9.34102E+04 6.79273E+01 1.77413E+05 2.17469E-08 3.24633E-09
 -1       630 2.89090E+05 8.73947E+04 3.78036E+01 1.70530E+05 1.32732E-08-8.95159E-09
 -1       631 2.82986E+05 9.34587E+04 4.05912E+01 1.77392E+05-9.02583E-09-1.56198E-08
 -1       632 2.89036E+05 8.74195E+04 6.19454E+01 1.70494E+05-9.63428E-09-2.65723E-08
 -1       633 2.82942E+05 9.34781E+04 1.23591E+02 1.77364E+05 3.65981E-09-1.98934E-08
 -1       634 2.88997E+05 8.74246E+04 2.47041E+02 1.70476E+05 3.39242E-10-1.05570E-08
 -1       635 2.82947E+05 9.34857E+04 5.31015E+02 1.77359E+05-5.97356E-09 2.90356E-09
 -1       636 2.88966E+05 8.74282E+04 1.08677E+03 1.70464E+05-6.71332E-09-5.38830E-09
 -1       637 2.83179E+05 9.36863E+04 2.40156E+03 1.77344E+05 5.45060E-09-6.45468E-09
 -1       638 2.88891E+05 8.80399E+04 4.94628E+03 1.70187E+05-4.07363E-09-4.08363E-09
 -1       639 2.85745E+05 9.75133E+04 1.17192E+04 1.76523E+05-4.11046E-09 3.70892E-09
 -1       640 2.88714E+05 9.93433E+04 2.44350E+04 1.65394E+05-2.17824E-10-7.15727E-09
 -1       656 2.72389E+04-7.94119E+05-8.38606E+04 3.08861E+03 2.65572E-09 1.02655E-08
 -1       657-3.66701E+04-8.28216E+05-6.57544E+04 6.36123E+04 1.53250E-09 1.46119E-08
 -1       658 7.08086E+03-8.04932E+05-4.20104E+04 2.66566E+03 1.17575E-09 6.97457E-09
 -1       659-3.83811E+04-8.29219E+05-6.83532E+04 6.39061E+04 9.73159E-11 1.58266E-08
 -1       660 2.89058E+04-7.93203E+05-8.84923E+04 2.79579E+03 2.87400E-10 1.10012E-08
 -1       661 3.66610E+05 4.72769E+04 3.03814E+04 1.43382E+05-4.13820E-10 4.53474E-09
 -1       662 3.74610E+05 6.88865E+04 1.90461E+04 1.46451E+05 8.46353E-09 3.61888E-09
 -1       663 3.71766E+05 5.38851E+04 7.17238E+03 1.42743E+05-2.04363E-09-3.34421E-09
 -1       664 3.68670E+05 6.01357E+04 3.92376E+03 1.47684E+05 4.20869E-10-2.05989E-09
 -1       665 3.72343E+05 5.45764E+04 1.68368E+03 1.42696E+05-5.42741E-10-7.05984E-09
 -1       666 3.68002E+05 5.92534E+04 9.15239E+02 1.47788E+05-7.91033E-09 1.01153E-10
 -1       667 3.72418E+05 5.46425E+04 5.22173E+02 1.42687E+05-1.00715E-08 3.87459E-09
 -1       668 3.67924E+05 5.91977E+04 5.06394E+02 1.47818E+05-1.48766E-08 5.77933E-09
 -1       669 3.72425E+05 5.46211E+04 7.27538E+02 1.42672E+05-3.23212E-09-5.23278E-09
 -1       670 3.68026E+05 5.93762E+04 1.48397E+03 1.47855E+05 1.73706E-08-1.90269E-08
 -1       671 3.72327E+05 5.44712E+04 2.83745E+03 1.42652E+05-7.49651E-10 5.37420E-09
 -1       672 3.69125E+05 6.09405E+04 6.68718E+03 1.47752E+05-7.11032E-09 8.34586E-09
 -1       673 3.71368E+05 5.32601E+04 1.22428E+04 1.42705E+05 6.55257E-09-7.06677E-10
 -1       674 3.79248E+05 7.59317E+04 3.25409E+04 1.45696E+05 1.75703E-09 2.43699E-09
 -1       675 3.62570E+05 4.19538E+04 5.19068E+04 1.43784E+05-3.60069E-09-4.04907E-09
 -1       676 7.04313E+01-4.99906E+05-2.46839E+03 2.63707E+02-4.04725E-09 6.63669E-09
 -1       677-8.16062E+02-5.00592E+05-4.57305E+03-5.26360E+02 4.83584E-09 4.46673E-09
 -1       678 5.96051E+02-4.99434E+05-7.96394E+03 2.62480E+02-3.01316E-09-4.87130E-09
 -1       679-8.86554E+03-5.05559E+05-1.92283E+04-5.23540E+02-2.13890E-09 1.81813E-08
 -1       680 6.10381E+03-4.94943E+05-3.03686E+04 2.58494E+02 2.92857E-09-3.56169E-09
 -1       771-3.58500E+06-6.87683E+05-9.36733E+04-1.53941E+06-1.03973E-08-1.54687E-08
 -1       772-3.56544E+06-7.13366E+05-4.76397E+04-1.59083E+06-2.44472E-09-1.01845E-08
 -1       773-3.59500E+06-6.64308E+05-2.08692E+04-1.55025E+06-4.49654E-09-4.33283E-09
 -1       774-3.55530E+06-7.03272E+05-1.00866E+04-1.59660E+06-1.45519E-10-1.08193E-08
 -1       775-3.59857E+06-6.61730E+05-5.10156E+03-1.55158E+06 4.80213E-10 5.45697E-11
 -1       776-3.55642E+06-7.02723E+05-2.42868E+03-1.59974E+06 8.73115E-10 1.29512E-09
 -1       777-3.60115E+06-6.60105E+05-1.54028E+03-1.55247E+06 2.08092E-09-2.91766E-09
 -1       778-3.55792E+06-7.02464E+05-9.53287E+02-1.60222E+06-2.83035E-09-3.50065E-09
 -1       779-3.60308E+06-6.58805E+05-1.20852E+03-1.55317E+06-1.94996E-09-6.17547E-10
 -1       780-3.55917E+06-7.02272E+05-1.87965E+03-1.60405E+06 2.43017E-09 4.96573E-09
 -1       781-3.60429E+06-6.57861E+05-3.70996E+03-1.55363E+06 5.58794E-09 4.49381E-09
 -1       782-3.56049E+06-7.02471E+05-7.92426E+03-1.60520E+06-6.21367E-09-4.54384E-09
 -1       783-3.60446E+06-6.57807E+05-1.61287E+04-1.55354E+06-6.94126E-09-4.92764E-09
 -1       784-3.56978E+06-7.11585E+05-3.81618E+04-1.60492E+06-7.78891E-09-5.65706E-09
 -1       785-3.59948E+06-6.74398E+05-7.45115E+04-1.54472E+06 1.14915E-09-1.84446E-09
 -1       786 3.13605E+05-1.31214E+04 3.89466E+04-9.05515E+01 7.51527E-10 1.42863E-08
 -1       787 3.29076E+05 1.57377E+04 2.62500E+04-4.95794E+03 2.02101E-09-8.05903E-09
 -1       788 3.19834E+05-1.68043E+03 1.01220E+04-1.15952E+02-1.43143E-09-2.30193E-09
 -1       789 3.21985E+05 1.99782E+03 5.95962E+03-4.91753E+03 7.43668E-10 1.25501E-08
 -1       790 3.20696E+05-2.15539E+02 2.58551E+03-1.30731E+02 8.90736E-11 1.66108E-09
 -1       791 3.20997E+05 2.53043E+02 1.43819E+03-4.90188E+03-5.63084E-10 1.90354E-09
 -1       792 3.20821E+05-2.90518E+01 7.09036E+02-1.31599E+02 4.55373E-10-8.73996E-10
 -1       793 3.20861E+05 4.30013E+01 4.73955E+02-4.91442E+03-1.75305E-10-6.91912E-09
 -1       794 3.20834E+05-1.47519E+01 4.15938E+02-1.18198E+02-1.49583E-10 2.28902E-09
 -1       795 3.20898E+05 1.01659E+02 6.38667E+02-4.95570E+03-9.22682E-10-3.38648E-09
 -1       796 3.20787E+05-8.63822E+01 1.05466E+03-9.03092E+01-2.83308E-10-2.65868E-09
 -1       797 3.21290E+05 7.86629E+02 2.37235E+03-5.02460E+03 1.76470E-10-3.25997E-11
 -1       798 3.20446E+05-6.65586E+02 4.00578E+03-4.93077E+01-6.83258E-10-8.30619E-09
 -1       799 3.24097E+05 6.21285E+03 1.03754E+04-5.11547E+03-3.72239E-09-7.69614E-09
 -1       800 3.17984E+05-5.18700E+03 1.53840E+04 3.54228E-01 1.45440E-09 1.04501E-09
 -1       801-4.26482E+04 3.60348E+05 3.90081E+04-6.70836E+04-5.37511E-09-2.23954E-08
 -1       802 1.13179E+05 3.93566E+05 8.98233E+04-2.10220E+06-3.83443E-09-1.82572E-08
 -1       803-8.00172E+03 3.79394E+05 1.03572E+05-6.95441E+04-3.03407E-09 2.38679E-08
 -1       804 2.17696E+05 4.60604E+05 2.50968E+05-2.10246E+06-2.29920E-09 3.04044E-08
 -1       805-1.47197E+05 3.02849E+05 3.24858E+05-6.70195E+04-5.09317E-10 2.45491E-08
 -1       806-3.13273E+05-8.47367E+04-2.72659E+04-1.48340E+05 1.89334E-09 1.46065E-09
 -1       807-3.12991E+05-7.96695E+04-1.30736E+04-1.57364E+05-1.80876E-10 6.35964E-10
 -1       808-3.13452E+05-7.21703E+04-5.51795E+03-1.53787E+05 4.14275E-10 5.88545E-09
 -1       809-3.10251E+05-7.53003E+04-2.67841E+03-1.58210E+05 1.74794E-09 1.87356E-09
 -1       810-3.13545E+05-7.14843E+04-1.21580E+03-1.54114E+05 6.93200E-09 1.05031E-08
 -1       811-3.10004E+05-7.50671E+04-6.02028E+02-1.58217E+05 4.13445E-09 1.85082E-09
 -1       812-3.13562E+05-7.14892E+04-2.99564E+02-1.54119E+05-7.96263E-10-1.21536E-08
 -1       813-3.09966E+05-7.50708E+04-1.89352E+02-1.58197E+05 5.16820E-10-3.12480E-09
 -1       814-3.13550E+05-7.15043E+04-1.78515E+02-1.54109E+05-3.46608E-09-9.51513E-09
 -1       815-3.09958E+05-7.50818E+04-2.80875E+02-1.58182E+05-1.27329E-09-2.29284E-09
 -1       816-3.13515E+05-7.15202E+04-5.28324E+02-1.54092E+05 5.18503E-09-1.05410E-09
 -1       817-3.10048E+05-7.51767E+04-1.14216E+03-1.58137E+05 3.76349E-09-2.25182E-08
 -1       818-3.13433E+05-7.18440E+04-2.34622E+03-1.53952E+05 7.13044E-09-4.10182E-10
 -1       819-3.11321E+05-7.68960E+04-5.54747E+03-1.57587E+05 2.72757E-09-8.68386E-09
 -1       820-3.13193E+05-7.73094E+04-1.15702E+04-1.51770E+05 8.72569E-09-4.37331E-09
 -1       821-4.14925E+05 1.73999E+04-5.16446E+04-1.23732E+02-3.96949E-09 7.29415E-09
 -1       822-4.35405E+05-2.08697E+04-3.48098E+04 7.13364E+03-2.56114E-09-3.09274E-09
 -1       823-4.23181E+05 2.22387E+03-1.34297E+04-2.67868E+02 4.43629E-09-3.98722E-09
 -1       824-4.26022E+05-2.63486E+03-7.91313E+03 7.37984E+03-2.44319E-09 2.55829E-09
 -1       825-4.24320E+05 2.83281E+02-3.45875E+03-3.70596E+02-8.71546E-09-9.27139E-09
 -1       826-4.24733E+05-3.16659E+02-1.96747E+03 7.55354E+03-1.50679E-08 4.14687E-09
 -1       827-4.24481E+05 3.98848E+01-1.06234E+03-4.41765E+02-5.78876E-09-6.60407E-10
 -1       828-4.24580E+05-5.57018E+01-8.85192E+02 7.66449E+03-1.15182E-08-9.29973E-09
 -1       829-4.24482E+05 3.98131E+01-1.04150E+03-4.81597E+02-1.07659E-09-4.29509E-09
 -1       830-4.24742E+05-3.01203E+02-1.91376E+03 7.71130E+03 5.63309E-09-1.25979E-08
 -1       831-4.24324E+05 2.77124E+02-3.35152E+03-4.88569E+02-5.29168E-09 7.52448E-09
 -1       832-4.26004E+05-2.54197E+03-7.66914E+03 7.69355E+03-4.02034E-09 6.63533E-09
 -1       833-4.23219E+05 2.15868E+03-1.30063E+04-4.63633E+02-4.77655E-10-3.67254E-09
 -1       834-4.35106E+05-2.02026E+04-3.37230E+04 7.61312E+03 2.10642E-09 2.19143E-09
 -1       835-4.15220E+05 1.68617E+04-5.00219E+04-4.06644E+02 4.98198E-09 3.59796E-09
 -1       836-6.70313E+02 5.06470E+05 3.79179E+04-4.15899E+04-8.78572E-10 1.53887E-09
 -1       837 7.38683E+03 5.17625E+05 2.93490E+04-7.57328E+04-4.62023E-10-1.76033E-09
 -1       838-3.33160E+02 5.10130E+05 2.70874E+04-4.14755E+04-2.00998E-09-1.08776E-09
 -1       839 1.44631E+04 5.23228E+05 4.76255E+04-7.57521E+04-1.55160E-09-5.07009E-09
 -1       840-1.38408E+03 5.00815E+05 7.59289E+04-4.15651E+04-1.74259E-09-2.76032E-09
 -1       856-3.05747E+05 8.80529E+03-4.08561E+04 6.09367E+03-4.59204E-09-1.11759E-08
 -1       857-3.20267E+05-1.22970E+04-2.59737E+04 2.29142E+04-6.54109E-09-3.89264E-10
 -1       858-3.11865E+05 8.92760E+02-1.05779E+04 5.97763E+03-1.10795E-08 2.20825E-09
 -1       859-3.13547E+05-1.07988E+03-5.86121E+03 2.30673E+04-1.33696E-10 6.39375E-09
 -1       860-3.12546E+05 1.18049E+02-2.67952E+03 5.93715E+03 3.02202E-09-3.42038E-09
 -1       861-3.12821E+05-1.57185E+00-1.42307E+03 2.31227E+04-1.11500E-08 9.72318E-09
 -1       862-3.12636E+05 4.18373E+01-7.17836E+02 5.92158E+03 1.03288E-08 2.16119E-10
 -1       863-3.12734E+05 9.88104E+01-4.49618E+02 2.31343E+04 2.33208E-08-6.57087E-09
 -1       864-3.12644E+05 3.38314E+01-3.78097E+02 5.92542E+03 1.26494E-08-4.33022E-09
 -1       865-3.12732E+05 6.84722E+01-5.29252E+02 2.31058E+04 1.33795E-08-1.67444E-09
 -1       866-3.12613E+05 5.01474E+01-8.95407E+02 5.95024E+03 1.67415E-09-6.95672E-09
 -1       867-3.12929E+05-2.88619E+02-1.88922E+03 2.30340E+04 1.56433E-09-3.40481E-09
 -1       868-3.12387E+05 2.85588E+02-3.39497E+03 5.99756E+03 5.99766E-09-1.50245E-08
 -1       869-3.15024E+05-3.88893E+03-8.29778E+03 2.28536E+04-2.99769E-09-9.59017E-09
 -1       870-3.10423E+05 2.79432E+03-1.30681E+04 6.13170E+03 3.04772E-09-6.16819E-09
 -1       871-6.28322E+03-4.54073E+04-1.69581E+04 1.70974E+05-2.73394E-09-8.16726E-10
 -1       872-2.60274E+03-4.90907E+04-6.26525E+03 2.16589E+05 2.66482E-10 1.23691E-10
 -1       873-2.24499E+02-4.76024E+04 2.36037E+03 1.70612E+05-1.40972E-10-2.18597E-09
 -1       874 3.14435E+03-4.44106E+04 1.27292E+04 2.16681E+05 2.41380E-09-1.13923E-08
 -1       875 8.67007E+03-5.03206E+04 2.74838E+04 1.70911E+05-4.18186E-09 6.83940E-10
 -1       876 4.67002E+05 7.21490E+04 3.73413E+04 1.86253E+05 1.28864E-09-3.74712E-09
 -1       877 4.73054E+05 8.75474E+04 2.13702E+04 1.93536E+05-8.38781E-10-1.46774E-08
 -1       878 4.71859E+05 7.40393E+04 8.63730E+03 1.87456E+05-1.43336E-09 5.68480E-09
 -1       879 4.67077E+05 8.04875E+04 4.40959E+03 1.94088E+05-1.08776E-08 9.72204E-09
 -1       880 4.72236E+05 7.42527E+04 1.99906E+03 1.87550E+05-5.10363E-09 7.93875E-10
 -1       881 4.66610E+05 8.00280E+04 1.04154E+03 1.94046E+05 2.47792E-09-1.07825E-08
 -1       882 4.72266E+05 7.42940E+04 5.98335E+02 1.87563E+05 8.01310E-09 6.01662E-09
 -1       883 4.66575E+05 7.99922E+04 5.45674E+02 1.94019E+05-5.76227E-09 6.55731E-09
 -1       884 4.72256E+05 7.42969E+04 7.74655E+02 1.87565E+05-5.66706E-09 1.54034E-09
 -1       885 4.66649E+05 8.00314E+04 1.50970E+03 1.94029E+05 1.12263E-08 4.92184E-09
 -1       886 4.72188E+05 7.42516E+04 2.99116E+03 1.87553E+05 5.37369E-09 5.06225E-09
 -1       887 4.67363E+05 8.07087E+04 6.64355E+03 1.94057E+05-9.29708E-09 1.02823E-08
 -1       888 4.71596E+05 7.39467E+04 1.30368E+04 1.87418E+05 1.46713E-10 2.96586E-09
 -1       889 4.76342E+05 9.14011E+04 3.22598E+04 1.93241E+05 1.82291E-08-7.07951E-09
 -1       890 4.64293E+05 7.10623E+04 5.63807E+04 1.85548E+05 1.65087E-08-6.36282E-09
 -1       891 5.67519E+02-2.56355E+05-8.99487E+03 4.55505E+04-6.22458E-09 1.61763E-08
 -1       892-2.20344E+03-2.59080E+05-7.02715E+03 9.51507E+04-8.33415E-09 1.49066E-08
 -1       893 8.27954E+01-2.57265E+05-6.27585E+03 4.54698E+04-1.61481E-09 4.48017E-09
 -1       894-4.00365E+03-2.60217E+05-1.10668E+04 9.50156E+04-1.54641E-08-5.42241E-09
 -1       895 1.13429E+03-2.54960E+05-1.72081E+04 4.56824E+04-8.62110E-09-3.62797E-09
 -1       956-4.54309E+05-8.25640E+03-1.92779E+04 4.83670E+04-5.05861E-09-3.46608E-09
 -1       957-4.58024E+05-2.65695E+03-9.82351E+03 5.74175E+04-3.96358E-09 4.75575E-09
 -1       958-4.56016E+05-2.13258E+02-4.42624E+03 4.80657E+04 4.63479E-09 3.06909E-09
 -1       959-4.56362E+05 3.46096E+01-2.25407E+03 5.77445E+04-2.78305E-09 3.87126E-09
 -1       960-4.56219E+05 1.37714E+02-1.09588E+03 4.80335E+04-8.30732E-09 1.18553E-09
 -1       961-4.56279E+05 1.68390E+02-5.73123E+02 5.77816E+04-1.45410E-08 7.87304E-09
 -1       962-4.56283E+05 1.52200E+02-3.15366E+02 4.80276E+04-5.92263E-09 7.47150E-10
 -1       963-4.56301E+05 1.86174E+02-2.29416E+02 5.77894E+04-1.04783E-08-5.17321E-09
 -1       964-4.56307E+05 1.63699E+02-2.50662E+02 4.80254E+04-2.78169E-09-2.70802E-09
 -1       965-4.56324E+05 1.94788E+02-4.09975E+02 5.77898E+04 8.77183E-09 1.27011E-08
 -1       966-4.56293E+05 1.71870E+02-7.57680E+02 4.80271E+04-4.39968E-09-4.51018E-09
 -1       967-4.56412E+05 1.20039E+02-1.54901E+03 5.77698E+04 2.74554E-09 2.40880E-09
 -1       968-4.56176E+05-5.48720E+01-3.03441E+03 4.80460E+04-1.59889E-09-2.48974E-10
 -1       969-4.57574E+05-1.71570E+03-6.73806E+03 5.75681E+04-1.05683E-09-5.40069E-09
 -1       970-4.55017E+05-5.56750E+03-1.32203E+04 4.82376E+04 2.06728E-09 7.49424E-10
 -1       971-5.57701E+05 9.54067E+01-2.22591E+04 1.53177E+04-6.60566E-09 4.64297E-09
 -1       972-5.64164E+05-3.97195E+03-1.29320E+04 2.76575E+04-6.57701E-09-1.67438E-09
 -1       973-5.60600E+05 9.63485E+01-5.62730E+03 1.51268E+04-6.98947E-09 3.80624E-10
 -1       974-5.61138E+05-1.26084E+02-2.96053E+03 2.78813E+04-5.43196E-09-3.16891E-09
 -1       975-5.60850E+05 7.02016E+01-1.44639E+03 1.50893E+04 2.18688E-09-3.52247E-09
 -1       976-5.60934E+05 1.05807E+02-8.04466E+02 2.79366E+04-8.39100E-09 9.62507E-09
 -1       977-5.60893E+05 7.23038E+01-5.26948E+02 1.50709E+04 5.82713E-09 5.10727E-09
 -1       978-5.60939E+05 1.28029E+02-5.40607E+02 2.79626E+04 2.63153E-08 4.30919E-09
 -1       979-5.60895E+05 8.28149E+01-8.04115E+02 1.50631E+04 8.68079E-09-6.99754E-09
 -1       980-5.61005E+05 1.10507E+02-1.51873E+03 2.79672E+04 8.91941E-09-1.36071E-08
 -1       981-5.60838E+05 1.10383E+02-2.90998E+03 1.50662E+04 1.01977E-09-4.86266E-09
 -1       982-5.61507E+05-3.29731E+02-6.08012E+03 2.79464E+04 4.44652E-09 1.46966E-09
 -1       983-5.60365E+05 2.02792E+02-1.15934E+04 1.50848E+04 9.41782E-09-1.17834E-08
 -1       984-5.67859E+05-8.23267E+03-2.67113E+04 2.78064E+04 1.27829E-09 2.07365E-09
 -1       985-5.54422E+05 2.47905E+02-4.59578E+04 1.52196E+04 5.41240E-09 1.72804E-10
 -3
 9999
