SUMMARY OF C0NVERGENCE INFORMATION
  STEP   INC  ATT   ITER     CONT.   RESID.        CORR.      RESID.      CORR.
                              EL.    FORCE         DISP       FLUX        TEMP.
                              (#)     (%)           (%)        (%)         (%)
     1     1     1     1        0  0.2029E+04  0.1000E+03  0.0000E+00  0.0000E+00
     1     1     1     2        0  0.3145E+05  0.3193E+02  0.0000E+00  0.0000E+00
     1     1     1     3        0  0.2779E+05  0.6919E+02  0.0000E+00  0.0000E+00
     1     1     1     4        0  0.9702E+05  0.3795E+02  0.0000E+00  0.0000E+00
     1     1     1     5        0  0.3738E+05  0.1000E+03  0.0000E+00  0.0000E+00
     1     1     2     1        0  0.5139E+03  0.1000E+03  0.0000E+00  0.0000E+00
     1     1     2     2        0  0.4200E+01  0.1764E+01  0.0000E+00  0.0000E+00
     1     1     2     3        0  0.0000E+00  0.5936E-02  0.0000E+00  0.0000E+00
     1     2     1     1        0  0.4212E+04  0.1097E+02  0.0000E+00  0.0000E+00
     1     2     1     2        0  0.1757E+02  0.7694E+01  0.0000E+00  0.0000E+00
     1     2     1     3        0  0.1810E+04  0.6964E+01  0.0000E+00  0.0000E+00
     1     2     1     4        0  0.1065E+03  0.3988E+01  0.0000E+00  0.0000E+00
     1     2     2     1        0  0.2043E+01  0.2638E+01  0.0000E+00  0.0000E+00
     1     2     2     2        0  0.0000E+00  0.1807E-01  0.0000E+00  0.0000E+00
     1     3     1     1        0  0.4579E+01  0.1844E+01  0.0000E+00  0.0000E+00
     1     3     1     2        0  0.0000E+00  0.3916E-01  0.0000E+00  0.0000E+00
     1     4     1     1        0  0.3600E+04  0.2339E+02  0.0000E+00  0.0000E+00
     1     4     1     2        0  0.5036E+01  0.1622E+02  0.0000E+00  0.0000E+00
     1     4     1     3        0  0.3939E+02  0.5732E+01  0.0000E+00  0.0000E+00
     1     4     1     4        0  0.2682E+00  0.2586E+00  0.0000E+00  0.0000E+00
     1     5     1     1        0  0.7572E+03  0.5565E+02  0.0000E+00  0.0000E+00
     1     5     1     2        0  0.3714E+05  0.1000E+03  0.0000E+00  0.0000E+00
     1     5     1     3        0  0.8504E+03  0.4446E+01  0.0000E+00  0.0000E+00
     1     5     1     4        0  0.1266E+06  0.3564E+02  0.0000E+00  0.0000E+00
     1     5     1     5        0  0.5163E+05  0.1000E+03  0.0000E+00  0.0000E+00
     1     5     2     1        0  0.7168E+03  0.7712E+02  0.0000E+00  0.0000E+00
     1     5     2     2        0  0.5608E+03  0.7401E+02  0.0000E+00  0.0000E+00
     1     5     2     3        0  0.2297E+02  0.2145E+02  0.0000E+00  0.0000E+00
     1     5     2     4        0  0.2311E+01  0.5369E+01  0.0000E+00  0.0000E+00
     1     5     2     5        0  0.3377E-02  0.2463E-01  0.0000E+00  0.0000E+00
     1     6     1     1        0  0.7199E+03  0.3381E+02  0.0000E+00  0.0000E+00
     1     6     1     2        0  0.1568E+03  0.2584E+02  0.0000E+00  0.0000E+00
     1     6     1     3        0  0.7892E+01  0.2466E+01  0.0000E+00  0.0000E+00
     1     6     1     4        0  0.2769E-01  0.2675E+00  0.0000E+00  0.0000E+00
     1     7     1     1        0  0.1568E+04  0.5766E+01  0.0000E+00  0.0000E+00
     1     7     1     2        0  0.1959E+04  0.1813E+02  0.0000E+00  0.0000E+00
     1     7     1     3        0  0.1047E+04  0.9600E+01  0.0000E+00  0.0000E+00
     1     7     1     4        0  0.3488E+04  0.1898E+02  0.0000E+00  0.0000E+00
     1     7     1     5        0  0.2050E+03  0.2190E+01  0.0000E+00  0.0000E+00
     1     7     1     6        0  0.1747E+05  0.5373E+02  0.0000E+00  0.0000E+00
     1     7     1     7        0  0.1073E+03  0.7405E+01  0.0000E+00  0.0000E+00
     1     7     1     8        0  0.1208E+03  0.1613E+02  0.0000E+00  0.0000E+00
     1     7     1     9        0  0.2168E+01  0.5167E+00  0.0000E+00  0.0000E+00
     1     7     1    10        0  0.1049E+00  0.1645E+00  0.0000E+00  0.0000E+00
     1     8     1     1        0  0.1050E+05  0.1000E+03  0.0000E+00  0.0000E+00
     1     8     1     2        0  0.1023E+04  0.9256E+02  0.0000E+00  0.0000E+00
     1     8     1     3        0  0.3843E+03  0.1258E+02  0.0000E+00  0.0000E+00
     1     8     1     4        0  0.1186E+02  0.1113E+01  0.0000E+00  0.0000E+00
     1     8     1     5        0  0.7377E+00  0.5141E-01  0.0000E+00  0.0000E+00
     1     8     1     6        0  0.1869E-03  0.7546E-03  0.0000E+00  0.0000E+00
     1     9     1     1        0  0.1105E+05  0.2669E+02  0.0000E+00  0.0000E+00
     1     9     1     2        0  0.5076E+03  0.2752E+02  0.0000E+00  0.0000E+00
     1     9     1     3        0  0.7027E+04  0.1385E+02  0.0000E+00  0.0000E+00
     1     9     1     4        0  0.2403E+02  0.1212E+01  0.0000E+00  0.0000E+00
     1     9     1     5        0  0.5117E+04  0.5263E+01  0.0000E+00  0.0000E+00
     1     9     1     6        0  0.1207E+02  0.9237E+00  0.0000E+00  0.0000E+00
     1     9     1     7        0  0.1375E+02  0.2374E+00  0.0000E+00  0.0000E+00
     1     9     1     8        0  0.8690E-01  0.1866E-01  0.0000E+00  0.0000E+00
     1    10     1     1        0  0.2677E+04  0.1491E+02  0.0000E+00  0.0000E+00
     1    10     1     2        0  0.5713E+04  0.3241E+02  0.0000E+00  0.0000E+00
     1    10     1     3        0  0.2806E+03  0.1702E+02  0.0000E+00  0.0000E+00
     1    10     1     4        0  0.3638E+06  0.1000E+03  0.0000E+00  0.0000E+00
     1    10     1     5        0  0.8150E+05  0.1000E+03  0.0000E+00  0.0000E+00
     1    10     2     1        0  0.6703E+02  0.8497E+01  0.0000E+00  0.0000E+00
     1    10     2     2        0  0.2192E+05  0.4949E+02  0.0000E+00  0.0000E+00
     1    10     2     3        0  0.3017E+03  0.3149E+02  0.0000E+00  0.0000E+00
     1    10     2     4        0  0.2419E+02  0.2881E+01  0.0000E+00  0.0000E+00
     1    10     2     5        0  0.2774E+03  0.6881E+01  0.0000E+00  0.0000E+00
     1    10     2     6        0  0.4244E+01  0.8733E+00  0.0000E+00  0.0000E+00
     1    10     2     7        0  0.3288E+02  0.2778E+01  0.0000E+00  0.0000E+00
     1    10     2     8        0  0.4373E+00  0.2755E+00  0.0000E+00  0.0000E+00
     1    11     1     1        0  0.2333E+04  0.1000E+03  0.0000E+00  0.0000E+00
     1    11     1     2        0  0.4294E+03  0.2735E+02  0.0000E+00  0.0000E+00
     1    11     1     3        0  0.1139E+03  0.6053E+01  0.0000E+00  0.0000E+00
     1    11     1     4        0  0.5434E+02  0.2018E+02  0.0000E+00  0.0000E+00
     1    11     1     5        0  0.3112E+02  0.1062E+02  0.0000E+00  0.0000E+00
     1    11     1     6        0  0.2885E+01  0.3617E+01  0.0000E+00  0.0000E+00
     1    11     1     7        0  0.6793E-01  0.5380E+00  0.0000E+00  0.0000E+00
     1    12     1     1        0  0.8147E+03  0.8669E+02  0.0000E+00  0.0000E+00
     1    12     1     2        0  0.3373E+05  0.1000E+03  0.0000E+00  0.0000E+00
     1    12     1     3        0  0.8635E+03  0.3776E+02  0.0000E+00  0.0000E+00
     1    12     1     4        0  0.7376E+03  0.4851E+01  0.0000E+00  0.0000E+00
     1    12     1     5        0  0.8016E+03  0.4808E+01  0.0000E+00  0.0000E+00
     1    12     1     6        0  0.2046E+04  0.1185E+02  0.0000E+00  0.0000E+00
     1    12     2     1        0  0.4375E+02  0.8755E+02  0.0000E+00  0.0000E+00
     1    12     2     2        0  0.2826E+04  0.1000E+03  0.0000E+00  0.0000E+00
     1    12     2     3        0  0.1199E+02  0.1419E+02  0.0000E+00  0.0000E+00
     1    12     2     4        0  0.1454E+04  0.5689E+02  0.0000E+00  0.0000E+00
     1    12     2     5        0  0.1692E+02  0.1001E+02  0.0000E+00  0.0000E+00
     1    12     3     1        0  0.3104E+02  0.1000E+03  0.0000E+00  0.0000E+00
     1    12     3     2        0  0.5102E+03  0.1000E+03  0.0000E+00  0.0000E+00
     1    12     3     3        0  0.2809E+01  0.9968E+01  0.0000E+00  0.0000E+00
     1    12     3     4        0  0.1257E+02  0.1429E+02  0.0000E+00  0.0000E+00
     1    12     3     5        0  0.2515E-01  0.5572E+00  0.0000E+00  0.0000E+00
     1    13     1     1        0  0.2031E+02  0.4426E+02  0.0000E+00  0.0000E+00
     1    13     1     2        0  0.1167E+03  0.9763E+02  0.0000E+00  0.0000E+00
     1    13     1     3        0  0.6073E+01  0.2341E+02  0.0000E+00  0.0000E+00
     1    13     1     4        0  0.5641E+02  0.6487E+02  0.0000E+00  0.0000E+00
     1    13     1     5        0  0.5539E+01  0.2068E+02  0.0000E+00  0.0000E+00
     1    13     1     6        0  0.4449E+05  0.1000E+03  0.0000E+00  0.0000E+00
     1    13     1     7        0  0.1855E+04  0.6407E+02  0.0000E+00  0.0000E+00
     1    13     2     1        0  0.9186E+00  0.3265E+02  0.0000E+00  0.0000E+00
     1    13     2     2        0  0.1182E+00  0.1238E+02  0.0000E+00  0.0000E+00
     1    13     2     3        0  0.2032E-03  0.4870E+00  0.0000E+00  0.0000E+00
     1    14     1     1        0  0.7432E+00  0.2505E+02  0.0000E+00  0.0000E+00
     1    14     1     2        0  0.8541E-01  0.8753E+01  0.0000E+00  0.0000E+00
     1    14     1     3        0  0.1966E-03  0.4063E+00  0.0000E+00  0.0000E+00
     1    15     1     1        0  0.2578E+05  0.1000E+03  0.0000E+00  0.0000E+00
     1    15     1     2        0  0.5404E+03  0.4777E+02  0.0000E+00  0.0000E+00
     1    15     1     3        0  0.4034E+04  0.7753E+01  0.0000E+00  0.0000E+00
     1    15     1     4        0  0.3732E+04  0.3810E+01  0.0000E+00  0.0000E+00
     1    15     2     1        0  0.1073E+00  0.2208E+02  0.0000E+00  0.0000E+00
     1    15     2     2        0  0.6911E-02  0.5689E+01  0.0000E+00  0.0000E+00
     1    16     1     1        0  0.1115E+00  0.1973E+02  0.0000E+00  0.0000E+00
     1    16     1     2        0  0.9623E-02  0.5840E+01  0.0000E+00  0.0000E+00
     1    16     1     3        0  0.0000E+00  0.2569E+00  0.0000E+00  0.0000E+00
     1    17     1     1        0  0.2167E+01  0.5203E+02  0.0000E+00  0.0000E+00
     1    17     1     2        0  0.4543E+00  0.2412E+02  0.0000E+00  0.0000E+00
     1    17     1     3        0  0.1631E-01  0.4512E+01  0.0000E+00  0.0000E+00
     1    18     1     1        0  0.1086E+02  0.6134E+02  0.0000E+00  0.0000E+00
     1    18     1     2        0  0.3948E+03  0.1000E+03  0.0000E+00  0.0000E+00
     1    18     1     3        0  0.6535E+01  0.1748E+02  0.0000E+00  0.0000E+00
     1    18     1     4        0  0.6232E+02  0.3488E+02  0.0000E+00  0.0000E+00
     1    18     1     5        0  0.7794E+01  0.1448E+02  0.0000E+00  0.0000E+00
     1    18     2     1        0  0.1763E+01  0.9547E+02  0.0000E+00  0.0000E+00
     1    18     2     2        0  0.3618E+00  0.4356E+02  0.0000E+00  0.0000E+00
     1    18     2     3        0  0.3559E-01  0.1355E+02  0.0000E+00  0.0000E+00
     1    18     2     4        0  0.3317E-03  0.1303E+01  0.0000E+00  0.0000E+00
     1    19     1     1        0  0.2411E+02  0.1000E+03  0.0000E+00  0.0000E+00
     1    19     1     2        0  0.1158E+03  0.1000E+03  0.0000E+00  0.0000E+00
     1    19     1     3        0  0.8945E+00  0.1130E+02  0.0000E+00  0.0000E+00
     1    19     1     4        0  0.8659E+01  0.2580E+02  0.0000E+00  0.0000E+00
     1    19     1     5        0  0.3630E+01  0.1739E+02  0.0000E+00  0.0000E+00
