SUMMARY OF C0NVERGENCE INFORMATION
  STEP   INC  ATT   ITER     CONT.   RESID.        CORR.      RESID.      CORR.
                              EL.    FORCE         DISP       FLUX        TEMP.
                              (#)     (%)           (%)        (%)         (%)
     1     1     1     1        0  0.2032E+04  0.1000E+03  0.0000E+00  0.0000E+00
     1     1     1     2        0  0.3174E+05  0.3224E+02  0.0000E+00  0.0000E+00
     1     1     1     3        0  0.2768E+05  0.7081E+02  0.0000E+00  0.0000E+00
     1     1     1     4        0  0.5742E+05  0.3537E+02  0.0000E+00  0.0000E+00
     1     1     1     5        0  0.1668E+05  0.7262E+02  0.0000E+00  0.0000E+00
     1     1     1     6        0  0.1467E+05  0.2743E+02  0.0000E+00  0.0000E+00
     1     1     1     7        0  0.2308E+05  0.8404E+02  0.0000E+00  0.0000E+00
     1     1     1     8        0  0.2139E+05  0.2337E+02  0.0000E+00  0.0000E+00
     1     1     2     1        0  0.5145E+03  0.1000E+03  0.0000E+00  0.0000E+00
     1     1     2     2        0  0.4213E+01  0.1763E+01  0.0000E+00  0.0000E+00
     1     1     2     3        0  0.0000E+00  0.5947E-02  0.0000E+00  0.0000E+00
     1     2     1     1        0  0.4165E+04  0.1091E+02  0.0000E+00  0.0000E+00
     1     2     1     2        0  0.1731E+02  0.7600E+01  0.0000E+00  0.0000E+00
     1     2     1     3        0  0.1865E+04  0.7024E+01  0.0000E+00  0.0000E+00
     1     2     1     4        0  0.1047E+03  0.4129E+01  0.0000E+00  0.0000E+00
     1     2     2     1        0  0.2051E+01  0.2638E+01  0.0000E+00  0.0000E+00
     1     2     2     2        0  0.0000E+00  0.1813E-01  0.0000E+00  0.0000E+00
     1     3     1     1        0  0.4604E+01  0.1846E+01  0.0000E+00  0.0000E+00
     1     3     1     2        0  0.0000E+00  0.3935E-01  0.0000E+00  0.0000E+00
     1     4     1     1        0  0.3679E+04  0.2364E+02  0.0000E+00  0.0000E+00
     1     4     1     2        0  0.5285E+01  0.1656E+02  0.0000E+00  0.0000E+00
     1     4     1     3        0  0.4267E+02  0.6005E+01  0.0000E+00  0.0000E+00
     1     4     1     4        0  0.3149E+00  0.2823E+00  0.0000E+00  0.0000E+00
     1     5     1     1        0  0.7429E+03  0.5572E+02  0.0000E+00  0.0000E+00
     1     5     1     2        0  0.3759E+05  0.1000E+03  0.0000E+00  0.0000E+00
     1     5     1     3        0  0.8697E+03  0.4659E+01  0.0000E+00  0.0000E+00
     1     5     1     4        0  0.1315E+06  0.3694E+02  0.0000E+00  0.0000E+00
     1     5     1     5        0  0.6231E+05  0.1000E+03  0.0000E+00  0.0000E+00
     1     5     2     1        0  0.7024E+03  0.7679E+02  0.0000E+00  0.0000E+00
     1     5     2     2        0  0.5777E+03  0.7477E+02  0.0000E+00  0.0000E+00
     1     5     2     3        0  0.2077E+02  0.2085E+02  0.0000E+00  0.0000E+00
     1     5     2     4        0  0.2255E+01  0.5282E+01  0.0000E+00  0.0000E+00
     1     5     2     5        0  0.3325E-02  0.2115E-01  0.0000E+00  0.0000E+00
     1     6     1     1        0  0.7250E+03  0.3366E+02  0.0000E+00  0.0000E+00
     1     6     1     2        0  0.1557E+03  0.2577E+02  0.0000E+00  0.0000E+00
     1     6     1     3        0  0.7936E+01  0.2444E+01  0.0000E+00  0.0000E+00
     1     6     1     4        0  0.2684E-01  0.2633E+00  0.0000E+00  0.0000E+00
     1     7     1     1        0  0.1546E+04  0.5708E+01  0.0000E+00  0.0000E+00
     1     7     1     2        0  0.2030E+04  0.1827E+02  0.0000E+00  0.0000E+00
     1     7     1     3        0  0.1095E+04  0.9818E+01  0.0000E+00  0.0000E+00
     1     7     1     4        0  0.4043E+04  0.2056E+02  0.0000E+00  0.0000E+00
     1     7     1     5        0  0.1524E+03  0.1578E+01  0.0000E+00  0.0000E+00
     1     7     1     6        0  0.2247E+05  0.6218E+02  0.0000E+00  0.0000E+00
     1     7     1     7        0  0.1900E+03  0.1178E+02  0.0000E+00  0.0000E+00
     1     7     2     1        0  0.1937E+03  0.1212E+02  0.0000E+00  0.0000E+00
     1     7     2     2        0  0.5101E+02  0.9295E+01  0.0000E+00  0.0000E+00
     1     7     2     3        0  0.1516E+02  0.3880E+01  0.0000E+00  0.0000E+00
     1     7     2     4        0  0.3452E+00  0.6173E+00  0.0000E+00  0.0000E+00
     1     8     1     1        0  0.3366E+02  0.2943E+01  0.0000E+00  0.0000E+00
     1     8     1     2        0  0.3078E+04  0.5878E+02  0.0000E+00  0.0000E+00
     1     8     1     3        0  0.1366E+02  0.3590E+01  0.0000E+00  0.0000E+00
     1     8     1     4        0  0.1023E+02  0.2883E+01  0.0000E+00  0.0000E+00
     1     8     1     5        0  0.6240E-01  0.2518E+00  0.0000E+00  0.0000E+00
     1     9     1     1        0  0.8401E+02  0.3601E+02  0.0000E+00  0.0000E+00
     1     9     1     2        0  0.1233E+04  0.7391E+02  0.0000E+00  0.0000E+00
     1     9     1     3        0  0.3937E+01  0.2632E+01  0.0000E+00  0.0000E+00
     1     9     1     4        0  0.3731E+02  0.5847E+01  0.0000E+00  0.0000E+00
     1     9     1     5        0  0.7592E-02  0.6459E-01  0.0000E+00  0.0000E+00
     1    10     1     1        0  0.2400E+03  0.3194E+02  0.0000E+00  0.0000E+00
     1    10     1     2        0  0.7645E+02  0.3417E+02  0.0000E+00  0.0000E+00
     1    10     1     3        0  0.1109E+02  0.2604E+01  0.0000E+00  0.0000E+00
     1    10     1     4        0  0.3245E-01  0.1322E+00  0.0000E+00  0.0000E+00
     1    11     1     1        0  0.1457E+03  0.8683E+01  0.0000E+00  0.0000E+00
     1    11     1     2        0  0.9027E+02  0.2560E+01  0.0000E+00  0.0000E+00
     1    11     1     3        0  0.7034E+01  0.2205E+01  0.0000E+00  0.0000E+00
     1    11     1     4        0  0.2762E+00  0.4780E+00  0.0000E+00  0.0000E+00
     1    12     1     1        0  0.2482E+03  0.4894E+01  0.0000E+00  0.0000E+00
     1    12     1     2        0  0.1164E+03  0.4733E+01  0.0000E+00  0.0000E+00
     1    12     1     3        0  0.1526E+02  0.2788E+01  0.0000E+00  0.0000E+00
     1    12     1     4        0  0.6860E+00  0.6213E+00  0.0000E+00  0.0000E+00
     1    12     1     5        0  0.6605E-03  0.2013E-01  0.0000E+00  0.0000E+00
     1    13     1     1        0  0.1758E+03  0.2814E+01  0.0000E+00  0.0000E+00
     1    13     1     2        0  0.7520E+02  0.7474E+01  0.0000E+00  0.0000E+00
     1    13     1     3        0  0.4808E+01  0.1944E+01  0.0000E+00  0.0000E+00
     1    13     1     4        0  0.7768E-01  0.2587E+00  0.0000E+00  0.0000E+00
     1    14     1     1        0  0.9349E+02  0.2807E+01  0.0000E+00  0.0000E+00
     1    14     1     2        0  0.3519E+02  0.6870E+01  0.0000E+00  0.0000E+00
     1    14     1     3        0  0.7369E+00  0.8703E+00  0.0000E+00  0.0000E+00
     1    14     1     4        0  0.2284E-02  0.5108E-01  0.0000E+00  0.0000E+00
     1    15     1     1        0  0.2205E+03  0.4325E+01  0.0000E+00  0.0000E+00
     1    15     1     2        0  0.9614E+02  0.6998E+01  0.0000E+00  0.0000E+00
     1    15     1     3        0  0.2257E+02  0.1112E+01  0.0000E+00  0.0000E+00
     1    15     1     4        0  0.6364E+01  0.3739E+00  0.0000E+00  0.0000E+00
     1    15     1     5        0  0.1387E+00  0.5239E-01  0.0000E+00  0.0000E+00
     1    16     1     1        0  0.2315E+03  0.8898E+01  0.0000E+00  0.0000E+00
     1    16     1     2        0  0.5924E+06  0.1000E+03  0.0000E+00  0.0000E+00
     1    16     1     3        0  0.1860E+06  0.1000E+03  0.0000E+00  0.0000E+00
     1    16     1     4        0  0.2657E+05  0.5727E+02  0.0000E+00  0.0000E+00
     1    16     1     5        0  0.6423E+05  0.1000E+03  0.0000E+00  0.0000E+00
     1    16     1     6        0  0.5925E+05  0.2842E+02  0.0000E+00  0.0000E+00
     1    16     2     1        0  0.4129E+02  0.7215E+01  0.0000E+00  0.0000E+00
     1    16     2     2        0  0.2676E+03  0.1062E+02  0.0000E+00  0.0000E+00
     1    16     2     3        0  0.3497E+01  0.1263E+01  0.0000E+00  0.0000E+00
     1    16     2     4        0  0.3386E+02  0.3476E+01  0.0000E+00  0.0000E+00
     1    16     2     5        0  0.1071E-01  0.1170E+00  0.0000E+00  0.0000E+00
     1    17     1     1        0  0.6549E+01  0.8053E+01  0.0000E+00  0.0000E+00
     1    17     1     2        0  0.5648E+04  0.4849E+02  0.0000E+00  0.0000E+00
     1    17     1     3        0  0.2650E+02  0.1622E+02  0.0000E+00  0.0000E+00
     1    17     1     4        0  0.1826E+03  0.1669E+02  0.0000E+00  0.0000E+00
     1    17     1     5        0  0.3213E+01  0.1073E+01  0.0000E+00  0.0000E+00
     1    17     1     6        0  0.1024E+02  0.2954E+01  0.0000E+00  0.0000E+00
     1    17     1     7        0  0.2434E-01  0.1214E+00  0.0000E+00  0.0000E+00
     1    18     1     1        0  0.1936E+03  0.4822E+02  0.0000E+00  0.0000E+00
     1    18     1     2        0  0.2585E+02  0.3934E+01  0.0000E+00  0.0000E+00
     1    18     1     3        0  0.4809E+02  0.4082E+01  0.0000E+00  0.0000E+00
     1    18     1     4        0  0.2182E+01  0.9483E+00  0.0000E+00  0.0000E+00
     1    18     1     5        0  0.4249E+00  0.5079E+00  0.0000E+00  0.0000E+00
     1    19     1     1        0  0.3490E+03  0.1000E+03  0.0000E+00  0.0000E+00
     1    19     1     2        0  0.4107E+03  0.1569E+02  0.0000E+00  0.0000E+00
     1    19     1     3        0  0.1410E+03  0.3328E+02  0.0000E+00  0.0000E+00
     1    19     1     4        0  0.4152E+02  0.1333E+02  0.0000E+00  0.0000E+00
     1    19     1     5        0  0.5777E+01  0.5516E+01  0.0000E+00  0.0000E+00
     1    19     1     6        0  0.5529E-01  0.4571E+00  0.0000E+00  0.0000E+00
     1    20     1     1        0  0.1110E+03  0.7440E+02  0.0000E+00  0.0000E+00
     1    20     1     2        0  0.4949E+05  0.1000E+03  0.0000E+00  0.0000E+00
     1    20     1     3        0  0.1704E+04  0.5417E+02  0.0000E+00  0.0000E+00
     1    20     1     4        0  0.1596E+04  0.6600E+01  0.0000E+00  0.0000E+00
     1    20     1     5        0  0.2312E+04  0.8560E+01  0.0000E+00  0.0000E+00
     1    20     1     6        0  0.4665E+03  0.5078E+01  0.0000E+00  0.0000E+00
     1    20     1     7        0  0.6531E+04  0.9483E+01  0.0000E+00  0.0000E+00
     1    20     1     8        0  0.5545E+03  0.1100E+02  0.0000E+00  0.0000E+00
     1    20     2     1        0  0.1225E+02  0.7715E+02  0.0000E+00  0.0000E+00
     1    20     2     2        0  0.8409E+02  0.1000E+03  0.0000E+00  0.0000E+00
     1    20     2     3        0  0.2858E+02  0.6378E+02  0.0000E+00  0.0000E+00
     1    20     2     4        0  0.5404E+04  0.1000E+03  0.0000E+00  0.0000E+00
     1    20     2     5        0  0.6951E+02  0.3025E+02  0.0000E+00  0.0000E+00
     1    20     3     1        0  0.9362E+00  0.8288E+02  0.0000E+00  0.0000E+00
     1    20     3     2        0  0.1583E+00  0.2409E+02  0.0000E+00  0.0000E+00
     1    20     3     3        0  0.1130E-03  0.6822E+00  0.0000E+00  0.0000E+00
     1    21     1     1        0  0.5718E+00  0.2455E+02  0.0000E+00  0.0000E+00
     1    21     1     2        0  0.4603E-01  0.6201E+01  0.0000E+00  0.0000E+00
     1    21     1     3        0  0.0000E+00  0.1596E+00  0.0000E+00  0.0000E+00
     1    22     1     1        0  0.6595E+01  0.4457E+02  0.0000E+00  0.0000E+00
     1    22     1     2        0  0.1776E+02  0.6620E+02  0.0000E+00  0.0000E+00
     1    22     1     3        0  0.1006E+02  0.5202E+02  0.0000E+00  0.0000E+00
     1    22     1     4        0  0.1550E+04  0.1000E+03  0.0000E+00  0.0000E+00
     1    22     1     5        0  0.3262E+02  0.2764E+02  0.0000E+00  0.0000E+00
     1    22     2     1        0  0.1535E+00  0.2575E+02  0.0000E+00  0.0000E+00
     1    22     2     2        0  0.5361E-02  0.4558E+01  0.0000E+00  0.0000E+00
     1    23     1     1        0  0.1613E+00  0.2046E+02  0.0000E+00  0.0000E+00
     1    23     1     2        0  0.9617E-02  0.4844E+01  0.0000E+00  0.0000E+00
     1    23     1     3        0  0.0000E+00  0.1384E+00  0.0000E+00  0.0000E+00
     1    24     1     1        0  0.2044E+01  0.3981E+02  0.0000E+00  0.0000E+00
     1    24     1     2        0  0.1482E+01  0.3252E+02  0.0000E+00  0.0000E+00
     1    24     1     3        0  0.9973E-01  0.8597E+01  0.0000E+00  0.0000E+00
     1    25     1     1        0  0.3576E+02  0.6956E+02  0.0000E+00  0.0000E+00
     1    25     1     2        0  0.4468E+03  0.1000E+03  0.0000E+00  0.0000E+00
     1    25     1     3        0  0.3515E+01  0.1327E+02  0.0000E+00  0.0000E+00
     1    25     1     4        0  0.1682E+03  0.5473E+02  0.0000E+00  0.0000E+00
     1    25     1     5        0  0.3824E+02  0.3101E+02  0.0000E+00  0.0000E+00
     1    25     2     1        0  0.9327E+01  0.1000E+03  0.0000E+00  0.0000E+00
     1    25     2     2        0  0.6812E+03  0.1000E+03  0.0000E+00  0.0000E+00
     1    25     2     3        0  0.9120E+01  0.1795E+02  0.0000E+00  0.0000E+00
     1    25     2     4        0  0.1073E+03  0.3296E+02  0.0000E+00  0.0000E+00
     1    25     2     5        0  0.8337E+01  0.1193E+02  0.0000E+00  0.0000E+00
     1    25     2     6        0  0.2227E+02  0.1710E+02  0.0000E+00  0.0000E+00
     1    25     2     7        0  0.8418E+01  0.1113E+02  0.0000E+00  0.0000E+00
     1    25     3     1        0  0.5052E+00  0.1000E+03  0.0000E+00  0.0000E+00
     1    25     3     2        0  0.1657E+00  0.5681E+02  0.0000E+00  0.0000E+00
     1    25     3     3        0  0.1065E-01  0.1448E+02  0.0000E+00  0.0000E+00
     1    26     1     1        0  0.9009E+01  0.1000E+03  0.0000E+00  0.0000E+00
     1    26     1     2        0  0.2557E+02  0.1000E+03  0.0000E+00  0.0000E+00
     1    26     1     3        0  0.9257E+00  0.1987E+02  0.0000E+00  0.0000E+00
     1    26     1     4        0  0.8425E+01  0.5645E+02  0.0000E+00  0.0000E+00
     1    26     1     5        0  0.8704E+02  0.1000E+03  0.0000E+00  0.0000E+00
