    1C
    1UUSER                                                              
    1UDATE              11.october.2022                                 
    1UTIME              18:40:33                                        
    1UHOST                                                              
    1UPGM               CalculiX                                        
    1UVERSION           Version 2.20                             
    1UCOMPILETIME       Sun Jul 31 18:08:37 CEST 2022                    
    1UDIR                                                               
    1UDBN                                                               
    1UMAT    1MESH_MATERIAL                                             
    2C                           409                                     1
 -1         1 0.00000E+00 0.00000E+00 0.00000E+00
 -1         2 1.66667E-02 0.00000E+00 0.00000E+00
 -1         3 3.33333E-02 0.00000E+00 0.00000E+00
 -1         5 6.66667E-02 0.00000E+00 0.00000E+00
 -1         8 0.00000E+00 6.25000E-03 0.00000E+00
 -1         9 1.66667E-02 6.25000E-03 0.00000E+00
 -1        10 3.33333E-02 6.25000E-03 0.00000E+00
 -1        12 6.66667E-02 6.25000E-03 0.00000E+00
 -1        15 0.00000E+00 1.25000E-02 0.00000E+00
 -1        16 1.66667E-02 1.25000E-02 0.00000E+00
 -1        17 3.33333E-02 1.25000E-02 0.00000E+00
 -1        18 5.00000E-02 1.25000E-02 0.00000E+00
 -1        19 6.66667E-02 1.25000E-02 0.00000E+00
 -1        20 8.33333E-02 1.25000E-02 0.00000E+00
 -1        21 1.00000E-01 1.25000E-02 0.00000E+00
 -1        24 3.33333E-02 1.87500E-02 0.00000E+00
 -1        25 5.00000E-02 1.87500E-02 0.00000E+00
 -1        26 6.66667E-02 1.87500E-02 0.00000E+00
 -1        27 8.33333E-02 1.87500E-02 0.00000E+00
 -1        28 1.00000E-01 1.87500E-02 0.00000E+00
 -1        32 5.00000E-02 2.50000E-02 0.00000E+00
 -1        33 6.66667E-02 2.50000E-02 0.00000E+00
 -1        34 8.33333E-02 2.50000E-02 0.00000E+00
 -1        35 1.00000E-01 2.50000E-02 0.00000E+00
 -1        51 0.00000E+00 1.04167E-03 0.00000E+00
 -1        52 0.00000E+00 2.08333E-03 0.00000E+00
 -1        53 0.00000E+00 3.12500E-03 0.00000E+00
 -1        54 0.00000E+00 4.16667E-03 0.00000E+00
 -1        55 0.00000E+00 5.20833E-03 0.00000E+00
 -1        56 1.04167E-03 3.90630E-04 0.00000E+00
 -1        57 2.08333E-03 7.81250E-04 0.00000E+00
 -1        58 3.12500E-03 1.17188E-03 0.00000E+00
 -1        59 4.16667E-03 1.56250E-03 0.00000E+00
 -1        60 5.20833E-03 1.95312E-03 0.00000E+00
 -1        61 6.25000E-03 2.34375E-03 0.00000E+00
 -1        62 7.29167E-03 2.73438E-03 0.00000E+00
 -1        63 8.33333E-03 3.12500E-03 0.00000E+00
 -1        64 9.37500E-03 3.51563E-03 0.00000E+00
 -1        65 1.04167E-02 3.90625E-03 0.00000E+00
 -1        66 1.14583E-02 4.29688E-03 0.00000E+00
 -1        67 1.25000E-02 4.68750E-03 0.00000E+00
 -1        68 1.35417E-02 5.07813E-03 0.00000E+00
 -1        69 1.45833E-02 5.46875E-03 0.00000E+00
 -1        70 1.56250E-02 5.85938E-03 0.00000E+00
 -1        86 1.66667E-02 1.04167E-03 0.00000E+00
 -1        87 1.66667E-02 2.08333E-03 0.00000E+00
 -1        88 1.66667E-02 3.12500E-03 0.00000E+00
 -1        89 1.66667E-02 4.16667E-03 0.00000E+00
 -1        90 1.66667E-02 5.20833E-03 0.00000E+00
 -1       121 3.33333E-02 1.04167E-03 0.00000E+00
 -1       122 3.33333E-02 2.08333E-03 0.00000E+00
 -1       123 3.33333E-02 3.12500E-03 0.00000E+00
 -1       124 3.33333E-02 4.16667E-03 0.00000E+00
 -1       125 3.33333E-02 5.20833E-03 0.00000E+00
 -1       191 6.66667E-02 1.04167E-03 0.00000E+00
 -1       192 6.66667E-02 2.08333E-03 0.00000E+00
 -1       193 6.66667E-02 3.12500E-03 0.00000E+00
 -1       194 6.66667E-02 4.16667E-03 0.00000E+00
 -1       195 6.66667E-02 5.20833E-03 0.00000E+00
 -1       251 1.04167E-03 6.25000E-03 0.00000E+00
 -1       252 2.08333E-03 6.25000E-03 0.00000E+00
 -1       253 3.12500E-03 6.25000E-03 0.00000E+00
 -1       254 4.16667E-03 6.25000E-03 0.00000E+00
 -1       255 5.20833E-03 6.25000E-03 0.00000E+00
 -1       256 6.25000E-03 6.25000E-03 0.00000E+00
 -1       257 7.29167E-03 6.25000E-03 0.00000E+00
 -1       258 8.33333E-03 6.25000E-03 0.00000E+00
 -1       259 9.37500E-03 6.25000E-03 0.00000E+00
 -1       260 1.04167E-02 6.25000E-03 0.00000E+00
 -1       261 1.14583E-02 6.25000E-03 0.00000E+00
 -1       262 1.25000E-02 6.25000E-03 0.00000E+00
 -1       263 1.35417E-02 6.25000E-03 0.00000E+00
 -1       264 1.45833E-02 6.25000E-03 0.00000E+00
 -1       265 1.56250E-02 6.25000E-03 0.00000E+00
 -1       266 0.00000E+00 7.29167E-03 0.00000E+00
 -1       267 0.00000E+00 8.33333E-03 0.00000E+00
 -1       268 0.00000E+00 9.37500E-03 0.00000E+00
 -1       269 0.00000E+00 1.04167E-02 0.00000E+00
 -1       270 0.00000E+00 1.14583E-02 0.00000E+00
 -1       271 1.04167E-03 6.64063E-03 0.00000E+00
 -1       272 2.08333E-03 7.03125E-03 0.00000E+00
 -1       273 3.12500E-03 7.42188E-03 0.00000E+00
 -1       274 4.16667E-03 7.81250E-03 0.00000E+00
 -1       275 5.20833E-03 8.20313E-03 0.00000E+00
 -1       276 6.25000E-03 8.59375E-03 0.00000E+00
 -1       277 7.29167E-03 8.98438E-03 0.00000E+00
 -1       278 8.33333E-03 9.37500E-03 0.00000E+00
 -1       279 9.37500E-03 9.76562E-03 0.00000E+00
 -1       280 1.04167E-02 1.01562E-02 0.00000E+00
 -1       281 1.14583E-02 1.05469E-02 0.00000E+00
 -1       282 1.25000E-02 1.09375E-02 0.00000E+00
 -1       283 1.35417E-02 1.13281E-02 0.00000E+00
 -1       284 1.45833E-02 1.17188E-02 0.00000E+00
 -1       285 1.56250E-02 1.21094E-02 0.00000E+00
 -1       301 1.66667E-02 7.29167E-03 0.00000E+00
 -1       302 1.66667E-02 8.33333E-03 0.00000E+00
 -1       303 1.66667E-02 9.37500E-03 0.00000E+00
 -1       304 1.66667E-02 1.04167E-02 0.00000E+00
 -1       305 1.66667E-02 1.14583E-02 0.00000E+00
 -1       306 1.77083E-02 6.64063E-03 0.00000E+00
 -1       307 1.87500E-02 7.03125E-03 0.00000E+00
 -1       308 1.97917E-02 7.42188E-03 0.00000E+00
 -1       309 2.08333E-02 7.81250E-03 0.00000E+00
 -1       310 2.18750E-02 8.20313E-03 0.00000E+00
 -1       311 2.29167E-02 8.59375E-03 0.00000E+00
 -1       312 2.39583E-02 8.98438E-03 0.00000E+00
 -1       313 2.50000E-02 9.37500E-03 0.00000E+00
 -1       314 2.60417E-02 9.76562E-03 0.00000E+00
 -1       315 2.70833E-02 1.01562E-02 0.00000E+00
 -1       316 2.81250E-02 1.05469E-02 0.00000E+00
 -1       317 2.91667E-02 1.09375E-02 0.00000E+00
 -1       318 3.02083E-02 1.13281E-02 0.00000E+00
 -1       319 3.12500E-02 1.17188E-02 0.00000E+00
 -1       320 3.22917E-02 1.21094E-02 0.00000E+00
 -1       336 3.33333E-02 7.29167E-03 0.00000E+00
 -1       337 3.33333E-02 8.33333E-03 0.00000E+00
 -1       338 3.33333E-02 9.37500E-03 0.00000E+00
 -1       339 3.33333E-02 1.04167E-02 0.00000E+00
 -1       340 3.33333E-02 1.14583E-02 0.00000E+00
 -1       406 6.66667E-02 7.29167E-03 0.00000E+00
 -1       407 6.66667E-02 8.33333E-03 0.00000E+00
 -1       408 6.66667E-02 9.37500E-03 0.00000E+00
 -1       409 6.66667E-02 1.04167E-02 0.00000E+00
 -1       410 6.66667E-02 1.14583E-02 0.00000E+00
 -1       521 1.77083E-02 1.28906E-02 0.00000E+00
 -1       522 1.87500E-02 1.32813E-02 0.00000E+00
 -1       523 1.97917E-02 1.36719E-02 0.00000E+00
 -1       524 2.08333E-02 1.40625E-02 0.00000E+00
 -1       525 2.18750E-02 1.44531E-02 0.00000E+00
 -1       526 2.29167E-02 1.48437E-02 0.00000E+00
 -1       527 2.39583E-02 1.52344E-02 0.00000E+00
 -1       528 2.50000E-02 1.56250E-02 0.00000E+00
 -1       529 2.60417E-02 1.60156E-02 0.00000E+00
 -1       530 2.70833E-02 1.64062E-02 0.00000E+00
 -1       531 2.81250E-02 1.67969E-02 0.00000E+00
 -1       532 2.91667E-02 1.71875E-02 0.00000E+00
 -1       533 3.02083E-02 1.75781E-02 0.00000E+00
 -1       534 3.12500E-02 1.79687E-02 0.00000E+00
 -1       535 3.22917E-02 1.83594E-02 0.00000E+00
 -1       536 3.43750E-02 1.25000E-02 0.00000E+00
 -1       537 3.54167E-02 1.25000E-02 0.00000E+00
 -1       538 3.64583E-02 1.25000E-02 0.00000E+00
 -1       539 3.75000E-02 1.25000E-02 0.00000E+00
 -1       540 3.85417E-02 1.25000E-02 0.00000E+00
 -1       541 3.95833E-02 1.25000E-02 0.00000E+00
 -1       542 4.06250E-02 1.25000E-02 0.00000E+00
 -1       543 4.16667E-02 1.25000E-02 0.00000E+00
 -1       544 4.27083E-02 1.25000E-02 0.00000E+00
 -1       545 4.37500E-02 1.25000E-02 0.00000E+00
 -1       546 4.47917E-02 1.25000E-02 0.00000E+00
 -1       547 4.58333E-02 1.25000E-02 0.00000E+00
 -1       548 4.68750E-02 1.25000E-02 0.00000E+00
 -1       549 4.79167E-02 1.25000E-02 0.00000E+00
 -1       550 4.89583E-02 1.25000E-02 0.00000E+00
 -1       551 3.33333E-02 1.35417E-02 0.00000E+00
 -1       552 3.33333E-02 1.45833E-02 0.00000E+00
 -1       553 3.33333E-02 1.56250E-02 0.00000E+00
 -1       554 3.33333E-02 1.66667E-02 0.00000E+00
 -1       555 3.33333E-02 1.77083E-02 0.00000E+00
 -1       556 3.43750E-02 1.28906E-02 0.00000E+00
 -1       557 3.54167E-02 1.32813E-02 0.00000E+00
 -1       558 3.64583E-02 1.36719E-02 0.00000E+00
 -1       559 3.75000E-02 1.40625E-02 0.00000E+00
 -1       560 3.85417E-02 1.44531E-02 0.00000E+00
 -1       561 3.95833E-02 1.48437E-02 0.00000E+00
 -1       562 4.06250E-02 1.52344E-02 0.00000E+00
 -1       563 4.16667E-02 1.56250E-02 0.00000E+00
 -1       564 4.27083E-02 1.60156E-02 0.00000E+00
 -1       565 4.37500E-02 1.64062E-02 0.00000E+00
 -1       566 4.47917E-02 1.67969E-02 0.00000E+00
 -1       567 4.58333E-02 1.71875E-02 0.00000E+00
 -1       568 4.68750E-02 1.75781E-02 0.00000E+00
 -1       569 4.79167E-02 1.79687E-02 0.00000E+00
 -1       570 4.89583E-02 1.83594E-02 0.00000E+00
 -1       571 5.10417E-02 1.25000E-02 0.00000E+00
 -1       572 5.20833E-02 1.25000E-02 0.00000E+00
 -1       573 5.31250E-02 1.25000E-02 0.00000E+00
 -1       574 5.41667E-02 1.25000E-02 0.00000E+00
 -1       575 5.52083E-02 1.25000E-02 0.00000E+00
 -1       576 5.62500E-02 1.25000E-02 0.00000E+00
 -1       577 5.72917E-02 1.25000E-02 0.00000E+00
 -1       578 5.83333E-02 1.25000E-02 0.00000E+00
 -1       579 5.93750E-02 1.25000E-02 0.00000E+00
 -1       580 6.04167E-02 1.25000E-02 0.00000E+00
 -1       581 6.14583E-02 1.25000E-02 0.00000E+00
 -1       582 6.25000E-02 1.25000E-02 0.00000E+00
 -1       583 6.35417E-02 1.25000E-02 0.00000E+00
 -1       584 6.45833E-02 1.25000E-02 0.00000E+00
 -1       585 6.56250E-02 1.25000E-02 0.00000E+00
 -1       586 5.00000E-02 1.35417E-02 0.00000E+00
 -1       587 5.00000E-02 1.45833E-02 0.00000E+00
 -1       588 5.00000E-02 1.56250E-02 0.00000E+00
 -1       589 5.00000E-02 1.66667E-02 0.00000E+00
 -1       590 5.00000E-02 1.77083E-02 0.00000E+00
 -1       591 5.10417E-02 1.28906E-02 0.00000E+00
 -1       592 5.20833E-02 1.32813E-02 0.00000E+00
 -1       593 5.31250E-02 1.36719E-02 0.00000E+00
 -1       594 5.41667E-02 1.40625E-02 0.00000E+00
 -1       595 5.52083E-02 1.44531E-02 0.00000E+00
 -1       596 5.62500E-02 1.48437E-02 0.00000E+00
 -1       597 5.72917E-02 1.52344E-02 0.00000E+00
 -1       598 5.83333E-02 1.56250E-02 0.00000E+00
 -1       599 5.93750E-02 1.60156E-02 0.00000E+00
 -1       600 6.04167E-02 1.64062E-02 0.00000E+00
 -1       601 6.14583E-02 1.67969E-02 0.00000E+00
 -1       602 6.25000E-02 1.71875E-02 0.00000E+00
 -1       603 6.35417E-02 1.75781E-02 0.00000E+00
 -1       604 6.45833E-02 1.79687E-02 0.00000E+00
 -1       605 6.56250E-02 1.83594E-02 0.00000E+00
 -1       606 6.77083E-02 1.25000E-02 0.00000E+00
 -1       607 6.87500E-02 1.25000E-02 0.00000E+00
 -1       608 6.97917E-02 1.25000E-02 0.00000E+00
 -1       609 7.08333E-02 1.25000E-02 0.00000E+00
 -1       610 7.18750E-02 1.25000E-02 0.00000E+00
 -1       611 7.29167E-02 1.25000E-02 0.00000E+00
 -1       612 7.39583E-02 1.25000E-02 0.00000E+00
 -1       613 7.50000E-02 1.25000E-02 0.00000E+00
 -1       614 7.60417E-02 1.25000E-02 0.00000E+00
 -1       615 7.70833E-02 1.25000E-02 0.00000E+00
 -1       616 7.81250E-02 1.25000E-02 0.00000E+00
 -1       617 7.91667E-02 1.25000E-02 0.00000E+00
 -1       618 8.02083E-02 1.25000E-02 0.00000E+00
 -1       619 8.12500E-02 1.25000E-02 0.00000E+00
 -1       620 8.22917E-02 1.25000E-02 0.00000E+00
 -1       621 6.66667E-02 1.35417E-02 0.00000E+00
 -1       622 6.66667E-02 1.45833E-02 0.00000E+00
 -1       623 6.66667E-02 1.56250E-02 0.00000E+00
 -1       624 6.66667E-02 1.66667E-02 0.00000E+00
 -1       625 6.66667E-02 1.77083E-02 0.00000E+00
 -1       626 6.77083E-02 1.28906E-02 0.00000E+00
 -1       627 6.87500E-02 1.32813E-02 0.00000E+00
 -1       628 6.97917E-02 1.36719E-02 0.00000E+00
 -1       629 7.08333E-02 1.40625E-02 0.00000E+00
 -1       630 7.18750E-02 1.44531E-02 0.00000E+00
 -1       631 7.29167E-02 1.48437E-02 0.00000E+00
 -1       632 7.39583E-02 1.52344E-02 0.00000E+00
 -1       633 7.50000E-02 1.56250E-02 0.00000E+00
 -1       634 7.60417E-02 1.60156E-02 0.00000E+00
 -1       635 7.70833E-02 1.64062E-02 0.00000E+00
 -1       636 7.81250E-02 1.67969E-02 0.00000E+00
 -1       637 7.91667E-02 1.71875E-02 0.00000E+00
 -1       638 8.02083E-02 1.75781E-02 0.00000E+00
 -1       639 8.12500E-02 1.79687E-02 0.00000E+00
 -1       640 8.22917E-02 1.83594E-02 0.00000E+00
 -1       656 8.33333E-02 1.35417E-02 0.00000E+00
 -1       657 8.33333E-02 1.45833E-02 0.00000E+00
 -1       658 8.33333E-02 1.56250E-02 0.00000E+00
 -1       659 8.33333E-02 1.66667E-02 0.00000E+00
 -1       660 8.33333E-02 1.77083E-02 0.00000E+00
 -1       661 8.43750E-02 1.28906E-02 0.00000E+00
 -1       662 8.54167E-02 1.32813E-02 0.00000E+00
 -1       663 8.64583E-02 1.36719E-02 0.00000E+00
 -1       664 8.75000E-02 1.40625E-02 0.00000E+00
 -1       665 8.85417E-02 1.44531E-02 0.00000E+00
 -1       666 8.95833E-02 1.48437E-02 0.00000E+00
 -1       667 9.06250E-02 1.52344E-02 0.00000E+00
 -1       668 9.16667E-02 1.56250E-02 0.00000E+00
 -1       669 9.27083E-02 1.60156E-02 0.00000E+00
 -1       670 9.37500E-02 1.64062E-02 0.00000E+00
 -1       671 9.47917E-02 1.67969E-02 0.00000E+00
 -1       672 9.58333E-02 1.71875E-02 0.00000E+00
 -1       673 9.68750E-02 1.75781E-02 0.00000E+00
 -1       674 9.79167E-02 1.79687E-02 0.00000E+00
 -1       675 9.89583E-02 1.83594E-02 0.00000E+00
 -1       676 1.00000E-01 1.35417E-02 0.00000E+00
 -1       677 1.00000E-01 1.45833E-02 0.00000E+00
 -1       678 1.00000E-01 1.56250E-02 0.00000E+00
 -1       679 1.00000E-01 1.66667E-02 0.00000E+00
 -1       680 1.00000E-01 1.77083E-02 0.00000E+00
 -1       771 3.43750E-02 1.91406E-02 0.00000E+00
 -1       772 3.54167E-02 1.95312E-02 0.00000E+00
 -1       773 3.64583E-02 1.99219E-02 0.00000E+00
 -1       774 3.75000E-02 2.03125E-02 0.00000E+00
 -1       775 3.85417E-02 2.07031E-02 0.00000E+00
 -1       776 3.95833E-02 2.10938E-02 0.00000E+00
 -1       777 4.06250E-02 2.14844E-02 0.00000E+00
 -1       778 4.16667E-02 2.18750E-02 0.00000E+00
 -1       779 4.27083E-02 2.22656E-02 0.00000E+00
 -1       780 4.37500E-02 2.26563E-02 0.00000E+00
 -1       781 4.47917E-02 2.30469E-02 0.00000E+00
 -1       782 4.58333E-02 2.34375E-02 0.00000E+00
 -1       783 4.68750E-02 2.38281E-02 0.00000E+00
 -1       784 4.79167E-02 2.42187E-02 0.00000E+00
 -1       785 4.89583E-02 2.46094E-02 0.00000E+00
 -1       786 5.10417E-02 1.87500E-02 0.00000E+00
 -1       787 5.20833E-02 1.87500E-02 0.00000E+00
 -1       788 5.31250E-02 1.87500E-02 0.00000E+00
 -1       789 5.41667E-02 1.87500E-02 0.00000E+00
 -1       790 5.52083E-02 1.87500E-02 0.00000E+00
 -1       791 5.62500E-02 1.87500E-02 0.00000E+00
 -1       792 5.72917E-02 1.87500E-02 0.00000E+00
 -1       793 5.83333E-02 1.87500E-02 0.00000E+00
 -1       794 5.93750E-02 1.87500E-02 0.00000E+00
 -1       795 6.04167E-02 1.87500E-02 0.00000E+00
 -1       796 6.14583E-02 1.87500E-02 0.00000E+00
 -1       797 6.25000E-02 1.87500E-02 0.00000E+00
 -1       798 6.35417E-02 1.87500E-02 0.00000E+00
 -1       799 6.45833E-02 1.87500E-02 0.00000E+00
 -1       800 6.56250E-02 1.87500E-02 0.00000E+00
 -1       801 5.00000E-02 1.97917E-02 0.00000E+00
 -1       802 5.00000E-02 2.08333E-02 0.00000E+00
 -1       803 5.00000E-02 2.18750E-02 0.00000E+00
 -1       804 5.00000E-02 2.29167E-02 0.00000E+00
 -1       805 5.00000E-02 2.39583E-02 0.00000E+00
 -1       806 5.10417E-02 1.91406E-02 0.00000E+00
 -1       807 5.20833E-02 1.95312E-02 0.00000E+00
 -1       808 5.31250E-02 1.99219E-02 0.00000E+00
 -1       809 5.41667E-02 2.03125E-02 0.00000E+00
 -1       810 5.52083E-02 2.07031E-02 0.00000E+00
 -1       811 5.62500E-02 2.10938E-02 0.00000E+00
 -1       812 5.72917E-02 2.14844E-02 0.00000E+00
 -1       813 5.83333E-02 2.18750E-02 0.00000E+00
 -1       814 5.93750E-02 2.22656E-02 0.00000E+00
 -1       815 6.04167E-02 2.26563E-02 0.00000E+00
 -1       816 6.14583E-02 2.30469E-02 0.00000E+00
 -1       817 6.25000E-02 2.34375E-02 0.00000E+00
 -1       818 6.35417E-02 2.38281E-02 0.00000E+00
 -1       819 6.45833E-02 2.42187E-02 0.00000E+00
 -1       820 6.56250E-02 2.46094E-02 0.00000E+00
 -1       821 6.77083E-02 1.87500E-02 0.00000E+00
 -1       822 6.87500E-02 1.87500E-02 0.00000E+00
 -1       823 6.97917E-02 1.87500E-02 0.00000E+00
 -1       824 7.08333E-02 1.87500E-02 0.00000E+00
 -1       825 7.18750E-02 1.87500E-02 0.00000E+00
 -1       826 7.29167E-02 1.87500E-02 0.00000E+00
 -1       827 7.39583E-02 1.87500E-02 0.00000E+00
 -1       828 7.50000E-02 1.87500E-02 0.00000E+00
 -1       829 7.60417E-02 1.87500E-02 0.00000E+00
 -1       830 7.70833E-02 1.87500E-02 0.00000E+00
 -1       831 7.81250E-02 1.87500E-02 0.00000E+00
 -1       832 7.91667E-02 1.87500E-02 0.00000E+00
 -1       833 8.02083E-02 1.87500E-02 0.00000E+00
 -1       834 8.12500E-02 1.87500E-02 0.00000E+00
 -1       835 8.22917E-02 1.87500E-02 0.00000E+00
 -1       836 6.66667E-02 1.97917E-02 0.00000E+00
 -1       837 6.66667E-02 2.08333E-02 0.00000E+00
 -1       838 6.66667E-02 2.18750E-02 0.00000E+00
 -1       839 6.66667E-02 2.29167E-02 0.00000E+00
 -1       840 6.66667E-02 2.39583E-02 0.00000E+00
 -1       856 8.43750E-02 1.87500E-02 0.00000E+00
 -1       857 8.54167E-02 1.87500E-02 0.00000E+00
 -1       858 8.64583E-02 1.87500E-02 0.00000E+00
 -1       859 8.75000E-02 1.87500E-02 0.00000E+00
 -1       860 8.85417E-02 1.87500E-02 0.00000E+00
 -1       861 8.95833E-02 1.87500E-02 0.00000E+00
 -1       862 9.06250E-02 1.87500E-02 0.00000E+00
 -1       863 9.16667E-02 1.87500E-02 0.00000E+00
 -1       864 9.27083E-02 1.87500E-02 0.00000E+00
 -1       865 9.37500E-02 1.87500E-02 0.00000E+00
 -1       866 9.47917E-02 1.87500E-02 0.00000E+00
 -1       867 9.58333E-02 1.87500E-02 0.00000E+00
 -1       868 9.68750E-02 1.87500E-02 0.00000E+00
 -1       869 9.79167E-02 1.87500E-02 0.00000E+00
 -1       870 9.89583E-02 1.87500E-02 0.00000E+00
 -1       871 8.33333E-02 1.97917E-02 0.00000E+00
 -1       872 8.33333E-02 2.08333E-02 0.00000E+00
 -1       873 8.33333E-02 2.18750E-02 0.00000E+00
 -1       874 8.33333E-02 2.29167E-02 0.00000E+00
 -1       875 8.33333E-02 2.39583E-02 0.00000E+00
 -1       876 8.43750E-02 1.91406E-02 0.00000E+00
 -1       877 8.54167E-02 1.95312E-02 0.00000E+00
 -1       878 8.64583E-02 1.99219E-02 0.00000E+00
 -1       879 8.75000E-02 2.03125E-02 0.00000E+00
 -1       880 8.85417E-02 2.07031E-02 0.00000E+00
 -1       881 8.95833E-02 2.10938E-02 0.00000E+00
 -1       882 9.06250E-02 2.14844E-02 0.00000E+00
 -1       883 9.16667E-02 2.18750E-02 0.00000E+00
 -1       884 9.27083E-02 2.22656E-02 0.00000E+00
 -1       885 9.37500E-02 2.26563E-02 0.00000E+00
 -1       886 9.47917E-02 2.30469E-02 0.00000E+00
 -1       887 9.58333E-02 2.34375E-02 0.00000E+00
 -1       888 9.68750E-02 2.38281E-02 0.00000E+00
 -1       889 9.79167E-02 2.42187E-02 0.00000E+00
 -1       890 9.89583E-02 2.46094E-02 0.00000E+00
 -1       891 1.00000E-01 1.97917E-02 0.00000E+00
 -1       892 1.00000E-01 2.08333E-02 0.00000E+00
 -1       893 1.00000E-01 2.18750E-02 0.00000E+00
 -1       894 1.00000E-01 2.29167E-02 0.00000E+00
 -1       895 1.00000E-01 2.39583E-02 0.00000E+00
 -1       956 6.77083E-02 2.50000E-02 0.00000E+00
 -1       957 6.87500E-02 2.50000E-02 0.00000E+00
 -1       958 6.97917E-02 2.50000E-02 0.00000E+00
 -1       959 7.08333E-02 2.50000E-02 0.00000E+00
 -1       960 7.18750E-02 2.50000E-02 0.00000E+00
 -1       961 7.29167E-02 2.50000E-02 0.00000E+00
 -1       962 7.39583E-02 2.50000E-02 0.00000E+00
 -1       963 7.50000E-02 2.50000E-02 0.00000E+00
 -1       964 7.60417E-02 2.50000E-02 0.00000E+00
 -1       965 7.70833E-02 2.50000E-02 0.00000E+00
 -1       966 7.81250E-02 2.50000E-02 0.00000E+00
 -1       967 7.91667E-02 2.50000E-02 0.00000E+00
 -1       968 8.02083E-02 2.50000E-02 0.00000E+00
 -1       969 8.12500E-02 2.50000E-02 0.00000E+00
 -1       970 8.22917E-02 2.50000E-02 0.00000E+00
 -1       971 8.43750E-02 2.50000E-02 0.00000E+00
 -1       972 8.54167E-02 2.50000E-02 0.00000E+00
 -1       973 8.64583E-02 2.50000E-02 0.00000E+00
 -1       974 8.75000E-02 2.50000E-02 0.00000E+00
 -1       975 8.85417E-02 2.50000E-02 0.00000E+00
 -1       976 8.95833E-02 2.50000E-02 0.00000E+00
 -1       977 9.06250E-02 2.50000E-02 0.00000E+00
 -1       978 9.16667E-02 2.50000E-02 0.00000E+00
 -1       979 9.27083E-02 2.50000E-02 0.00000E+00
 -1       980 9.37500E-02 2.50000E-02 0.00000E+00
 -1       981 9.47917E-02 2.50000E-02 0.00000E+00
 -1       982 9.58333E-02 2.50000E-02 0.00000E+00
 -1       983 9.68750E-02 2.50000E-02 0.00000E+00
 -1       984 9.79167E-02 2.50000E-02 0.00000E+00
 -1       985 9.89583E-02 2.50000E-02 0.00000E+00
 -3
    3C                           211                                     1
 -1         1   12    0    1
 -2         1        52        51
 -1         2   12    0    1
 -2        52        54        53
 -1         3   12    0    1
 -2        54         8        55
 -1         4   12    0    1
 -2         1        57        56
 -1         5   12    0    1
 -2        57        59        58
 -1         6   12    0    1
 -2        59        61        60
 -1         7   12    0    1
 -2        61        63        62
 -1         8   12    0    1
 -2        63        65        64
 -1         9   12    0    1
 -2        65        67        66
 -1        10   12    0    1
 -2        67        69        68
 -1        11   12    0    1
 -2        69         9        70
 -1        12   12    0    1
 -2         2        87        86
 -1        13   12    0    1
 -2        87        89        88
 -1        14   12    0    1
 -2        89         9        90
 -1        15   12    0    1
 -2         3       122       121
 -1        16   12    0    1
 -2       122       124       123
 -1        17   12    0    1
 -2       124        10       125
 -1        18   12    0    1
 -2         5       192       191
 -1        19   12    0    1
 -2       192       194       193
 -1        20   12    0    1
 -2       194        12       195
 -1        21   12    0    1
 -2         8       252       251
 -1        22   12    0    1
 -2       252       254       253
 -1        23   12    0    1
 -2       254       256       255
 -1        24   12    0    1
 -2       256       258       257
 -1        25   12    0    1
 -2       258       260       259
 -1        26   12    0    1
 -2       260       262       261
 -1        27   12    0    1
 -2       262       264       263
 -1        28   12    0    1
 -2       264         9       265
 -1        29   12    0    1
 -2         8       267       266
 -1        30   12    0    1
 -2       267       269       268
 -1        31   12    0    1
 -2       269        15       270
 -1        32   12    0    1
 -2         8       272       271
 -1        33   12    0    1
 -2       272       274       273
 -1        34   12    0    1
 -2       274       276       275
 -1        35   12    0    1
 -2       276       278       277
 -1        36   12    0    1
 -2       278       280       279
 -1        37   12    0    1
 -2       280       282       281
 -1        38   12    0    1
 -2       282       284       283
 -1        39   12    0    1
 -2       284        16       285
 -1        40   12    0    1
 -2         9       302       301
 -1        41   12    0    1
 -2       302       304       303
 -1        42   12    0    1
 -2       304        16       305
 -1        43   12    0    1
 -2         9       307       306
 -1        44   12    0    1
 -2       307       309       308
 -1        45   12    0    1
 -2       309       311       310
 -1        46   12    0    1
 -2       311       313       312
 -1        47   12    0    1
 -2       313       315       314
 -1        48   12    0    1
 -2       315       317       316
 -1        49   12    0    1
 -2       317       319       318
 -1        50   12    0    1
 -2       319        17       320
 -1        51   12    0    1
 -2        10       337       336
 -1        52   12    0    1
 -2       337       339       338
 -1        53   12    0    1
 -2       339        17       340
 -1        54   12    0    1
 -2        12       407       406
 -1        55   12    0    1
 -2       407       409       408
 -1        56   12    0    1
 -2       409        19       410
 -1        57   12    0    1
 -2        16       522       521
 -1        58   12    0    1
 -2       522       524       523
 -1        59   12    0    1
 -2       524       526       525
 -1        60   12    0    1
 -2       526       528       527
 -1        61   12    0    1
 -2       528       530       529
 -1        62   12    0    1
 -2       530       532       531
 -1        63   12    0    1
 -2       532       534       533
 -1        64   12    0    1
 -2       534        24       535
 -1        65   12    0    1
 -2        17       537       536
 -1        66   12    0    1
 -2       537       539       538
 -1        67   12    0    1
 -2       539       541       540
 -1        68   12    0    1
 -2       541       543       542
 -1        69   12    0    1
 -2       543       545       544
 -1        70   12    0    1
 -2       545       547       546
 -1        71   12    0    1
 -2       547       549       548
 -1        72   12    0    1
 -2       549        18       550
 -1        73   12    0    1
 -2        17       552       551
 -1        74   12    0    1
 -2       552       554       553
 -1        75   12    0    1
 -2       554        24       555
 -1        76   12    0    1
 -2        17       557       556
 -1        77   12    0    1
 -2       557       559       558
 -1        78   12    0    1
 -2       559       561       560
 -1        79   12    0    1
 -2       561       563       562
 -1        80   12    0    1
 -2       563       565       564
 -1        81   12    0    1
 -2       565       567       566
 -1        82   12    0    1
 -2       567       569       568
 -1        83   12    0    1
 -2       569        25       570
 -1        84   12    0    1
 -2        18       572       571
 -1        85   12    0    1
 -2       572       574       573
 -1        86   12    0    1
 -2       574       576       575
 -1        87   12    0    1
 -2       576       578       577
 -1        88   12    0    1
 -2       578       580       579
 -1        89   12    0    1
 -2       580       582       581
 -1        90   12    0    1
 -2       582       584       583
 -1        91   12    0    1
 -2       584        19       585
 -1        92   12    0    1
 -2        18       587       586
 -1        93   12    0    1
 -2       587       589       588
 -1        94   12    0    1
 -2       589        25       590
 -1        95   12    0    1
 -2        18       592       591
 -1        96   12    0    1
 -2       592       594       593
 -1        97   12    0    1
 -2       594       596       595
 -1        98   12    0    1
 -2       596       598       597
 -1        99   12    0    1
 -2       598       600       599
 -1       100   12    0    1
 -2       600       602       601
 -1       101   12    0    1
 -2       602       604       603
 -1       102   12    0    1
 -2       604        26       605
 -1       103   12    0    1
 -2        19       607       606
 -1       104   12    0    1
 -2       607       609       608
 -1       105   12    0    1
 -2       609       611       610
 -1       106   12    0    1
 -2       611       613       612
 -1       107   12    0    1
 -2       613       615       614
 -1       108   12    0    1
 -2       615       617       616
 -1       109   12    0    1
 -2       617       619       618
 -1       110   12    0    1
 -2       619        20       620
 -1       111   12    0    1
 -2        19       622       621
 -1       112   12    0    1
 -2       622       624       623
 -1       113   12    0    1
 -2       624        26       625
 -1       114   12    0    1
 -2        19       627       626
 -1       115   12    0    1
 -2       627       629       628
 -1       116   12    0    1
 -2       629       631       630
 -1       117   12    0    1
 -2       631       633       632
 -1       118   12    0    1
 -2       633       635       634
 -1       119   12    0    1
 -2       635       637       636
 -1       120   12    0    1
 -2       637       639       638
 -1       121   12    0    1
 -2       639        27       640
 -1       122   12    0    1
 -2        20       657       656
 -1       123   12    0    1
 -2       657       659       658
 -1       124   12    0    1
 -2       659        27       660
 -1       125   12    0    1
 -2        20       662       661
 -1       126   12    0    1
 -2       662       664       663
 -1       127   12    0    1
 -2       664       666       665
 -1       128   12    0    1
 -2       666       668       667
 -1       129   12    0    1
 -2       668       670       669
 -1       130   12    0    1
 -2       670       672       671
 -1       131   12    0    1
 -2       672       674       673
 -1       132   12    0    1
 -2       674        28       675
 -1       133   12    0    1
 -2        21       677       676
 -1       134   12    0    1
 -2       677       679       678
 -1       135   12    0    1
 -2       679        28       680
 -1       136   12    0    1
 -2        24       772       771
 -1       137   12    0    1
 -2       772       774       773
 -1       138   12    0    1
 -2       774       776       775
 -1       139   12    0    1
 -2       776       778       777
 -1       140   12    0    1
 -2       778       780       779
 -1       141   12    0    1
 -2       780       782       781
 -1       142   12    0    1
 -2       782       784       783
 -1       143   12    0    1
 -2       784        32       785
 -1       144   12    0    1
 -2        25       787       786
 -1       145   12    0    1
 -2       787       789       788
 -1       146   12    0    1
 -2       789       791       790
 -1       147   12    0    1
 -2       791       793       792
 -1       148   12    0    1
 -2       793       795       794
 -1       149   12    0    1
 -2       795       797       796
 -1       150   12    0    1
 -2       797       799       798
 -1       151   12    0    1
 -2       799        26       800
 -1       152   12    0    1
 -2        25       802       801
 -1       153   12    0    1
 -2       802       804       803
 -1       154   12    0    1
 -2       804        32       805
 -1       155   12    0    1
 -2        25       807       806
 -1       156   12    0    1
 -2       807       809       808
 -1       157   12    0    1
 -2       809       811       810
 -1       158   12    0    1
 -2       811       813       812
 -1       159   12    0    1
 -2       813       815       814
 -1       160   12    0    1
 -2       815       817       816
 -1       161   12    0    1
 -2       817       819       818
 -1       162   12    0    1
 -2       819        33       820
 -1       163   12    0    1
 -2        26       822       821
 -1       164   12    0    1
 -2       822       824       823
 -1       165   12    0    1
 -2       824       826       825
 -1       166   12    0    1
 -2       826       828       827
 -1       167   12    0    1
 -2       828       830       829
 -1       168   12    0    1
 -2       830       832       831
 -1       169   12    0    1
 -2       832       834       833
 -1       170   12    0    1
 -2       834        27       835
 -1       171   12    0    1
 -2        26       837       836
 -1       172   12    0    1
 -2       837       839       838
 -1       173   12    0    1
 -2       839        33       840
 -1       174   12    0    1
 -2        27       857       856
 -1       175   12    0    1
 -2       857       859       858
 -1       176   12    0    1
 -2       859       861       860
 -1       177   12    0    1
 -2       861       863       862
 -1       178   12    0    1
 -2       863       865       864
 -1       179   12    0    1
 -2       865       867       866
 -1       180   12    0    1
 -2       867       869       868
 -1       181   12    0    1
 -2       869        28       870
 -1       182   12    0    1
 -2        27       872       871
 -1       183   12    0    1
 -2       872       874       873
 -1       184   12    0    1
 -2       874        34       875
 -1       185   12    0    1
 -2        27       877       876
 -1       186   12    0    1
 -2       877       879       878
 -1       187   12    0    1
 -2       879       881       880
 -1       188   12    0    1
 -2       881       883       882
 -1       189   12    0    1
 -2       883       885       884
 -1       190   12    0    1
 -2       885       887       886
 -1       191   12    0    1
 -2       887       889       888
 -1       192   12    0    1
 -2       889        35       890
 -1       193   12    0    1
 -2        28       892       891
 -1       194   12    0    1
 -2       892       894       893
 -1       195   12    0    1
 -2       894        35       895
 -1       196   12    0    1
 -2        33       957       956
 -1       197   12    0    1
 -2       957       959       958
 -1       198   12    0    1
 -2       959       961       960
 -1       199   12    0    1
 -2       961       963       962
 -1       200   12    0    1
 -2       963       965       964
 -1       201   12    0    1
 -2       965       967       966
 -1       202   12    0    1
 -2       967       969       968
 -1       203   12    0    1
 -2       969        34       970
 -1       204   12    0    1
 -2        34       972       971
 -1       205   12    0    1
 -2       972       974       973
 -1       206   12    0    1
 -2       974       976       975
 -1       207   12    0    1
 -2       976       978       977
 -1       208   12    0    1
 -2       978       980       979
 -1       209   12    0    1
 -2       980       982       981
 -1       210   12    0    1
 -2       982       984       983
 -1       211   12    0    1
 -2       984        35       985
 -3
    1PSTEP                         1           1           1          
  100CL  101 1.000000000         409                     0    1           1
 -4  DISP        4    1
 -5  D1          1    2    1    0
 -5  D2          1    2    2    0
 -5  D3          1    2    3    0
 -5  ALL         1    2    0    0    1ALL
 -1         1 2.50691E-04 0.00000E+00 0.00000E+00
 -1         2 2.34687E-04 1.76976E-27 0.00000E+00
 -1         3 2.33244E-04-1.34026E-26 0.00000E+00
 -1         5 1.56339E-04 2.51369E-25-6.61744E-24
 -1         8 2.08769E-04-1.81915E-06 0.00000E+00
 -1         9 2.11055E-04 1.58134E-06 0.00000E+00
 -1        10 2.13337E-04-3.05136E-06 0.00000E+00
 -1        12 1.55326E-04 1.12318E-06 0.00000E+00
 -1        15 1.60680E-04-2.04799E-06 0.00000E+00
 -1        16 1.61333E-04 1.41459E-06 0.00000E+00
 -1        17 1.51252E-04-6.58615E-06 0.00000E+00
 -1        18 1.50143E-04 1.40302E-06 0.00000E+00
 -1        19 1.52285E-04 2.24009E-06 0.00000E+00
 -1        20 1.52714E-04 3.07794E-05 0.00000E+00
 -1        21 1.50329E-04 6.13435E-05 0.00000E+00
 -1        24 3.59111E-05-9.66397E-06 0.00000E+00
 -1        25 1.46601E-04 1.68274E-06 0.00000E+00
 -1        26 1.48505E-04 3.07898E-06 0.00000E+00
 -1        27 1.45477E-04 2.79866E-05 0.00000E+00
 -1        28 1.44058E-04 6.05264E-05 0.00000E+00
 -1        32 0.00000E+00 0.00000E+00 0.00000E+00
 -1        33 1.42801E-04 4.28536E-06 0.00000E+00
 -1        34 1.39795E-04 2.79087E-05 0.00000E+00
 -1        35 1.36778E-04 6.00047E-05 0.00000E+00
 -1        51 2.47821E-04-2.96112E-07 0.00000E+00
 -1        52 2.42697E-04-5.85878E-07 0.00000E+00
 -1        53 2.35765E-04-8.80058E-07 0.00000E+00
 -1        54 2.27489E-04-1.18166E-06 0.00000E+00
 -1        55 2.18335E-04-1.49167E-06-8.06501E-24
 -1        56 2.48810E-04-1.26972E-06 5.29396E-23
 -1        57 2.47184E-04-3.43314E-06 2.64698E-23
 -1        58 2.45803E-04-6.24275E-06-5.29396E-23
 -1        59 2.44561E-04-9.45923E-06 0.00000E+00
 -1        60 2.43369E-04-1.28138E-05-5.29396E-23
 -1        61 2.42127E-04-1.60373E-05-2.64698E-23
 -1        62 2.40737E-04-1.88661E-05 5.29396E-23
 -1        63 2.39107E-04-2.10515E-05 0.00000E+00
 -1        64 2.37154E-04-2.23770E-05-5.29396E-23
 -1        65 2.34811E-04-2.26571E-05 0.00000E+00
 -1        66 2.32024E-04-2.17588E-05-5.29396E-23
 -1        67 2.28760E-04-1.95911E-05 0.00000E+00
 -1        68 2.25005E-04-1.61271E-05 0.00000E+00
 -1        69 2.20776E-04-1.13830E-05 0.00000E+00
 -1        70 2.16087E-04-5.44661E-06 0.00000E+00
 -1        86 2.34066E-04 2.83177E-07 0.00000E+00
 -1        87 2.32197E-04 5.63819E-07 3.30872E-24
 -1        88 2.29036E-04 8.41088E-07 0.00000E+00
 -1        89 2.24526E-04 1.10675E-06 0.00000E+00
 -1        90 2.18569E-04 1.36724E-06 0.00000E+00
 -1       121 2.32687E-04-5.01558E-07 0.00000E+00
 -1       122 2.31017E-04-1.00431E-06 0.00000E+00
 -1       123 2.28238E-04-1.50945E-06 0.00000E+00
 -1       124 2.24358E-04-2.01820E-06 6.61744E-24
 -1       125 2.19386E-04-2.53158E-06 1.32349E-23
 -1       191 1.56311E-04 1.87221E-07 6.61744E-24
 -1       192 1.56226E-04 3.74437E-07 0.00000E+00
 -1       193 1.56086E-04 5.61647E-07 0.00000E+00
 -1       194 1.55889E-04 7.48846E-07-3.30872E-24
 -1       195 1.55635E-04 9.36025E-07 0.00000E+00
 -1       251 2.08867E-04 4.79866E-06-6.61744E-24
 -1       252 2.09009E-04 8.75099E-06 0.00000E+00
 -1       253 2.09155E-04 1.04661E-05 0.00000E+00
 -1       254 2.09309E-04 1.03609E-05 1.65436E-24
 -1       255 2.09462E-04 8.82171E-06 0.00000E+00
 -1       256 2.09614E-04 6.22782E-06 0.00000E+00
 -1       257 2.09764E-04 2.94050E-06 3.30872E-24
 -1       258 2.09913E-04-6.82275E-07 0.00000E+00
 -1       259 2.10063E-04-4.28844E-06 3.30872E-24
 -1       260 2.10213E-04-7.52571E-06 1.65436E-24
 -1       261 2.10365E-04-1.00355E-05 3.30872E-24
 -1       262 2.10518E-04-1.14558E-05 1.65436E-24
 -1       263 2.10672E-04-1.14058E-05 0.00000E+00
 -1       264 2.10818E-04-9.49763E-06-4.13590E-25
 -1       265 2.10959E-04-5.31213E-06-6.61744E-24
 -1       266 2.00754E-04-1.87923E-06-6.61744E-24
 -1       267 1.92740E-04-1.91474E-06 0.00000E+00
 -1       268 1.84725E-04-1.95168E-06 0.00000E+00
 -1       269 1.76710E-04-1.98413E-06-8.27181E-25
 -1       270 1.68695E-04-2.01641E-06 0.00000E+00
 -1       271 2.03742E-04 4.08136E-06-5.29396E-23
 -1       272 1.99459E-04 7.78445E-06-2.64698E-23
 -1       273 1.95920E-04 9.53033E-06 5.29396E-23
 -1       274 1.93010E-04 9.57213E-06 0.00000E+00
 -1       275 1.90626E-04 8.20860E-06 0.00000E+00
 -1       276 1.88642E-04 5.76860E-06 5.29396E-23
 -1       277 1.86928E-04 2.60540E-06 1.05879E-22
 -1       278 1.85345E-04-9.10604E-07 0.00000E+00
 -1       279 1.83752E-04-4.40127E-06 1.05879E-22
 -1       280 1.82010E-04-7.48898E-06 0.00000E+00
 -1       281 1.79979E-04-9.80515E-06-5.29396E-23
 -1       282 1.77531E-04-1.09997E-05-2.64698E-23
 -1       283 1.74540E-04-1.07477E-05 5.29396E-23
 -1       284 1.70902E-04-8.75635E-06 2.64698E-23
 -1       285 1.66508E-04-4.77670E-06-5.29396E-23
 -1       301 2.02762E-04 1.54302E-06 0.00000E+00
 -1       302 1.94481E-04 1.53158E-06 0.00000E+00
 -1       303 1.86206E-04 1.52159E-06 0.00000E+00
 -1       304 1.77927E-04 1.50851E-06 3.30872E-24
 -1       305 1.69639E-04 1.48937E-06 0.00000E+00
 -1       306 2.03117E-04 1.27832E-05 5.29396E-23
 -1       307 1.92162E-04 3.13402E-05-5.29396E-23
 -1       308 1.79623E-04 5.38958E-05 0.00000E+00
 -1       309 1.66969E-04 7.66815E-05-5.29396E-23
 -1       310 1.55737E-04 9.58973E-05 0.00000E+00
 -1       311 1.47285E-04 1.08043E-04-5.29396E-23
 -1       312 1.42263E-04 1.11266E-04 0.00000E+00
 -1       313 1.40978E-04 1.04506E-04 0.00000E+00
 -1       314 1.42862E-04 8.90560E-05 1.05879E-22
 -1       315 1.47097E-04 6.70065E-05-5.29396E-23
 -1       316 1.52366E-04 4.20222E-05 1.05879E-22
 -1       317 1.57286E-04 1.80435E-05-5.29396E-23
 -1       318 1.60543E-04-1.23108E-06 0.00000E+00
 -1       319 1.60956E-04-1.25347E-05 5.29396E-23
 -1       320 1.57913E-04-1.45057E-05 0.00000E+00
 -1       336 2.06104E-04-3.61269E-06 1.32349E-23
 -1       337 1.97587E-04-4.18439E-06 0.00000E+00
 -1       338 1.87811E-04-4.76701E-06-1.32349E-23
 -1       339 1.76807E-04-5.36134E-06-6.61744E-24
 -1       340 1.64607E-04-5.96894E-06 0.00000E+00
 -1       406 1.54960E-04 1.31030E-06 0.00000E+00
 -1       407 1.54538E-04 1.49733E-06 0.00000E+00
 -1       408 1.54059E-04 1.68423E-06-6.61744E-24
 -1       409 1.53524E-04 1.87078E-06 0.00000E+00
 -1       410 1.52933E-04 2.05661E-06 0.00000E+00
 -1       521 1.46607E-04 2.20881E-05-1.05879E-22
 -1       522 1.21576E-04 6.71301E-05 5.29396E-23
 -1       523 9.38874E-05 1.18428E-04 0.00000E+00
 -1       524 7.16755E-05 1.56818E-04 1.05879E-22
 -1       525 6.03015E-05 1.68250E-04 2.11758E-22
 -1       526 6.25718E-05 1.42760E-04 1.05879E-22
 -1       527 7.55532E-05 8.52850E-05 0.00000E+00
 -1       528 9.51401E-05 6.17855E-06-1.05879E-22
 -1       529 1.15369E-04-7.50843E-05-2.11758E-22
 -1       530 1.30267E-04-1.38648E-04 0.00000E+00
 -1       531 1.35304E-04-1.72143E-04 0.00000E+00
 -1       532 1.26871E-04-1.68340E-04 0.00000E+00
 -1       533 1.06812E-04-1.35134E-04 0.00000E+00
 -1       534 7.95930E-05-8.49395E-05-1.05879E-22
 -1       535 5.32789E-05-3.68882E-05 1.05879E-22
 -1       536 1.51104E-04 5.80067E-06 0.00000E+00
 -1       537 1.51002E-04 1.52166E-05-1.65436E-24
 -1       538 1.50920E-04 2.19358E-05-3.30872E-24
 -1       539 1.50854E-04 2.62371E-05 0.00000E+00
 -1       540 1.50795E-04 2.84145E-05-1.65436E-24
 -1       541 1.50738E-04 2.87655E-05 0.00000E+00
 -1       542 1.50681E-04 2.75991E-05 0.00000E+00
 -1       543 1.50622E-04 2.52266E-05 8.27181E-25
 -1       544 1.50561E-04 2.19672E-05 0.00000E+00
 -1       545 1.50498E-04 1.81410E-05-8.27181E-25
 -1       546 1.50434E-04 1.40722E-05 0.00000E+00
 -1       547 1.50371E-04 1.00851E-05 0.00000E+00
 -1       548 1.50309E-04 6.50339E-06 1.65436E-24
 -1       549 1.50250E-04 3.65033E-06-4.13590E-25
 -1       550 1.50194E-04 1.84463E-06 0.00000E+00
 -1       551 1.34601E-04-7.04909E-06 6.61744E-24
 -1       552 1.15712E-04-7.54220E-06 2.89513E-24
 -1       553 9.54856E-05-8.05889E-06 1.32349E-23
 -1       554 7.48352E-05-8.58780E-06 1.32349E-23
 -1       555 5.46752E-05-9.11386E-06 0.00000E+00
 -1       556 1.46570E-04 5.38907E-06 0.00000E+00
 -1       557 1.43002E-04 1.45344E-05 0.00000E+00
 -1       558 1.40423E-04 2.11113E-05 0.00000E+00
 -1       559 1.38718E-04 2.54011E-05 1.32349E-23
 -1       560 1.37775E-04 2.76846E-05 0.00000E+00
 -1       561 1.37483E-04 2.82448E-05 0.00000E+00
 -1       562 1.37731E-04 2.73653E-05 0.00000E+00
 -1       563 1.38411E-04 2.53303E-05 0.00000E+00
 -1       564 1.39416E-04 2.24250E-05 0.00000E+00
 -1       565 1.40639E-04 1.89343E-05 0.00000E+00
 -1       566 1.41973E-04 1.51439E-05 0.00000E+00
 -1       567 1.43313E-04 1.13394E-05-4.13590E-25
 -1       568 1.44551E-04 7.80630E-06 0.00000E+00
 -1       569 1.45583E-04 4.82997E-06 0.00000E+00
 -1       570 1.46301E-04 2.69563E-06 0.00000E+00
 -1       571 1.50273E-04 1.55720E-06-2.48154E-24
 -1       572 1.50405E-04 1.62250E-06-8.27181E-25
 -1       573 1.50539E-04 1.61428E-06-1.65436E-24
 -1       574 1.50673E-04 1.54872E-06 0.00000E+00
 -1       575 1.50808E-04 1.44210E-06 3.30872E-24
 -1       576 1.50942E-04 1.31077E-06-1.65436E-24
 -1       577 1.51076E-04 1.17111E-06 0.00000E+00
 -1       578 1.51211E-04 1.03951E-06 3.30872E-24
 -1       579 1.51345E-04 9.32368E-07 0.00000E+00
 -1       580 1.51480E-04 8.66073E-07 3.30872E-24
 -1       581 1.51614E-04 8.57018E-07 0.00000E+00
 -1       582 1.51748E-04 9.21580E-07 0.00000E+00
 -1       583 1.51883E-04 1.07612E-06 0.00000E+00
 -1       584 1.52017E-04 1.33685E-06 0.00000E+00
 -1       585 1.52151E-04 1.71988E-06-6.61744E-24
 -1       586 1.49537E-04 1.45173E-06 0.00000E+00
 -1       587 1.48864E-04 1.49976E-06 0.00000E+00
 -1       588 1.48179E-04 1.54743E-06 8.27181E-25
 -1       589 1.47537E-04 1.59451E-06 0.00000E+00
 -1       590 1.46993E-04 1.64049E-06 0.00000E+00
 -1       591 1.50007E-04 1.61458E-06 8.27181E-25
 -1       592 1.49892E-04 1.75367E-06 0.00000E+00
 -1       593 1.49798E-04 1.83391E-06 0.00000E+00
 -1       594 1.49722E-04 1.86744E-06-8.27181E-25
 -1       595 1.49658E-04 1.86659E-06 1.65436E-24
 -1       596 1.49602E-04 1.84356E-06 8.27181E-25
 -1       597 1.49550E-04 1.81055E-06 0.00000E+00
 -1       598 1.49497E-04 1.77978E-06-8.27181E-25
 -1       599 1.49439E-04 1.76343E-06 1.65436E-24
 -1       600 1.49370E-04 1.77370E-06-8.27181E-25
 -1       601 1.49288E-04 1.82277E-06 8.27181E-25
 -1       602 1.49186E-04 1.92286E-06-4.13590E-25
 -1       603 1.49061E-04 2.08615E-06-1.24077E-24
 -1       604 1.48908E-04 2.32495E-06-3.74816E-25
 -1       605 1.48722E-04 2.65139E-06 0.00000E+00
 -1       606 1.52319E-04 3.05339E-06 6.61744E-24
 -1       607 1.52349E-04 4.05350E-06 0.00000E+00
 -1       608 1.52377E-04 5.22930E-06-6.61744E-24
 -1       609 1.52404E-04 6.56836E-06 0.00000E+00
 -1       610 1.52431E-04 8.05819E-06-6.61744E-24
 -1       611 1.52458E-04 9.68616E-06 0.00000E+00
 -1       612 1.52484E-04 1.14396E-05 0.00000E+00
 -1       613 1.52510E-04 1.33059E-05-1.65436E-24
 -1       614 1.52537E-04 1.52723E-05 0.00000E+00
 -1       615 1.52562E-04 1.73263E-05 0.00000E+00
 -1       616 1.52588E-04 1.94551E-05 0.00000E+00
 -1       617 1.52614E-04 2.16462E-05 0.00000E+00
 -1       618 1.52639E-04 2.38867E-05-1.65436E-24
 -1       619 1.52664E-04 2.61643E-05 0.00000E+00
 -1       620 1.52689E-04 2.84660E-05-8.27181E-25
 -1       621 1.51602E-04 2.38056E-06 0.00000E+00
 -1       622 1.50929E-04 2.52133E-06-1.65436E-24
 -1       623 1.50275E-04 2.66202E-06 0.00000E+00
 -1       624 1.49648E-04 2.80239E-06-1.65436E-24
 -1       625 1.49055E-04 2.94237E-06-3.30872E-24
 -1       626 1.52131E-04 3.12467E-06-6.61744E-24
 -1       627 1.51910E-04 4.19129E-06 0.00000E+00
 -1       628 1.51628E-04 5.42257E-06 6.61744E-24
 -1       629 1.51290E-04 6.80004E-06 0.00000E+00
 -1       630 1.50904E-04 8.30524E-06 0.00000E+00
 -1       631 1.50478E-04 9.91960E-06 0.00000E+00
 -1       632 1.50017E-04 1.16245E-05 0.00000E+00
 -1       633 1.49529E-04 1.34016E-05 3.30872E-24
 -1       634 1.49021E-04 1.52321E-05 0.00000E+00
 -1       635 1.48499E-04 1.70976E-05 6.61744E-24
 -1       636 1.47972E-04 1.89795E-05 3.30872E-24
 -1       637 1.47445E-04 2.08594E-05 0.00000E+00
 -1       638 1.46925E-04 2.27186E-05 0.00000E+00
 -1       639 1.46420E-04 2.45387E-05 1.65436E-24
 -1       640 1.45936E-04 2.63010E-05 0.00000E+00
 -1       656 1.50782E-04 3.03245E-05 0.00000E+00
 -1       657 1.49466E-04 2.98515E-05 0.00000E+00
 -1       658 1.48527E-04 2.93804E-05 1.32349E-23
 -1       659 1.47718E-04 2.89098E-05-6.61744E-24
 -1       660 1.46785E-04 2.84377E-05 6.61744E-24
 -1       661 1.51997E-04 3.30898E-05-3.30872E-24
 -1       662 1.51297E-04 3.53724E-05 0.00000E+00
 -1       663 1.50611E-04 3.76190E-05 0.00000E+00
 -1       664 1.49941E-04 3.98238E-05 0.00000E+00
 -1       665 1.49289E-04 4.19801E-05 0.00000E+00
 -1       666 1.48659E-04 4.40815E-05 0.00000E+00
 -1       667 1.48051E-04 4.61213E-05 3.30872E-24
 -1       668 1.47470E-04 4.80928E-05 0.00000E+00
 -1       669 1.46916E-04 4.99891E-05 0.00000E+00
 -1       670 1.46394E-04 5.18031E-05 1.65436E-24
 -1       671 1.45906E-04 5.35274E-05-3.30872E-24
 -1       672 1.45453E-04 5.51545E-05 0.00000E+00
 -1       673 1.45041E-04 5.66765E-05 0.00000E+00
 -1       674 1.44669E-04 5.80850E-05 0.00000E+00
 -1       675 1.44344E-04 5.93723E-05 0.00000E+00
 -1       676 1.49280E-04 6.12065E-05 0.00000E+00
 -1       677 1.48232E-04 6.10695E-05 0.00000E+00
 -1       678 1.47185E-04 6.09327E-05-3.30872E-24
 -1       679 1.46140E-04 6.07962E-05 0.00000E+00
 -1       680 1.45098E-04 6.06598E-05 0.00000E+00
 -1       771 2.84721E-05 4.57401E-06-5.29396E-23
 -1       772 2.20157E-05 1.62496E-05 2.64698E-23
 -1       773 1.64994E-05 2.54945E-05 0.00000E+00
 -1       774 1.18601E-05 3.24565E-05-2.64698E-23
 -1       775 8.03510E-06 3.72887E-05-1.05879E-22
 -1       776 4.95802E-06 4.01534E-05 0.00000E+00
 -1       777 2.56179E-06 4.12178E-05 0.00000E+00
 -1       778 7.77360E-07 4.06565E-05 0.00000E+00
 -1       779-4.64797E-07 3.86481E-05 0.00000E+00
 -1       780-1.23582E-06 3.53772E-05 0.00000E+00
 -1       781-1.60702E-06 3.10318E-05 5.29396E-23
 -1       782-1.65086E-06 2.58041E-05 0.00000E+00
 -1       783-1.43986E-06 1.98887E-05-5.29396E-23
 -1       784-1.04679E-06 1.34832E-05-2.64698E-23
 -1       785-5.45020E-07 6.78616E-06 0.00000E+00
 -1       786 1.46713E-04 1.69579E-06 1.65436E-24
 -1       787 1.46832E-04 1.68064E-06 0.00000E+00
 -1       788 1.46950E-04 1.64541E-06-3.30872E-24
 -1       789 1.47070E-04 1.59818E-06-1.65436E-24
 -1       790 1.47190E-04 1.54684E-06 3.30872E-24
 -1       791 1.47310E-04 1.49928E-06 0.00000E+00
 -1       792 1.47429E-04 1.46344E-06 0.00000E+00
 -1       793 1.47549E-04 1.44731E-06 1.65436E-24
 -1       794 1.47669E-04 1.45912E-06 0.00000E+00
 -1       795 1.47789E-04 1.50722E-06 0.00000E+00
 -1       796 1.47909E-04 1.60044E-06 0.00000E+00
 -1       797 1.48029E-04 1.74777E-06 1.65436E-24
 -1       798 1.48149E-04 1.95893E-06 3.30872E-24
 -1       799 1.48268E-04 2.24384E-06 0.00000E+00
 -1       800 1.48388E-04 2.61345E-06-3.30872E-24
 -1       801 1.35926E-04 1.71015E-06 0.00000E+00
 -1       802 1.06779E-04 1.39467E-06 2.06795E-25
 -1       803 6.88984E-05 8.16612E-07 3.30872E-24
 -1       804 3.19945E-05 2.62289E-07 6.61744E-24
 -1       805 5.77521E-06 1.14707E-08 0.00000E+00
 -1       806 1.46452E-04 1.62745E-06 0.00000E+00
 -1       807 1.46301E-04 1.56413E-06 0.00000E+00
 -1       808 1.46148E-04 1.50183E-06 0.00000E+00
 -1       809 1.45991E-04 1.44837E-06-1.65436E-24
 -1       810 1.45827E-04 1.41150E-06 0.00000E+00
 -1       811 1.45655E-04 1.39892E-06-1.65436E-24
 -1       812 1.45470E-04 1.41825E-06 3.30872E-24
 -1       813 1.45270E-04 1.47715E-06 0.00000E+00
 -1       814 1.45053E-04 1.58323E-06 3.30872E-24
 -1       815 1.44815E-04 1.74412E-06 1.65436E-24
 -1       816 1.44554E-04 1.96743E-06 0.00000E+00
 -1       817 1.44267E-04 2.26076E-06 0.00000E+00
 -1       818 1.43950E-04 2.63170E-06 0.00000E+00
 -1       819 1.43602E-04 3.08781E-06-8.27181E-25
 -1       820 1.43219E-04 3.63662E-06 1.65436E-24
 -1       821 1.48327E-04 3.70708E-06 0.00000E+00
 -1       822 1.48138E-04 4.55785E-06-1.65436E-24
 -1       823 1.47950E-04 5.61625E-06 6.61744E-24
 -1       824 1.47759E-04 6.86595E-06 0.00000E+00
 -1       825 1.47568E-04 8.28672E-06 6.61744E-24
 -1       826 1.47377E-04 9.85728E-06 0.00000E+00
 -1       827 1.47185E-04 1.15532E-05 0.00000E+00
 -1       828 1.46994E-04 1.33495E-05-3.30872E-24
 -1       829 1.46802E-04 1.52188E-05 0.00000E+00
 -1       830 1.46610E-04 1.71336E-05 0.00000E+00
 -1       831 1.46418E-04 1.90652E-05 0.00000E+00
 -1       832 1.46226E-04 2.09851E-05 0.00000E+00
 -1       833 1.46035E-04 2.28647E-05 0.00000E+00
 -1       834 1.45845E-04 2.46760E-05 0.00000E+00
 -1       835 1.45656E-04 2.63920E-05 0.00000E+00
 -1       836 1.47813E-04 3.27848E-06 0.00000E+00
 -1       837 1.46899E-04 3.48357E-06 3.30872E-24
 -1       838 1.45852E-04 3.68820E-06 3.30872E-24
 -1       839 1.44761E-04 3.89175E-06-1.65436E-24
 -1       840 1.43714E-04 4.09531E-06 8.27181E-25
 -1       856 1.45396E-04 2.96375E-05-1.03398E-25
 -1       857 1.45308E-04 3.15030E-05 0.00000E+00
 -1       858 1.45220E-04 3.35485E-05 0.00000E+00
 -1       859 1.45131E-04 3.57393E-05 0.00000E+00
 -1       860 1.45041E-04 3.80401E-05 0.00000E+00
 -1       861 1.44951E-04 4.04158E-05-1.65436E-24
 -1       862 1.44861E-04 4.28310E-05 0.00000E+00
 -1       863 1.44771E-04 4.52504E-05 0.00000E+00
 -1       864 1.44681E-04 4.76384E-05 3.30872E-24
 -1       865 1.44591E-04 4.99598E-05 1.65436E-24
 -1       866 1.44501E-04 5.21794E-05 0.00000E+00
 -1       867 1.44412E-04 5.42618E-05 0.00000E+00
 -1       868 1.44322E-04 5.61723E-05 0.00000E+00
 -1       869 1.44234E-04 5.78761E-05-1.65436E-24
 -1       870 1.44146E-04 5.93388E-05 0.00000E+00
 -1       871 1.44266E-04 2.79787E-05 0.00000E+00
 -1       872 1.43303E-04 2.79671E-05 0.00000E+00
 -1       873 1.42481E-04 2.79550E-05 8.27181E-25
 -1       874 1.41693E-04 2.79420E-05 0.00000E+00
 -1       875 1.40833E-04 2.79281E-05-8.27181E-25
 -1       876 1.45056E-04 2.96493E-05 3.30872E-24
 -1       877 1.44601E-04 3.14149E-05-9.92617E-24
 -1       878 1.44114E-04 3.32699E-05 0.00000E+00
 -1       879 1.43597E-04 3.52021E-05 0.00000E+00
 -1       880 1.43057E-04 3.71993E-05-6.61744E-24
 -1       881 1.42496E-04 3.92494E-05 3.30872E-24
 -1       882 1.41921E-04 4.13403E-05 6.61744E-24
 -1       883 1.41334E-04 4.34600E-05-3.30872E-24
 -1       884 1.40741E-04 4.55964E-05 0.00000E+00
 -1       885 1.40146E-04 4.77376E-05-3.30872E-24
 -1       886 1.39554E-04 4.98714E-05 0.00000E+00
 -1       887 1.38969E-04 5.19859E-05-3.30872E-24
 -1       888 1.38396E-04 5.40690E-05 6.61744E-24
 -1       889 1.37838E-04 5.61083E-05 1.65436E-24
 -1       890 1.37300E-04 5.80919E-05 0.00000E+00
 -1       891 1.43073E-04 6.04398E-05 1.65436E-24
 -1       892 1.42068E-04 6.03524E-05-8.27181E-25
 -1       893 1.40991E-04 6.02649E-05-1.65436E-24
 -1       894 1.39786E-04 6.01775E-05 0.00000E+00
 -1       895 1.38400E-04 6.00900E-05 0.00000E+00
 -1       956 1.42617E-04 5.18909E-06 3.30872E-24
 -1       957 1.42430E-04 6.25287E-06-1.65436E-24
 -1       958 1.42242E-04 7.45964E-06-3.30872E-24
 -1       959 1.42054E-04 8.79134E-06-1.65436E-24
 -1       960 1.41866E-04 1.02300E-05 3.30872E-24
 -1       961 1.41677E-04 1.17573E-05-1.65436E-24
 -1       962 1.41489E-04 1.33552E-05-6.61744E-24
 -1       963 1.41300E-04 1.50055E-05-3.30872E-24
 -1       964 1.41111E-04 1.66900E-05 0.00000E+00
 -1       965 1.40922E-04 1.83903E-05 0.00000E+00
 -1       966 1.40733E-04 2.00884E-05 6.61744E-24
 -1       967 1.40544E-04 2.17661E-05-3.30872E-24
 -1       968 1.40356E-04 2.34050E-05 0.00000E+00
 -1       969 1.40167E-04 2.49871E-05 0.00000E+00
 -1       970 1.39980E-04 2.64942E-05 0.00000E+00
 -1       971 1.39609E-04 2.93431E-05 0.00000E+00
 -1       972 1.39421E-04 3.09460E-05 0.00000E+00
 -1       973 1.39232E-04 3.26980E-05-3.30872E-24
 -1       974 1.39043E-04 3.45795E-05 0.00000E+00
 -1       975 1.38854E-04 3.65706E-05 0.00000E+00
 -1       976 1.38664E-04 3.86515E-05 0.00000E+00
 -1       977 1.38474E-04 4.08021E-05 0.00000E+00
 -1       978 1.38284E-04 4.30027E-05 0.00000E+00
 -1       979 1.38094E-04 4.52331E-05 0.00000E+00
 -1       980 1.37904E-04 4.74734E-05 0.00000E+00
 -1       981 1.37714E-04 4.97036E-05 0.00000E+00
 -1       982 1.37524E-04 5.19037E-05 3.30872E-24
 -1       983 1.37335E-04 5.40538E-05-6.61744E-24
 -1       984 1.37146E-04 5.61339E-05 3.30872E-24
 -1       985 1.36959E-04 5.81240E-05 3.30872E-24
 -3
    1PSTEP                         2           1           1          
  100CL  101 1.000000000         409                     0    1           1
 -4  STRESS      6    1
 -5  SXX         1    4    1    1
 -5  SYY         1    4    2    2
 -5  SZZ         1    4    3    3
 -5  SXY         1    4    1    2
 -5  SYZ         1    4    2    3
 -5  SZX         1    4    3    1
 -1         1-2.72717E+06-1.27478E+06-5.34470E+05-1.89803E+06 1.67347E-10-1.55123E-08
 -1         2 4.55185E+03 8.18772E+05 1.73238E+04 3.26181E+03-1.14352E-09 9.08267E-09
 -1         3-7.80384E+02-1.42881E+06 2.69173E+02-9.87819E+02 7.25304E-10-2.23117E-08
 -1         5-2.37382E+01 5.35854E+05 1.33994E+01 1.27275E+00 2.29369E-10-7.93807E-09
 -1         8-1.32616E+06-6.00772E+05-4.09563E+04-1.05908E+06 4.62023E-10-1.02591E-08
 -1         9-2.60441E+06-5.60472E+05-2.87457E+05-7.80833E+05 6.35046E-09-3.29455E-09
 -1        10-1.42337E+03-1.48001E+06-1.48397E+03-6.56211E+03 2.01089E-08-3.80419E-08
 -1        12-1.83243E+01 5.35882E+05 4.35049E+02 8.29158E+00 4.15213E-10 2.56450E-08
 -1        15 3.13907E+03 1.81806E+03 1.15425E+04 1.01651E+01-1.50408E-10-8.01755E-09
 -1        16-7.52669E+06-1.68150E+06-1.15870E+06-1.56404E+06 1.41736E-08-4.11334E-09
 -1        17-1.71787E+06-1.05791E+06-3.19617E+05-9.78308E+05-2.10130E-09 8.06758E-09
 -1        18 1.62109E+04-1.99406E+03-3.22789E+04-1.36079E+05 1.16597E-09-6.71844E-09
 -1        19 1.71620E+05 1.97373E+05-2.24920E+03 2.62117E+04 1.24783E-10 2.85945E-09
 -1        20 2.94946E+04-4.22248E+05-8.61996E+04 6.73332E+04 1.54381E-08 4.44925E-09
 -1        21-3.77435E+01-3.90671E+05-1.23616E+03-2.22813E+02 6.95069E-09 8.50410E-09
 -1        24-6.90763E+06-1.68117E+06-9.51480E+05-2.03991E+06-2.67270E-08-1.05841E-08
 -1        25 7.96384E+04 7.94342E+04 4.93332E+04-5.26903E+05-1.06087E-08-5.86442E-10
 -1        26-4.05578E+04 1.51039E+05-1.44138E+04-2.81589E+04 6.81757E-10-4.98308E-09
 -1        27-7.99134E+04-2.44204E+05-1.07131E+05 1.07258E+05 2.57084E-09-2.21432E-09
 -1        28 1.65790E+04-1.18564E+05 1.77269E+04 4.46181E+04 5.30031E-09-1.54868E-09
 -1        32-1.44387E+06-2.13838E+04 5.74203E+05-1.77772E+06 0.00000E+00 3.44176E-09
 -1        33-2.26292E+05 1.55981E+05 5.19241E+04-6.24454E+04-5.88898E-11 3.54278E-09
 -1        34-3.31967E+05-3.73059E+04-2.47402E+02 1.05670E+05 2.56586E-09-1.50403E-08
 -1        35-3.62096E+04-5.21497E+04-2.37917E+03 8.14532E+04 1.95390E-08 7.08193E-09
 -1        51 2.71648E+04-7.10940E+05 6.42624E+04-1.82375E+06-1.16415E-10-1.74623E-09
 -1        52 2.27443E+04-7.19244E+05 4.34279E+04-2.08328E+06 7.27596E-11-8.33825E-09
 -1        53 2.13324E+04-7.51679E+05 3.65982E+04-1.81765E+06 3.20142E-10-9.42964E-09
 -1        54 5.02180E+04-7.57876E+05 5.93121E+04-2.08920E+06-3.34694E-10 2.27010E-09
 -1        55 8.66635E+04-7.82180E+05 1.06138E+05-1.81627E+06 1.41154E-09 5.00586E-09
 -1        56-5.27971E+06-6.16623E+05-4.01538E+05-2.03052E+06-5.67525E-10 8.97853E-09
 -1        57-5.41300E+06-9.68382E+05-2.64996E+05-2.04463E+06 1.25874E-09-5.03496E-09
 -1        58-5.35965E+06-7.30250E+05-9.45596E+04-2.00651E+06-9.60426E-10-8.58199E-09
 -1        59-5.32067E+06-8.32432E+05-5.47845E+04-2.07492E+06-4.54065E-10 1.66438E-08
 -1        60-5.37073E+06-7.44459E+05-2.20240E+04-2.00320E+06-1.22782E-11 7.39965E-09
 -1        61-5.31048E+06-8.12597E+05-1.21685E+04-2.07545E+06 3.31738E-10-7.76654E-09
 -1        62-5.36940E+06-7.49258E+05-6.08504E+03-2.00615E+06 2.51475E-09-1.55171E-09
 -1        63-5.31710E+06-8.01865E+05-4.82352E+03-2.06515E+06-6.54836E-10 1.89448E-09
 -1        64-5.36347E+06-7.55491E+05-5.94187E+03-2.01308E+06 1.90994E-09 1.25715E-08
 -1        65-5.33195E+06-7.89465E+05-1.12692E+04-2.04799E+06-1.37788E-10-1.59525E-09
 -1        66-5.35391E+06-7.62172E+05-2.08277E+04-2.02281E+06 6.99401E-10-1.25510E-09
 -1        67-5.36019E+06-7.88710E+05-5.08548E+04-2.02525E+06 1.08867E-08 1.80371E-08
 -1        68-5.33521E+06-7.57289E+05-8.83428E+04-2.03534E+06-4.57021E-11 7.80710E-09
 -1        69-5.46002E+06-9.02195E+05-2.46699E+05-1.98299E+06 3.10638E-09 1.82445E-08
 -1        70-5.25601E+06-6.55795E+05-3.74101E+05-2.06273E+06 4.29281E-09-2.38360E-08
 -1        86-2.38265E+03 8.12585E+05 1.86054E+04-1.63134E+03 1.17234E-09 8.59018E-09
 -1        87 1.60078E+04 8.24674E+05 3.85576E+04 6.69072E+03 5.80712E-10-1.10795E-08
 -1        88-1.37203E+04 8.06725E+05 5.96495E+04-5.06112E+03 2.03727E-09-6.27506E-09
 -1        89 1.06837E+05 8.68497E+05 1.59296E+05 1.42925E+04 2.20825E-09-1.74559E-08
 -1        90-9.20171E+04 7.68939E+05 2.27233E+05-9.22604E+03 3.37604E-09 2.57160E-09
 -1       121-1.02911E+03-1.43080E+06-6.98111E+01 4.90814E+02 1.91051E-09 1.63054E-08
 -1       122-6.86645E+02-1.42880E+06 6.06545E+02-1.98048E+03 5.01446E-09 1.23782E-08
 -1       123-1.04807E+03-1.43088E+06 6.95958E+02 1.47117E+03 5.75119E-09 1.05138E-09
 -1       124 3.93643E+02-1.42824E+06 2.59355E+03-4.36760E+03 1.02004E-08 2.39124E-08
 -1       125-1.51859E+03-1.43156E+06 3.81472E+03 2.86407E+03 9.10586E-09 4.30737E-09
 -1       191-2.53604E+01 5.35896E+05 1.53041E+01-6.41749E-01 2.96856E-10-2.08420E-08
 -1       192-2.49839E+01 5.35854E+05 2.84002E+01 3.45526E+00 4.08420E-10-1.38298E-08
 -1       193-2.86626E+01 5.35896E+05 5.21196E+01-2.84803E+00 5.04405E-10 3.38332E-09
 -1       194-2.89880E+01 5.35859E+05 1.07487E+02 7.54535E+00 2.10580E-10-1.32104E-08
 -1       195-3.50048E+01 5.35892E+05 2.09539E+02-4.77880E+00 6.91173E-10 4.21642E-09
 -1       251 4.05029E+05-7.88428E+04 1.92643E+05 1.44610E+04 2.08638E-09 4.30009E-09
 -1       252 4.95813E+05 9.07753E+04 1.35883E+05-7.12324E+04-1.58798E-09 1.25074E-08
 -1       253 4.38651E+05-1.17594E+04 4.98326E+04 1.09333E+04-6.12999E-10-2.32649E-09
 -1       254 4.55071E+05 1.34183E+04 3.13127E+04-6.56270E+04-6.76664E-10-2.83035E-09
 -1       255 4.44575E+05-1.77710E+03 1.28602E+04 8.85513E+03-4.14502E-10 1.56347E-08
 -1       256 4.47334E+05 2.26190E+03 7.77786E+03-6.25547E+04 1.98520E-09 1.27276E-08
 -1       257 4.45766E+05-3.09386E+02 4.03091E+03 7.86097E+03-1.12539E-09 7.71638E-09
 -1       258 4.45963E+05 9.14928E+02 3.50401E+03-6.15833E+04 1.50524E-09-1.09724E-08
 -1       259 4.45756E+05-3.11425E+02 4.04092E+03 7.88437E+03-1.32593E-09-6.20764E-09
 -1       260 4.47399E+05 2.26221E+03 7.82187E+03-6.26552E+04-2.08047E-11-8.17920E-09
 -1       261 4.44540E+05-1.78889E+03 1.29175E+04 8.93216E+03 1.55069E-09-9.63701E-09
 -1       262 4.55237E+05 1.34675E+04 3.14917E+04-6.58264E+04-2.57819E-09 2.21135E-08
 -1       263 4.38563E+05-1.18256E+04 5.00786E+04 1.10558E+04-9.91349E-10 5.03132E-09
 -1       264 4.96271E+05 9.12232E+04 1.36621E+05-7.15450E+04-4.41491E-09 4.58749E-09
 -1       265 4.04732E+05-7.92675E+04 1.93626E+05 1.46517E+04-3.82715E-09-6.78119E-09
 -1       266-6.22158E+04-3.01395E+04 1.54028E+05-2.46825E+02-2.18279E-10-1.92557E-09
 -1       267 7.24651E+04 3.49624E+04 1.07590E+05 2.88581E+02-2.32831E-10-2.62422E-08
 -1       268-9.23019E+03-4.78455E+03 4.05081E+04-3.42089E+01-1.83718E-10-1.34068E-08
 -1       269 1.09196E+04 5.69568E+03 2.59004E+04 4.01976E+01-5.45697E-11 1.43439E-08
 -1       270-1.55367E+03-9.08970E+02 1.27023E+04-4.96089E+00-1.27329E-11 1.64650E-08
 -1       271-6.20651E+06-8.22101E+05-4.80534E+05-2.44051E+06 3.71074E-10-4.04543E-09
 -1       272-6.33159E+06-1.15971E+06-3.00570E+05-2.48273E+06 4.48563E-09 3.15413E-09
 -1       273-6.29773E+06-9.16591E+05-1.13459E+05-2.41981E+06 1.31331E-09 1.00117E-08
 -1       274-6.22447E+06-1.03630E+06-6.13842E+04-2.52281E+06-1.59343E-09-1.59180E-08
 -1       275-6.31382E+06-9.20069E+05-2.63016E+04-2.41198E+06 7.78527E-10-6.39011E-09
 -1       276-6.20660E+06-1.03141E+06-1.35367E+04-2.53733E+06-6.08907E-09-4.88922E-09
 -1       277-6.31855E+06-9.17337E+05-6.73235E+03-2.40838E+06 1.08230E-09-1.09342E-08
 -1       278-6.20313E+06-1.03305E+06-4.78169E+03-2.54171E+06-1.19917E-09-1.09276E-08
 -1       279-6.31848E+06-9.17519E+05-5.24110E+03-2.40850E+06-2.24009E-09 6.71025E-09
 -1       280-6.20644E+06-1.03047E+06-9.38991E+03-2.53675E+06-2.39106E-09 7.24322E-09
 -1       281-6.31384E+06-9.20893E+05-1.78731E+04-2.41232E+06 1.16233E-09 4.09091E-09
 -1       282-6.22117E+06-1.03026E+06-4.11290E+04-2.52219E+06-4.22006E-10-5.09317E-11
 -1       283-6.30053E+06-9.21282E+05-7.62765E+04-2.42010E+06-3.79441E-09-5.18776E-09
 -1       284-6.29742E+06-1.10740E+06-2.01176E+05-2.48820E+06-3.48518E-09-1.30967E-08
 -1       285-6.23606E+06-8.61730E+05-3.22420E+05-2.43752E+06-2.63844E-09 7.15954E-09
 -1       301 3.95975E+04 7.09889E+04 1.98470E+05 1.15117E+04-3.06318E-09 2.74172E-08
 -1       302 2.42325E+04 1.17900E+05 1.39844E+05 1.52368E+04-5.20231E-10 1.38525E-09
 -1       303 1.81326E+03 8.75358E+04 1.29351E+05 1.10540E+04-2.90311E-09-1.27776E-08
 -1       304 4.64142E+04 1.38330E+05 2.15658E+05 1.52421E+04-7.31234E-10 9.48205E-10
 -1       305 7.95445E+04 5.07146E+04 3.71051E+05 1.20040E+04-1.83354E-09 2.00325E-08
 -1       306-8.01538E+06-1.06646E+06-6.60616E+05-3.32336E+06 1.08121E-08-1.26893E-08
 -1       307-8.81954E+06-1.09077E+06-4.39860E+05-2.66241E+06 1.94304E-08-8.41101E-09
 -1       308-8.05039E+06-1.34919E+06-1.52080E+05-3.35705E+06 6.56291E-09 3.69619E-09
 -1       309-8.67998E+06-8.29152E+05-8.85970E+04-2.70143E+06-1.82810E-08 4.75848E-09
 -1       310-8.15386E+06-1.32258E+06-4.18617E+04-3.28636E+06-2.04236E-08 6.03541E-09
 -1       311-8.37161E+06-1.02008E+06-8.18168E+03-2.92756E+06-1.60580E-08 1.03528E-08
 -1       312-8.33438E+06-1.17477E+06-2.32372E+04-3.11261E+06 2.15732E-09 1.11631E-08
 -1       313-8.06413E+06-1.32473E+06 3.01894E+03-3.28505E+06-1.30385E-08 6.26051E-09
 -1       314-8.46266E+06-1.01696E+06-1.54140E+04-2.93073E+06-2.27010E-08-2.29893E-08
 -1       315-7.92954E+06-1.52505E+06-1.84753E+04-3.54793E+06-2.93494E-09-2.56732E-08
 -1       316-8.49317E+06-9.57023E+05-3.69811E+04-2.86736E+06 2.61271E-08-1.24419E-08
 -1       317-7.97130E+06-1.53499E+06-9.36331E+04-3.49990E+06-1.53159E-08 1.48484E-08
 -1       318-8.41658E+06-1.01130E+06-1.71268E+05-2.97524E+06-3.45653E-09 1.30021E-08
 -1       319-8.31484E+06-1.56628E+06-4.60516E+05-3.13767E+06 1.34896E-08-8.73115E-10
 -1       320-8.12856E+06-9.47629E+05-7.09782E+05-3.21100E+06-1.20344E-08 4.16185E-09
 -1       336-3.54058E+02-1.53210E+06-7.27309E+03 3.64558E+03-1.35169E-08-4.09273E-09
 -1       337-2.49466E+03-1.53217E+06-7.01970E+03-9.18324E+03-1.39471E-09 1.76078E-08
 -1       338-5.75615E+02-1.53251E+06-9.09382E+03 5.45181E+03-1.76033E-08 1.49994E-08
 -1       339-7.85158E+03-1.53642E+06-1.83743E+04-1.26961E+04-1.13050E-09 1.06011E-08
 -1       340 3.53197E+03-1.52863E+06-2.93794E+04 7.11890E+03-2.01333E-08 2.51166E-08
 -1       406 1.42132E+01 5.35873E+05 8.58111E+02-3.63401E+00 9.84244E-10 3.15686E-09
 -1       407 2.81183E+02 5.36032E+05 1.82521E+03-8.50800E+00 7.88987E-11-8.06494E-09
 -1       408 9.20769E+02 5.35741E+05 3.64418E+03 1.27480E+01 1.25829E-09-3.20497E-08
 -1       409 3.92411E+03 5.37196E+05 8.20485E+03-1.53085E+02 1.72349E-10-3.51092E-08
 -1       410 1.13073E+04 5.34701E+05 1.67488E+04 1.52974E+02 1.26056E-09-1.28057E-09
 -1       521-1.42232E+07-2.42011E+06-1.23033E+06-6.45132E+06 2.07510E-08-4.05707E-08
 -1       522-1.70594E+07-4.55427E+05-7.07944E+05-3.42538E+06 6.31553E-08-1.64437E-09
 -1       523-1.40661E+07-2.93316E+06-2.75872E+05-6.55582E+06 3.57068E-09 1.21217E-08
 -1       524-1.56463E+07-7.44880E+05-3.70847E+04-3.99443E+06-2.17515E-08 4.36048E-08
 -1       525-1.54208E+07-2.29529E+06-2.46480E+05-5.70930E+06-9.66247E-09 6.67205E-09
 -1       526-1.36162E+07-2.51297E+06 1.09173E+05-6.06846E+06 1.96524E-08-2.38961E-08
 -1       527-1.60028E+07-1.24188E+06-6.41684E+04-4.43490E+06 3.32875E-08-2.04454E-08
 -1       528-1.33502E+07-3.38212E+06 5.34132E+04-7.66203E+06-2.39834E-09 7.22794E-08
 -1       529-1.60024E+07-1.16287E+06-4.13821E+04-4.34064E+06-1.98415E-08 4.61041E-08
 -1       530-1.35205E+07-2.68384E+06 1.00644E+05-6.33916E+06-1.42027E-08-3.01807E-08
 -1       531-1.55537E+07-2.17311E+06-2.47493E+05-5.56177E+06 1.75496E-08 1.99725E-08
 -1       532-1.53684E+07-9.34791E+05-2.14571E+04-4.15292E+06 1.55742E-08-5.15101E-08
 -1       533-1.41688E+07-2.90031E+06-2.86175E+05-6.51248E+06-2.41926E-09-6.24423E-08
 -1       534-1.71028E+07-4.05901E+05-6.85483E+05-3.40949E+06 1.37443E-08 6.78629E-08
 -1       535-1.40872E+07-2.49371E+06-1.16965E+06-6.51971E+06-1.99361E-08 5.30272E-08
 -1       536-1.82420E+05-3.91442E+04 9.36760E+04 5.57917E+03 4.27190E-09-1.79243E-08
 -1       537-1.30001E+05 4.40242E+04 6.74428E+04-4.84594E+04-1.93377E-08-2.70575E-09
 -1       538-1.65435E+05-6.00876E+03 2.38844E+04 6.74311E+03 1.07684E-09 8.29641E-09
 -1       539-1.51592E+05 6.11924E+03 1.58776E+04-5.07331E+04 1.17798E-08 2.07117E-08
 -1       540-1.61935E+05-1.01373E+03 5.85123E+03 7.83566E+03 5.92809E-09 1.67388E-08
 -1       541-1.57138E+05 8.67387E+02 3.89019E+03-5.26141E+04 1.14073E-09 1.78147E-08
 -1       542-1.60758E+05-2.11311E+02 1.29837E+03 8.61573E+03-1.16643E-09 8.22661E-09
 -1       543-1.59466E+05 2.98000E+02 7.25717E+02-5.38505E+04 5.67456E-09 3.97370E-09
 -1       544-1.60202E+05-2.85911E+01-1.23972E+02 9.07138E+03 1.33446E-09 8.57256E-10
 -1       545-1.60574E+05 6.62387E+01-8.93710E+02-5.44307E+04 1.96067E-09-4.27497E-09
 -1       546-1.59937E+05 2.20942E+02-1.85615E+03 9.19702E+03 7.28193E-10 1.67324E-09
 -1       547-1.61350E+05-1.72375E+03-4.66142E+03-5.43472E+04-3.93112E-09-1.18148E-08
 -1       548-1.59385E+05 1.70923E+03-7.75528E+03 8.98755E+03-6.11203E-09-8.38372E-09
 -1       549-1.65870E+05-1.37675E+04-2.05490E+04-5.35772E+04-2.14527E-09 9.17044E-09
 -1       550-1.55051E+05 1.18359E+04-3.00366E+04 8.42596E+03-1.09139E-11 1.36242E-09
 -1       551 4.34820E+04-9.29975E+05 3.99357E+04-1.41553E+06-7.42148E-10-4.33647E-09
 -1       552 7.60297E+04-9.51316E+05 5.30964E+04-1.92718E+06 1.95723E-08 1.87210E-08
 -1       553 5.61218E+04-9.54572E+05 8.07004E+04-1.41087E+06 4.94765E-10 2.18861E-08
 -1       554 1.16079E+05-9.32124E+05 1.69370E+05-1.92791E+06 2.49565E-08 5.51699E-09
 -1       555 1.15912E+05-9.77365E+05 3.05981E+05-1.41256E+06 1.06229E-09-1.04046E-08
 -1       556 1.00332E+05-2.83668E+05 8.87409E+04-3.47966E+05-3.76895E-09-6.91216E-09
 -1       557 2.28234E+05-3.78711E+05 4.85071E+04-4.52200E+05-6.89761E-09-1.92413E-08
 -1       558 9.51622E+04-2.87733E+05 1.80286E+04-3.42854E+05 9.63337E-09-7.87259E-09
 -1       559 2.04411E+05-3.88971E+05 9.71664E+03-4.64444E+05 1.00481E-08-3.21234E-09
 -1       560 8.71634E+04-2.82289E+05 3.23716E+03-3.48511E+05-1.89175E-10 4.75120E-09
 -1       561 1.93063E+05-3.85131E+05 2.08820E+03-4.71757E+05 3.99450E-09 7.95080E-09
 -1       562 8.10543E+04-2.78228E+05 4.69422E+02-3.52917E+05-5.96629E-10-3.04226E-09
 -1       563 1.85787E+05-3.82035E+05 5.40118E+02-4.76438E+05-4.26735E-09-1.85909E-08
 -1       564 7.73133E+04-2.75771E+05 1.02436E+02-3.55566E+05-7.04313E-09-4.57476E-10
 -1       565 1.82081E+05-3.80455E+05 1.00261E+02-4.78786E+05-2.02708E-08 1.28784E-08
 -1       566 7.60379E+04-2.74913E+05-2.33599E+02-3.56474E+05-6.08816E-09 9.93168E-09
 -1       567 1.81849E+05-3.80391E+05-7.23716E+02-4.78784E+05-3.00497E-09 1.02664E-08
 -1       568 7.73305E+04-2.75749E+05-1.93551E+03-3.55699E+05 2.69574E-09-2.15005E-09
 -1       569 1.83147E+05-3.81692E+05-4.44785E+03-4.75182E+05-1.69894E-09 8.97489E-09
 -1       570 8.26336E+04-2.80293E+05-9.34529E+03-3.53753E+05-2.10275E-09-1.05929E-08
 -1       571 3.83249E+05 1.51371E+04 2.24742E+04-9.40444E+04-9.40418E-09-3.80533E-09
 -1       572 3.86578E+05 5.25724E+03 1.10130E+04-1.03067E+05-1.81280E-08 1.77306E-09
 -1       573 3.84546E+05 1.24903E+03 4.89227E+03-9.37879E+04 1.02900E-08 8.76389E-09
 -1       574 3.84927E+05 4.13613E+02 2.45208E+03-1.03347E+05 3.85485E-08 5.27780E-09
 -1       575 3.84665E+05 6.58703E+01 1.15491E+03-9.37551E+04 1.82231E-08 1.33969E-08
 -1       576 3.84687E+05 3.23092E+01 5.86847E+02-1.03384E+05 6.92694E-10 9.40781E-09
 -1       577 3.84680E+05 6.54324E+00 2.85715E+02-9.37509E+04-7.36009E-09 7.42784E-09
 -1       578 3.84669E+05 1.08642E+01 1.49263E+02-1.03389E+05-1.76635E-08-1.60799E-09
 -1       579 3.84719E+05-5.75401E+00 7.78240E+01-9.37505E+04-9.49422E-09-5.77984E-09
 -1       580 3.84728E+05-1.82732E+01 5.13828E+01-1.03384E+05-5.63523E-09 3.30783E-09
 -1       581 3.84800E+05-4.74959E+01 4.31411E+01-9.37552E+04-4.60022E-09-6.30007E-09
 -1       582 3.84845E+05-6.87763E+01 6.62895E+01-1.03331E+05 9.79526E-10 6.82849E-09
 -1       583 3.84921E+05-9.15291E+01 1.09146E+02-9.38032E+04-3.00133E-10-2.87855E-10
 -1       584 3.85042E+05-3.76633E+01 2.45017E+02-1.02923E+05-1.72895E-09-5.02496E-10
 -1       585 3.85042E+05 1.48321E+02 4.82281E+02-9.41642E+04-1.45519E-11-1.96451E-10
 -1       586-2.27733E+03 1.37726E+05-3.00817E+03-3.11982E+05 1.49839E-09-1.42782E-08
 -1       587 4.23111E+00 1.37288E+05 8.00505E+02-3.43887E+05 2.72667E-09 1.38971E-08
 -1       588 1.61889E+03 1.37211E+05 4.90379E+03-3.11758E+05 1.40244E-09 4.37467E-09
 -1       589 6.49731E+03 1.39682E+05 1.27106E+04-3.43658E+05 2.52112E-09 3.13594E-08
 -1       590 1.80834E+04 1.35928E+05 2.66213E+04-3.12214E+05 9.45874E-10 5.81531E-09
 -1       591-1.27972E+05-3.53303E+04-3.15508E+04-6.23800E+04-3.84830E-09 1.01772E-08
 -1       592-1.30711E+05-3.95763E+04-1.66252E+04-7.05962E+04-2.20007E-09 2.15848E-08
 -1       593-1.30627E+05-3.07754E+04-6.99317E+03-6.53940E+04-3.96130E-09 2.91948E-10
 -1       594-1.26634E+05-3.54384E+04-3.46291E+03-7.07680E+04-7.52198E-09 1.90892E-09
 -1       595-1.30844E+05-3.06971E+04-1.59684E+03-6.55139E+04-7.26504E-09 1.01162E-08
 -1       596-1.26370E+05-3.52745E+04-8.09743E+02-7.07342E+04 8.33893E-11-1.43772E-08
 -1       597-1.30875E+05-3.07188E+04-4.40237E+02-6.55170E+04-2.96603E-09-1.05503E-08
 -1       598-1.26343E+05-3.52708E+04-3.51504E+02-7.07244E+04-5.09669E-09 9.28799E-09
 -1       599-1.30872E+05-3.07206E+04-4.46470E+02-6.55154E+04 2.37605E-09-2.05409E-09
 -1       600-1.26366E+05-3.52772E+04-8.26008E+02-7.07284E+04 8.39464E-10 1.09579E-08
 -1       601-1.30833E+05-3.07019E+04-1.63090E+03-6.55091E+04 1.03182E-09 7.50197E-09
 -1       602-1.26631E+05-3.54448E+04-3.53758E+03-7.07549E+04-1.16438E-09 1.47584E-08
 -1       603-1.30605E+05-3.07884E+04-7.14424E+03-6.53858E+04 2.93312E-10-4.51109E-10
 -1       604-1.30813E+05-3.96492E+04-1.69814E+04-7.05466E+04-7.84894E-10-1.83763E-09
 -1       605-1.27865E+05-3.54616E+04-3.22267E+04-6.23274E+04 1.35469E-09 1.45155E-08
 -1       606 8.27384E+04-1.63422E+04-3.14320E+04 4.75251E+04 5.36602E-09 8.56744E-09
 -1       607 7.71536E+04-5.23006E+03-1.57450E+04 5.39936E+04 2.21098E-08-1.57538E-08
 -1       608 8.02510E+04-7.86238E+02-7.07119E+03 4.71273E+04 1.63345E-08 8.03084E-10
 -1       609 7.96326E+04-1.72474E+02-3.57751E+03 5.44265E+04-2.70484E-09 3.69391E-09
 -1       610 7.99209E+04 7.93717E+01-1.71871E+03 4.70856E+04-1.10831E-08 2.52203E-09
 -1       611 7.97813E+04 1.23629E+02-8.65658E+02 5.44696E+04-1.60599E-08 6.30007E-09
 -1       612 7.98022E+04 1.22075E+02-4.17156E+02 4.70823E+04-4.91673E-09 1.46015E-08
 -1       613 7.97299E+04 1.62132E+02-1.87695E+02 5.44732E+04-8.93942E-09 6.00403E-09
 -1       614 7.97257E+04 1.45963E+02-5.09432E+01 4.70813E+04 1.41699E-09-6.00585E-09
 -1       615 7.96728E+04 1.92251E+02 6.67964E+01 5.44729E+04 1.39335E-08-3.99268E-10
 -1       616 7.96679E+04 1.71705E+02 2.10328E+02 4.70822E+04 3.78350E-09 1.21813E-08
 -1       617 7.96610E+04 2.50662E+02 4.85172E+02 5.44709E+04 1.55160E-08-5.54382E-09
 -1       618 7.96014E+04 3.03700E+02 9.76732E+02 4.70825E+04 1.64619E-09-2.76259E-09
 -1       619 7.99959E+04 9.62721E+02 2.19102E+03 5.44674E+04 7.52379E-10-9.51513E-09
 -1       620 7.92521E+04 2.47622E+03 4.37661E+03 4.70788E+04 3.87672E-09 5.07953E-09
 -1       621 5.26984E+02 4.03795E+05 3.39816E+03-1.25644E+04-2.22008E-09 4.96198E-09
 -1       622 4.10527E+02 4.04554E+05 3.85127E+03-1.70583E+04 7.46127E-10 9.06800E-09
 -1       623 1.02987E+02 4.03890E+05 5.79766E+03-1.25706E+04-2.23599E-09 1.13596E-09
 -1       624 2.81694E+03 4.06779E+05 1.20841E+04-1.69933E+04 7.86713E-10 3.69323E-09
 -1       625 4.84928E+03 4.01583E+05 2.21060E+04-1.26265E+04-1.74714E-09 1.02941E-08
 -1       626 3.54769E+05 9.98814E+04 7.04886E+03 1.94348E+05-8.70477E-09 4.76575E-10
 -1       627 3.49115E+05 1.04508E+05 3.42598E+03 2.03006E+05-5.76256E-09 1.96762E-08
 -1       628 3.55035E+05 9.67571E+04 1.44407E+03 1.95286E+05 5.96629E-09 1.26579E-08
 -1       629 3.47987E+05 1.03809E+05 7.13174E+02 2.03405E+05 9.71613E-09-1.25800E-08
 -1       630 3.54995E+05 9.66595E+04 3.29617E+02 1.95268E+05 1.41481E-08-1.01222E-08
 -1       631 3.47811E+05 1.03821E+05 1.83332E+02 2.03365E+05 1.09139E-09-4.81205E-09
 -1       632 3.54934E+05 9.66976E+04 1.27587E+02 1.95226E+05-6.40284E-10-2.18815E-08
 -1       633 3.47751E+05 1.03845E+05 1.55845E+02 2.03323E+05 1.24478E-08-3.47995E-09
 -1       634 3.54889E+05 9.67113E+04 2.61790E+02 1.95202E+05 4.68208E-09-8.93488E-09
 -1       635 3.47746E+05 1.03854E+05 5.36897E+02 2.03311E+05-4.11228E-09 1.72804E-10
 -1       636 3.54854E+05 9.67058E+04 1.08592E+03 1.95193E+05-9.42964E-09 6.12317E-09
 -1       637 3.47957E+05 1.03999E+05 2.38086E+03 2.03313E+05 3.15538E-09-5.10045E-09
 -1       638 3.54762E+05 9.71308E+04 4.88116E+03 1.94989E+05-1.01873E-08 5.12318E-09
 -1       639 3.50535E+05 1.07345E+05 1.15275E+04 2.02696E+05-3.38150E-08-7.66886E-09
 -1       640 3.54292E+05 1.06945E+05 2.37509E+04 1.90734E+05-8.20546E-09-1.16142E-09
 -1       656 5.14512E+04-1.33849E+06-1.31359E+05-3.82851E+03-8.54197E-09 3.21575E-09
 -1       657-6.82828E+04-1.39609E+06-1.07608E+05 4.24578E+04-4.23097E-09-1.28722E-08
 -1       658 1.58055E+04-1.35520E+06-6.74318E+04-5.53954E+03-1.39335E-09 4.42395E-09
 -1       659-7.44718E+04-1.39920E+06-1.16014E+05 4.35821E+04-1.30149E-09-9.38340E-09
 -1       660 5.75894E+04-1.33544E+06-1.45924E+05-4.95237E+03-3.37604E-09-2.49986E-09
 -1       661 3.44070E+05 3.99776E+04 3.09920E+04 1.34039E+05 3.13048E-09 1.27056E-08
 -1       662 3.56752E+05 6.38210E+04 2.03208E+04 1.32369E+05-1.63113E-08 2.83944E-09
 -1       663 3.49856E+05 4.87930E+04 7.32228E+03 1.32677E+05-1.02229E-08 3.04226E-10
 -1       664 3.50086E+05 5.32268E+04 4.21727E+03 1.34168E+05 1.49805E-09-1.22729E-08
 -1       665 3.50641E+05 4.98799E+04 1.72482E+03 1.32503E+05-4.92173E-09-1.20581E-08
 -1       666 3.49165E+05 5.19541E+04 9.73187E+02 1.34418E+05-2.00541E-09 1.83100E-08
 -1       667 3.50769E+05 4.99883E+04 5.30609E+02 1.32457E+05-7.96717E-10 1.36206E-08
 -1       668 3.49016E+05 5.18818E+04 5.20907E+02 1.34505E+05 1.78966E-09 5.51580E-09
 -1       669 3.50791E+05 4.99442E+04 7.18861E+02 1.32421E+05 9.28605E-09 5.13495E-09
 -1       670 3.49130E+05 5.21999E+04 1.51410E+03 1.34557E+05 1.31758E-08 2.04091E-09
 -1       671 3.50660E+05 4.96798E+04 2.77817E+03 1.32402E+05-3.59199E-09-9.56561E-10
 -1       672 3.50483E+05 5.44391E+04 6.86040E+03 1.34336E+05-1.55759E-08 1.98997E-09
 -1       673 3.49458E+05 4.78270E+04 1.19291E+04 1.32597E+05 2.81273E-09-2.48474E-09
 -1       674 3.61210E+05 7.18625E+04 3.31294E+04 1.31580E+05 5.44765E-09-1.44837E-09
 -1       675 3.40094E+05 3.33820E+04 5.05284E+04 1.34736E+05 8.24002E-10 5.13683E-09
 -1       676 2.46398E+01-3.90584E+05-1.50108E+03 1.11414E+02 1.19138E-09 2.10648E-08
 -1       677-2.93979E+02-3.90897E+05-2.71257E+03-2.22635E+02-1.09480E-10-1.87980E-09
 -1       678 1.64649E+02-3.90358E+05-4.87400E+03 1.11119E+02 3.42902E-09 1.31358E-09
 -1       679-4.22641E+03-3.93714E+05-1.13604E+04-2.21212E+02 2.86786E-09 5.00977E-09
 -1       680 1.78870E+03-3.87768E+05-1.87953E+04 1.07838E+02 1.22054E-09 2.09830E-09
 -1       771-4.17096E+06-8.07221E+05-9.97255E+04-1.80276E+06-2.59606E-08 1.20199E-08
 -1       772-4.13539E+06-8.52376E+05-5.13606E+04-1.86607E+06 1.24564E-08 1.38461E-08
 -1       773-4.18678E+06-7.87208E+05-2.39718E+04-1.81140E+06 1.72295E-08-2.51748E-09
 -1       774-4.12523E+06-8.42959E+05-1.12714E+04-1.87781E+06 1.49157E-08-1.46247E-08
 -1       775-4.19408E+06-7.82008E+05-6.83615E+03-1.81351E+06-3.11411E-09-4.73665E-09
 -1       776-4.12832E+06-8.42671E+05-2.95968E+03-1.88593E+06-7.33417E-09-1.20963E-09
 -1       777-4.20014E+06-7.77754E+05-2.59281E+03-1.81532E+06 5.52973E-10-8.04721E-09
 -1       778-4.13196E+06-8.42432E+05-1.14861E+03-1.89280E+06-3.66708E-09-3.33239E-09
 -1       779-4.20518E+06-7.74128E+05-1.67054E+03-1.81689E+06-8.20728E-09-3.83079E-09
 -1       780-4.13522E+06-8.42143E+05-1.59317E+03-1.89831E+06-2.10275E-08-4.62933E-09
 -1       781-4.20899E+06-7.71270E+05-3.15957E+03-1.81810E+06-1.14087E-08-3.67436E-10
 -1       782-4.13810E+06-8.42145E+05-6.05629E+03-1.90229E+06-1.27729E-08-1.88606E-10
 -1       783-4.21117E+06-7.69572E+05-1.22912E+04-1.81873E+06 2.01762E-08 8.25094E-09
 -1       784-4.14664E+06-8.49234E+05-2.90362E+04-1.90423E+06 3.47791E-09 1.04410E-08
 -1       785-4.20765E+06-7.76733E+05-5.52221E+04-1.81391E+06-1.38753E-08 1.74987E-09
 -1       786 3.35442E+05-1.63887E+04 4.05238E+04 2.18829E+02 5.66843E-10 9.25866E-09
 -1       787 3.52560E+05 1.90789E+04 2.82601E+04-1.38807E+03 1.79982E-09 1.53213E-08
 -1       788 3.42136E+05-2.42385E+03 1.05093E+04 1.96552E+02-3.92795E-10 2.81943E-10
 -1       789 3.44819E+05 2.81660E+03 6.46800E+03-1.36131E+03-2.28547E-10 3.29214E-09
 -1       790 3.43186E+05-3.57387E+02 2.68928E+03 1.92082E+02 2.35830E-10-3.92981E-09
 -1       791 3.43602E+05 4.16508E+02 1.55261E+03-1.36978E+03-5.76478E-10 6.45514E-10
 -1       792 3.43354E+05-5.49006E+01 7.33294E+02 2.05019E+02 2.87365E-10 6.00676E-09
 -1       793 3.43417E+05 8.12686E+01 4.94402E+02-1.41368E+03-1.43503E-09-7.08355E-09
 -1       794 3.43372E+05-2.60200E+01 4.06328E+02 2.35977E+02 1.10505E-09-1.05292E-08
 -1       795 3.43455E+05 1.54129E+02 6.25946E+02-1.49464E+03-2.11026E-09 1.17748E-09
 -1       796 3.43316E+05-1.27135E+02 9.85368E+02 2.85984E+02 6.35652E-10-1.55694E-09
 -1       797 3.43881E+05 9.94061E+02 2.30184E+03-1.61499E+03-2.12097E-10-5.48138E-09
 -1       798 3.42946E+05-8.55563E+02 3.71638E+03 3.56332E+02-4.15099E-10 5.87556E-09
 -1       799 3.46615E+05 6.73081E+03 9.97672E+03-1.77963E+03-2.03285E-09-1.49089E-09
 -1       800 3.40582E+05-5.78329E+03 1.42972E+04 4.50578E+02 1.09475E-09-1.07120E-08
 -1       801-6.34066E+04 1.94668E+05 1.50434E+04 2.55107E+05 2.79460E-08-1.32713E-08
 -1       802 1.46365E+05 4.28242E+05 1.20651E+05-1.66914E+06 1.01045E-08-4.33947E-08
 -1       803-2.84776E+04 3.41782E+05 1.22818E+05 2.43498E+05-1.68075E-09 3.91937E-08
 -1       804 2.96203E+05 5.49418E+05 3.35775E+05-1.67304E+06 5.72873E-08 3.35358E-08
 -1       805-2.21647E+05 8.87545E+04 3.67403E+05 2.58621E+05-3.28291E-08 3.41752E-08
 -1       806-3.72778E+05-8.54795E+04-3.28473E+04-1.58959E+05-6.73481E-09-5.01132E-09
 -1       807-3.74203E+05-7.94296E+04-1.59380E+04-1.68041E+05-5.92308E-11 1.11565E-08
 -1       808-3.73335E+05-7.20294E+04-6.74731E+03-1.65035E+05 1.71940E-09-1.68802E-09
 -1       809-3.70855E+05-7.46118E+04-3.28807E+03-1.68723E+05 4.67571E-09 1.26745E-08
 -1       810-3.73461E+05-7.14466E+04-1.49942E+03-1.65341E+05-1.20872E-09-1.30219E-08
 -1       811-3.70575E+05-7.43960E+04-7.41117E+02-1.68696E+05-2.28306E-09-1.30785E-09
 -1       812-3.73480E+05-7.14726E+04-3.65409E+02-1.65340E+05-1.21872E-10-9.61336E-10
 -1       813-3.70533E+05-7.44026E+04-2.21888E+02-1.68669E+05-2.04591E-09-2.21848E-09
 -1       814-3.73469E+05-7.14905E+04-1.95121E+02-1.65330E+05-1.38243E-09-5.41741E-09
 -1       815-3.70527E+05-7.44109E+04-2.90332E+02-1.68654E+05-4.15821E-09 4.84329E-09
 -1       816-3.73437E+05-7.14996E+04-5.35561E+02-1.65319E+05-1.61435E-09 8.46194E-09
 -1       817-3.70613E+05-7.44783E+04-1.14499E+03-1.68622E+05-1.92040E-09 8.25821E-09
 -1       818-3.73355E+05-7.17324E+04-2.33967E+03-1.65215E+05 5.01132E-10 4.02451E-09
 -1       819-3.71897E+05-7.59975E+04-5.51199E+03-1.68187E+05-1.89448E-09 3.49246E-10
 -1       820-3.72997E+05-7.65243E+04-1.13599E+04-1.63257E+05 7.29415E-10 4.52269E-09
 -1       821-5.31805E+05 2.61297E+04-6.45776E+04-7.27275E+02-3.10217E-09-8.67294E-09
 -1       822-5.59035E+05-3.04174E+04-4.50401E+04 2.16011E+03-1.37240E-09 7.46240E-10
 -1       823-5.42465E+05 3.86097E+03-1.67579E+04-1.09032E+03 3.00872E-09 1.46565E-08
 -1       824-5.46709E+05-4.48514E+03-1.03233E+04 2.82122E+03 5.16167E-10 5.14535E-09
 -1       825-5.44129E+05 5.66790E+02-4.33098E+03-1.38857E+03-8.39020E-09 7.41056E-09
 -1       826-5.44791E+05-6.62467E+02-2.56661E+03 3.33854E+03-1.30241E-08 5.57512E-09
 -1       827-5.44385E+05 9.14398E+01-1.35263E+03-1.60772E+03-1.01882E-08 5.85047E-09
 -1       828-5.44544E+05-1.81488E+02-1.18502E+03 3.68590E+03-1.23584E-08-3.07353E-09
 -1       829-5.44379E+05 9.41869E+01-1.38349E+03-1.73596E+03-1.17269E-09 9.95294E-09
 -1       830-5.44826E+05-6.83432E+02-2.65941E+03 3.84398E+03 5.43248E-09 6.14423E-09
 -1       831-5.44106E+05 5.89063E+02-4.49411E+03-1.76580E+03-4.41614E-09 1.59969E-08
 -1       832-5.46837E+05-4.65461E+03-1.07336E+04 3.80616E+03-8.69797E-10-4.03361E-09
 -1       833-5.42371E+05 4.01369E+03-1.74151E+04-1.69804E+03-1.92074E-10-2.96041E-09
 -1       834-5.59660E+05-3.16114E+04-4.68264E+04 3.58695E+03-7.84439E-10-3.79805E-09
 -1       835-5.31287E+05 2.71639E+04-6.71250E+04-1.54604E+03 5.85050E-09-3.59069E-09
 -1       836-4.89804E+03 5.87442E+05 4.25147E+04-3.37925E+04-2.33013E-09-2.04909E-09
 -1       837 1.10176E+04 6.01450E+05 3.45873E+04-7.98015E+04-2.44586E-09 4.11342E-09
 -1       838-1.33244E+03 5.91640E+05 3.15139E+04-3.37124E+04-3.37150E-09 1.22313E-08
 -1       839 2.17769E+04 6.08796E+05 5.75339E+04-7.98043E+04-2.86946E-09-7.39067E-09
 -1       840-1.08111E+04 5.80007E+05 8.80919E+04-3.37853E+04-3.20870E-09 7.23912E-09
 -1       856-2.42540E+05 1.30143E+04-4.16701E+04 9.45464E+02-6.56996E-09 5.58430E-09
 -1       857-2.58733E+05-1.58605E+04-2.77426E+04 1.51498E+04-1.37427E-08 2.65709E-09
 -1       858-2.49118E+05 1.58162E+03-1.08275E+04 8.61408E+02-4.61205E-09-1.40062E-10
 -1       859-2.51321E+05-1.84535E+03-6.27806E+03 1.52755E+04-1.58775E-09-1.09951E-08
 -1       860-2.49987E+05 1.97213E+02-2.75057E+03 8.18028E+02 1.23816E-09 1.31598E-08
 -1       861-2.50347E+05-1.56845E+02-1.49511E+03 1.53331E+04-6.48504E-09 1.41634E-08
 -1       862-2.50110E+05 2.97502E+01-7.09935E+02 8.03401E+02 1.36747E-08-1.76993E-09
 -1       863-2.50208E+05 4.12124E+01-4.05339E+02 1.53363E+04 1.95596E-08-1.13869E-09
 -1       864-2.50127E+05 1.01907E+01-2.60772E+02 8.14864E+02 1.19426E-08 9.83752E-09
 -1       865-2.50186E+05 3.29404E+01-2.77892E+02 1.52857E+04 1.67365E-08 1.30096E-09
 -1       866-2.50115E+05 2.49677E+01-3.99566E+02 8.54003E+02 3.24599E-09 5.75259E-09
 -1       867-2.50275E+05-1.93122E+02-8.27104E+02 1.51802E+04-7.64885E-10 7.73866E-09
 -1       868-2.50004E+05 1.95972E+02-1.41365E+03 9.20545E+02 2.03386E-09 2.42960E-09
 -1       869-2.51180E+05-2.01274E+03-3.57470E+03 1.49940E+04-1.73532E-09 4.22212E-09
 -1       870-2.49159E+05 1.65762E+03-5.39006E+03 1.04048E+03 1.08275E-09 8.72205E-09
 -1       871-6.23612E+03-3.11348E+04-2.30331E+04 1.74818E+05 1.45519E-11 2.34650E-09
 -1       872-3.37841E+03-3.65870E+04-9.21269E+03 2.34997E+05 4.82942E-10 8.40009E-09
 -1       873-2.43668E+02-3.42703E+04 2.08515E+03 1.74413E+05 2.09229E-09 2.94949E-09
 -1       874 3.73584E+03-3.02506E+04 1.49458E+04 2.35084E+05 3.05909E-09 7.38146E-09
 -1       875 7.36342E+03-3.77516E+04 3.21009E+04 1.74762E+05-1.50249E-09-7.27687E-09
 -1       876 4.52116E+05 7.38805E+04 2.90708E+04 1.80687E+05 9.50820E-10 5.72254E-09
 -1       877 4.55668E+05 8.20638E+04 1.59905E+04 1.87366E+05-9.94919E-09 2.29647E-11
 -1       878 4.55299E+05 7.28091E+04 6.61181E+03 1.82435E+05 6.00130E-09 1.69780E-08
 -1       879 4.51438E+05 7.75436E+04 3.32038E+03 1.87605E+05-2.06728E-09-4.06658E-10
 -1       880 4.55527E+05 7.28488E+04 1.53050E+03 1.82525E+05-4.04043E-09-8.66783E-09
 -1       881 4.51143E+05 7.73109E+04 8.04375E+02 1.87560E+05 4.37012E-10 2.25609E-09
 -1       882 4.55546E+05 7.28750E+04 4.86439E+02 1.82532E+05-1.89971E-09-4.71154E-09
 -1       883 4.51121E+05 7.72961E+04 4.80860E+02 1.87544E+05-1.25351E-09 8.67084E-09
 -1       884 4.55537E+05 7.28736E+04 7.25246E+02 1.82532E+05 3.70153E-09-7.82154E-09
 -1       885 4.51182E+05 7.73157E+04 1.43609E+03 1.87559E+05 1.73412E-09-1.42643E-08
 -1       886 4.55480E+05 7.28347E+04 2.87616E+03 1.82523E+05 5.51768E-09 7.55904E-09
 -1       887 4.51748E+05 7.77530E+04 6.31382E+03 1.87620E+05 6.82888E-09 1.10012E-08
 -1       888 4.55025E+05 7.27706E+04 1.26081E+04 1.82348E+05 1.16484E-09 1.44792E-08
 -1       889 4.59736E+05 8.64501E+04 3.05065E+04 1.87225E+05 9.37338E-09 1.22691E-08
 -1       890 4.49013E+05 7.47523E+04 5.54741E+04 1.78923E+05-2.35650E-09-5.70071E-09
 -1       891-2.14597E+02-2.48751E+05-6.43205E+03 4.29320E+04 7.40619E-09-3.63661E-09
 -1       892-1.25118E+03-2.50472E+05-5.27958E+03 7.28448E+04 1.43282E-08-1.64050E-09
 -1       893-7.65971E+01-2.49260E+05-5.50516E+03 4.29220E+04 1.10858E-08-5.35238E-09
 -1       894-3.07960E+03-2.51823E+05-1.02065E+04 7.26250E+04 1.11522E-08 1.28725E-08
 -1       895-6.17932E+02-2.47122E+05-1.68878E+04 4.31464E+04 9.61904E-09-6.75936E-09
 -1       956-5.34183E+05-7.40988E+03-2.10012E+04 4.20050E+04-1.04046E-09 4.65661E-10
 -1       957-5.38531E+05-2.64959E+03-1.08899E+04 5.18236E+04 5.00677E-09-2.47019E-09
 -1       958-5.36190E+05-1.35323E+02-4.91116E+03 4.17103E+04 1.23473E-08-6.71662E-10
 -1       959-5.36552E+05 3.56127E+01-2.50955E+03 5.21431E+04-5.01677E-09 9.77025E-09
 -1       960-5.36398E+05 1.26548E+02-1.22496E+03 4.16796E+04-8.78026E-09-2.50611E-09
 -1       961-5.36456E+05 1.55398E+02-6.44302E+02 5.21800E+04-1.37006E-08 1.11631E-08
 -1       962-5.36460E+05 1.36194E+02-3.61605E+02 4.16725E+04-3.06773E-09 3.07091E-09
 -1       963-5.36476E+05 1.73178E+02-2.75539E+02 5.21900E+04-7.85167E-09-1.00399E-08
 -1       964-5.36482E+05 1.48575E+02-3.18122E+02 4.16693E+04-1.76374E-09-3.81760E-09
 -1       965-5.36503E+05 1.82805E+02-5.35866E+02 5.21917E+04 1.88193E-09-4.27508E-09
 -1       966-5.36466E+05 1.62557E+02-9.99423E+02 4.16706E+04-1.22234E-08-1.47566E-09
 -1       967-5.36620E+05 1.07077E+02-2.04364E+03 5.21737E+04-8.34461E-09-4.48381E-09
 -1       968-5.36325E+05-3.12487E+01-3.99312E+03 4.16879E+04-6.99401E-10 1.39300E-09
 -1       969-5.38265E+05-2.06169E+03-8.86232E+03 5.19785E+04 1.81899E-12-1.43406E-08
 -1       970-5.34713E+05-5.94100E+03-1.70870E+04 4.18758E+04-1.72895E-09-1.01536E-08
 -1       971-5.34667E+05-1.58650E+03-1.63885E+04 1.97841E+04-9.40963E-09-4.48154E-09
 -1       972-5.38988E+05-2.34205E+03-9.17030E+03 3.04509E+04-4.44106E-09-3.96835E-09
 -1       973-5.36642E+05 3.28353E+01-4.06810E+03 1.95854E+04-9.29231E-09-9.99034E-09
 -1       974-5.36973E+05 1.00328E+00-2.11771E+03 3.06721E+04-4.45880E-09-2.55018E-08
 -1       975-5.36808E+05 8.15795E+01-1.05174E+03 1.95581E+04 4.78030E-09-1.42654E-08
 -1       976-5.36863E+05 1.20285E+02-5.98518E+02 3.07100E+04-5.28985E-09 1.39944E-08
 -1       977-5.36843E+05 8.79584E+01-4.20683E+02 1.95470E+04 8.30823E-09 5.51472E-09
 -1       978-5.36876E+05 1.35781E+02-4.73270E+02 3.07255E+04 2.96850E-08-3.21029E-09
 -1       979-5.36846E+05 1.00844E+02-7.45067E+02 1.95423E+04 1.29530E-08 1.04569E-08
 -1       980-5.36934E+05 1.33203E+02-1.43072E+03 3.07280E+04 1.83412E-08 2.90470E-08
 -1       981-5.36796E+05 1.28940E+02-2.76430E+03 1.95444E+04-5.15911E-10 1.17167E-08
 -1       982-5.37340E+05-1.39622E+02-5.73244E+03 3.07123E+04-1.68307E-08 7.69802E-10
 -1       983-5.36411E+05 5.12463E+01-1.10710E+04 1.95590E+04 4.29191E-09-1.57847E-08
 -1       984-5.42978E+05-6.47869E+03-2.50396E+04 3.05695E+04 1.79625E-10-1.33950E-08
 -1       985-5.31094E+05-4.30769E+03-4.47344E+04 1.97052E+04 4.59113E-09-1.70985E-09
 -3
 9999
