    1C
    1UUSER                                                              
    1UDATE              11.october.2022                                 
    1UTIME              18:10:33                                        
    1UHOST                                                              
    1UPGM               CalculiX                                        
    1UVERSION           Version 2.20                             
    1UCOMPILETIME       Sun Jul 31 18:08:37 CEST 2022                    
    1UDIR                                                               
    1UDBN                                                               
    1UMAT    1MESH_MATERIAL                                             
    2C                           382                                     1
 -1         1 0.00000E+00 0.00000E+00 0.00000E+00
 -1         3 3.33333E-02 0.00000E+00 0.00000E+00
 -1         5 6.66667E-02 0.00000E+00 0.00000E+00
 -1         8 0.00000E+00 6.25000E-03 0.00000E+00
 -1         9 1.66667E-02 6.25000E-03 0.00000E+00
 -1        10 3.33333E-02 6.25000E-03 0.00000E+00
 -1        12 6.66667E-02 6.25000E-03 0.00000E+00
 -1        16 1.66667E-02 1.25000E-02 0.00000E+00
 -1        17 3.33333E-02 1.25000E-02 0.00000E+00
 -1        18 5.00000E-02 1.25000E-02 0.00000E+00
 -1        19 6.66667E-02 1.25000E-02 0.00000E+00
 -1        20 8.33333E-02 1.25000E-02 0.00000E+00
 -1        21 1.00000E-01 1.25000E-02 0.00000E+00
 -1        24 3.33333E-02 1.87500E-02 0.00000E+00
 -1        25 5.00000E-02 1.87500E-02 0.00000E+00
 -1        26 6.66667E-02 1.87500E-02 0.00000E+00
 -1        27 8.33333E-02 1.87500E-02 0.00000E+00
 -1        28 1.00000E-01 1.87500E-02 0.00000E+00
 -1        32 5.00000E-02 2.50000E-02 0.00000E+00
 -1        33 6.66667E-02 2.50000E-02 0.00000E+00
 -1        34 8.33333E-02 2.50000E-02 0.00000E+00
 -1        35 1.00000E-01 2.50000E-02 0.00000E+00
 -1        51 0.00000E+00 1.04167E-03 0.00000E+00
 -1        52 0.00000E+00 2.08333E-03 0.00000E+00
 -1        53 0.00000E+00 3.12500E-03 0.00000E+00
 -1        54 0.00000E+00 4.16667E-03 0.00000E+00
 -1        55 0.00000E+00 5.20833E-03 0.00000E+00
 -1        56 1.04167E-03 3.90630E-04 0.00000E+00
 -1        57 2.08333E-03 7.81250E-04 0.00000E+00
 -1        58 3.12500E-03 1.17188E-03 0.00000E+00
 -1        59 4.16667E-03 1.56250E-03 0.00000E+00
 -1        60 5.20833E-03 1.95312E-03 0.00000E+00
 -1        61 6.25000E-03 2.34375E-03 0.00000E+00
 -1        62 7.29167E-03 2.73438E-03 0.00000E+00
 -1        63 8.33333E-03 3.12500E-03 0.00000E+00
 -1        64 9.37500E-03 3.51563E-03 0.00000E+00
 -1        65 1.04167E-02 3.90625E-03 0.00000E+00
 -1        66 1.14583E-02 4.29688E-03 0.00000E+00
 -1        67 1.25000E-02 4.68750E-03 0.00000E+00
 -1        68 1.35417E-02 5.07813E-03 0.00000E+00
 -1        69 1.45833E-02 5.46875E-03 0.00000E+00
 -1        70 1.56250E-02 5.85938E-03 0.00000E+00
 -1       121 3.33333E-02 1.04167E-03 0.00000E+00
 -1       122 3.33333E-02 2.08333E-03 0.00000E+00
 -1       123 3.33333E-02 3.12500E-03 0.00000E+00
 -1       124 3.33333E-02 4.16667E-03 0.00000E+00
 -1       125 3.33333E-02 5.20833E-03 0.00000E+00
 -1       191 6.66667E-02 1.04167E-03 0.00000E+00
 -1       192 6.66667E-02 2.08333E-03 0.00000E+00
 -1       193 6.66667E-02 3.12500E-03 0.00000E+00
 -1       194 6.66667E-02 4.16667E-03 0.00000E+00
 -1       195 6.66667E-02 5.20833E-03 0.00000E+00
 -1       271 1.04167E-03 6.64063E-03 0.00000E+00
 -1       272 2.08333E-03 7.03125E-03 0.00000E+00
 -1       273 3.12500E-03 7.42188E-03 0.00000E+00
 -1       274 4.16667E-03 7.81250E-03 0.00000E+00
 -1       275 5.20833E-03 8.20313E-03 0.00000E+00
 -1       276 6.25000E-03 8.59375E-03 0.00000E+00
 -1       277 7.29167E-03 8.98438E-03 0.00000E+00
 -1       278 8.33333E-03 9.37500E-03 0.00000E+00
 -1       279 9.37500E-03 9.76562E-03 0.00000E+00
 -1       280 1.04167E-02 1.01562E-02 0.00000E+00
 -1       281 1.14583E-02 1.05469E-02 0.00000E+00
 -1       282 1.25000E-02 1.09375E-02 0.00000E+00
 -1       283 1.35417E-02 1.13281E-02 0.00000E+00
 -1       284 1.45833E-02 1.17188E-02 0.00000E+00
 -1       285 1.56250E-02 1.21094E-02 0.00000E+00
 -1       301 1.66667E-02 7.29167E-03 0.00000E+00
 -1       302 1.66667E-02 8.33333E-03 0.00000E+00
 -1       303 1.66667E-02 9.37500E-03 0.00000E+00
 -1       304 1.66667E-02 1.04167E-02 0.00000E+00
 -1       305 1.66667E-02 1.14583E-02 0.00000E+00
 -1       306 1.77083E-02 6.64063E-03 0.00000E+00
 -1       307 1.87500E-02 7.03125E-03 0.00000E+00
 -1       308 1.97917E-02 7.42188E-03 0.00000E+00
 -1       309 2.08333E-02 7.81250E-03 0.00000E+00
 -1       310 2.18750E-02 8.20313E-03 0.00000E+00
 -1       311 2.29167E-02 8.59375E-03 0.00000E+00
 -1       312 2.39583E-02 8.98438E-03 0.00000E+00
 -1       313 2.50000E-02 9.37500E-03 0.00000E+00
 -1       314 2.60417E-02 9.76562E-03 0.00000E+00
 -1       315 2.70833E-02 1.01562E-02 0.00000E+00
 -1       316 2.81250E-02 1.05469E-02 0.00000E+00
 -1       317 2.91667E-02 1.09375E-02 0.00000E+00
 -1       318 3.02083E-02 1.13281E-02 0.00000E+00
 -1       319 3.12500E-02 1.17188E-02 0.00000E+00
 -1       320 3.22917E-02 1.21094E-02 0.00000E+00
 -1       336 3.33333E-02 7.29167E-03 0.00000E+00
 -1       337 3.33333E-02 8.33333E-03 0.00000E+00
 -1       338 3.33333E-02 9.37500E-03 0.00000E+00
 -1       339 3.33333E-02 1.04167E-02 0.00000E+00
 -1       340 3.33333E-02 1.14583E-02 0.00000E+00
 -1       406 6.66667E-02 7.29167E-03 0.00000E+00
 -1       407 6.66667E-02 8.33333E-03 0.00000E+00
 -1       408 6.66667E-02 9.37500E-03 0.00000E+00
 -1       409 6.66667E-02 1.04167E-02 0.00000E+00
 -1       410 6.66667E-02 1.14583E-02 0.00000E+00
 -1       521 1.77083E-02 1.28906E-02 0.00000E+00
 -1       522 1.87500E-02 1.32813E-02 0.00000E+00
 -1       523 1.97917E-02 1.36719E-02 0.00000E+00
 -1       524 2.08333E-02 1.40625E-02 0.00000E+00
 -1       525 2.18750E-02 1.44531E-02 0.00000E+00
 -1       526 2.29167E-02 1.48437E-02 0.00000E+00
 -1       527 2.39583E-02 1.52344E-02 0.00000E+00
 -1       528 2.50000E-02 1.56250E-02 0.00000E+00
 -1       529 2.60417E-02 1.60156E-02 0.00000E+00
 -1       530 2.70833E-02 1.64062E-02 0.00000E+00
 -1       531 2.81250E-02 1.67969E-02 0.00000E+00
 -1       532 2.91667E-02 1.71875E-02 0.00000E+00
 -1       533 3.02083E-02 1.75781E-02 0.00000E+00
 -1       534 3.12500E-02 1.79687E-02 0.00000E+00
 -1       535 3.22917E-02 1.83594E-02 0.00000E+00
 -1       536 3.43750E-02 1.25000E-02 0.00000E+00
 -1       537 3.54167E-02 1.25000E-02 0.00000E+00
 -1       538 3.64583E-02 1.25000E-02 0.00000E+00
 -1       539 3.75000E-02 1.25000E-02 0.00000E+00
 -1       540 3.85417E-02 1.25000E-02 0.00000E+00
 -1       541 3.95833E-02 1.25000E-02 0.00000E+00
 -1       542 4.06250E-02 1.25000E-02 0.00000E+00
 -1       543 4.16667E-02 1.25000E-02 0.00000E+00
 -1       544 4.27083E-02 1.25000E-02 0.00000E+00
 -1       545 4.37500E-02 1.25000E-02 0.00000E+00
 -1       546 4.47917E-02 1.25000E-02 0.00000E+00
 -1       547 4.58333E-02 1.25000E-02 0.00000E+00
 -1       548 4.68750E-02 1.25000E-02 0.00000E+00
 -1       549 4.79167E-02 1.25000E-02 0.00000E+00
 -1       550 4.89583E-02 1.25000E-02 0.00000E+00
 -1       551 3.33333E-02 1.35417E-02 0.00000E+00
 -1       552 3.33333E-02 1.45833E-02 0.00000E+00
 -1       553 3.33333E-02 1.56250E-02 0.00000E+00
 -1       554 3.33333E-02 1.66667E-02 0.00000E+00
 -1       555 3.33333E-02 1.77083E-02 0.00000E+00
 -1       556 3.43750E-02 1.28906E-02 0.00000E+00
 -1       557 3.54167E-02 1.32813E-02 0.00000E+00
 -1       558 3.64583E-02 1.36719E-02 0.00000E+00
 -1       559 3.75000E-02 1.40625E-02 0.00000E+00
 -1       560 3.85417E-02 1.44531E-02 0.00000E+00
 -1       561 3.95833E-02 1.48437E-02 0.00000E+00
 -1       562 4.06250E-02 1.52344E-02 0.00000E+00
 -1       563 4.16667E-02 1.56250E-02 0.00000E+00
 -1       564 4.27083E-02 1.60156E-02 0.00000E+00
 -1       565 4.37500E-02 1.64062E-02 0.00000E+00
 -1       566 4.47917E-02 1.67969E-02 0.00000E+00
 -1       567 4.58333E-02 1.71875E-02 0.00000E+00
 -1       568 4.68750E-02 1.75781E-02 0.00000E+00
 -1       569 4.79167E-02 1.79687E-02 0.00000E+00
 -1       570 4.89583E-02 1.83594E-02 0.00000E+00
 -1       571 5.10417E-02 1.25000E-02 0.00000E+00
 -1       572 5.20833E-02 1.25000E-02 0.00000E+00
 -1       573 5.31250E-02 1.25000E-02 0.00000E+00
 -1       574 5.41667E-02 1.25000E-02 0.00000E+00
 -1       575 5.52083E-02 1.25000E-02 0.00000E+00
 -1       576 5.62500E-02 1.25000E-02 0.00000E+00
 -1       577 5.72917E-02 1.25000E-02 0.00000E+00
 -1       578 5.83333E-02 1.25000E-02 0.00000E+00
 -1       579 5.93750E-02 1.25000E-02 0.00000E+00
 -1       580 6.04167E-02 1.25000E-02 0.00000E+00
 -1       581 6.14583E-02 1.25000E-02 0.00000E+00
 -1       582 6.25000E-02 1.25000E-02 0.00000E+00
 -1       583 6.35417E-02 1.25000E-02 0.00000E+00
 -1       584 6.45833E-02 1.25000E-02 0.00000E+00
 -1       585 6.56250E-02 1.25000E-02 0.00000E+00
 -1       586 5.00000E-02 1.35417E-02 0.00000E+00
 -1       587 5.00000E-02 1.45833E-02 0.00000E+00
 -1       588 5.00000E-02 1.56250E-02 0.00000E+00
 -1       589 5.00000E-02 1.66667E-02 0.00000E+00
 -1       590 5.00000E-02 1.77083E-02 0.00000E+00
 -1       591 5.10417E-02 1.28906E-02 0.00000E+00
 -1       592 5.20833E-02 1.32813E-02 0.00000E+00
 -1       593 5.31250E-02 1.36719E-02 0.00000E+00
 -1       594 5.41667E-02 1.40625E-02 0.00000E+00
 -1       595 5.52083E-02 1.44531E-02 0.00000E+00
 -1       596 5.62500E-02 1.48437E-02 0.00000E+00
 -1       597 5.72917E-02 1.52344E-02 0.00000E+00
 -1       598 5.83333E-02 1.56250E-02 0.00000E+00
 -1       599 5.93750E-02 1.60156E-02 0.00000E+00
 -1       600 6.04167E-02 1.64062E-02 0.00000E+00
 -1       601 6.14583E-02 1.67969E-02 0.00000E+00
 -1       602 6.25000E-02 1.71875E-02 0.00000E+00
 -1       603 6.35417E-02 1.75781E-02 0.00000E+00
 -1       604 6.45833E-02 1.79687E-02 0.00000E+00
 -1       605 6.56250E-02 1.83594E-02 0.00000E+00
 -1       606 6.77083E-02 1.25000E-02 0.00000E+00
 -1       607 6.87500E-02 1.25000E-02 0.00000E+00
 -1       608 6.97917E-02 1.25000E-02 0.00000E+00
 -1       609 7.08333E-02 1.25000E-02 0.00000E+00
 -1       610 7.18750E-02 1.25000E-02 0.00000E+00
 -1       611 7.29167E-02 1.25000E-02 0.00000E+00
 -1       612 7.39583E-02 1.25000E-02 0.00000E+00
 -1       613 7.50000E-02 1.25000E-02 0.00000E+00
 -1       614 7.60417E-02 1.25000E-02 0.00000E+00
 -1       615 7.70833E-02 1.25000E-02 0.00000E+00
 -1       616 7.81250E-02 1.25000E-02 0.00000E+00
 -1       617 7.91667E-02 1.25000E-02 0.00000E+00
 -1       618 8.02083E-02 1.25000E-02 0.00000E+00
 -1       619 8.12500E-02 1.25000E-02 0.00000E+00
 -1       620 8.22917E-02 1.25000E-02 0.00000E+00
 -1       621 6.66667E-02 1.35417E-02 0.00000E+00
 -1       622 6.66667E-02 1.45833E-02 0.00000E+00
 -1       623 6.66667E-02 1.56250E-02 0.00000E+00
 -1       624 6.66667E-02 1.66667E-02 0.00000E+00
 -1       625 6.66667E-02 1.77083E-02 0.00000E+00
 -1       626 6.77083E-02 1.28906E-02 0.00000E+00
 -1       627 6.87500E-02 1.32813E-02 0.00000E+00
 -1       628 6.97917E-02 1.36719E-02 0.00000E+00
 -1       629 7.08333E-02 1.40625E-02 0.00000E+00
 -1       630 7.18750E-02 1.44531E-02 0.00000E+00
 -1       631 7.29167E-02 1.48437E-02 0.00000E+00
 -1       632 7.39583E-02 1.52344E-02 0.00000E+00
 -1       633 7.50000E-02 1.56250E-02 0.00000E+00
 -1       634 7.60417E-02 1.60156E-02 0.00000E+00
 -1       635 7.70833E-02 1.64062E-02 0.00000E+00
 -1       636 7.81250E-02 1.67969E-02 0.00000E+00
 -1       637 7.91667E-02 1.71875E-02 0.00000E+00
 -1       638 8.02083E-02 1.75781E-02 0.00000E+00
 -1       639 8.12500E-02 1.79687E-02 0.00000E+00
 -1       640 8.22917E-02 1.83594E-02 0.00000E+00
 -1       656 8.33333E-02 1.35417E-02 0.00000E+00
 -1       657 8.33333E-02 1.45833E-02 0.00000E+00
 -1       658 8.33333E-02 1.56250E-02 0.00000E+00
 -1       659 8.33333E-02 1.66667E-02 0.00000E+00
 -1       660 8.33333E-02 1.77083E-02 0.00000E+00
 -1       661 8.43750E-02 1.28906E-02 0.00000E+00
 -1       662 8.54167E-02 1.32813E-02 0.00000E+00
 -1       663 8.64583E-02 1.36719E-02 0.00000E+00
 -1       664 8.75000E-02 1.40625E-02 0.00000E+00
 -1       665 8.85417E-02 1.44531E-02 0.00000E+00
 -1       666 8.95833E-02 1.48437E-02 0.00000E+00
 -1       667 9.06250E-02 1.52344E-02 0.00000E+00
 -1       668 9.16667E-02 1.56250E-02 0.00000E+00
 -1       669 9.27083E-02 1.60156E-02 0.00000E+00
 -1       670 9.37500E-02 1.64062E-02 0.00000E+00
 -1       671 9.47917E-02 1.67969E-02 0.00000E+00
 -1       672 9.58333E-02 1.71875E-02 0.00000E+00
 -1       673 9.68750E-02 1.75781E-02 0.00000E+00
 -1       674 9.79167E-02 1.79687E-02 0.00000E+00
 -1       675 9.89583E-02 1.83594E-02 0.00000E+00
 -1       676 1.00000E-01 1.35417E-02 0.00000E+00
 -1       677 1.00000E-01 1.45833E-02 0.00000E+00
 -1       678 1.00000E-01 1.56250E-02 0.00000E+00
 -1       679 1.00000E-01 1.66667E-02 0.00000E+00
 -1       680 1.00000E-01 1.77083E-02 0.00000E+00
 -1       771 3.43750E-02 1.91406E-02 0.00000E+00
 -1       772 3.54167E-02 1.95312E-02 0.00000E+00
 -1       773 3.64583E-02 1.99219E-02 0.00000E+00
 -1       774 3.75000E-02 2.03125E-02 0.00000E+00
 -1       775 3.85417E-02 2.07031E-02 0.00000E+00
 -1       776 3.95833E-02 2.10938E-02 0.00000E+00
 -1       777 4.06250E-02 2.14844E-02 0.00000E+00
 -1       778 4.16667E-02 2.18750E-02 0.00000E+00
 -1       779 4.27083E-02 2.22656E-02 0.00000E+00
 -1       780 4.37500E-02 2.26563E-02 0.00000E+00
 -1       781 4.47917E-02 2.30469E-02 0.00000E+00
 -1       782 4.58333E-02 2.34375E-02 0.00000E+00
 -1       783 4.68750E-02 2.38281E-02 0.00000E+00
 -1       784 4.79167E-02 2.42187E-02 0.00000E+00
 -1       785 4.89583E-02 2.46094E-02 0.00000E+00
 -1       786 5.10417E-02 1.87500E-02 0.00000E+00
 -1       787 5.20833E-02 1.87500E-02 0.00000E+00
 -1       788 5.31250E-02 1.87500E-02 0.00000E+00
 -1       789 5.41667E-02 1.87500E-02 0.00000E+00
 -1       790 5.52083E-02 1.87500E-02 0.00000E+00
 -1       791 5.62500E-02 1.87500E-02 0.00000E+00
 -1       792 5.72917E-02 1.87500E-02 0.00000E+00
 -1       793 5.83333E-02 1.87500E-02 0.00000E+00
 -1       794 5.93750E-02 1.87500E-02 0.00000E+00
 -1       795 6.04167E-02 1.87500E-02 0.00000E+00
 -1       796 6.14583E-02 1.87500E-02 0.00000E+00
 -1       797 6.25000E-02 1.87500E-02 0.00000E+00
 -1       798 6.35417E-02 1.87500E-02 0.00000E+00
 -1       799 6.45833E-02 1.87500E-02 0.00000E+00
 -1       800 6.56250E-02 1.87500E-02 0.00000E+00
 -1       801 5.00000E-02 1.97917E-02 0.00000E+00
 -1       802 5.00000E-02 2.08333E-02 0.00000E+00
 -1       803 5.00000E-02 2.18750E-02 0.00000E+00
 -1       804 5.00000E-02 2.29167E-02 0.00000E+00
 -1       805 5.00000E-02 2.39583E-02 0.00000E+00
 -1       806 5.10417E-02 1.91406E-02 0.00000E+00
 -1       807 5.20833E-02 1.95312E-02 0.00000E+00
 -1       808 5.31250E-02 1.99219E-02 0.00000E+00
 -1       809 5.41667E-02 2.03125E-02 0.00000E+00
 -1       810 5.52083E-02 2.07031E-02 0.00000E+00
 -1       811 5.62500E-02 2.10938E-02 0.00000E+00
 -1       812 5.72917E-02 2.14844E-02 0.00000E+00
 -1       813 5.83333E-02 2.18750E-02 0.00000E+00
 -1       814 5.93750E-02 2.22656E-02 0.00000E+00
 -1       815 6.04167E-02 2.26563E-02 0.00000E+00
 -1       816 6.14583E-02 2.30469E-02 0.00000E+00
 -1       817 6.25000E-02 2.34375E-02 0.00000E+00
 -1       818 6.35417E-02 2.38281E-02 0.00000E+00
 -1       819 6.45833E-02 2.42187E-02 0.00000E+00
 -1       820 6.56250E-02 2.46094E-02 0.00000E+00
 -1       821 6.77083E-02 1.87500E-02 0.00000E+00
 -1       822 6.87500E-02 1.87500E-02 0.00000E+00
 -1       823 6.97917E-02 1.87500E-02 0.00000E+00
 -1       824 7.08333E-02 1.87500E-02 0.00000E+00
 -1       825 7.18750E-02 1.87500E-02 0.00000E+00
 -1       826 7.29167E-02 1.87500E-02 0.00000E+00
 -1       827 7.39583E-02 1.87500E-02 0.00000E+00
 -1       828 7.50000E-02 1.87500E-02 0.00000E+00
 -1       829 7.60417E-02 1.87500E-02 0.00000E+00
 -1       830 7.70833E-02 1.87500E-02 0.00000E+00
 -1       831 7.81250E-02 1.87500E-02 0.00000E+00
 -1       832 7.91667E-02 1.87500E-02 0.00000E+00
 -1       833 8.02083E-02 1.87500E-02 0.00000E+00
 -1       834 8.12500E-02 1.87500E-02 0.00000E+00
 -1       835 8.22917E-02 1.87500E-02 0.00000E+00
 -1       836 6.66667E-02 1.97917E-02 0.00000E+00
 -1       837 6.66667E-02 2.08333E-02 0.00000E+00
 -1       838 6.66667E-02 2.18750E-02 0.00000E+00
 -1       839 6.66667E-02 2.29167E-02 0.00000E+00
 -1       840 6.66667E-02 2.39583E-02 0.00000E+00
 -1       856 8.43750E-02 1.87500E-02 0.00000E+00
 -1       857 8.54167E-02 1.87500E-02 0.00000E+00
 -1       858 8.64583E-02 1.87500E-02 0.00000E+00
 -1       859 8.75000E-02 1.87500E-02 0.00000E+00
 -1       860 8.85417E-02 1.87500E-02 0.00000E+00
 -1       861 8.95833E-02 1.87500E-02 0.00000E+00
 -1       862 9.06250E-02 1.87500E-02 0.00000E+00
 -1       863 9.16667E-02 1.87500E-02 0.00000E+00
 -1       864 9.27083E-02 1.87500E-02 0.00000E+00
 -1       865 9.37500E-02 1.87500E-02 0.00000E+00
 -1       866 9.47917E-02 1.87500E-02 0.00000E+00
 -1       867 9.58333E-02 1.87500E-02 0.00000E+00
 -1       868 9.68750E-02 1.87500E-02 0.00000E+00
 -1       869 9.79167E-02 1.87500E-02 0.00000E+00
 -1       870 9.89583E-02 1.87500E-02 0.00000E+00
 -1       871 8.33333E-02 1.97917E-02 0.00000E+00
 -1       872 8.33333E-02 2.08333E-02 0.00000E+00
 -1       873 8.33333E-02 2.18750E-02 0.00000E+00
 -1       874 8.33333E-02 2.29167E-02 0.00000E+00
 -1       875 8.33333E-02 2.39583E-02 0.00000E+00
 -1       876 8.43750E-02 1.91406E-02 0.00000E+00
 -1       877 8.54167E-02 1.95312E-02 0.00000E+00
 -1       878 8.64583E-02 1.99219E-02 0.00000E+00
 -1       879 8.75000E-02 2.03125E-02 0.00000E+00
 -1       880 8.85417E-02 2.07031E-02 0.00000E+00
 -1       881 8.95833E-02 2.10938E-02 0.00000E+00
 -1       882 9.06250E-02 2.14844E-02 0.00000E+00
 -1       883 9.16667E-02 2.18750E-02 0.00000E+00
 -1       884 9.27083E-02 2.22656E-02 0.00000E+00
 -1       885 9.37500E-02 2.26563E-02 0.00000E+00
 -1       886 9.47917E-02 2.30469E-02 0.00000E+00
 -1       887 9.58333E-02 2.34375E-02 0.00000E+00
 -1       888 9.68750E-02 2.38281E-02 0.00000E+00
 -1       889 9.79167E-02 2.42187E-02 0.00000E+00
 -1       890 9.89583E-02 2.46094E-02 0.00000E+00
 -1       891 1.00000E-01 1.97917E-02 0.00000E+00
 -1       892 1.00000E-01 2.08333E-02 0.00000E+00
 -1       893 1.00000E-01 2.18750E-02 0.00000E+00
 -1       894 1.00000E-01 2.29167E-02 0.00000E+00
 -1       895 1.00000E-01 2.39583E-02 0.00000E+00
 -1       956 6.77083E-02 2.50000E-02 0.00000E+00
 -1       957 6.87500E-02 2.50000E-02 0.00000E+00
 -1       958 6.97917E-02 2.50000E-02 0.00000E+00
 -1       959 7.08333E-02 2.50000E-02 0.00000E+00
 -1       960 7.18750E-02 2.50000E-02 0.00000E+00
 -1       961 7.29167E-02 2.50000E-02 0.00000E+00
 -1       962 7.39583E-02 2.50000E-02 0.00000E+00
 -1       963 7.50000E-02 2.50000E-02 0.00000E+00
 -1       964 7.60417E-02 2.50000E-02 0.00000E+00
 -1       965 7.70833E-02 2.50000E-02 0.00000E+00
 -1       966 7.81250E-02 2.50000E-02 0.00000E+00
 -1       967 7.91667E-02 2.50000E-02 0.00000E+00
 -1       968 8.02083E-02 2.50000E-02 0.00000E+00
 -1       969 8.12500E-02 2.50000E-02 0.00000E+00
 -1       970 8.22917E-02 2.50000E-02 0.00000E+00
 -1       971 8.43750E-02 2.50000E-02 0.00000E+00
 -1       972 8.54167E-02 2.50000E-02 0.00000E+00
 -1       973 8.64583E-02 2.50000E-02 0.00000E+00
 -1       974 8.75000E-02 2.50000E-02 0.00000E+00
 -1       975 8.85417E-02 2.50000E-02 0.00000E+00
 -1       976 8.95833E-02 2.50000E-02 0.00000E+00
 -1       977 9.06250E-02 2.50000E-02 0.00000E+00
 -1       978 9.16667E-02 2.50000E-02 0.00000E+00
 -1       979 9.27083E-02 2.50000E-02 0.00000E+00
 -1       980 9.37500E-02 2.50000E-02 0.00000E+00
 -1       981 9.47917E-02 2.50000E-02 0.00000E+00
 -1       982 9.58333E-02 2.50000E-02 0.00000E+00
 -1       983 9.68750E-02 2.50000E-02 0.00000E+00
 -1       984 9.79167E-02 2.50000E-02 0.00000E+00
 -1       985 9.89583E-02 2.50000E-02 0.00000E+00
 -3
    3C                           197                                     1
 -1         1   12    0    1
 -2         1        52        51
 -1         2   12    0    1
 -2        52        54        53
 -1         3   12    0    1
 -2        54         8        55
 -1         4   12    0    1
 -2         1        57        56
 -1         5   12    0    1
 -2        57        59        58
 -1         6   12    0    1
 -2        59        61        60
 -1         7   12    0    1
 -2        61        63        62
 -1         8   12    0    1
 -2        63        65        64
 -1         9   12    0    1
 -2        65        67        66
 -1        10   12    0    1
 -2        67        69        68
 -1        11   12    0    1
 -2        69         9        70
 -1        12   12    0    1
 -2         3       122       121
 -1        13   12    0    1
 -2       122       124       123
 -1        14   12    0    1
 -2       124        10       125
 -1        15   12    0    1
 -2         5       192       191
 -1        16   12    0    1
 -2       192       194       193
 -1        17   12    0    1
 -2       194        12       195
 -1        18   12    0    1
 -2         8       272       271
 -1        19   12    0    1
 -2       272       274       273
 -1        20   12    0    1
 -2       274       276       275
 -1        21   12    0    1
 -2       276       278       277
 -1        22   12    0    1
 -2       278       280       279
 -1        23   12    0    1
 -2       280       282       281
 -1        24   12    0    1
 -2       282       284       283
 -1        25   12    0    1
 -2       284        16       285
 -1        26   12    0    1
 -2         9       302       301
 -1        27   12    0    1
 -2       302       304       303
 -1        28   12    0    1
 -2       304        16       305
 -1        29   12    0    1
 -2         9       307       306
 -1        30   12    0    1
 -2       307       309       308
 -1        31   12    0    1
 -2       309       311       310
 -1        32   12    0    1
 -2       311       313       312
 -1        33   12    0    1
 -2       313       315       314
 -1        34   12    0    1
 -2       315       317       316
 -1        35   12    0    1
 -2       317       319       318
 -1        36   12    0    1
 -2       319        17       320
 -1        37   12    0    1
 -2        10       337       336
 -1        38   12    0    1
 -2       337       339       338
 -1        39   12    0    1
 -2       339        17       340
 -1        40   12    0    1
 -2        12       407       406
 -1        41   12    0    1
 -2       407       409       408
 -1        42   12    0    1
 -2       409        19       410
 -1        43   12    0    1
 -2        16       522       521
 -1        44   12    0    1
 -2       522       524       523
 -1        45   12    0    1
 -2       524       526       525
 -1        46   12    0    1
 -2       526       528       527
 -1        47   12    0    1
 -2       528       530       529
 -1        48   12    0    1
 -2       530       532       531
 -1        49   12    0    1
 -2       532       534       533
 -1        50   12    0    1
 -2       534        24       535
 -1        51   12    0    1
 -2        17       537       536
 -1        52   12    0    1
 -2       537       539       538
 -1        53   12    0    1
 -2       539       541       540
 -1        54   12    0    1
 -2       541       543       542
 -1        55   12    0    1
 -2       543       545       544
 -1        56   12    0    1
 -2       545       547       546
 -1        57   12    0    1
 -2       547       549       548
 -1        58   12    0    1
 -2       549        18       550
 -1        59   12    0    1
 -2        17       552       551
 -1        60   12    0    1
 -2       552       554       553
 -1        61   12    0    1
 -2       554        24       555
 -1        62   12    0    1
 -2        17       557       556
 -1        63   12    0    1
 -2       557       559       558
 -1        64   12    0    1
 -2       559       561       560
 -1        65   12    0    1
 -2       561       563       562
 -1        66   12    0    1
 -2       563       565       564
 -1        67   12    0    1
 -2       565       567       566
 -1        68   12    0    1
 -2       567       569       568
 -1        69   12    0    1
 -2       569        25       570
 -1        70   12    0    1
 -2        18       572       571
 -1        71   12    0    1
 -2       572       574       573
 -1        72   12    0    1
 -2       574       576       575
 -1        73   12    0    1
 -2       576       578       577
 -1        74   12    0    1
 -2       578       580       579
 -1        75   12    0    1
 -2       580       582       581
 -1        76   12    0    1
 -2       582       584       583
 -1        77   12    0    1
 -2       584        19       585
 -1        78   12    0    1
 -2        18       587       586
 -1        79   12    0    1
 -2       587       589       588
 -1        80   12    0    1
 -2       589        25       590
 -1        81   12    0    1
 -2        18       592       591
 -1        82   12    0    1
 -2       592       594       593
 -1        83   12    0    1
 -2       594       596       595
 -1        84   12    0    1
 -2       596       598       597
 -1        85   12    0    1
 -2       598       600       599
 -1        86   12    0    1
 -2       600       602       601
 -1        87   12    0    1
 -2       602       604       603
 -1        88   12    0    1
 -2       604        26       605
 -1        89   12    0    1
 -2        19       607       606
 -1        90   12    0    1
 -2       607       609       608
 -1        91   12    0    1
 -2       609       611       610
 -1        92   12    0    1
 -2       611       613       612
 -1        93   12    0    1
 -2       613       615       614
 -1        94   12    0    1
 -2       615       617       616
 -1        95   12    0    1
 -2       617       619       618
 -1        96   12    0    1
 -2       619        20       620
 -1        97   12    0    1
 -2        19       622       621
 -1        98   12    0    1
 -2       622       624       623
 -1        99   12    0    1
 -2       624        26       625
 -1       100   12    0    1
 -2        19       627       626
 -1       101   12    0    1
 -2       627       629       628
 -1       102   12    0    1
 -2       629       631       630
 -1       103   12    0    1
 -2       631       633       632
 -1       104   12    0    1
 -2       633       635       634
 -1       105   12    0    1
 -2       635       637       636
 -1       106   12    0    1
 -2       637       639       638
 -1       107   12    0    1
 -2       639        27       640
 -1       108   12    0    1
 -2        20       657       656
 -1       109   12    0    1
 -2       657       659       658
 -1       110   12    0    1
 -2       659        27       660
 -1       111   12    0    1
 -2        20       662       661
 -1       112   12    0    1
 -2       662       664       663
 -1       113   12    0    1
 -2       664       666       665
 -1       114   12    0    1
 -2       666       668       667
 -1       115   12    0    1
 -2       668       670       669
 -1       116   12    0    1
 -2       670       672       671
 -1       117   12    0    1
 -2       672       674       673
 -1       118   12    0    1
 -2       674        28       675
 -1       119   12    0    1
 -2        21       677       676
 -1       120   12    0    1
 -2       677       679       678
 -1       121   12    0    1
 -2       679        28       680
 -1       122   12    0    1
 -2        24       772       771
 -1       123   12    0    1
 -2       772       774       773
 -1       124   12    0    1
 -2       774       776       775
 -1       125   12    0    1
 -2       776       778       777
 -1       126   12    0    1
 -2       778       780       779
 -1       127   12    0    1
 -2       780       782       781
 -1       128   12    0    1
 -2       782       784       783
 -1       129   12    0    1
 -2       784        32       785
 -1       130   12    0    1
 -2        25       787       786
 -1       131   12    0    1
 -2       787       789       788
 -1       132   12    0    1
 -2       789       791       790
 -1       133   12    0    1
 -2       791       793       792
 -1       134   12    0    1
 -2       793       795       794
 -1       135   12    0    1
 -2       795       797       796
 -1       136   12    0    1
 -2       797       799       798
 -1       137   12    0    1
 -2       799        26       800
 -1       138   12    0    1
 -2        25       802       801
 -1       139   12    0    1
 -2       802       804       803
 -1       140   12    0    1
 -2       804        32       805
 -1       141   12    0    1
 -2        25       807       806
 -1       142   12    0    1
 -2       807       809       808
 -1       143   12    0    1
 -2       809       811       810
 -1       144   12    0    1
 -2       811       813       812
 -1       145   12    0    1
 -2       813       815       814
 -1       146   12    0    1
 -2       815       817       816
 -1       147   12    0    1
 -2       817       819       818
 -1       148   12    0    1
 -2       819        33       820
 -1       149   12    0    1
 -2        26       822       821
 -1       150   12    0    1
 -2       822       824       823
 -1       151   12    0    1
 -2       824       826       825
 -1       152   12    0    1
 -2       826       828       827
 -1       153   12    0    1
 -2       828       830       829
 -1       154   12    0    1
 -2       830       832       831
 -1       155   12    0    1
 -2       832       834       833
 -1       156   12    0    1
 -2       834        27       835
 -1       157   12    0    1
 -2        26       837       836
 -1       158   12    0    1
 -2       837       839       838
 -1       159   12    0    1
 -2       839        33       840
 -1       160   12    0    1
 -2        27       857       856
 -1       161   12    0    1
 -2       857       859       858
 -1       162   12    0    1
 -2       859       861       860
 -1       163   12    0    1
 -2       861       863       862
 -1       164   12    0    1
 -2       863       865       864
 -1       165   12    0    1
 -2       865       867       866
 -1       166   12    0    1
 -2       867       869       868
 -1       167   12    0    1
 -2       869        28       870
 -1       168   12    0    1
 -2        27       872       871
 -1       169   12    0    1
 -2       872       874       873
 -1       170   12    0    1
 -2       874        34       875
 -1       171   12    0    1
 -2        27       877       876
 -1       172   12    0    1
 -2       877       879       878
 -1       173   12    0    1
 -2       879       881       880
 -1       174   12    0    1
 -2       881       883       882
 -1       175   12    0    1
 -2       883       885       884
 -1       176   12    0    1
 -2       885       887       886
 -1       177   12    0    1
 -2       887       889       888
 -1       178   12    0    1
 -2       889        35       890
 -1       179   12    0    1
 -2        28       892       891
 -1       180   12    0    1
 -2       892       894       893
 -1       181   12    0    1
 -2       894        35       895
 -1       182   12    0    1
 -2        33       957       956
 -1       183   12    0    1
 -2       957       959       958
 -1       184   12    0    1
 -2       959       961       960
 -1       185   12    0    1
 -2       961       963       962
 -1       186   12    0    1
 -2       963       965       964
 -1       187   12    0    1
 -2       965       967       966
 -1       188   12    0    1
 -2       967       969       968
 -1       189   12    0    1
 -2       969        34       970
 -1       190   12    0    1
 -2        34       972       971
 -1       191   12    0    1
 -2       972       974       973
 -1       192   12    0    1
 -2       974       976       975
 -1       193   12    0    1
 -2       976       978       977
 -1       194   12    0    1
 -2       978       980       979
 -1       195   12    0    1
 -2       980       982       981
 -1       196   12    0    1
 -2       982       984       983
 -1       197   12    0    1
 -2       984        35       985
 -3
    1PSTEP                         1           1           1          
  100CL  101 1.000000000         382                     0    1           1
 -4  DISP        4    1
 -5  D1          1    2    1    0
 -5  D2          1    2    2    0
 -5  D3          1    2    3    0
 -5  ALL         1    2    0    0    1ALL
 -1         1 1.83390E-04 0.00000E+00 0.00000E+00
 -1         3 1.21614E-04-2.32867E-26 0.00000E+00
 -1         5 9.13279E-05 5.21284E-25-6.61744E-24
 -1         8 1.48969E-04-1.57761E-06 0.00000E+00
 -1         9 9.66136E-05 4.93199E-05 0.00000E+00
 -1        10 1.13364E-04-2.94422E-06 0.00000E+00
 -1        12 9.00892E-05 1.18860E-06 3.30872E-24
 -1        16 6.91646E-05 4.90807E-05 0.00000E+00
 -1        17 8.45421E-05-6.51386E-06 0.00000E+00
 -1        18 8.42858E-05-3.31991E-07 0.00000E+00
 -1        19 8.63712E-05 2.36904E-06 0.00000E+00
 -1        20 8.70313E-05 2.88001E-05 0.00000E+00
 -1        21 8.56783E-05 6.26945E-05 6.61744E-24
 -1        24 2.86142E-05-8.18638E-06 0.00000E+00
 -1        25 7.97381E-05 2.03505E-08 0.00000E+00
 -1        26 8.15224E-05 3.20173E-06 0.00000E+00
 -1        27 7.92408E-05 2.73969E-05 0.00000E+00
 -1        28 7.74214E-05 6.16059E-05 0.00000E+00
 -1        32 0.00000E+00 0.00000E+00 0.00000E+00
 -1        33 7.58040E-05 4.27322E-06 0.00000E+00
 -1        34 7.32384E-05 2.72913E-05 0.00000E+00
 -1        35 7.00460E-05 6.10796E-05 0.00000E+00
 -1        51 1.80919E-04-2.59724E-07 0.00000E+00
 -1        52 1.76677E-04-5.11928E-07 0.00000E+00
 -1        53 1.71004E-04-7.65998E-07 0.00000E+00
 -1        54 1.64256E-04-1.02524E-06 6.61744E-24
 -1        55 1.56792E-04-1.29196E-06-4.96308E-24
 -1        56 1.79621E-04-8.86186E-07 0.00000E+00
 -1        57 1.75250E-04-5.84831E-07-5.29396E-23
 -1        58 1.70169E-04 1.62021E-06 0.00000E+00
 -1        59 1.64169E-04 6.16770E-06 0.00000E+00
 -1        60 1.57396E-04 1.27369E-05 1.05879E-22
 -1        61 1.50053E-04 2.07749E-05-5.29396E-23
 -1        62 1.42544E-04 2.92425E-05 0.00000E+00
 -1        63 1.35288E-04 3.70526E-05 0.00000E+00
 -1        64 1.28617E-04 4.33378E-05 0.00000E+00
 -1        65 1.22798E-04 4.73976E-05-5.29396E-23
 -1        66 1.17810E-04 4.92706E-05 0.00000E+00
 -1        67 1.13546E-04 4.92374E-05 5.29396E-23
 -1        68 1.09656E-04 4.82105E-05 1.05879E-22
 -1        69 1.05778E-04 4.72219E-05 5.29396E-23
 -1        70 1.01499E-04 4.72754E-05 0.00000E+00
 -1       121 1.21383E-04-4.89065E-07 0.00000E+00
 -1       122 1.20688E-04-9.78368E-07 6.61744E-24
 -1       123 1.19534E-04-1.46812E-06 0.00000E+00
 -1       124 1.17924E-04-1.95874E-06-6.61744E-24
 -1       125 1.15864E-04-2.45010E-06 1.32349E-23
 -1       191 9.12935E-05 1.98135E-07 6.61744E-24
 -1       192 9.11903E-05 3.96264E-07 0.00000E+00
 -1       193 9.10183E-05 5.94383E-07 6.61744E-24
 -1       194 9.07775E-05 7.92486E-07 3.30872E-24
 -1       195 9.04678E-05 9.90563E-07-6.61744E-24
 -1       271 1.43390E-04 3.47742E-06 0.00000E+00
 -1       272 1.37804E-04 8.20632E-06 0.00000E+00
 -1       273 1.32350E-04 1.26075E-05 0.00000E+00
 -1       274 1.27014E-04 1.66416E-05 0.00000E+00
 -1       275 1.21818E-04 2.03047E-05-1.05879E-22
 -1       276 1.16757E-04 2.36038E-05-5.29396E-23
 -1       277 1.11823E-04 2.65683E-05-1.05879E-22
 -1       278 1.06998E-04 2.92429E-05 0.00000E+00
 -1       279 1.02259E-04 3.16893E-05 0.00000E+00
 -1       280 9.75802E-05 3.39799E-05 5.29396E-23
 -1       281 9.29298E-05 3.61962E-05 0.00000E+00
 -1       282 8.82782E-05 3.84236E-05 5.29396E-23
 -1       283 8.35917E-05 4.07462E-05 1.05879E-22
 -1       284 7.88540E-05 4.32492E-05 0.00000E+00
 -1       285 7.40193E-05 4.59956E-05-5.29396E-23
 -1       301 9.20791E-05 4.92667E-05-1.32349E-23
 -1       302 8.75019E-05 4.92406E-05 3.30872E-24
 -1       303 8.29017E-05 4.92173E-05-6.61744E-24
 -1       304 7.82987E-05 4.91919E-05 3.30872E-24
 -1       305 7.37131E-05 4.91597E-05 0.00000E+00
 -1       306 9.36815E-05 5.17941E-05 0.00000E+00
 -1       307 9.16496E-05 5.17344E-05 0.00000E+00
 -1       308 9.04712E-05 4.94020E-05 5.29396E-23
 -1       309 9.00179E-05 4.50975E-05 0.00000E+00
 -1       310 9.01580E-05 3.91894E-05-5.29396E-23
 -1       311 9.07373E-05 3.20857E-05 0.00000E+00
 -1       312 9.15917E-05 2.42336E-05 0.00000E+00
 -1       313 9.25494E-05 1.60993E-05 0.00000E+00
 -1       314 9.34361E-05 8.15835E-06-5.29396E-23
 -1       315 9.40792E-05 8.81408E-07-2.64698E-23
 -1       316 9.43123E-05-5.28264E-06 0.00000E+00
 -1       317 9.39803E-05-9.91376E-06 2.64698E-23
 -1       318 9.29413E-05-1.26413E-05 0.00000E+00
 -1       319 9.10803E-05-1.31416E-05 0.00000E+00
 -1       320 8.82847E-05-1.11684E-05 2.64698E-23
 -1       336 1.10277E-04-3.53280E-06-1.32349E-23
 -1       337 1.06465E-04-4.12574E-06 6.61744E-24
 -1       338 1.01954E-04-4.72119E-06 0.00000E+00
 -1       339 9.67726E-05-5.31851E-06-6.61744E-24
 -1       340 9.09558E-05-5.91948E-06 0.00000E+00
 -1       406 8.96417E-05 1.38659E-06 0.00000E+00
 -1       407 8.91253E-05 1.58447E-06 0.00000E+00
 -1       408 8.85400E-05 1.78217E-06-6.61744E-24
 -1       409 8.78857E-05 1.97941E-06-9.92617E-24
 -1       410 8.71625E-05 2.17574E-06 6.61744E-24
 -1       521 6.46386E-05 5.11146E-05-5.29396E-23
 -1       522 6.09187E-05 5.07170E-05 0.00000E+00
 -1       523 5.80573E-05 4.80413E-05 0.00000E+00
 -1       524 5.59436E-05 4.33102E-05 0.00000E+00
 -1       525 5.44586E-05 3.68790E-05 0.00000E+00
 -1       526 5.34372E-05 2.91818E-05 0.00000E+00
 -1       527 5.26934E-05 2.07291E-05 0.00000E+00
 -1       528 5.20255E-05 1.20680E-05 0.00000E+00
 -1       529 5.12284E-05 3.75850E-06-1.05879E-22
 -1       530 5.01030E-05-3.65700E-06 5.29396E-23
 -1       531 4.84674E-05-9.68958E-06 1.05879E-22
 -1       532 4.61658E-05-1.39179E-05 5.29396E-23
 -1       533 4.30756E-05-1.60289E-05-1.05879E-22
 -1       534 3.91278E-05-1.58085E-05-5.29396E-23
 -1       535 3.42695E-05-1.31914E-05 0.00000E+00
 -1       536 8.44963E-05-5.87524E-07-6.61744E-24
 -1       537 8.44714E-05 3.91598E-06-1.65436E-24
 -1       538 8.44509E-05 7.14227E-06 0.00000E+00
 -1       539 8.44356E-05 9.23787E-06 0.00000E+00
 -1       540 8.44221E-05 1.03493E-05-8.27181E-25
 -1       541 8.44096E-05 1.06234E-05 0.00000E+00
 -1       542 8.43973E-05 1.02070E-05 0.00000E+00
 -1       543 8.43846E-05 9.24723E-06-4.13590E-25
 -1       544 8.43716E-05 7.89113E-06 0.00000E+00
 -1       545 8.43583E-05 6.28591E-06 2.06795E-25
 -1       546 8.43448E-05 4.57882E-06 2.06795E-25
 -1       547 8.43316E-05 2.91712E-06 1.03398E-25
 -1       548 8.43186E-05 1.44803E-06 0.00000E+00
 -1       549 8.43065E-05 3.18738E-07 0.00000E+00
 -1       550 8.42947E-05-3.23530E-07 0.00000E+00
 -1       551 7.62611E-05-6.77820E-06 0.00000E+00
 -1       552 6.69638E-05-7.04535E-06-2.48154E-24
 -1       553 5.70969E-05-7.31752E-06 6.61744E-24
 -1       554 4.71145E-05-7.59425E-06-6.61744E-24
 -1       555 3.74708E-05-7.87441E-06-2.64698E-23
 -1       556 8.22265E-05-8.14303E-07 0.00000E+00
 -1       557 8.04228E-05 3.57101E-06 0.00000E+00
 -1       558 7.90737E-05 6.76278E-06 0.00000E+00
 -1       559 7.81275E-05 8.89277E-06 1.32349E-23
 -1       560 7.75325E-05 1.00927E-05 0.00000E+00
 -1       561 7.72378E-05 1.04954E-05 6.61744E-24
 -1       562 7.71925E-05 1.02339E-05 1.32349E-23
 -1       563 7.73463E-05 9.44151E-06 0.00000E+00
 -1       564 7.76489E-05 8.25174E-06 0.00000E+00
 -1       565 7.80502E-05 6.79817E-06-3.30872E-24
 -1       566 7.85001E-05 5.21450E-06 0.00000E+00
 -1       567 7.89488E-05 3.63446E-06-1.65436E-24
 -1       568 7.93463E-05 2.19177E-06 2.48154E-24
 -1       569 7.96429E-05 1.01997E-06-1.65436E-24
 -1       570 7.97887E-05 2.52512E-07-3.30872E-24
 -1       571 8.44116E-05-9.30755E-08 2.89513E-24
 -1       572 8.45408E-05 6.11354E-08-1.65436E-24
 -1       573 8.46709E-05 1.46048E-07-1.65436E-24
 -1       574 8.48015E-05 1.77859E-07 1.65436E-24
 -1       575 8.49323E-05 1.72835E-07 3.30872E-24
 -1       576 8.50632E-05 1.47349E-07 0.00000E+00
 -1       577 8.51940E-05 1.17779E-07-3.30872E-24
 -1       578 8.53249E-05 1.00519E-07 0.00000E+00
 -1       579 8.54558E-05 1.11965E-07 0.00000E+00
 -1       580 8.55867E-05 1.68514E-07 0.00000E+00
 -1       581 8.57176E-05 2.86561E-07 0.00000E+00
 -1       582 8.58485E-05 4.82487E-07 0.00000E+00
 -1       583 8.59793E-05 7.72658E-07-6.61744E-24
 -1       584 8.61101E-05 1.17328E-06 0.00000E+00
 -1       585 8.62407E-05 1.70045E-06 0.00000E+00
 -1       586 8.36168E-05-2.71940E-07 0.00000E+00
 -1       587 8.28394E-05-2.11739E-07 0.00000E+00
 -1       588 8.20076E-05-1.51678E-07 1.65436E-24
 -1       589 8.11768E-05-9.21544E-08 4.13590E-25
 -1       590 8.04022E-05-3.37481E-08 0.00000E+00
 -1       591 8.40963E-05-4.70167E-08 0.00000E+00
 -1       592 8.39242E-05 1.73769E-07 0.00000E+00
 -1       593 8.37702E-05 3.43464E-07 0.00000E+00
 -1       594 8.36303E-05 4.73732E-07 0.00000E+00
 -1       595 8.35007E-05 5.76303E-07 0.00000E+00
 -1       596 8.33769E-05 6.62811E-07 0.00000E+00
 -1       597 8.32547E-05 7.44885E-07-1.65436E-24
 -1       598 8.31299E-05 8.34138E-07 8.27181E-25
 -1       599 8.29980E-05 9.42185E-07-1.65436E-24
 -1       600 8.28547E-05 1.08063E-06-8.27181E-25
 -1       601 8.26956E-05 1.26109E-06 0.00000E+00
 -1       602 8.25166E-05 1.49518E-06 0.00000E+00
 -1       603 8.23133E-05 1.79450E-06-1.65436E-24
 -1       604 8.20817E-05 2.17076E-06-3.10193E-25
 -1       605 8.18179E-05 2.63558E-06-4.13590E-25
 -1       606 8.64184E-05 3.30530E-06 0.00000E+00
 -1       607 8.64617E-05 4.37983E-06 0.00000E+00
 -1       608 8.65040E-05 5.58445E-06 0.00000E+00
 -1       609 8.65456E-05 6.90990E-06 0.00000E+00
 -1       610 8.65869E-05 8.34685E-06 6.61744E-24
 -1       611 8.66280E-05 9.88583E-06 0.00000E+00
 -1       612 8.66689E-05 1.15173E-05-3.30872E-24
 -1       613 8.67097E-05 1.32319E-05 0.00000E+00
 -1       614 8.67503E-05 1.50201E-05 0.00000E+00
 -1       615 8.67908E-05 1.68723E-05 0.00000E+00
 -1       616 8.68312E-05 1.87791E-05 3.30872E-24
 -1       617 8.68716E-05 2.07311E-05 0.00000E+00
 -1       618 8.69118E-05 2.27186E-05 1.65436E-24
 -1       619 8.69519E-05 2.47323E-05 8.27181E-25
 -1       620 8.69919E-05 2.67626E-05 0.00000E+00
 -1       621 8.55174E-05 2.50857E-06 0.00000E+00
 -1       622 8.46656E-05 2.64853E-06-1.65436E-24
 -1       623 8.38280E-05 2.78844E-06-3.30872E-24
 -1       624 8.30168E-05 2.92798E-06 0.00000E+00
 -1       625 8.22443E-05 3.06687E-06 0.00000E+00
 -1       626 8.61376E-05 3.37182E-06-6.61744E-24
 -1       627 8.58499E-05 4.51803E-06 6.61744E-24
 -1       628 8.55134E-05 5.79406E-06 0.00000E+00
 -1       629 8.51335E-05 7.18509E-06 0.00000E+00
 -1       630 8.47160E-05 8.67626E-06-6.61744E-24
 -1       631 8.42664E-05 1.02526E-05-3.30872E-24
 -1       632 8.37904E-05 1.18990E-05 0.00000E+00
 -1       633 8.32936E-05 1.36006E-05 0.00000E+00
 -1       634 8.27817E-05 1.53423E-05 0.00000E+00
 -1       635 8.22603E-05 1.71091E-05 0.00000E+00
 -1       636 8.17351E-05 1.88860E-05 0.00000E+00
 -1       637 8.12116E-05 2.06581E-05-1.65436E-24
 -1       638 8.06954E-05 2.24103E-05-3.30872E-24
 -1       639 8.01919E-05 2.41276E-05 1.65436E-24
 -1       640 7.97062E-05 2.57950E-05 1.65436E-24
 -1       656 8.52749E-05 2.85725E-05 0.00000E+00
 -1       657 8.38899E-05 2.83346E-05-3.30872E-24
 -1       658 8.27357E-05 2.80977E-05-6.61744E-24
 -1       659 8.16707E-05 2.78609E-05-1.65436E-24
 -1       660 8.05530E-05 2.76234E-05 3.30872E-24
 -1       661 8.64095E-05 3.08927E-05 0.00000E+00
 -1       662 8.57693E-05 3.30498E-05 0.00000E+00
 -1       663 8.51108E-05 3.52549E-05 0.00000E+00
 -1       664 8.44406E-05 3.74936E-05-1.65436E-24
 -1       665 8.37633E-05 3.97509E-05-3.30872E-24
 -1       666 8.30847E-05 4.20123E-05 0.00000E+00
 -1       667 8.24101E-05 4.42631E-05-3.30872E-24
 -1       668 8.17451E-05 4.64886E-05 0.00000E+00
 -1       669 8.10951E-05 4.86743E-05 3.30872E-24
 -1       670 8.04657E-05 5.08054E-05 0.00000E+00
 -1       671 7.98624E-05 5.28670E-05 0.00000E+00
 -1       672 7.92906E-05 5.48444E-05 1.65436E-24
 -1       673 7.87561E-05 5.67225E-05 0.00000E+00
 -1       674 7.82634E-05 5.84859E-05 1.65436E-24
 -1       675 7.78196E-05 6.01199E-05-1.65436E-24
 -1       676 8.42906E-05 6.25116E-05 0.00000E+00
 -1       677 8.29049E-05 6.23289E-05 3.30872E-24
 -1       678 8.15232E-05 6.21462E-05-6.61744E-24
 -1       679 8.01474E-05 6.19644E-05 0.00000E+00
 -1       680 7.87795E-05 6.17825E-05 0.00000E+00
 -1       771 2.47384E-05-2.11894E-06-5.29396E-23
 -1       772 2.13027E-05 2.75396E-06-2.64698E-23
 -1       773 1.82852E-05 6.52181E-06 0.00000E+00
 -1       774 1.56496E-05 9.27926E-06 2.64698E-23
 -1       775 1.33594E-05 1.11223E-05 5.29396E-23
 -1       776 1.13769E-05 1.21495E-05 0.00000E+00
 -1       777 9.66413E-06 1.24602E-05 0.00000E+00
 -1       778 8.18253E-06 1.21557E-05 5.29396E-23
 -1       779 6.89348E-06 1.13382E-05-5.29396E-23
 -1       780 5.75801E-06 1.01109E-05-7.94093E-23
 -1       781 4.73712E-06 8.57779E-06 0.00000E+00
 -1       782 3.79174E-06 6.84358E-06-2.64698E-23
 -1       783 2.88276E-06 5.01319E-06 0.00000E+00
 -1       784 1.97180E-06 3.19199E-06-2.64698E-23
 -1       785 1.02013E-06 1.48523E-06 0.00000E+00
 -1       786 7.98430E-05 3.34101E-07 0.00000E+00
 -1       787 7.99543E-05 5.63806E-07 0.00000E+00
 -1       788 8.00654E-05 7.24337E-07 0.00000E+00
 -1       789 8.01775E-05 8.30495E-07 1.65436E-24
 -1       790 8.02897E-05 8.96988E-07 3.30872E-24
 -1       791 8.04022E-05 9.38468E-07-1.65436E-24
 -1       792 8.05147E-05 9.69542E-07 3.30872E-24
 -1       793 8.06272E-05 1.00481E-06 1.65436E-24
 -1       794 8.07397E-05 1.05886E-06-3.30872E-24
 -1       795 8.08522E-05 1.14634E-06-1.65436E-24
 -1       796 8.09647E-05 1.28191E-06 3.30872E-24
 -1       797 8.10771E-05 1.48035E-06 1.65436E-24
 -1       798 8.11895E-05 1.75650E-06-3.30872E-24
 -1       799 8.13013E-05 2.12534E-06-1.65436E-24
 -1       800 8.14132E-05 2.60200E-06 0.00000E+00
 -1       801 7.33188E-05 9.72499E-08 0.00000E+00
 -1       802 5.83214E-05 9.85276E-08 0.00000E+00
 -1       803 3.91191E-05 3.73462E-08 0.00000E+00
 -1       804 2.00835E-05-2.82562E-08 0.00000E+00
 -1       805 5.58518E-06-2.75002E-08 2.64698E-23
 -1       806 7.95012E-05 2.76770E-07 0.00000E+00
 -1       807 7.92765E-05 4.88864E-07 0.00000E+00
 -1       808 7.90636E-05 6.66890E-07 3.30872E-24
 -1       809 7.88593E-05 8.20566E-07 1.65436E-24
 -1       810 7.86603E-05 9.59578E-07 0.00000E+00
 -1       811 7.84631E-05 1.09357E-06 1.65436E-24
 -1       812 7.82641E-05 1.23217E-06 0.00000E+00
 -1       813 7.80598E-05 1.38501E-06 1.65436E-24
 -1       814 7.78466E-05 1.56171E-06 3.30872E-24
 -1       815 7.76208E-05 1.77189E-06 0.00000E+00
 -1       816 7.73788E-05 2.02517E-06 1.65436E-24
 -1       817 7.71170E-05 2.33115E-06-1.65436E-24
 -1       818 7.68319E-05 2.69944E-06 3.30872E-24
 -1       819 7.65201E-05 3.13959E-06 0.00000E+00
 -1       820 7.61781E-05 3.66113E-06 3.30872E-24
 -1       821 8.13884E-05 3.97357E-06 1.65436E-24
 -1       822 8.12464E-05 4.93908E-06 0.00000E+00
 -1       823 8.11044E-05 6.07878E-06 0.00000E+00
 -1       824 8.09609E-05 7.37276E-06 1.65436E-24
 -1       825 8.08172E-05 8.80083E-06-3.30872E-24
 -1       826 8.06730E-05 1.03425E-05 1.65436E-24
 -1       827 8.05286E-05 1.19771E-05-3.30872E-24
 -1       828 8.03841E-05 1.36838E-05 0.00000E+00
 -1       829 8.02395E-05 1.54415E-05 0.00000E+00
 -1       830 8.00949E-05 1.72290E-05 0.00000E+00
 -1       831 7.99503E-05 1.90253E-05 0.00000E+00
 -1       832 7.98060E-05 2.08091E-05 0.00000E+00
 -1       833 7.96618E-05 2.25592E-05 0.00000E+00
 -1       834 7.95190E-05 2.42545E-05-1.65436E-24
 -1       835 7.93760E-05 2.58740E-05 0.00000E+00
 -1       836 8.07144E-05 3.37833E-06 0.00000E+00
 -1       837 7.97573E-05 3.56039E-06-1.65436E-24
 -1       838 7.87191E-05 3.74222E-06 3.30872E-24
 -1       839 7.76686E-05 3.92329E-06-1.65436E-24
 -1       840 7.66741E-05 4.10410E-06 0.00000E+00
 -1       856 7.91349E-05 2.89981E-05 0.00000E+00
 -1       857 7.90222E-05 3.08278E-05 0.00000E+00
 -1       858 7.89092E-05 3.28529E-05 0.00000E+00
 -1       859 7.87949E-05 3.50397E-05 0.00000E+00
 -1       860 7.86801E-05 3.73548E-05 3.30872E-24
 -1       861 7.85650E-05 3.97642E-05 0.00000E+00
 -1       862 7.84497E-05 4.22341E-05 3.30872E-24
 -1       863 7.83343E-05 4.47308E-05 0.00000E+00
 -1       864 7.82189E-05 4.72203E-05 0.00000E+00
 -1       865 7.81036E-05 4.96687E-05-1.65436E-24
 -1       866 7.79885E-05 5.20421E-05 0.00000E+00
 -1       867 7.78737E-05 5.43068E-05 0.00000E+00
 -1       868 7.77592E-05 5.64291E-05 0.00000E+00
 -1       869 7.76455E-05 5.83753E-05 0.00000E+00
 -1       870 7.75321E-05 6.01119E-05 0.00000E+00
 -1       871 7.80383E-05 2.73829E-05 0.00000E+00
 -1       872 7.70139E-05 2.73666E-05 0.00000E+00
 -1       873 7.60952E-05 2.73498E-05 1.65436E-24
 -1       874 7.52086E-05 2.73323E-05 0.00000E+00
 -1       875 7.42806E-05 2.73140E-05-8.27181E-25
 -1       876 7.88404E-05 2.90208E-05 0.00000E+00
 -1       877 7.83917E-05 3.07930E-05 0.00000E+00
 -1       878 7.78948E-05 3.26935E-05 6.61744E-24
 -1       879 7.73571E-05 3.47049E-05 3.30872E-24
 -1       880 7.67844E-05 3.68093E-05 0.00000E+00
 -1       881 7.61835E-05 3.89890E-05 0.00000E+00
 -1       882 7.55609E-05 4.12265E-05 0.00000E+00
 -1       883 7.49230E-05 4.35044E-05-3.30872E-24
 -1       884 7.42765E-05 4.58051E-05 6.61744E-24
 -1       885 7.36280E-05 4.81112E-05 3.30872E-24
 -1       886 7.29838E-05 5.04053E-05-6.61744E-24
 -1       887 7.23506E-05 5.26700E-05 0.00000E+00
 -1       888 7.17348E-05 5.48877E-05 0.00000E+00
 -1       889 7.11422E-05 5.70406E-05 0.00000E+00
 -1       890 7.05802E-05 5.91116E-05-3.30872E-24
 -1       891 7.62191E-05 6.15188E-05 0.00000E+00
 -1       892 7.51457E-05 6.14305E-05 1.65436E-24
 -1       893 7.40966E-05 6.13423E-05 1.65436E-24
 -1       894 7.29668E-05 6.12542E-05 8.27181E-25
 -1       895 7.16513E-05 6.11658E-05 0.00000E+00
 -1       956 7.56477E-05 5.14450E-06 0.00000E+00
 -1       957 7.54883E-05 6.17509E-06 8.27181E-25
 -1       958 7.53282E-05 7.34801E-06-1.65436E-24
 -1       959 7.51676E-05 8.64521E-06 0.00000E+00
 -1       960 7.50068E-05 1.00486E-05 0.00000E+00
 -1       961 7.48458E-05 1.15401E-05-1.65436E-24
 -1       962 7.46846E-05 1.31014E-05 0.00000E+00
 -1       963 7.45234E-05 1.47144E-05 0.00000E+00
 -1       964 7.43622E-05 1.63608E-05-3.30872E-24
 -1       965 7.42009E-05 1.80223E-05 0.00000E+00
 -1       966 7.40396E-05 1.96808E-05-6.61744E-24
 -1       967 7.38784E-05 2.13180E-05 0.00000E+00
 -1       968 7.37173E-05 2.29158E-05 0.00000E+00
 -1       969 7.35566E-05 2.44559E-05 0.00000E+00
 -1       970 7.33964E-05 2.59202E-05 6.61744E-24
 -1       971 7.30434E-05 2.86951E-05-6.61744E-24
 -1       972 7.28445E-05 3.03109E-05-3.30872E-24
 -1       973 7.26450E-05 3.21141E-05 0.00000E+00
 -1       974 7.24448E-05 3.40795E-05-3.30872E-24
 -1       975 7.22442E-05 3.61820E-05 0.00000E+00
 -1       976 7.20434E-05 3.83963E-05 0.00000E+00
 -1       977 7.18422E-05 4.06968E-05 0.00000E+00
 -1       978 7.16410E-05 4.30583E-05 0.00000E+00
 -1       979 7.14397E-05 4.54550E-05 0.00000E+00
 -1       980 7.12384E-05 4.78617E-05 0.00000E+00
 -1       981 7.10372E-05 5.02526E-05 0.00000E+00
 -1       982 7.08362E-05 5.26022E-05 0.00000E+00
 -1       983 7.06356E-05 5.48851E-05 0.00000E+00
 -1       984 7.04362E-05 5.70759E-05-3.30872E-24
 -1       985 7.02373E-05 5.91490E-05 0.00000E+00
 -3
    1PSTEP                         2           1           1          
  100CL  101 1.000000000         382                     0    1           1
 -4  STRESS      6    1
 -5  SXX         1    4    1    1
 -5  SYY         1    4    2    2
 -5  SZZ         1    4    3    3
 -5  SXY         1    4    1    2
 -5  SYZ         1    4    2    3
 -5  SZX         1    4    3    1
 -1         1-4.83448E+06-2.10389E+06-1.14035E+06-2.42280E+06-6.54836E-10 1.47847E-08
 -1         3-2.42904E+01-1.39698E+06 7.51647E+02-5.80552E+02 3.38282E-10 4.39650E-09
 -1         5-3.51928E+01 5.67143E+05 1.71554E+01 1.69316E+00 3.07886E-10 1.19289E-08
 -1         8-4.24029E+06-1.82022E+06-8.54805E+05-2.23372E+06 6.98492E-10 3.17232E-09
 -1         9-4.66768E+06-1.63127E+06-8.92106E+05-1.50945E+06 4.80941E-09 7.94535E-09
 -1        10-4.69534E+03-1.53740E+06-5.50637E+03-4.83469E+03-8.51139E-09-3.12765E-08
 -1        12-2.82920E+01 5.67179E+05 5.57285E+02 1.09321E+01 5.57336E-10-3.78714E-09
 -1        16-5.59454E+06-1.79832E+06-8.63115E+05-1.82051E+06 3.68406E-09 9.81466E-09
 -1        17-9.68015E+05-7.72517E+05-1.54632E+05-6.42854E+05 1.06374E-09 2.06637E-10
 -1        18 3.56143E+04 1.19460E+04-2.12655E+04-1.33964E+05 6.06633E-10-3.85444E-09
 -1        19 1.63908E+05 2.00149E+05-7.07539E+02 1.66566E+04 4.46016E-10-6.69170E-09
 -1        20 1.04428E+05-1.87269E+05-3.39006E+04 8.09428E+04 1.23688E-08 9.62852E-10
 -1        21-1.75637E+02-5.20974E+05-2.26026E+03-6.41073E+02-1.52975E-08-1.03286E-09
 -1        24-3.87726E+06-1.39118E+06-4.41159E+05-1.79425E+06-1.05453E-08-8.97368E-09
 -1        25 2.40905E+04 6.35279E+04 3.40724E+04-5.79416E+05 3.76222E-09-1.00044E-09
 -1        26-2.62253E+04 1.44598E+05-3.66488E+03-3.62120E+04 2.29193E-10 6.83087E-09
 -1        27-3.92187E+04-1.13310E+05-5.28355E+04 1.04084E+05 8.88576E-09-1.29270E-09
 -1        28-9.05959E+03-1.57697E+05-1.12699E+03 5.78863E+04 5.10909E-09 1.96748E-09
 -1        32-1.23150E+06-1.28265E+05 3.48105E+05-1.77757E+06 5.68252E-09 5.62000E-09
 -1        33-1.85570E+05 1.33598E+05 4.20312E+04-5.54242E+04-1.60677E-09 3.01467E-09
 -1        34-3.21880E+05-4.63875E+04-9.59375E+03 9.85458E+04 5.64341E-09-1.35212E-10
 -1        35-4.03224E+04-5.23093E+04-2.46224E+03 9.24500E+04 1.25613E-08 5.68859E-09
 -1        51 3.58030E+04-6.31460E+05 6.77079E+04-1.69541E+06 2.32831E-10-2.15659E-08
 -1        52 2.29119E+04-6.34853E+05 4.54252E+04-1.89439E+06 3.63798E-10-3.48082E-08
 -1        53 2.02993E+04-6.60944E+05 4.06444E+04-1.69025E+06 7.13044E-10 3.95812E-09
 -1        54 4.86708E+04-6.61052E+05 6.77466E+04-1.89955E+06 2.91038E-11 1.05720E-08
 -1        55 9.75924E+04-6.86507E+05 1.24821E+05-1.68888E+06-4.07454E-10 1.83136E-08
 -1        56-9.17554E+06-9.89584E+05-7.89049E+05-3.55286E+06-1.01863E-10 2.06055E-08
 -1        57-9.48194E+06-1.76361E+06-5.39142E+05-3.53197E+06-4.82032E-09-2.26864E-08
 -1        58-9.29306E+06-1.30031E+06-1.85461E+05-3.55058E+06-2.63390E-09-3.03407E-09
 -1        59-9.38269E+06-1.36484E+06-1.11795E+05-3.49311E+06 2.19370E-09 4.65661E-10
 -1        60-9.27154E+06-1.38323E+06-4.31374E+04-3.59234E+06-8.20364E-10-3.26509E-09
 -1        61-9.41098E+06-1.26543E+06-2.46442E+04-3.44287E+06 9.01537E-10 7.34326E-09
 -1        62-9.26520E+06-1.39812E+06-1.16945E+04-3.60157E+06 1.29296E-09-2.24964E-09
 -1        63-9.38178E+06-1.28381E+06-9.54134E+03-3.46974E+06-2.37742E-09 1.82254E-08
 -1        64-9.30040E+06-1.36577E+06-1.19652E+04-3.56510E+06-2.15095E-09 2.84568E-09
 -1        65-9.30296E+06-1.36985E+06-2.29274E+04-3.55814E+06 1.00026E-08 1.06302E-08
 -1        66-9.34374E+06-1.31315E+06-4.10541E+04-3.51276E+06 2.71939E-09 1.45155E-08
 -1        67-9.26396E+06-1.48154E+06-1.05811E+05-3.62936E+06-6.01722E-09 1.39862E-08
 -1        68-9.34117E+06-1.25405E+06-1.74137E+05-3.49471E+06-1.24783E-09 2.76486E-09
 -1        69-9.43851E+06-1.77544E+06-5.08338E+05-3.57397E+06-3.71620E-09 6.64295E-09
 -1        70-9.17174E+06-1.02363E+06-7.44021E+05-3.56736E+06 1.23691E-09 1.12341E-08
 -1       121-1.45029E+02-1.39751E+06 8.25896E+02 2.90126E+02-1.10745E-09-3.51702E-09
 -1       122 2.45443E+02-1.39681E+06 1.65564E+03-1.15652E+03-2.92047E-09-4.16549E-10
 -1       123-3.54873E+02-1.39770E+06 2.78572E+03 8.65574E+02-2.95120E-09-2.73667E-09
 -1       124 3.33297E+03-1.39498E+06 6.95091E+03-2.39461E+03-5.81389E-09-9.06221E-09
 -1       125-2.52657E+03-1.39937E+06 1.07534E+04 1.52935E+03-5.02041E-09-8.53834E-09
 -1       191-3.75073E+01 5.67186E+05 1.93509E+01-8.56190E-01 3.89881E-10-3.47791E-09
 -1       192-3.67930E+01 5.67144E+05 3.63719E+01 4.49255E+00 5.20457E-10 5.58066E-09
 -1       193-4.17457E+01 5.67185E+05 6.65120E+01-3.69760E+00 5.88134E-10 7.11771E-09
 -1       194-4.19351E+01 5.67150E+05 1.37683E+02 9.75973E+00 2.51900E-10-9.28139E-09
 -1       195-4.98855E+01 5.67181E+05 2.68165E+02-6.20415E+00 9.89345E-10 1.04956E-09
 -1       271-8.16069E+06-9.98365E+05-6.60839E+05-3.19792E+06 2.47383E-10-3.66708E-09
 -1       272-8.47445E+06-1.45018E+06-4.31553E+05-3.11228E+06 3.60342E-09-7.53789E-09
 -1       273-8.28568E+06-1.17925E+06-1.55550E+05-3.16658E+06-9.93168E-10-1.32422E-08
 -1       274-8.32626E+06-1.23360E+06-8.87353E+04-3.15625E+06-9.25866E-10-1.33368E-08
 -1       275-8.30476E+06-1.19820E+06-3.61029E+04-3.15955E+06-1.06638E-10 2.63026E-09
 -1       276-8.30121E+06-1.21310E+06-1.95971E+04-3.16765E+06 8.28095E-10 3.19733E-09
 -1       277-8.30994E+06-1.19772E+06-9.63551E+03-3.15568E+06 6.66637E-09-1.16552E-08
 -1       278-8.29373E+06-1.21543E+06-7.49384E+03-3.17405E+06 7.80256E-09 1.49112E-09
 -1       279-8.31215E+06-1.19558E+06-8.56498E+03-3.15323E+06 2.46177E-09 6.48379E-09
 -1       280-8.29266E+06-1.22066E+06-1.65889E+04-3.17707E+06 3.07034E-09 7.22139E-10
 -1       281-8.31119E+06-1.19264E+06-3.01419E+04-3.15269E+06-5.04315E-09 2.69938E-09
 -1       282-8.30814E+06-1.24310E+06-7.39140E+04-3.17365E+06-2.27737E-09 8.14907E-10
 -1       283-8.29737E+06-1.17485E+06-1.29473E+05-3.15625E+06-8.00355E-11 3.60887E-09
 -1       284-8.42893E+06-1.42580E+06-3.59169E+05-3.13971E+06 1.22236E-08-1.50285E-08
 -1       285-8.19384E+06-1.02402E+06-5.50247E+05-3.18194E+06 1.03319E-09 4.30737E-09
 -1       301 6.42612E+04-3.22162E+04 2.01135E+05-4.51823E+04-1.22236E-09-3.29692E-10
 -1       302 2.55503E+04 1.02434E+04 1.32508E+05-5.69113E+04-7.53516E-10 1.02591E-09
 -1       303 4.57743E+03-1.70149E+04 1.15679E+05-4.54047E+04-2.48838E-09 4.09966E-09
 -1       304 4.12637E+04 2.29281E+04 1.83877E+05-5.69058E+04-3.00679E-09 8.19972E-09
 -1       305 1.07720E+05-4.48027E+04 3.22224E+05-4.49326E+04-1.45519E-11 1.06845E-08
 -1       306-4.45028E+06-5.59408E+05-2.84269E+05-1.72075E+06 1.74259E-09-3.78350E-10
 -1       307-4.50529E+06-8.21622E+05-1.83888E+05-1.76471E+06 2.70302E-09 2.28465E-09
 -1       308-4.51376E+06-6.25156E+05-6.73951E+04-1.69582E+06 7.72889E-09 1.31513E-08
 -1       309-4.42911E+06-7.45720E+05-3.77264E+04-1.80519E+06 3.80533E-09 9.57698E-10
 -1       310-4.52832E+06-6.25853E+05-1.57709E+04-1.68533E+06 5.98629E-09 1.91276E-08
 -1       311-4.41234E+06-7.45430E+05-8.44063E+03-1.82227E+06 6.51562E-09 9.86620E-09
 -1       312-4.53281E+06-6.22817E+05-4.40476E+03-1.68091E+06-8.29914E-10 5.34885E-09
 -1       313-4.40942E+06-7.46857E+05-3.89052E+03-1.82609E+06-3.16879E-09-7.23594E-09
 -1       314-4.53184E+06-6.23856E+05-5.19498E+03-1.68202E+06-7.89714E-09 2.98314E-09
 -1       315-4.41546E+06-7.42271E+05-1.04247E+04-1.81728E+06 5.09317E-11 1.26493E-08
 -1       316-4.52527E+06-6.28570E+05-1.99717E+04-1.68856E+06-3.74712E-10 1.84809E-09
 -1       317-4.43720E+06-7.42354E+05-4.76821E+04-1.79559E+06 4.72937E-09 4.10000E-09
 -1       318-4.50738E+06-6.26919E+05-8.52591E+04-1.70111E+06 2.96131E-09 1.76806E-09
 -1       319-4.53223E+06-8.40763E+05-2.32744E+05-1.74809E+06 2.54067E-09 1.81899E-10
 -1       320-4.42888E+06-5.41382E+05-3.59343E+05-1.73038E+06-4.34375E-09 3.71074E-09
 -1       336 3.89982E+03-1.67423E+06-1.80034E+04 3.30107E+03-6.22617E-09 5.32782E-09
 -1       337-7.39475E+03-1.68057E+06-1.83038E+04-8.11496E+03-9.87347E-09-1.08412E-09
 -1       338 2.18339E+03-1.67523E+06-2.00193E+04 4.80588E+03-8.92533E-09 2.39561E-09
 -1       339-2.24791E+04-1.68929E+06-4.32050E+04-1.10174E+04-1.38443E-08 9.56788E-10
 -1       340 1.71630E+04-1.66576E+06-6.40152E+04 6.18840E+03-1.06338E-08 6.55746E-10
 -1       406 1.31479E+01 5.67156E+05 1.09896E+03-4.93952E+00 1.53244E-09-5.66251E-09
 -1       407 3.55380E+02 5.67372E+05 2.33801E+03-9.34651E+00 2.18733E-10 4.10000E-09
 -1       408 1.17447E+03 5.66987E+05 4.66769E+03 1.52064E+01 1.35424E-09-5.43514E-09
 -1       409 5.02204E+03 5.68862E+05 1.05097E+04-1.85484E+02 1.15506E-10-1.75214E-08
 -1       410 1.44800E+04 5.65654E+05 2.14536E+04 1.90039E+02 1.67711E-09-8.11815E-09
 -1       521-8.36061E+06-1.03049E+06-5.66930E+05-3.22720E+06-1.92085E-09-5.52973E-10
 -1       522-8.57724E+06-1.46000E+06-3.68705E+05-3.20319E+06-1.04333E-08-4.13638E-09
 -1       523-8.48632E+06-1.16551E+06-1.33888E+05-3.17856E+06-6.20730E-10 6.31553E-09
 -1       524-8.42168E+06-1.30636E+06-7.56082E+04-3.27989E+06-8.20364E-09 2.23736E-10
 -1       525-8.51546E+06-1.16784E+06-3.11669E+04-3.15747E+06 6.20275E-09 1.66801E-08
 -1       526-8.38604E+06-1.30564E+06-1.67523E+04-3.31202E+06 1.71885E-08 1.36683E-08
 -1       527-8.52412E+06-1.16256E+06-8.41099E+03-3.14901E+06-6.15978E-09 4.77456E-09
 -1       528-8.38102E+06-1.30681E+06-6.89663E+03-3.31710E+06-1.03400E-08 6.88033E-09
 -1       529-8.52086E+06-1.16609E+06-8.57170E+03-3.15283E+06-1.19144E-09-2.00998E-09
 -1       530-8.39671E+06-1.29348E+06-1.66658E+04-3.29633E+06 8.37099E-09 3.54339E-09
 -1       531-8.50631E+06-1.17758E+06-3.15496E+04-3.16810E+06 5.73709E-09 8.78572E-10
 -1       532-8.44207E+06-1.28428E+06-7.56142E+04-3.25255E+06 8.29823E-09 8.14907E-10
 -1       533-8.47301E+06-1.17915E+06-1.34365E+05-3.19378E+06 3.85762E-09 1.42609E-09
 -1       534-8.60490E+06-1.43246E+06-3.69345E+05-3.17065E+06 5.30190E-09-3.81260E-09
 -1       535-8.34556E+06-1.04483E+06-5.67892E+05-3.24394E+06-5.66070E-09-1.74623E-09
 -1       536-5.00389E+04-2.65148E+04 8.53716E+04-8.45621E+03 3.04681E-09-2.62298E-09
 -1       537-1.41259E+04 3.10258E+04 5.69752E+04-7.02899E+04-8.02538E-09 1.26429E-08
 -1       538-3.65858E+04-3.48799E+03 2.20324E+04-8.25725E+03-5.45697E-10 6.46378E-09
 -1       539-3.06315E+04 3.27841E+03 1.29404E+04-7.05516E+04 2.53931E-09 2.35332E-09
 -1       540-3.48732E+04-5.88423E+02 5.50296E+03-8.18939E+03 1.86083E-09 7.96899E-09
 -1       541-3.35559E+04 3.23972E+02 3.06323E+03-7.06545E+04-1.78989E-09 1.02193E-08
 -1       542-3.46481E+04-1.18583E+02 1.29771E+03-8.15870E+03-1.19144E-10 6.48379E-09
 -1       543-3.44566E+04 1.51503E+02 6.16352E+02-7.07037E+04 4.77712E-10-6.07997E-10
 -1       544-3.46134E+04 1.33304E+01 6.87171E+01-8.14089E+03 2.27374E-12-8.43784E-10
 -1       545-3.48373E+04 1.32642E+02-4.13048E+02-7.07261E+04-2.98257E-10-2.01317E-09
 -1       546-3.45614E+04 1.03130E+02-1.02611E+03-8.13588E+03 2.92971E-10-3.95585E-09
 -1       547-3.51859E+04-5.36890E+02-2.49189E+03-7.07144E+04-3.78679E-09-6.90568E-09
 -1       548-3.42114E+04 5.91077E+02-4.42053E+03-8.15290E+03-1.79261E-09-1.86446E-11
 -1       549-3.78086E+04-6.22116E+03-1.12256E+04-7.05838E+04-1.62618E-09 2.55841E-09
 -1       550-3.15375E+04 4.96443E+03-1.71196E+04-8.26656E+03-3.61069E-10-1.66892E-09
 -1       551 2.59213E+04-6.46740E+05 4.45767E+04-1.02485E+06-1.29585E-08-6.42467E-09
 -1       552 2.86772E+04-6.46130E+05 4.65258E+04-1.28216E+06-3.47063E-09-1.25510E-09
 -1       553 2.16688E+04-6.53168E+05 6.58475E+04-1.02259E+06-1.75569E-08 6.37738E-09
 -1       554 5.64739E+04-6.26778E+05 1.33746E+05-1.28241E+06-4.10364E-09 8.71660E-09
 -1       555 1.01664E+05-6.71374E+05 2.50256E+05-1.02383E+06-1.43336E-08-1.04046E-08
 -1       556-1.34668E+05-2.07657E+05 5.77991E+04-3.18605E+05 1.62254E-09 2.28465E-09
 -1       557-7.59414E+04-2.60367E+05 2.97241E+04-3.64198E+05 4.10364E-09 6.88851E-09
 -1       558-1.36299E+05-2.18991E+05 1.20607E+04-3.11014E+05 3.49246E-10 2.82307E-09
 -1       559-8.52988E+04-2.67934E+05 6.10225E+03-3.68494E+05 2.76486E-09-1.57979E-09
 -1       560-1.38834E+05-2.17549E+05 2.51533E+03-3.12487E+05-4.99858E-09-1.77715E-09
 -1       561-8.87236E+04-2.67002E+05 1.32191E+03-3.70779E+05-1.20781E-08 5.40513E-09
 -1       562-1.40794E+05-2.16291E+05 4.65394E+02-3.13840E+05-9.54606E-09-2.76259E-10
 -1       563-9.08158E+04-2.66103E+05 2.17415E+02-3.72180E+05-3.41970E-10 3.00588E-09
 -1       564-1.41982E+05-2.15544E+05-1.09994E+02-3.14654E+05 3.96176E-09-1.15169E-08
 -1       565-9.18809E+04-2.65653E+05-4.22543E+02-3.72874E+05-2.17733E-09 4.52565E-09
 -1       566-1.42344E+05-2.15280E+05-1.05590E+03-3.14921E+05 4.37740E-09-2.21189E-09
 -1       567-9.21014E+04-2.65710E+05-2.39718E+03-3.72844E+05 1.27998E-08-3.54339E-09
 -1       568-1.41753E+05-2.15708E+05-5.02814E+03-3.14585E+05 2.55386E-09-3.63798E-12
 -1       569-9.44440E+04-2.68342E+05-1.18425E+04-3.71208E+05-1.28784E-09 7.34144E-09
 -1       570-1.38611E+05-2.22865E+05-2.35643E+04-3.11485E+05 1.38243E-10 2.80033E-09
 -1       571 3.73096E+05 1.59790E+04 2.37371E+04-9.40103E+04 7.49424E-10-1.82126E-09
 -1       572 3.76619E+05 5.54017E+03 1.16314E+04-1.03057E+05 2.08092E-09-4.76211E-09
 -1       573 3.74475E+05 1.30631E+03 5.16718E+03-9.37621E+04 4.40741E-09-1.51431E-09
 -1       574 3.74888E+05 4.19000E+02 2.58965E+03-1.03326E+05 2.19006E-09 2.98405E-09
 -1       575 3.74611E+05 5.14294E+01 1.21990E+03-9.37304E+04 1.97356E-08 2.40016E-09
 -1       576 3.74642E+05 1.15237E+01 6.20023E+02-1.03361E+05 3.87612E-08 1.15306E-08
 -1       577 3.74633E+05-1.52345E+01 3.02371E+02-9.37262E+04 2.03161E-08 4.36194E-09
 -1       578 3.74629E+05-1.44384E+01 1.59039E+02-1.03366E+05 1.09139E-11 1.33878E-09
 -1       579 3.74678E+05-3.07494E+01 8.50110E+01-9.37258E+04 1.46520E-09-3.44880E-09
 -1       580 3.74694E+05-4.67520E+01 6.03643E+01-1.03362E+05 1.22236E-09 6.83576E-09
 -1       581 3.74765E+05-7.50283E+01 5.76489E+01-9.37306E+04 8.00901E-09-4.19550E-09
 -1       582 3.74821E+05-9.59194E+01 9.60185E+01-1.03307E+05 1.44282E-08-6.96673E-09
 -1       583 3.74890E+05-1.07930E+02 1.67288E+02-9.37800E+04 8.58017E-09-5.93445E-10
 -1       584 3.75043E+05-9.37640E+00 3.76161E+02-1.02887E+05-9.09495E-13-1.19712E-09
 -1       585 3.74999E+05 2.96169E+02 7.49283E+02-9.41511E+04 2.92130E-09 8.28732E-09
 -1       586 1.65059E+03 1.73716E+05 3.36985E+03-2.63229E+05 3.29237E-10-3.13412E-09
 -1       587 1.26498E+03 1.74209E+05 4.29066E+03-2.94971E+05-9.67702E-10-1.67347E-10
 -1       588 1.71955E+03 1.73429E+05 7.15157E+03-2.62911E+05 3.85626E-10 4.85238E-09
 -1       589 6.63667E+03 1.76371E+05 1.53635E+04-2.94963E+05-8.76753E-10-6.61794E-09
 -1       590 1.89062E+04 1.71564E+05 3.07459E+04-2.63231E+05 5.72072E-10-3.94084E-09
 -1       591-1.83656E+05-5.26418E+04-3.66221E+04-8.75336E+04 1.63936E-10 6.96855E-09
 -1       592-1.86217E+05-5.23059E+04-1.85913E+04-9.73174E+04 1.92813E-10 1.13398E-08
 -1       593-1.85768E+05-4.34071E+04-7.88464E+03-9.23404E+04-7.43739E-09-1.85150E-08
 -1       594-1.81951E+05-4.77709E+04-3.87870E+03-9.75998E+04-6.26187E-09-1.92916E-08
 -1       595-1.85983E+05-4.31846E+04-1.79083E+03-9.25194E+04-5.36579E-09-5.23278E-09
 -1       596-1.81668E+05-4.76122E+04-9.05672E+02-9.75581E+04-1.37123E-09 2.80636E-09
 -1       597-1.86017E+05-4.32151E+04-4.88553E+02-9.25200E+04-1.32736E-08-7.07769E-09
 -1       598-1.81637E+05-4.76134E+04-3.82198E+02-9.75440E+04-2.23921E-08 3.22098E-09
 -1       599-1.86012E+05-4.32189E+04-4.75336E+02-9.25170E+04-1.99300E-08-1.68711E-10
 -1       600-1.81656E+05-4.76168E+04-8.70463E+02-9.75471E+04-6.65295E-09-1.84400E-09
 -1       601-1.85967E+05-4.31963E+04-1.71489E+03-9.25105E+04-6.51153E-09-6.69434E-09
 -1       602-1.81920E+05-4.77690E+04-3.71018E+03-9.75727E+04-1.56069E-09 6.55837E-09
 -1       603-1.85749E+05-4.34203E+04-7.54074E+03-9.23376E+04 8.34916E-10-5.75073E-09
 -1       604-1.86031E+05-5.20629E+04-1.77749E+04-9.72411E+04 1.76578E-09-5.88125E-09
 -1       605-1.83678E+05-5.22895E+04-3.50140E+04-8.77800E+04-7.69887E-10-1.36151E-09
 -1       606 1.22860E+05-1.58771E+04-2.62045E+04 4.53115E+04-9.29504E-09-5.28416E-09
 -1       607 1.18580E+05-5.22988E+03-1.29468E+04 5.00955E+04-3.04135E-09 6.68297E-09
 -1       608 1.21010E+05-1.01607E+03-5.78221E+03 4.49806E+04 4.40195E-09-1.62299E-09
 -1       609 1.20465E+05-2.45853E+02-2.90816E+03 5.04556E+04-1.35333E-09-1.62254E-09
 -1       610 1.20739E+05 5.87140E+01-1.38325E+03 4.49410E+04-2.65190E-08 5.86260E-09
 -1       611 1.20615E+05 1.13369E+02-6.95735E+02 5.04970E+04-5.45178E-08-1.61299E-09
 -1       612 1.20648E+05 1.20811E+02-3.32355E+02 4.49372E+04-2.66027E-08-4.70209E-10
 -1       613 1.20587E+05 1.46600E+02-1.49747E+02 5.05012E+04-1.04155E-08-1.50385E-09
 -1       614 1.20593E+05 1.34932E+02-3.95761E+01 4.49363E+04-2.37196E-09 7.41420E-09
 -1       615 1.20550E+05 1.66204E+02 5.39464E+01 5.05010E+04 7.05450E-09 2.26100E-09
 -1       616 1.20552E+05 1.55444E+02 1.69485E+02 4.49371E+04-5.30054E-09-3.60114E-09
 -1       617 1.20549E+05 2.26643E+02 3.92654E+02 5.04990E+04 9.44965E-10 2.62708E-09
 -1       618 1.20500E+05 3.11445E+02 7.95024E+02 4.49378E+04-6.04814E-10 5.38375E-09
 -1       619 1.20804E+05 9.21582E+02 1.79140E+03 5.04920E+04-7.47605E-10-2.22826E-11
 -1       620 1.20242E+05 2.37340E+03 3.62824E+03 4.49382E+04 2.70802E-10 3.36831E-09
 -1       621 1.24147E+03 4.02049E+05 4.74323E+03-2.81106E+04-7.45217E-10 8.37304E-11
 -1       622 6.06786E+02 4.03025E+05 4.88504E+03-3.51581E+04-1.04728E-09-3.50667E-09
 -1       623 2.96379E+02 4.02197E+05 7.04735E+03-2.81023E+04-7.92170E-10 4.20141E-09
 -1       624 3.50913E+03 4.05385E+05 1.43904E+04-3.50733E+04-1.33605E-09 5.35579E-09
 -1       625 9.25824E+03 3.99719E+05 2.71139E+04-2.81895E+04-4.05635E-10 1.75487E-09
 -1       626 2.73043E+05 8.49540E+04-9.26574E+02 1.65219E+05-8.05539E-09-2.69065E-08
 -1       627 2.67636E+05 9.05055E+04-4.39102E+02 1.70999E+05-1.39698E-09-3.89127E-09
 -1       628 2.73180E+05 8.51736E+04-1.87677E+02 1.64708E+05-7.13044E-10-3.98813E-10
 -1       629 2.67373E+05 9.09566E+04-8.20109E+01 1.71209E+05 3.32147E-09 5.62767E-09
 -1       630 2.73129E+05 8.52126E+04-2.95566E+01 1.64622E+05-4.07636E-09-1.77658E-09
 -1       631 2.67282E+05 9.10180E+04 7.76371E+00 1.71191E+05-1.04446E-08 6.13079E-09
 -1       632 2.73077E+05 8.52354E+04 4.70180E+01 1.64587E+05-2.09748E-08-4.57021E-10
 -1       633 2.67242E+05 9.10364E+04 1.16596E+02 1.71167E+05-2.41730E-08-5.31418E-09
 -1       634 2.73040E+05 8.52387E+04 2.44529E+02 1.64570E+05-5.55247E-09-6.57428E-09
 -1       635 2.67249E+05 9.10444E+04 5.31759E+02 1.71162E+05-3.58614E-09 2.61070E-09
 -1       636 2.73010E+05 8.52466E+04 1.09145E+03 1.64557E+05 1.28123E-08-2.36378E-09
 -1       637 2.67488E+05 9.12658E+04 2.41755E+03 1.71142E+05 4.75407E-08-1.33514E-08
 -1       638 2.72940E+05 8.59220E+04 4.98608E+03 1.64254E+05 2.51939E-08 2.84672E-09
 -1       639 2.70063E+05 9.52605E+04 1.18255E+04 1.70255E+05-8.00605E-09 3.32511E-09
 -1       640 2.72843E+05 9.76814E+04 2.47293E+04 1.59293E+05-5.55792E-09-2.21717E-08
 -1       656 2.11489E+04-6.72473E+05-7.34118E+04 8.90700E+03 7.39965E-09-6.42558E-10
 -1       657-2.91464E+04-7.01137E+05-5.62712E+04 6.85630E+04 3.26918E-09 1.52102E-08
 -1       658 5.01035E+03-6.81950E+05-3.63004E+04 8.62323E+03 7.39715E-09 1.38008E-08
 -1       659-2.98562E+04-7.01634E+05-5.74433E+04 6.87567E+04-6.38465E-10 6.93944E-10
 -1       660 2.18575E+04-6.72076E+05-7.55220E+04 8.71468E+03 3.29601E-09 4.82714E-09
 -1       661 3.70618E+05 4.92102E+04 3.01418E+04 1.45301E+05 1.27684E-08-2.47383E-09
 -1       662 3.77841E+05 6.95559E+04 1.86443E+04 1.49062E+05 2.56910E-09 4.85147E-09
 -1       663 3.75575E+05 5.51057E+04 7.10596E+03 1.44881E+05-2.50998E-09 1.12482E-08
 -1       664 3.72112E+05 6.13506E+04 3.83718E+03 1.50150E+05-1.43432E-08-5.56855E-09
 -1       665 3.76099E+05 5.56939E+04 1.66552E+03 1.44861E+05-6.35185E-09-1.41011E-09
 -1       666 3.71504E+05 6.05708E+04 8.98056E+02 1.50224E+05-3.57845E-09 1.90127E-09
 -1       667 3.76163E+05 5.57502E+04 5.16749E+02 1.44858E+05 1.13153E-09-8.13981E-09
 -1       668 3.71440E+05 6.05205E+04 4.99390E+02 1.50243E+05-4.78468E-09 7.92056E-10
 -1       669 3.76167E+05 5.57338E+04 7.22325E+02 1.44847E+05 1.68029E-09-1.25181E-09
 -1       670 3.71536E+05 6.06661E+04 1.46242E+03 1.50275E+05 9.86154E-09 7.96985E-09
 -1       671 3.76078E+05 5.56107E+04 2.82138E+03 1.44829E+05-4.73528E-09 2.28488E-09
 -1       672 3.72555E+05 6.20426E+04 6.57313E+03 1.50198E+05-6.98583E-09 1.91449E-09
 -1       673 3.75194E+05 5.45804E+04 1.21931E+04 1.44847E+05-5.40263E-09 2.83762E-10
 -1       674 3.82382E+05 7.61597E+04 3.20200E+04 1.48362E+05 5.09999E-10 2.78305E-09
 -1       675 3.66687E+05 4.44462E+04 5.17671E+04 1.45561E+05 1.30512E-08 2.89219E-09
 -1       676 8.49325E+01-5.20725E+05-2.69389E+03 3.20538E+02-1.83661E-09-2.75870E-09
 -1       677-9.56674E+02-5.21507E+05-5.01359E+03-6.39608E+02-1.02636E-08-3.72131E-09
 -1       678 7.14825E+02-5.20193E+05-8.68314E+03 3.18873E+02 5.92536E-10 2.54393E-09
 -1       679-1.00109E+04-5.26981E+05-2.10840E+04-6.35983E+02-6.99902E-09 6.94840E-11
 -1       680 7.13582E+03-5.15257E+05-3.30748E+04 3.14326E+02-3.07773E-09 2.72209E-09
 -1       771-3.35220E+06-6.52584E+05-8.81050E+04-1.44902E+06-1.85973E-08 2.77942E-09
 -1       772-3.33419E+06-6.73472E+05-4.44347E+04-1.49773E+06-1.09503E-08 6.82485E-09
 -1       773-3.36056E+06-6.28201E+05-1.93091E+04-1.46020E+06-2.31375E-09-1.33878E-09
 -1       774-3.32482E+06-6.63732E+05-9.35574E+03-1.50255E+06 7.68341E-09-6.03359E-09
 -1       775-3.36347E+06-6.26013E+05-4.60414E+03-1.46143E+06 6.18456E-10 2.57933E-09
 -1       776-3.32568E+06-6.63140E+05-2.22578E+03-1.50489E+06-2.75031E-09 7.36691E-10
 -1       777-3.36548E+06-6.24816E+05-1.34098E+03-1.46219E+06-2.91038E-11 9.24956E-10
 -1       778-3.32688E+06-6.62867E+05-8.97667E+02-1.50666E+06-1.89175E-10-1.63709E-10
 -1       779-3.36688E+06-6.23893E+05-1.13979E+03-1.46274E+06 1.36060E-09 3.05340E-09
 -1       780-3.32782E+06-6.62680E+05-1.91563E+03-1.50790E+06-5.35874E-09-3.03362E-09
 -1       781-3.36765E+06-6.23260E+05-3.79579E+03-1.46308E+06 3.34330E-09 3.65162E-09
 -1       782-3.32889E+06-6.62908E+05-8.18955E+03-1.50858E+06 4.95129E-09 3.87445E-09
 -1       783-3.36748E+06-6.23558E+05-1.66990E+04-1.46283E+06-2.60479E-09-1.29148E-09
 -1       784-3.33817E+06-6.72370E+05-3.94575E+04-1.50779E+06-2.68273E-09-2.23008E-09
 -1       785-3.36260E+06-6.43478E+05-7.78260E+04-1.45278E+06 1.48066E-09 1.24419E-09
 -1       786 3.14945E+05-1.18620E+04 3.95923E+04-7.60649E+02 9.58266E-10-7.90897E-09
 -1       787 3.30147E+05 1.46613E+04 2.62006E+04-7.07061E+03-9.33539E-10 1.31877E-09
 -1       788 3.21155E+05-1.40343E+03 1.02880E+04-7.80803E+02-2.00657E-10-3.81124E-09
 -1       789 3.23132E+05 1.70580E+03 5.93240E+03-7.03324E+03-1.67233E-10-3.54464E-09
 -1       790 3.21956E+05-1.67683E+02 2.62399E+03-7.97547E+02 6.64016E-10-5.26290E-09
 -1       791 3.22219E+05 1.97539E+02 1.43814E+03-7.01204E+03-9.67837E-10-2.44398E-10
 -1       792 3.22066E+05-2.14148E+01 7.22748E+02-8.01995E+02 3.88631E-10 8.79254E-10
 -1       793 3.22099E+05 3.10447E+01 4.84725E+02-7.01597E+03-7.83587E-10-1.63226E-09
 -1       794 3.22077E+05-1.15827E+01 4.40069E+02-7.93621E+02 8.15987E-10-3.68947E-09
 -1       795 3.22137E+05 8.39298E+01 6.78800E+02-7.04583E+03-2.54207E-09-5.92118E-09
 -1       796 3.22032E+05-7.27531E+01 1.14554E+03-7.72137E+02 4.31783E-10-4.84295E-09
 -1       797 3.22527E+05 7.19818E+02 2.53375E+03-7.09979E+03-1.44536E-09-1.33413E-08
 -1       798 3.21693E+05-5.98050E+02 4.37031E+03-7.39664E+02 6.42331E-11-1.08444E-08
 -1       799 3.25510E+05 6.21257E+03 1.11181E+04-7.16512E+03-1.51249E-09-2.15869E-09
 -1       800 3.19059E+05-5.03652E+03 1.67905E+04-7.07158E+02-5.38876E-11-8.47922E-09
 -1       801-3.38331E+04 3.31383E+05 3.82302E+04-2.49417E+05 4.28845E-08 8.73115E-11
 -1       802 9.55032E+04 3.41925E+05 7.89898E+04-2.10740E+06 9.13642E-08-1.97779E-08
 -1       803 1.34961E+02 3.30934E+05 9.46239E+04-2.49779E+05 8.37827E-08 2.44686E-08
 -1       804 1.84958E+05 3.96996E+05 2.23480E+05-2.10721E+06 8.80827E-08 1.23619E-08
 -1       805-1.18442E+05 2.82278E+05 3.01140E+05-2.49739E+05 4.45871E-08 1.66328E-08
 -1       806-2.96870E+05-8.42210E+04-2.53915E+04-1.45490E+05 1.16440E-08-1.73350E-09
 -1       807-2.96186E+05-7.95669E+04-1.21388E+04-1.54326E+05 2.06628E-08-8.20899E-09
 -1       808-2.96981E+05-7.21631E+04-5.11860E+03-1.50651E+05 1.90025E-08-3.58682E-09
 -1       809-2.93633E+05-7.54000E+04-2.48119E+03-1.55207E+05 1.65762E-08 5.18787E-09
 -1       810-2.97070E+05-7.14614E+04-1.12439E+03-1.50978E+05 8.20182E-09-8.30278E-09
 -1       811-2.93401E+05-7.51650E+04-5.56299E+02-1.55227E+05 1.07434E-11-6.31735E-09
 -1       812-2.97089E+05-7.14582E+04-2.76208E+02-1.50987E+05-3.73120E-10 3.86990E-10
 -1       813-2.93368E+05-7.51664E+04-1.74174E+02-1.55213E+05-1.17836E-09 6.78483E-10
 -1       814-2.97080E+05-7.14710E+04-1.63328E+02-1.50978E+05 1.85082E-09-2.52339E-09
 -1       815-2.93362E+05-7.51767E+04-2.56698E+02-1.55199E+05 7.78527E-10-5.99903E-09
 -1       816-2.97048E+05-7.14877E+04-4.82626E+02-1.50962E+05-2.08911E-09-1.43882E-09
 -1       817-2.93447E+05-7.52716E+04-1.04554E+03-1.55154E+05 8.54925E-11 5.14956E-09
 -1       818-2.96974E+05-7.18112E+04-2.15037E+03-1.50824E+05-7.43785E-09-1.32377E-08
 -1       819-2.94615E+05-7.68990E+04-5.09015E+03-1.54614E+05-2.25918E-09-2.57023E-09
 -1       820-2.96779E+05-7.69867E+04-1.06475E+04-1.48774E+05 5.43878E-10 2.04454E-09
 -1       821-4.00615E+05 1.48097E+04-4.94464E+04 7.58273E+02-3.89355E-09 6.09361E-10
 -1       822-4.19563E+05-1.83096E+04-3.27214E+04 9.03780E+03-2.84126E-09 3.66208E-09
 -1       823-4.08369E+05 1.74722E+03-1.28557E+04 6.37658E+02 4.12751E-09 5.57338E-09
 -1       824-4.10831E+05-2.11283E+03-7.41757E+03 9.23421E+03-2.16960E-09 7.76754E-09
 -1       825-4.09368E+05 2.08018E+02-3.30396E+03 5.60914E+02-7.77868E-09-1.77215E-09
 -1       826-4.09713E+05-2.21808E+02-1.84864E+03 9.36298E+03-1.31747E-08 3.58523E-09
 -1       827-4.09504E+05 2.96491E+01-1.01005E+03 5.08621E+02-8.42272E-09 8.16840E-11
 -1       828-4.09587E+05-2.28178E+01-8.28889E+02 9.44444E+03-1.01190E-08-1.27189E-08
 -1       829-4.09505E+05 3.01117E+01-9.80976E+02 4.79393E+02 4.73221E-10-4.75276E-09
 -1       830-4.09721E+05-2.04457E+02-1.77360E+03 9.47845E+03 4.55944E-09-3.02965E-09
 -1       831-4.09376E+05 2.02829E+02-3.15369E+03 4.74617E+02-3.49247E-09-4.15048E-09
 -1       832-4.10802E+05-2.00252E+03-7.07933E+03 9.46428E+03-1.81376E-09-7.44603E-09
 -1       833-4.08423E+05 1.67374E+03-1.22597E+04 4.93827E+02 6.12886E-10-1.50430E-09
 -1       834-4.19145E+05-1.74480E+04-3.12147E+04 9.39747E+03 1.25488E-09-3.97904E-10
 -1       835-4.01027E+05 1.41368E+04-4.71595E+04 5.43521E+02 4.02338E-09-3.54157E-09
 -1       836-1.27925E+03 5.22164E+05 4.06498E+04-4.21110E+04-3.92902E-10 5.10317E-09
 -1       837 8.21967E+03 5.34309E+05 3.11795E+04-7.89856E+04-1.64346E-09 5.42718E-09
 -1       838-4.34214E+02 5.26201E+05 2.79918E+04-4.20013E+04-9.53150E-10 6.67399E-09
 -1       839 1.51552E+04 5.39708E+05 4.86382E+04-7.89934E+04-2.65936E-09-4.65536E-09
 -1       840-2.53471E+03 5.16735E+05 7.67285E+04-4.20991E+04-9.89530E-10 1.39516E-09
 -1       856-3.15078E+05 7.44110E+03-4.00288E+04 7.68490E+03-1.04537E-08-7.19592E-09
 -1       857-3.28919E+05-1.11934E+04-2.51053E+04 2.42109E+04-5.12409E-09-1.48702E-10
 -1       858-3.20966E+05 7.24274E+02-1.03408E+04 7.56098E+03-1.01063E-08-2.95859E-09
 -1       859-3.22495E+05-8.94226E+02-5.66712E+03 2.43686E+04-4.02360E-09 1.50976E-10
 -1       860-3.21591E+05 1.04927E+02-2.61683E+03 7.52310E+03-7.40852E-09-4.56612E-09
 -1       861-3.21841E+05 2.81124E+01-1.38399E+03 2.44209E+04-1.27502E-08-1.42830E-09
 -1       862-3.21673E+05 4.74153E+01-7.07976E+02 7.50801E+03 6.12710E-09-5.07828E-09
 -1       863-3.21767E+05 1.08959E+02-4.53808E+02 2.44342E+04 2.24031E-08-8.63923E-09
 -1       864-3.21680E+05 4.15996E+01-4.01411E+02 7.50965E+03 6.88021E-09-8.83637E-09
 -1       865-3.21770E+05 7.96161E+01-5.82720E+02 2.44129E+04 6.34373E-09-4.81350E-10
 -1       866-3.21647E+05 5.57425E+01-1.00600E+03 7.52946E+03-9.00855E-10-3.87242E-09
 -1       867-3.21983E+05-2.73412E+02-2.11597E+03 2.43535E+04 3.29283E-09-5.76667E-09
 -1       868-3.21406E+05 2.73864E+02-3.84544E+03 7.56942E+03 4.87807E-09-2.94335E-09
 -1       869-3.24318E+05-4.10516E+03-9.30330E+03 2.41812E+04 1.68257E-11 1.29705E-09
 -1       870-3.19213E+05 2.74468E+03-1.48456E+04 7.70328E+03 2.64663E-09 1.67529E-09
 -1       871-5.98871E+03-4.49987E+04-1.49262E+04 1.67249E+05 4.02906E-09-4.21278E-09
 -1       872-2.36724E+03-4.81629E+04-5.22482E+03 2.08965E+05 7.73616E-09-1.21290E-08
 -1       873-2.00974E+02-4.69381E+04 2.69277E+03 1.66897E+05 1.57979E-09-3.76940E-09
 -1       874 3.13669E+03-4.38602E+04 1.25948E+04 2.09070E+05 6.89670E-09-1.00238E-08
 -1       875 9.15129E+03-4.95455E+04 2.70223E+04 1.67173E+05 1.66983E-09-4.44925E-09
 -1       876 4.69390E+05 7.10921E+04 3.92428E+04 1.87202E+05 1.10117E-09 2.40107E-10
 -1       877 4.76047E+05 8.90632E+04 2.27356E+04 1.94641E+05 3.06954E-09 1.28812E-08
 -1       878 4.74727E+05 7.40618E+04 9.11496E+03 1.88153E+05 5.49608E-09-2.77942E-09
 -1       879 4.69584E+05 8.11789E+04 4.68450E+03 1.95324E+05-6.14091E-09-3.83181E-09
 -1       880 4.75156E+05 7.43535E+04 2.11112E+03 1.88240E+05-1.94586E-09-2.75918E-10
 -1       881 4.69059E+05 8.06289E+04 1.10000E+03 1.95288E+05-5.02359E-09-4.84710E-09
 -1       882 4.75190E+05 7.44013E+04 6.25071E+02 1.88256E+05 4.34648E-09-6.06322E-09
 -1       883 4.69018E+05 8.05843E+04 5.61097E+02 1.95260E+05 1.08207E-08-5.96663E-09
 -1       884 4.75180E+05 7.44047E+04 7.85467E+02 1.88258E+05 1.52573E-09 6.85327E-09
 -1       885 4.69098E+05 8.06326E+04 1.52681E+03 1.95269E+05 2.28136E-08-2.69881E-09
 -1       886 4.75109E+05 7.43535E+04 3.01319E+03 1.88246E+05 2.62781E-09-4.57294E-09
 -1       887 4.69865E+05 8.14054E+04 6.72623E+03 1.95283E+05 1.23321E-08-3.99996E-09
 -1       888 4.74468E+05 7.39518E+04 1.31089E+04 1.88127E+05 2.63009E-09 4.52019E-10
 -1       889 4.79129E+05 9.27696E+04 3.27009E+04 1.94307E+05 8.08062E-09 1.53250E-10
 -1       890 4.66813E+05 6.96588E+04 5.64541E+04 1.86717E+05 1.10545E-08 1.10340E-08
 -1       891 7.07891E+02-2.50651E+05-9.30838E+03 4.70590E+04 1.46565E-09 1.27829E-09
 -1       892-2.37363E+03-2.53513E+05-7.18714E+03 1.02267E+05 3.23962E-09-3.22905E-09
 -1       893 1.10158E+02-2.51640E+05-6.20195E+03 4.69533E+04 8.97626E-09 3.03089E-09
 -1       894-4.01237E+03-2.54535E+05-1.07731E+04 1.02164E+05-3.48155E-09 4.77939E-10
 -1       895 1.32791E+03-2.49413E+05-1.65504E+04 4.71590E+04 9.49512E-10 4.74301E-09
 -1       956-4.55592E+05-8.18519E+03-2.00748E+04 4.94413E+04-7.24685E-09-4.06544E-10
 -1       957-4.59542E+05-2.68974E+03-1.02761E+04 5.92659E+04-1.78534E-09-3.45972E-09
 -1       958-4.57416E+05-1.94074E+02-4.63290E+03 4.91257E+04 3.51429E-09-6.25914E-09
 -1       959-4.57777E+05 3.84656E+01-2.36125E+03 5.96088E+04-4.97130E-09-1.00472E-08
 -1       960-4.57631E+05 1.39388E+02-1.14946E+03 4.90926E+04-7.74708E-09-2.49702E-09
 -1       961-4.57697E+05 1.72776E+02-6.01382E+02 5.96472E+04-1.61740E-08 6.78938E-09
 -1       962-4.57700E+05 1.55205E+02-3.31800E+02 4.90863E+04-5.31691E-09-4.43060E-09
 -1       963-4.57722E+05 1.92816E+02-2.42618E+02 5.96556E+04-8.82119E-09-7.64248E-09
 -1       964-4.57725E+05 1.68216E+02-2.67043E+02 4.90839E+04-4.38149E-10 7.41238E-11
 -1       965-4.57747E+05 2.02251E+02-4.38490E+02 5.96562E+04 8.09931E-09-3.41561E-09
 -1       966-4.57710E+05 1.77568E+02-8.11573E+02 4.90856E+04-5.53337E-09 5.42968E-10
 -1       967-4.57838E+05 1.27344E+02-1.65843E+03 5.96356E+04 2.11639E-09 6.69434E-09
 -1       968-4.57585E+05-4.02953E+01-3.24641E+03 4.91051E+04-1.23418E-09 5.55610E-09
 -1       969-4.59101E+05-1.77361E+03-7.20563E+03 5.94225E+04 1.61708E-09-1.77124E-09
 -1       970-4.56320E+05-5.63837E+03-1.40736E+04 4.93074E+04 2.61298E-09-5.52245E-09
 -1       971-5.64594E+05 8.01678E+02-2.35191E+04 1.43835E+04-8.33734E-09-8.88576E-10
 -1       972-5.71616E+05-4.50678E+03-1.38257E+04 2.76072E+04-6.74117E-09 2.15414E-09
 -1       973-5.67726E+05 1.32842E+02-5.97450E+03 1.41915E+04-9.09313E-09 9.06448E-09
 -1       974-5.68333E+05-1.75462E+02-3.15806E+03 2.78376E+04 1.94268E-09 2.98314E-10
 -1       975-5.68004E+05 6.89328E+01-1.53546E+03 1.41488E+04 2.15732E-09-1.73327E-09
 -1       976-5.68100E+05 1.03439E+02-8.51888E+02 2.79011E+04-1.01090E-08-1.16006E-09
 -1       977-5.68050E+05 6.92682E+01-5.51388E+02 1.41273E+04 9.57152E-09-5.91740E-10
 -1       978-5.68102E+05 1.29181E+02-5.56916E+02 2.79312E+04 2.79797E-08 1.56354E-09
 -1       979-5.68052E+05 7.92103E+01-8.19363E+02 1.41185E+04 9.82260E-09-4.54850E-09
 -1       980-5.68171E+05 1.04767E+02-1.54379E+03 2.79356E+04 1.29670E-08-1.78349E-09
 -1       981-5.67990E+05 1.08364E+02-2.95034E+03 1.41229E+04-4.80895E-10-1.22350E-09
 -1       982-5.68708E+05-4.07336E+02-6.18618E+03 2.79103E+04 1.14960E-09 2.65072E-09
 -1       983-5.67483E+05 2.70446E+02-1.17352E+04 1.41447E+04 2.71757E-09 1.32786E-10
 -1       984-5.75274E+05-8.89727E+03-2.72247E+04 2.77633E+04-9.79526E-09 5.46288E-09
 -1       985-5.61356E+05 1.63313E+03-4.62914E+04 1.42817E+04 7.71615E-09 3.38878E-09
 -3
 9999
