SUMMARY OF C0NVERGENCE INFORMATION
  STEP   INC  ATT   ITER     CONT.   RESID.        CORR.      RESID.      CORR.
                              EL.    FORCE         DISP       FLUX        TEMP.
                              (#)     (%)           (%)        (%)         (%)
     1     1     1     1        0  0.2029E+04  0.1000E+03  0.0000E+00  0.0000E+00
     1     1     1     2        0  0.3145E+05  0.3193E+02  0.0000E+00  0.0000E+00
     1     1     1     3        0  0.2779E+05  0.6919E+02  0.0000E+00  0.0000E+00
     1     1     1     4        0  0.9717E+05  0.3797E+02  0.0000E+00  0.0000E+00
     1     1     1     5        0  0.2603E+05  0.1000E+03  0.0000E+00  0.0000E+00
     1     1     2     1        0  0.5139E+03  0.1000E+03  0.0000E+00  0.0000E+00
     1     1     2     2        0  0.4201E+01  0.1764E+01  0.0000E+00  0.0000E+00
     1     1     2     3        0  0.0000E+00  0.5936E-02  0.0000E+00  0.0000E+00
     1     2     1     1        0  0.4213E+04  0.1097E+02  0.0000E+00  0.0000E+00
     1     2     1     2        0  0.1757E+02  0.7694E+01  0.0000E+00  0.0000E+00
     1     2     1     3        0  0.1810E+04  0.6964E+01  0.0000E+00  0.0000E+00
     1     2     1     4        0  0.1065E+03  0.3987E+01  0.0000E+00  0.0000E+00
     1     2     2     1        0  0.2043E+01  0.2638E+01  0.0000E+00  0.0000E+00
     1     2     2     2        0  0.0000E+00  0.1808E-01  0.0000E+00  0.0000E+00
     1     3     1     1        0  0.4579E+01  0.1844E+01  0.0000E+00  0.0000E+00
     1     3     1     2        0  0.0000E+00  0.3917E-01  0.0000E+00  0.0000E+00
     1     4     1     1        0  0.3601E+04  0.2339E+02  0.0000E+00  0.0000E+00
     1     4     1     2        0  0.5036E+01  0.1622E+02  0.0000E+00  0.0000E+00
     1     4     1     3        0  0.3938E+02  0.5732E+01  0.0000E+00  0.0000E+00
     1     4     1     4        0  0.2681E+00  0.2586E+00  0.0000E+00  0.0000E+00
     1     5     1     1        0  0.7573E+03  0.5565E+02  0.0000E+00  0.0000E+00
     1     5     1     2        0  0.3714E+05  0.1000E+03  0.0000E+00  0.0000E+00
     1     5     1     3        0  0.8504E+03  0.4444E+01  0.0000E+00  0.0000E+00
     1     5     1     4        0  0.1265E+06  0.3564E+02  0.0000E+00  0.0000E+00
     1     5     1     5        0  0.5160E+05  0.1000E+03  0.0000E+00  0.0000E+00
     1     5     2     1        0  0.7169E+03  0.7712E+02  0.0000E+00  0.0000E+00
     1     5     2     2        0  0.5609E+03  0.7401E+02  0.0000E+00  0.0000E+00
     1     5     2     3        0  0.2298E+02  0.2145E+02  0.0000E+00  0.0000E+00
     1     5     2     4        0  0.2312E+01  0.5369E+01  0.0000E+00  0.0000E+00
     1     5     2     5        0  0.3379E-02  0.2464E-01  0.0000E+00  0.0000E+00
     1     6     1     1        0  0.7200E+03  0.3381E+02  0.0000E+00  0.0000E+00
     1     6     1     2        0  0.1568E+03  0.2584E+02  0.0000E+00  0.0000E+00
     1     6     1     3        0  0.7893E+01  0.2466E+01  0.0000E+00  0.0000E+00
     1     6     1     4        0  0.2770E-01  0.2675E+00  0.0000E+00  0.0000E+00
     1     7     1     1        0  0.1568E+04  0.5766E+01  0.0000E+00  0.0000E+00
     1     7     1     2        0  0.1959E+04  0.1813E+02  0.0000E+00  0.0000E+00
     1     7     1     3        0  0.1047E+04  0.9591E+01  0.0000E+00  0.0000E+00
     1     7     1     4        0  0.3488E+04  0.1898E+02  0.0000E+00  0.0000E+00
     1     7     1     5        0  0.2051E+03  0.2189E+01  0.0000E+00  0.0000E+00
     1     7     1     6        0  0.1747E+05  0.5374E+02  0.0000E+00  0.0000E+00
     1     7     1     7        0  0.1072E+03  0.7402E+01  0.0000E+00  0.0000E+00
     1     7     1     8        0  0.1210E+03  0.1613E+02  0.0000E+00  0.0000E+00
     1     7     1     9        0  0.2171E+01  0.5169E+00  0.0000E+00  0.0000E+00
     1     7     1    10        0  0.1055E+00  0.1650E+00  0.0000E+00  0.0000E+00
     1     8     1     1        0  0.1050E+05  0.1000E+03  0.0000E+00  0.0000E+00
     1     8     1     2        0  0.1023E+04  0.9256E+02  0.0000E+00  0.0000E+00
     1     8     1     3        0  0.3844E+03  0.1258E+02  0.0000E+00  0.0000E+00
     1     8     1     4        0  0.1186E+02  0.1113E+01  0.0000E+00  0.0000E+00
     1     8     1     5        0  0.7377E+00  0.5140E-01  0.0000E+00  0.0000E+00
     1     8     1     6        0  0.1869E-03  0.7546E-03  0.0000E+00  0.0000E+00
     1     9     1     1        0  0.1105E+05  0.2669E+02  0.0000E+00  0.0000E+00
     1     9     1     2        0  0.5076E+03  0.2752E+02  0.0000E+00  0.0000E+00
     1     9     1     3        0  0.7028E+04  0.1385E+02  0.0000E+00  0.0000E+00
     1     9     1     4        0  0.2403E+02  0.1212E+01  0.0000E+00  0.0000E+00
     1     9     1     5        0  0.5117E+04  0.5263E+01  0.0000E+00  0.0000E+00
     1     9     1     6        0  0.1208E+02  0.9237E+00  0.0000E+00  0.0000E+00
     1     9     1     7        0  0.1375E+02  0.2374E+00  0.0000E+00  0.0000E+00
     1     9     1     8        0  0.8689E-01  0.1866E-01  0.0000E+00  0.0000E+00
     1    10     1     1        0  0.2677E+04  0.1491E+02  0.0000E+00  0.0000E+00
     1    10     1     2        0  0.5713E+04  0.3241E+02  0.0000E+00  0.0000E+00
     1    10     1     3        0  0.2806E+03  0.1702E+02  0.0000E+00  0.0000E+00
     1    10     1     4        0  0.3638E+06  0.1000E+03  0.0000E+00  0.0000E+00
     1    10     1     5        0  0.8151E+05  0.1000E+03  0.0000E+00  0.0000E+00
     1    10     2     1        0  0.6703E+02  0.8497E+01  0.0000E+00  0.0000E+00
     1    10     2     2        0  0.2192E+05  0.4949E+02  0.0000E+00  0.0000E+00
     1    10     2     3        0  0.3017E+03  0.3149E+02  0.0000E+00  0.0000E+00
     1    10     2     4        0  0.2419E+02  0.2880E+01  0.0000E+00  0.0000E+00
     1    10     2     5        0  0.2774E+03  0.6881E+01  0.0000E+00  0.0000E+00
     1    10     2     6        0  0.4245E+01  0.8733E+00  0.0000E+00  0.0000E+00
     1    10     2     7        0  0.3289E+02  0.2778E+01  0.0000E+00  0.0000E+00
     1    10     2     8        0  0.4374E+00  0.2755E+00  0.0000E+00  0.0000E+00
     1    11     1     1        0  0.2333E+04  0.1000E+03  0.0000E+00  0.0000E+00
     1    11     1     2        0  0.4295E+03  0.2735E+02  0.0000E+00  0.0000E+00
     1    11     1     3        0  0.1139E+03  0.6051E+01  0.0000E+00  0.0000E+00
     1    11     1     4        0  0.5438E+02  0.2018E+02  0.0000E+00  0.0000E+00
     1    11     1     5        0  0.3116E+02  0.1063E+02  0.0000E+00  0.0000E+00
     1    11     1     6        0  0.2892E+01  0.3621E+01  0.0000E+00  0.0000E+00
     1    11     1     7        0  0.6824E-01  0.5392E+00  0.0000E+00  0.0000E+00
     1    12     1     1        0  0.8148E+03  0.8669E+02  0.0000E+00  0.0000E+00
     1    12     1     2        0  0.3373E+05  0.1000E+03  0.0000E+00  0.0000E+00
     1    12     1     3        0  0.8635E+03  0.3776E+02  0.0000E+00  0.0000E+00
     1    12     1     4        0  0.7376E+03  0.4851E+01  0.0000E+00  0.0000E+00
     1    12     1     5        0  0.8017E+03  0.4808E+01  0.0000E+00  0.0000E+00
     1    12     1     6        0  0.2046E+04  0.1184E+02  0.0000E+00  0.0000E+00
     1    12     2     1        0  0.4375E+02  0.8755E+02  0.0000E+00  0.0000E+00
     1    12     2     2        0  0.2826E+04  0.1000E+03  0.0000E+00  0.0000E+00
     1    12     2     3        0  0.1199E+02  0.1419E+02  0.0000E+00  0.0000E+00
     1    12     2     4        0  0.1454E+04  0.5689E+02  0.0000E+00  0.0000E+00
     1    12     2     5        0  0.1692E+02  0.1001E+02  0.0000E+00  0.0000E+00
     1    12     3     1        0  0.3104E+02  0.1000E+03  0.0000E+00  0.0000E+00
     1    12     3     2        0  0.5102E+03  0.1000E+03  0.0000E+00  0.0000E+00
     1    12     3     3        0  0.2810E+01  0.9968E+01  0.0000E+00  0.0000E+00
     1    12     3     4        0  0.1257E+02  0.1429E+02  0.0000E+00  0.0000E+00
     1    12     3     5        0  0.2515E-01  0.5572E+00  0.0000E+00  0.0000E+00
     1    13     1     1        0  0.2031E+02  0.4426E+02  0.0000E+00  0.0000E+00
     1    13     1     2        0  0.1167E+03  0.9763E+02  0.0000E+00  0.0000E+00
     1    13     1     3        0  0.6073E+01  0.2341E+02  0.0000E+00  0.0000E+00
     1    13     1     4        0  0.5638E+02  0.6486E+02  0.0000E+00  0.0000E+00
     1    13     1     5        0  0.5541E+01  0.2068E+02  0.0000E+00  0.0000E+00
     1    13     1     6        0  0.4756E+05  0.1000E+03  0.0000E+00  0.0000E+00
     1    13     1     7        0  0.2126E+04  0.6596E+02  0.0000E+00  0.0000E+00
     1    13     2     1        0  0.9185E+00  0.3265E+02  0.0000E+00  0.0000E+00
     1    13     2     2        0  0.1182E+00  0.1237E+02  0.0000E+00  0.0000E+00
     1    13     2     3        0  0.2031E-03  0.4869E+00  0.0000E+00  0.0000E+00
     1    14     1     1        0  0.7431E+00  0.2505E+02  0.0000E+00  0.0000E+00
     1    14     1     2        0  0.8539E-01  0.8752E+01  0.0000E+00  0.0000E+00
     1    14     1     3        0  0.1965E-03  0.4062E+00  0.0000E+00  0.0000E+00
     1    15     1     1        0  0.2529E+05  0.1000E+03  0.0000E+00  0.0000E+00
     1    15     1     2        0  0.5206E+03  0.4739E+02  0.0000E+00  0.0000E+00
     1    15     1     3        0  0.4117E+04  0.7784E+01  0.0000E+00  0.0000E+00
     1    15     1     4        0  0.6837E+04  0.3651E+01  0.0000E+00  0.0000E+00
     1    15     2     1        0  0.1073E+00  0.2208E+02  0.0000E+00  0.0000E+00
     1    15     2     2        0  0.6909E-02  0.5688E+01  0.0000E+00  0.0000E+00
     1    16     1     1        0  0.1115E+00  0.1972E+02  0.0000E+00  0.0000E+00
     1    16     1     2        0  0.9619E-02  0.5839E+01  0.0000E+00  0.0000E+00
     1    16     1     3        0  0.0000E+00  0.2568E+00  0.0000E+00  0.0000E+00
     1    17     1     1        0  0.2165E+01  0.5200E+02  0.0000E+00  0.0000E+00
     1    17     1     2        0  0.4536E+00  0.2410E+02  0.0000E+00  0.0000E+00
     1    17     1     3        0  0.1625E-01  0.4505E+01  0.0000E+00  0.0000E+00
     1    18     1     1        0  0.1086E+02  0.6137E+02  0.0000E+00  0.0000E+00
     1    18     1     2        0  0.3935E+03  0.1000E+03  0.0000E+00  0.0000E+00
     1    18     1     3        0  0.6522E+01  0.1747E+02  0.0000E+00  0.0000E+00
     1    18     1     4        0  0.6211E+02  0.3489E+02  0.0000E+00  0.0000E+00
     1    18     1     5        0  0.7792E+01  0.1450E+02  0.0000E+00  0.0000E+00
     1    18     2     1        0  0.1759E+01  0.9538E+02  0.0000E+00  0.0000E+00
     1    18     2     2        0  0.3602E+00  0.4347E+02  0.0000E+00  0.0000E+00
     1    18     2     3        0  0.3528E-01  0.1350E+02  0.0000E+00  0.0000E+00
     1    18     2     4        0  0.3286E-03  0.1297E+01  0.0000E+00  0.0000E+00
     1    19     1     1        0  0.2428E+02  0.1000E+03  0.0000E+00  0.0000E+00
     1    19     1     2        0  0.1176E+03  0.1000E+03  0.0000E+00  0.0000E+00
     1    19     1     3        0  0.9012E+00  0.1129E+02  0.0000E+00  0.0000E+00
     1    19     1     4        0  0.8748E+01  0.2573E+02  0.0000E+00  0.0000E+00
     1    19     1     5        0  0.3570E+01  0.1711E+02  0.0000E+00  0.0000E+00
