SUMMARY OF C0NVERGENCE INFORMATION
  STEP   INC  ATT   ITER     CONT.   RESID.        CORR.      RESID.      CORR.
                              EL.    FORCE         DISP       FLUX        TEMP.
                              (#)     (%)           (%)        (%)         (%)
     1     1     1     1        0  0.2036E+04  0.1000E+03  0.0000E+00  0.0000E+00
     1     1     1     2        0  0.2991E+05  0.3040E+02  0.0000E+00  0.0000E+00
     1     1     1     3        0  0.2875E+05  0.6133E+02  0.0000E+00  0.0000E+00
     1     1     1     4        0  0.1772E+05  0.2794E+02  0.0000E+00  0.0000E+00
     1     1     1     5        0  0.7478E+04  0.1018E+02  0.0000E+00  0.0000E+00
     1     1     1     6        0  0.2101E+04  0.1773E+02  0.0000E+00  0.0000E+00
     1     1     1     7        0  0.9099E+03  0.5817E+01  0.0000E+00  0.0000E+00
     1     1     1     8        0  0.7148E+03  0.4586E+01  0.0000E+00  0.0000E+00
     1     1     2     1        0  0.1027E+04  0.1000E+03  0.0000E+00  0.0000E+00
     1     1     2     2        0  0.4191E+04  0.7030E+01  0.0000E+00  0.0000E+00
     1     1     2     3        0  0.1773E+02  0.5386E+01  0.0000E+00  0.0000E+00
     1     1     2     4        0  0.7979E+03  0.3418E+01  0.0000E+00  0.0000E+00
     1     1     2     5        0  0.9234E+02  0.8767E+00  0.0000E+00  0.0000E+00
     1     1     3     1        0  0.2584E+03  0.1000E+03  0.0000E+00  0.0000E+00
     1     1     3     2        0  0.2746E+00  0.8396E+00  0.0000E+00  0.0000E+00
     1     2     1     1        0  0.2262E+01  0.1842E+01  0.0000E+00  0.0000E+00
     1     2     1     2        0  0.0000E+00  0.2822E-01  0.0000E+00  0.0000E+00
     1     3     1     1        0  0.3357E+03  0.4627E+01  0.0000E+00  0.0000E+00
     1     3     1     2        0  0.6738E+00  0.7250E+00  0.0000E+00  0.0000E+00
     1     3     1     3        0  0.3520E-01  0.3810E-01  0.0000E+00  0.0000E+00
     1     4     1     1        0  0.5947E+04  0.1683E+02  0.0000E+00  0.0000E+00
     1     4     1     2        0  0.9348E+05  0.3293E+02  0.0000E+00  0.0000E+00
     1     4     1     3        0  0.4019E+05  0.1000E+03  0.0000E+00  0.0000E+00
     1     4     1     4        0  0.1666E+04  0.4644E+02  0.0000E+00  0.0000E+00
     1     4     1     5        0  0.1054E+06  0.8779E+02  0.0000E+00  0.0000E+00
     1     4     1     6        0  0.9034E+05  0.1000E+03  0.0000E+00  0.0000E+00
     1     4     2     1        0  0.9208E+04  0.5961E+02  0.0000E+00  0.0000E+00
     1     4     2     2        0  0.1893E+02  0.5379E+02  0.0000E+00  0.0000E+00
     1     4     2     3        0  0.6132E+03  0.1438E+02  0.0000E+00  0.0000E+00
     1     4     2     4        0  0.2052E+03  0.3369E+01  0.0000E+00  0.0000E+00
     1     4     3     1        0  0.1837E+03  0.3301E+02  0.0000E+00  0.0000E+00
     1     4     3     2        0  0.1301E+00  0.5045E+01  0.0000E+00  0.0000E+00
     1     5     1     1        0  0.1849E+03  0.4501E+02  0.0000E+00  0.0000E+00
     1     5     1     2        0  0.5926E+02  0.2783E+02  0.0000E+00  0.0000E+00
     1     5     1     3        0  0.2488E+01  0.6494E+01  0.0000E+00  0.0000E+00
     1     5     1     4        0  0.1492E-01  0.4725E+00  0.0000E+00  0.0000E+00
     1     6     1     1        0  0.2188E+02  0.3828E+02  0.0000E+00  0.0000E+00
     1     6     1     2        0  0.2103E+02  0.9890E+01  0.0000E+00  0.0000E+00
     1     6     1     3        0  0.3660E-01  0.2694E+00  0.0000E+00  0.0000E+00
     1     7     1     1        0  0.7753E+03  0.3353E+02  0.0000E+00  0.0000E+00
     1     7     1     2        0  0.2196E+03  0.2618E+02  0.0000E+00  0.0000E+00
     1     7     1     3        0  0.1246E+02  0.2851E+01  0.0000E+00  0.0000E+00
     1     7     1     4        0  0.1968E+00  0.4216E+00  0.0000E+00  0.0000E+00
     1     8     1     1        0  0.3301E+04  0.9067E+01  0.0000E+00  0.0000E+00
     1     8     1     2        0  0.3600E+04  0.8566E+01  0.0000E+00  0.0000E+00
     1     8     1     3        0  0.2725E+04  0.4318E+01  0.0000E+00  0.0000E+00
     1     8     1     4        0  0.4943E+04  0.1243E+02  0.0000E+00  0.0000E+00
     1     8     1     5        0  0.1021E+04  0.3180E+01  0.0000E+00  0.0000E+00
     1     8     1     6        0  0.1860E+05  0.3252E+02  0.0000E+00  0.0000E+00
     1     8     1     7        0  0.1822E+03  0.1765E+01  0.0000E+00  0.0000E+00
     1     8     1     8        0  0.2260E+05  0.5032E+02  0.0000E+00  0.0000E+00
     1     8     1     9        0  0.1158E+04  0.1361E+01  0.0000E+00  0.0000E+00
     1     8     2     1        0  0.6369E+03  0.1218E+02  0.0000E+00  0.0000E+00
     1     8     2     2        0  0.1580E+03  0.1124E+02  0.0000E+00  0.0000E+00
     1     8     2     3        0  0.4657E+03  0.1244E+02  0.0000E+00  0.0000E+00
     1     8     2     4        0  0.1811E+02  0.2880E+01  0.0000E+00  0.0000E+00
     1     8     2     5        0  0.5663E+02  0.4767E+01  0.0000E+00  0.0000E+00
     1     8     2     6        0  0.8842E-01  0.2364E+00  0.0000E+00  0.0000E+00
     1     9     1     1        0  0.2924E+05  0.6063E+02  0.0000E+00  0.0000E+00
     1     9     1     2        0  0.3815E+05  0.1000E+03  0.0000E+00  0.0000E+00
     1     9     1     3        0  0.1937E+04  0.3733E+02  0.0000E+00  0.0000E+00
     1     9     1     4        0  0.1018E+04  0.3249E+01  0.0000E+00  0.0000E+00
     1     9     1     5        0  0.2763E+03  0.7572E+01  0.0000E+00  0.0000E+00
     1     9     1     6        0  0.5049E+03  0.6770E+01  0.0000E+00  0.0000E+00
     1     9     1     7        0  0.3261E+02  0.2181E+01  0.0000E+00  0.0000E+00
     1     9     1     8        0  0.6740E+02  0.2139E+01  0.0000E+00  0.0000E+00
     1     9     1     9        0  0.8303E+00  0.2429E+00  0.0000E+00  0.0000E+00
     1     9     1    10        0  0.3850E-01  0.4675E-01  0.0000E+00  0.0000E+00
     1    10     1     1        0  0.1559E+04  0.7049E+02  0.0000E+00  0.0000E+00
     1    10     1     2        0  0.6494E+03  0.7379E+02  0.0000E+00  0.0000E+00
     1    10     1     3        0  0.1569E+03  0.7502E+01  0.0000E+00  0.0000E+00
     1    10     1     4        0  0.2579E+01  0.1183E+01  0.0000E+00  0.0000E+00
     1    10     1     5        0  0.2765E+00  0.2965E+00  0.0000E+00  0.0000E+00
     1    11     1     1        0  0.7570E+03  0.1126E+02  0.0000E+00  0.0000E+00
     1    11     1     2        0  0.1942E+03  0.6757E+01  0.0000E+00  0.0000E+00
     1    11     1     3        0  0.1225E+03  0.6520E+01  0.0000E+00  0.0000E+00
     1    11     1     4        0  0.5830E+01  0.1472E+01  0.0000E+00  0.0000E+00
     1    11     1     5        0  0.2587E+00  0.3218E+00  0.0000E+00  0.0000E+00
     1    12     1     1        0  0.2867E+03  0.3108E+01  0.0000E+00  0.0000E+00
     1    12     1     2        0  0.1006E+03  0.7878E+01  0.0000E+00  0.0000E+00
     1    12     1     3        0  0.1260E+02  0.2734E+01  0.0000E+00  0.0000E+00
     1    12     1     4        0  0.2765E+00  0.4201E+00  0.0000E+00  0.0000E+00
     1    13     1     1        0  0.1459E+03  0.3511E+01  0.0000E+00  0.0000E+00
     1    13     1     2        0  0.4629E+02  0.7419E+01  0.0000E+00  0.0000E+00
     1    13     1     3        0  0.1764E+01  0.1185E+01  0.0000E+00  0.0000E+00
     1    13     1     4        0  0.7548E-02  0.8156E-01  0.0000E+00  0.0000E+00
     1    14     1     1        0  0.3381E+03  0.5286E+01  0.0000E+00  0.0000E+00
     1    14     1     2        0  0.6639E+03  0.7467E+01  0.0000E+00  0.0000E+00
     1    14     1     3        0  0.5386E+02  0.1308E+01  0.0000E+00  0.0000E+00
     1    14     1     4        0  0.3032E+04  0.6852E+01  0.0000E+00  0.0000E+00
     1    14     1     5        0  0.6267E+01  0.1349E+01  0.0000E+00  0.0000E+00
     1    14     1     6        0  0.9509E+03  0.3740E+01  0.0000E+00  0.0000E+00
     1    14     1     7        0  0.7484E+00  0.3668E+00  0.0000E+00  0.0000E+00
     1    14     1     8        0  0.4188E+01  0.3079E+00  0.0000E+00  0.0000E+00
     1    14     1     9        0  0.1350E-02  0.4490E-02  0.0000E+00  0.0000E+00
     1    15     1     1        0  0.6225E+03  0.1768E+02  0.0000E+00  0.0000E+00
     1    15     1     2        0  0.3865E+04  0.6618E+02  0.0000E+00  0.0000E+00
     1    15     1     3        0  0.2978E+03  0.5254E+02  0.0000E+00  0.0000E+00
     1    15     1     4        0  0.4451E+05  0.1000E+03  0.0000E+00  0.0000E+00
     1    15     1     5        0  0.1335E+04  0.6030E+02  0.0000E+00  0.0000E+00
     1    15     2     1        0  0.2252E+02  0.1363E+02  0.0000E+00  0.0000E+00
     1    15     2     2        0  0.2625E+05  0.1000E+03  0.0000E+00  0.0000E+00
     1    15     2     3        0  0.3913E+03  0.1000E+03  0.0000E+00  0.0000E+00
     1    15     2     4        0  0.1197E+04  0.7702E+02  0.0000E+00  0.0000E+00
     1    15     2     5        0  0.1710E+03  0.1211E+02  0.0000E+00  0.0000E+00
     1    15     2     6        0  0.1345E+03  0.1391E+02  0.0000E+00  0.0000E+00
     1    15     2     7        0  0.6695E+03  0.8673E+01  0.0000E+00  0.0000E+00
     1    15     2     8        0  0.1259E+03  0.3369E+01  0.0000E+00  0.0000E+00
     1    15     2     9        0  0.3867E+03  0.6535E+01  0.0000E+00  0.0000E+00
     1    15     2    10        0  0.1803E+02  0.2143E+01  0.0000E+00  0.0000E+00
     1    15     2    11        0  0.1102E+02  0.2740E+01  0.0000E+00  0.0000E+00
     1    15     3     1        0  0.6949E+01  0.1336E+02  0.0000E+00  0.0000E+00
     1    15     3     2        0  0.5063E+04  0.9961E+02  0.0000E+00  0.0000E+00
     1    15     3     3        0  0.3480E+02  0.3219E+02  0.0000E+00  0.0000E+00
     1    15     3     4        0  0.7136E+02  0.3374E+02  0.0000E+00  0.0000E+00
     1    15     3     5        0  0.5714E+01  0.2864E+01  0.0000E+00  0.0000E+00
     1    15     3     6        0  0.2509E+01  0.2812E+01  0.0000E+00  0.0000E+00
     1    15     3     7        0  0.1117E-01  0.1792E+00  0.0000E+00  0.0000E+00
     1    16     1     1        0  0.8125E+02  0.8226E+02  0.0000E+00  0.0000E+00
     1    16     1     2        0  0.9565E+02  0.5832E+02  0.0000E+00  0.0000E+00
     1    16     1     3        0  0.3466E+03  0.1437E+02  0.0000E+00  0.0000E+00
     1    16     1     4        0  0.4726E+02  0.5639E+01  0.0000E+00  0.0000E+00
     1    16     1     5        0  0.1799E+05  0.1000E+03  0.0000E+00  0.0000E+00
     1    16     1     6        0  0.2733E+05  0.1000E+03  0.0000E+00  0.0000E+00
     1    16     2     1        0  0.7900E+01  0.2044E+02  0.0000E+00  0.0000E+00
     1    16     2     2        0  0.7969E+01  0.6454E+01  0.0000E+00  0.0000E+00
     1    16     2     3        0  0.5524E+00  0.2058E+01  0.0000E+00  0.0000E+00
     1    16     2     4        0  0.2179E-01  0.4800E+00  0.0000E+00  0.0000E+00
     1    17     1     1        0  0.7760E+01  0.1627E+02  0.0000E+00  0.0000E+00
     1    17     1     2        0  0.3676E+03  0.4515E+02  0.0000E+00  0.0000E+00
     1    17     1     3        0  0.1418E+02  0.1005E+02  0.0000E+00  0.0000E+00
     1    17     1     4        0  0.7346E+03  0.6899E+02  0.0000E+00  0.0000E+00
     1    17     1     5        0  0.6955E+02  0.1283E+02  0.0000E+00  0.0000E+00
     1    17     2     1        0  0.5711E+00  0.7434E+01  0.0000E+00  0.0000E+00
     1    17     2     2        0  0.1334E+01  0.1180E+02  0.0000E+00  0.0000E+00
     1    17     2     3        0  0.4573E-02  0.6615E+00  0.0000E+00  0.0000E+00
     1    18     1     1        0  0.1132E+01  0.9184E+01  0.0000E+00  0.0000E+00
     1    18     1     2        0  0.1985E+02  0.3853E+02  0.0000E+00  0.0000E+00
     1    18     1     3        0  0.9388E+01  0.2550E+02  0.0000E+00  0.0000E+00
     1    18     1     4        0  0.7562E+02  0.7216E+02  0.0000E+00  0.0000E+00
     1    18     1     5        0  0.7497E+00  0.8079E+01  0.0000E+00  0.0000E+00
     1    18     1     6        0  0.1742E+02  0.3371E+02  0.0000E+00  0.0000E+00
     1    18     1     7        0  0.7294E+01  0.2241E+02  0.0000E+00  0.0000E+00
     1    18     2     1        0  0.8094E-01  0.9399E+01  0.0000E+00  0.0000E+00
     1    18     2     2        0  0.1544E-01  0.4742E+01  0.0000E+00  0.0000E+00
     1    19     1     1        0  0.8480E-01  0.8689E+01  0.0000E+00  0.0000E+00
     1    19     1     2        0  0.1418E-01  0.4065E+01  0.0000E+00  0.0000E+00
     1    19     1     3        0  0.0000E+00  0.7161E-01  0.0000E+00  0.0000E+00
     1    20     1     1        0  0.9219E+00  0.1764E+02  0.0000E+00  0.0000E+00
     1    20     1     2        0  0.2163E+02  0.8413E+02  0.0000E+00  0.0000E+00
     1    20     1     3        0  0.3177E+02  0.1000E+03  0.0000E+00  0.0000E+00
     1    20     1     4        0  0.3172E+04  0.1000E+03  0.0000E+00  0.0000E+00
     1    20     2     1        0  0.3235E-01  0.1299E+02  0.0000E+00  0.0000E+00
     1    20     2     2        0  0.1518E-02  0.3261E+01  0.0000E+00  0.0000E+00
     1    21     1     1        0  0.5668E-01  0.1516E+02  0.0000E+00  0.0000E+00
     1    21     1     2        0  0.5121E-02  0.5049E+01  0.0000E+00  0.0000E+00
     1    21     1     3        0  0.0000E+00  0.1270E+00  0.0000E+00  0.0000E+00
     1    22     1     1        0  0.1350E+01  0.4221E+02  0.0000E+00  0.0000E+00
     1    22     1     2        0  0.4788E+02  0.1000E+03  0.0000E+00  0.0000E+00
     1    22     1     3        0  0.1321E+01  0.1767E+02  0.0000E+00  0.0000E+00
     1    22     1     4        0  0.9262E+01  0.4518E+02  0.0000E+00  0.0000E+00
     1    22     1     5        0  0.1084E+01  0.1510E+02  0.0000E+00  0.0000E+00
     1    22     1     6        0  0.3983E+01  0.2938E+02  0.0000E+00  0.0000E+00
     1    22     1     7        0  0.3984E+02  0.9141E+02  0.0000E+00  0.0000E+00
