SUMMARY OF C0NVERGENCE INFORMATION
  STEP   INC  ATT   ITER     CONT.   RESID.        CORR.      RESID.      CORR.
                              EL.    FORCE         DISP       FLUX        TEMP.
                              (#)     (%)           (%)        (%)         (%)
     1     1     1     1        0  0.3262E+03  0.1000E+03  0.0000E+00  0.0000E+00
     1     1     1     2        0  0.2091E+05  0.1000E+03  0.0000E+00  0.0000E+00
     1     1     1     3        0  0.7657E+04  0.5006E+02  0.0000E+00  0.0000E+00
     1     1     1     4        0  0.3038E+04  0.3000E+02  0.0000E+00  0.0000E+00
     1     1     1     5        0  0.5897E+03  0.7929E+01  0.0000E+00  0.0000E+00
     1     1     1     6        0  0.2912E+04  0.3423E+02  0.0000E+00  0.0000E+00
     1     1     1     7        0  0.3665E+03  0.1322E+02  0.0000E+00  0.0000E+00
     1     1     1     8        0  0.9177E+04  0.7293E+02  0.0000E+00  0.0000E+00
     1     1     1     9        0  0.3882E+03  0.1961E+02  0.0000E+00  0.0000E+00
     1     1     2     1        0  0.8185E+02  0.1000E+03  0.0000E+00  0.0000E+00
     1     1     2     2        0  0.1525E+01  0.3745E+01  0.0000E+00  0.0000E+00
     1     1     2     3        0  0.0000E+00  0.1168E-01  0.0000E+00  0.0000E+00
     1     2     1     1        0  0.3369E+05  0.9419E+02  0.0000E+00  0.0000E+00
     1     2     1     2        0  0.1259E+04  0.1666E+02  0.0000E+00  0.0000E+00
     1     2     1     3        0  0.3413E+04  0.1453E+02  0.0000E+00  0.0000E+00
     1     2     1     4        0  0.1957E+06  0.1000E+03  0.0000E+00  0.0000E+00
     1     2     2     1        0  0.1057E+01  0.1734E+02  0.0000E+00  0.0000E+00
     1     2     2     2        0  0.0000E+00  0.1351E-01  0.0000E+00  0.0000E+00
     1     3     1     1        0  0.4563E+01  0.3331E+02  0.0000E+00  0.0000E+00
     1     3     1     2        0  0.0000E+00  0.2619E-01  0.0000E+00  0.0000E+00
     1     4     1     1        0  0.1880E+04  0.1000E+03  0.0000E+00  0.0000E+00
     1     4     1     2        0  0.2851E+01  0.6055E+01  0.0000E+00  0.0000E+00
     1     4     1     3        0  0.1019E+03  0.1567E+02  0.0000E+00  0.0000E+00
     1     4     1     4        0  0.2448E+04  0.1349E+02  0.0000E+00  0.0000E+00
     1     4     2     1        0  0.4064E+01  0.6422E+02  0.0000E+00  0.0000E+00
     1     4     2     2        0  0.0000E+00  0.4834E-01  0.0000E+00  0.0000E+00
     1     5     1     1        0  0.1866E+02  0.8628E+02  0.0000E+00  0.0000E+00
     1     5     1     2        0  0.3723E-02  0.1691E+00  0.0000E+00  0.0000E+00
     1     6     1     1        0  0.1972E+03  0.8403E+02  0.0000E+00  0.0000E+00
     1     6     1     2        0  0.3874E+01  0.1434E+02  0.0000E+00  0.0000E+00
     1     6     1     3        0  0.3371E+00  0.2757E+01  0.0000E+00  0.0000E+00
     1     7     1     1        0  0.5586E+04  0.1015E+02  0.0000E+00  0.0000E+00
     1     7     1     2        0  0.3911E+02  0.8473E+01  0.0000E+00  0.0000E+00
     1     7     1     3        0  0.2496E+03  0.1159E+01  0.0000E+00  0.0000E+00
     1     7     1     4        0  0.5861E+02  0.5665E+00  0.0000E+00  0.0000E+00
     1     7     2     1        0  0.1044E+02  0.7604E+01  0.0000E+00  0.0000E+00
     1     7     2     2        0  0.2111E-01  0.1117E+01  0.0000E+00  0.0000E+00
     1     8     1     1        0  0.1130E+02  0.7863E+01  0.0000E+00  0.0000E+00
     1     8     1     2        0  0.2379E-01  0.1649E+01  0.0000E+00  0.0000E+00
     1     8     1     3        0  0.0000E+00  0.8018E-02  0.0000E+00  0.0000E+00
     1     9     1     1        0  0.4754E+01  0.8416E+01  0.0000E+00  0.0000E+00
     1     9     1     2        0  0.5817E-01  0.1945E+01  0.0000E+00  0.0000E+00
     1     9     1     3        0  0.0000E+00  0.1307E-01  0.0000E+00  0.0000E+00
     1    10     1     1        0  0.6489E+01  0.9750E+01  0.0000E+00  0.0000E+00
     1    10     1     2        0  0.2492E+01  0.2783E+01  0.0000E+00  0.0000E+00
     1    10     1     3        0  0.8924E-02  0.3007E-01  0.0000E+00  0.0000E+00
     1    11     1     1        0  0.1082E+02  0.1089E+02  0.0000E+00  0.0000E+00
     1    11     1     2        0  0.2553E+01  0.3693E+01  0.0000E+00  0.0000E+00
     1    11     1     3        0  0.5980E-02  0.5795E-01  0.0000E+00  0.0000E+00
     1    12     1     1        0  0.1263E+02  0.1216E+02  0.0000E+00  0.0000E+00
     1    12     1     2        0  0.2635E+01  0.4193E+01  0.0000E+00  0.0000E+00
     1    12     1     3        0  0.7657E-02  0.8471E-01  0.0000E+00  0.0000E+00
     1    13     1     1        0  0.8170E+03  0.1000E+03  0.0000E+00  0.0000E+00
     1    13     1     2        0  0.3488E+01  0.6047E+01  0.0000E+00  0.0000E+00
     1    13     1     3        0  0.5550E+02  0.2543E+02  0.0000E+00  0.0000E+00
     1    13     1     4        0  0.1508E+03  0.4171E+02  0.0000E+00  0.0000E+00
     1    13     2     1        0  0.1348E+01  0.2220E+02  0.0000E+00  0.0000E+00
     1    13     2     2        0  0.4494E-02  0.6528E+00  0.0000E+00  0.0000E+00
     1    14     1     1        0  0.6115E+01  0.5226E+02  0.0000E+00  0.0000E+00
     1    14     1     2        0  0.2792E-02  0.1196E+01  0.0000E+00  0.0000E+00
     1    15     1     1        0  0.1140E+03  0.1000E+03  0.0000E+00  0.0000E+00
     1    15     1     2        0  0.1649E+01  0.1352E+02  0.0000E+00  0.0000E+00
     1    15     1     3        0  0.3561E+00  0.5462E+01  0.0000E+00  0.0000E+00
     1    15     1     4        0  0.4669E-03  0.1978E+00  0.0000E+00  0.0000E+00
     1    16     1     1        0  0.2223E+01  0.3401E+01  0.0000E+00  0.0000E+00
     1    16     1     2        0  0.2360E+01  0.4361E+01  0.0000E+00  0.0000E+00
     1    16     1     3        0  0.5171E-02  0.2299E+00  0.0000E+00  0.0000E+00
     1    17     1     1        0  0.2112E+02  0.1322E+02  0.0000E+00  0.0000E+00
     1    17     1     2        0  0.1786E+02  0.1209E+02  0.0000E+00  0.0000E+00
     1    17     1     3        0  0.2233E+00  0.1338E+01  0.0000E+00  0.0000E+00
     1    18     1     1        0  0.2038E+02  0.1099E+02  0.0000E+00  0.0000E+00
     1    18     1     2        0  0.7641E+01  0.7445E+01  0.0000E+00  0.0000E+00
     1    18     1     3        0  0.2552E-01  0.4254E+00  0.0000E+00  0.0000E+00
     1    19     1     1        0  0.2816E-03  0.7290E+01  0.0000E+00  0.0000E+00
     1    19     1     2        0  0.0000E+00  0.4865E-01  0.0000E+00  0.0000E+00
