SUMMARY OF C0NVERGENCE INFORMATION
  STEP   INC  ATT   ITER     CONT.   RESID.        CORR.      RESID.      CORR.
                              EL.    FORCE         DISP       FLUX        TEMP.
                              (#)     (%)           (%)        (%)         (%)
     1     1     1     1        0  0.2029E+04  0.1000E+03  0.0000E+00  0.0000E+00
     1     1     1     2        0  0.3144E+05  0.3192E+02  0.0000E+00  0.0000E+00
     1     1     1     3        0  0.2775E+05  0.6915E+02  0.0000E+00  0.0000E+00
     1     1     1     4        0  0.9582E+05  0.3778E+02  0.0000E+00  0.0000E+00
     1     1     1     5        0  0.4506E+05  0.1000E+03  0.0000E+00  0.0000E+00
     1     1     2     1        0  0.5138E+03  0.1000E+03  0.0000E+00  0.0000E+00
     1     1     2     2        0  0.4200E+01  0.1764E+01  0.0000E+00  0.0000E+00
     1     1     2     3        0  0.0000E+00  0.5936E-02  0.0000E+00  0.0000E+00
     1     2     1     1        0  0.4213E+04  0.1097E+02  0.0000E+00  0.0000E+00
     1     2     1     2        0  0.1758E+02  0.7697E+01  0.0000E+00  0.0000E+00
     1     2     1     3        0  0.1809E+04  0.6964E+01  0.0000E+00  0.0000E+00
     1     2     1     4        0  0.1066E+03  0.3984E+01  0.0000E+00  0.0000E+00
     1     2     2     1        0  0.2043E+01  0.2638E+01  0.0000E+00  0.0000E+00
     1     2     2     2        0  0.0000E+00  0.1807E-01  0.0000E+00  0.0000E+00
     1     3     1     1        0  0.4578E+01  0.1844E+01  0.0000E+00  0.0000E+00
     1     3     1     2        0  0.0000E+00  0.3916E-01  0.0000E+00  0.0000E+00
     1     4     1     1        0  0.3598E+04  0.2338E+02  0.0000E+00  0.0000E+00
     1     4     1     2        0  0.5029E+01  0.1621E+02  0.0000E+00  0.0000E+00
     1     4     1     3        0  0.3930E+02  0.5725E+01  0.0000E+00  0.0000E+00
     1     4     1     4        0  0.2670E+00  0.2580E+00  0.0000E+00  0.0000E+00
     1     5     1     1        0  0.7575E+03  0.5565E+02  0.0000E+00  0.0000E+00
     1     5     1     2        0  0.3711E+05  0.1000E+03  0.0000E+00  0.0000E+00
     1     5     1     3        0  0.8517E+03  0.4443E+01  0.0000E+00  0.0000E+00
     1     5     1     4        0  0.1265E+06  0.3562E+02  0.0000E+00  0.0000E+00
     1     5     1     5        0  0.5146E+05  0.1000E+03  0.0000E+00  0.0000E+00
     1     5     2     1        0  0.7172E+03  0.7713E+02  0.0000E+00  0.0000E+00
     1     5     2     2        0  0.5605E+03  0.7400E+02  0.0000E+00  0.0000E+00
     1     5     2     3        0  0.2302E+02  0.2147E+02  0.0000E+00  0.0000E+00
     1     5     2     4        0  0.2313E+01  0.5372E+01  0.0000E+00  0.0000E+00
     1     5     2     5        0  0.3384E-02  0.2475E-01  0.0000E+00  0.0000E+00
     1     6     1     1        0  0.7199E+03  0.3381E+02  0.0000E+00  0.0000E+00
     1     6     1     2        0  0.1568E+03  0.2584E+02  0.0000E+00  0.0000E+00
     1     6     1     3        0  0.7892E+01  0.2467E+01  0.0000E+00  0.0000E+00
     1     6     1     4        0  0.2773E-01  0.2677E+00  0.0000E+00  0.0000E+00
     1     7     1     1        0  0.1568E+04  0.5766E+01  0.0000E+00  0.0000E+00
     1     7     1     2        0  0.1958E+04  0.1813E+02  0.0000E+00  0.0000E+00
     1     7     1     3        0  0.1048E+04  0.9600E+01  0.0000E+00  0.0000E+00
     1     7     1     4        0  0.3484E+04  0.1897E+02  0.0000E+00  0.0000E+00
     1     7     1     5        0  0.2055E+03  0.2195E+01  0.0000E+00  0.0000E+00
     1     7     1     6        0  0.1744E+05  0.5366E+02  0.0000E+00  0.0000E+00
     1     7     1     7        0  0.1067E+03  0.7372E+01  0.0000E+00  0.0000E+00
     1     7     1     8        0  0.1238E+03  0.1616E+02  0.0000E+00  0.0000E+00
     1     7     1     9        0  0.2202E+01  0.5181E+00  0.0000E+00  0.0000E+00
     1     7     1    10        0  0.1131E+00  0.1706E+00  0.0000E+00  0.0000E+00
     1     8     1     1        0  0.1050E+05  0.1000E+03  0.0000E+00  0.0000E+00
     1     8     1     2        0  0.1023E+04  0.9257E+02  0.0000E+00  0.0000E+00
     1     8     1     3        0  0.3836E+03  0.1258E+02  0.0000E+00  0.0000E+00
     1     8     1     4        0  0.1186E+02  0.1113E+01  0.0000E+00  0.0000E+00
     1     8     1     5        0  0.7379E+00  0.5101E-01  0.0000E+00  0.0000E+00
     1     8     1     6        0  0.1870E-03  0.7548E-03  0.0000E+00  0.0000E+00
     1     9     1     1        0  0.1105E+05  0.2668E+02  0.0000E+00  0.0000E+00
     1     9     1     2        0  0.5076E+03  0.2752E+02  0.0000E+00  0.0000E+00
     1     9     1     3        0  0.7026E+04  0.1384E+02  0.0000E+00  0.0000E+00
     1     9     1     4        0  0.2402E+02  0.1212E+01  0.0000E+00  0.0000E+00
     1     9     1     5        0  0.5120E+04  0.5264E+01  0.0000E+00  0.0000E+00
     1     9     1     6        0  0.1209E+02  0.9242E+00  0.0000E+00  0.0000E+00
     1     9     1     7        0  0.1373E+02  0.2372E+00  0.0000E+00  0.0000E+00
     1     9     1     8        0  0.8709E-01  0.1868E-01  0.0000E+00  0.0000E+00
     1    10     1     1        0  0.2677E+04  0.1491E+02  0.0000E+00  0.0000E+00
     1    10     1     2        0  0.5714E+04  0.3241E+02  0.0000E+00  0.0000E+00
     1    10     1     3        0  0.2806E+03  0.1703E+02  0.0000E+00  0.0000E+00
     1    10     1     4        0  0.3636E+06  0.1000E+03  0.0000E+00  0.0000E+00
     1    10     1     5        0  0.8143E+05  0.1000E+03  0.0000E+00  0.0000E+00
     1    10     2     1        0  0.6703E+02  0.8496E+01  0.0000E+00  0.0000E+00
     1    10     2     2        0  0.2193E+05  0.4950E+02  0.0000E+00  0.0000E+00
     1    10     2     3        0  0.3021E+03  0.3152E+02  0.0000E+00  0.0000E+00
     1    10     2     4        0  0.2417E+02  0.2902E+01  0.0000E+00  0.0000E+00
     1    10     2     5        0  0.2772E+03  0.6873E+01  0.0000E+00  0.0000E+00
     1    10     2     6        0  0.4244E+01  0.8732E+00  0.0000E+00  0.0000E+00
     1    10     2     7        0  0.3284E+02  0.2775E+01  0.0000E+00  0.0000E+00
     1    10     2     8        0  0.4391E+00  0.2760E+00  0.0000E+00  0.0000E+00
     1    11     1     1        0  0.2335E+04  0.1000E+03  0.0000E+00  0.0000E+00
     1    11     1     2        0  0.4296E+03  0.2736E+02  0.0000E+00  0.0000E+00
     1    11     1     3        0  0.1129E+03  0.6173E+01  0.0000E+00  0.0000E+00
     1    11     1     4        0  0.5117E+02  0.1971E+02  0.0000E+00  0.0000E+00
     1    11     1     5        0  0.2849E+02  0.1011E+02  0.0000E+00  0.0000E+00
     1    11     1     6        0  0.2304E+01  0.3236E+01  0.0000E+00  0.0000E+00
     1    11     1     7        0  0.4589E-01  0.4414E+00  0.0000E+00  0.0000E+00
     1    12     1     1        0  0.8138E+03  0.8667E+02  0.0000E+00  0.0000E+00
     1    12     1     2        0  0.3369E+05  0.1000E+03  0.0000E+00  0.0000E+00
     1    12     1     3        0  0.8614E+03  0.3774E+02  0.0000E+00  0.0000E+00
     1    12     1     4        0  0.7390E+03  0.4859E+01  0.0000E+00  0.0000E+00
     1    12     1     5        0  0.8033E+03  0.4821E+01  0.0000E+00  0.0000E+00
     1    12     1     6        0  0.2066E+04  0.1193E+02  0.0000E+00  0.0000E+00
     1    12     2     1        0  0.4373E+02  0.8753E+02  0.0000E+00  0.0000E+00
     1    12     2     2        0  0.2825E+04  0.1000E+03  0.0000E+00  0.0000E+00
     1    12     2     3        0  0.1199E+02  0.1419E+02  0.0000E+00  0.0000E+00
     1    12     2     4        0  0.1456E+04  0.5694E+02  0.0000E+00  0.0000E+00
     1    12     2     5        0  0.1693E+02  0.1002E+02  0.0000E+00  0.0000E+00
     1    12     3     1        0  0.3107E+02  0.1000E+03  0.0000E+00  0.0000E+00
     1    12     3     2        0  0.5104E+03  0.1000E+03  0.0000E+00  0.0000E+00
     1    12     3     3        0  0.2805E+01  0.9962E+01  0.0000E+00  0.0000E+00
     1    12     3     4        0  0.1256E+02  0.1428E+02  0.0000E+00  0.0000E+00
     1    12     3     5        0  0.2520E-01  0.5577E+00  0.0000E+00  0.0000E+00
     1    13     1     1        0  0.2024E+02  0.4417E+02  0.0000E+00  0.0000E+00
     1    13     1     2        0  0.1167E+03  0.9761E+02  0.0000E+00  0.0000E+00
     1    13     1     3        0  0.6091E+01  0.2343E+02  0.0000E+00  0.0000E+00
     1    13     1     4        0  0.5733E+02  0.6536E+02  0.0000E+00  0.0000E+00
     1    13     1     5        0  0.5496E+01  0.2060E+02  0.0000E+00  0.0000E+00
     1    13     1     6        0  0.1132E+05  0.1000E+03  0.0000E+00  0.0000E+00
     1    13     1     7        0  0.2070E+03  0.3730E+02  0.0000E+00  0.0000E+00
     1    13     2     1        0  0.9225E+00  0.3270E+02  0.0000E+00  0.0000E+00
     1    13     2     2        0  0.1190E+00  0.1241E+02  0.0000E+00  0.0000E+00
     1    13     2     3        0  0.2056E-03  0.4897E+00  0.0000E+00  0.0000E+00
     1    14     1     1        0  0.7486E+00  0.2512E+02  0.0000E+00  0.0000E+00
     1    14     1     2        0  0.8622E-01  0.8789E+01  0.0000E+00  0.0000E+00
     1    14     1     3        0  0.1999E-03  0.4096E+00  0.0000E+00  0.0000E+00
     1    15     1     1        0  0.4979E+05  0.1000E+03  0.0000E+00  0.0000E+00
     1    15     1     2        0  0.1970E+04  0.6314E+02  0.0000E+00  0.0000E+00
     1    15     1     3        0  0.1883E+04  0.1156E+02  0.0000E+00  0.0000E+00
     1    15     1     4        0  0.1713E+05  0.1270E+02  0.0000E+00  0.0000E+00
     1    15     1     5        0  0.6396E+03  0.4436E+01  0.0000E+00  0.0000E+00
     1    15     1     6        0  0.2054E+03  0.5187E+01  0.0000E+00  0.0000E+00
     1    15     1     7        0  0.2225E+03  0.4535E+01  0.0000E+00  0.0000E+00
     1    15     1     8        0  0.8977E+02  0.3743E+01  0.0000E+00  0.0000E+00
     1    15     1     9        0  0.7284E+02  0.3618E+01  0.0000E+00  0.0000E+00
     1    15     2     1        0  0.1271E+01  0.3829E+02  0.0000E+00  0.0000E+00
     1    15     2     2        0  0.1782E+00  0.1468E+02  0.0000E+00  0.0000E+00
     1    15     2     3        0  0.1168E-02  0.1160E+01  0.0000E+00  0.0000E+00
     1    16     1     1        0  0.3014E+02  0.1000E+03  0.0000E+00  0.0000E+00
     1    16     1     2        0  0.1194E+01  0.1824E+02  0.0000E+00  0.0000E+00
     1    16     1     3        0  0.5594E+01  0.4179E+02  0.0000E+00  0.0000E+00
     1    16     1     4        0  0.1609E+00  0.7214E+01  0.0000E+00  0.0000E+00
     1    17     1     1        0  0.1006E+02  0.2485E+02  0.0000E+00  0.0000E+00
     1    17     1     2        0  0.1009E+03  0.4799E+02  0.0000E+00  0.0000E+00
     1    17     1     3        0  0.1081E+02  0.1961E+02  0.0000E+00  0.0000E+00
     1    17     1     4        0  0.6724E+02  0.4441E+02  0.0000E+00  0.0000E+00
     1    17     1     5        0  0.8591E+02  0.5415E+02  0.0000E+00  0.0000E+00
     1    17     2     1        0  0.4579E+01  0.5022E+02  0.0000E+00  0.0000E+00
     1    17     2     2        0  0.1149E+02  0.7264E+02  0.0000E+00  0.0000E+00
     1    17     2     3        0  0.5403E+01  0.5190E+02  0.0000E+00  0.0000E+00
     1    17     2     4        0  0.1123E+03  0.1000E+03  0.0000E+00  0.0000E+00
     1    17     2     5        0  0.1948E+03  0.1000E+03  0.0000E+00  0.0000E+00
