SUMMARY OF C0NVERGENCE INFORMATION
  STEP   INC  ATT   ITER     CONT.   RESID.        CORR.      RESID.      CORR.
                              EL.    FORCE         DISP       FLUX        TEMP.
                              (#)     (%)           (%)        (%)         (%)
     1     1     1     1        0  0.2029E+04  0.1000E+03  0.0000E+00  0.0000E+00
     1     1     1     2        0  0.3145E+05  0.3193E+02  0.0000E+00  0.0000E+00
     1     1     1     3        0  0.2779E+05  0.6919E+02  0.0000E+00  0.0000E+00
     1     1     1     4        0  0.9696E+05  0.3794E+02  0.0000E+00  0.0000E+00
     1     1     1     5        0  0.4352E+05  0.1000E+03  0.0000E+00  0.0000E+00
     1     1     2     1        0  0.5139E+03  0.1000E+03  0.0000E+00  0.0000E+00
     1     1     2     2        0  0.4201E+01  0.1764E+01  0.0000E+00  0.0000E+00
     1     1     2     3        0  0.0000E+00  0.5936E-02  0.0000E+00  0.0000E+00
     1     2     1     1        0  0.4212E+04  0.1097E+02  0.0000E+00  0.0000E+00
     1     2     1     2        0  0.1757E+02  0.7694E+01  0.0000E+00  0.0000E+00
     1     2     1     3        0  0.1810E+04  0.6964E+01  0.0000E+00  0.0000E+00
     1     2     1     4        0  0.1065E+03  0.3988E+01  0.0000E+00  0.0000E+00
     1     2     2     1        0  0.2043E+01  0.2638E+01  0.0000E+00  0.0000E+00
     1     2     2     2        0  0.0000E+00  0.1807E-01  0.0000E+00  0.0000E+00
     1     3     1     1        0  0.4579E+01  0.1844E+01  0.0000E+00  0.0000E+00
     1     3     1     2        0  0.0000E+00  0.3916E-01  0.0000E+00  0.0000E+00
     1     4     1     1        0  0.3601E+04  0.2339E+02  0.0000E+00  0.0000E+00
     1     4     1     2        0  0.5036E+01  0.1622E+02  0.0000E+00  0.0000E+00
     1     4     1     3        0  0.3939E+02  0.5733E+01  0.0000E+00  0.0000E+00
     1     4     1     4        0  0.2682E+00  0.2587E+00  0.0000E+00  0.0000E+00
     1     5     1     1        0  0.7572E+03  0.5565E+02  0.0000E+00  0.0000E+00
     1     5     1     2        0  0.3714E+05  0.1000E+03  0.0000E+00  0.0000E+00
     1     5     1     3        0  0.8505E+03  0.4445E+01  0.0000E+00  0.0000E+00
     1     5     1     4        0  0.1266E+06  0.3564E+02  0.0000E+00  0.0000E+00
     1     5     1     5        0  0.5164E+05  0.1000E+03  0.0000E+00  0.0000E+00
     1     5     2     1        0  0.7169E+03  0.7712E+02  0.0000E+00  0.0000E+00
     1     5     2     2        0  0.5609E+03  0.7401E+02  0.0000E+00  0.0000E+00
     1     5     2     3        0  0.2297E+02  0.2145E+02  0.0000E+00  0.0000E+00
     1     5     2     4        0  0.2312E+01  0.5369E+01  0.0000E+00  0.0000E+00
     1     5     2     5        0  0.3378E-02  0.2462E-01  0.0000E+00  0.0000E+00
     1     6     1     1        0  0.7200E+03  0.3381E+02  0.0000E+00  0.0000E+00
     1     6     1     2        0  0.1568E+03  0.2584E+02  0.0000E+00  0.0000E+00
     1     6     1     3        0  0.7893E+01  0.2466E+01  0.0000E+00  0.0000E+00
     1     6     1     4        0  0.2769E-01  0.2675E+00  0.0000E+00  0.0000E+00
     1     7     1     1        0  0.1568E+04  0.5766E+01  0.0000E+00  0.0000E+00
     1     7     1     2        0  0.1959E+04  0.1813E+02  0.0000E+00  0.0000E+00
     1     7     1     3        0  0.1047E+04  0.9600E+01  0.0000E+00  0.0000E+00
     1     7     1     4        0  0.3489E+04  0.1898E+02  0.0000E+00  0.0000E+00
     1     7     1     5        0  0.2050E+03  0.2189E+01  0.0000E+00  0.0000E+00
     1     7     1     6        0  0.1748E+05  0.5374E+02  0.0000E+00  0.0000E+00
     1     7     1     7        0  0.1073E+03  0.7409E+01  0.0000E+00  0.0000E+00
     1     7     1     8        0  0.1205E+03  0.1612E+02  0.0000E+00  0.0000E+00
     1     7     1     9        0  0.2165E+01  0.5165E+00  0.0000E+00  0.0000E+00
     1     7     1    10        0  0.1040E+00  0.1639E+00  0.0000E+00  0.0000E+00
     1     8     1     1        0  0.1050E+05  0.1000E+03  0.0000E+00  0.0000E+00
     1     8     1     2        0  0.1023E+04  0.9256E+02  0.0000E+00  0.0000E+00
     1     8     1     3        0  0.3844E+03  0.1258E+02  0.0000E+00  0.0000E+00
     1     8     1     4        0  0.1186E+02  0.1113E+01  0.0000E+00  0.0000E+00
     1     8     1     5        0  0.7377E+00  0.5141E-01  0.0000E+00  0.0000E+00
     1     8     1     6        0  0.1869E-03  0.7546E-03  0.0000E+00  0.0000E+00
     1     9     1     1        0  0.1105E+05  0.2669E+02  0.0000E+00  0.0000E+00
     1     9     1     2        0  0.5076E+03  0.2752E+02  0.0000E+00  0.0000E+00
     1     9     1     3        0  0.7028E+04  0.1385E+02  0.0000E+00  0.0000E+00
     1     9     1     4        0  0.2403E+02  0.1212E+01  0.0000E+00  0.0000E+00
     1     9     1     5        0  0.5117E+04  0.5263E+01  0.0000E+00  0.0000E+00
     1     9     1     6        0  0.1208E+02  0.9237E+00  0.0000E+00  0.0000E+00
     1     9     1     7        0  0.1375E+02  0.2374E+00  0.0000E+00  0.0000E+00
     1     9     1     8        0  0.8690E-01  0.1866E-01  0.0000E+00  0.0000E+00
     1    10     1     1        0  0.2677E+04  0.1491E+02  0.0000E+00  0.0000E+00
     1    10     1     2        0  0.5713E+04  0.3241E+02  0.0000E+00  0.0000E+00
     1    10     1     3        0  0.2806E+03  0.1702E+02  0.0000E+00  0.0000E+00
     1    10     1     4        0  0.3638E+06  0.1000E+03  0.0000E+00  0.0000E+00
     1    10     1     5        0  0.8151E+05  0.1000E+03  0.0000E+00  0.0000E+00
     1    10     2     1        0  0.6703E+02  0.8497E+01  0.0000E+00  0.0000E+00
     1    10     2     2        0  0.2192E+05  0.4949E+02  0.0000E+00  0.0000E+00
     1    10     2     3        0  0.3017E+03  0.3149E+02  0.0000E+00  0.0000E+00
     1    10     2     4        0  0.2419E+02  0.2881E+01  0.0000E+00  0.0000E+00
     1    10     2     5        0  0.2774E+03  0.6881E+01  0.0000E+00  0.0000E+00
     1    10     2     6        0  0.4244E+01  0.8733E+00  0.0000E+00  0.0000E+00
     1    10     2     7        0  0.3288E+02  0.2778E+01  0.0000E+00  0.0000E+00
     1    10     2     8        0  0.4374E+00  0.2755E+00  0.0000E+00  0.0000E+00
     1    11     1     1        0  0.2333E+04  0.1000E+03  0.0000E+00  0.0000E+00
     1    11     1     2        0  0.4294E+03  0.2735E+02  0.0000E+00  0.0000E+00
     1    11     1     3        0  0.1138E+03  0.6054E+01  0.0000E+00  0.0000E+00
     1    11     1     4        0  0.5431E+02  0.2017E+02  0.0000E+00  0.0000E+00
     1    11     1     5        0  0.3110E+02  0.1062E+02  0.0000E+00  0.0000E+00
     1    11     1     6        0  0.2879E+01  0.3613E+01  0.0000E+00  0.0000E+00
     1    11     1     7        0  0.6769E-01  0.5370E+00  0.0000E+00  0.0000E+00
     1    12     1     1        0  0.8147E+03  0.8669E+02  0.0000E+00  0.0000E+00
     1    12     1     2        0  0.3373E+05  0.1000E+03  0.0000E+00  0.0000E+00
     1    12     1     3        0  0.8635E+03  0.3776E+02  0.0000E+00  0.0000E+00
     1    12     1     4        0  0.7376E+03  0.4851E+01  0.0000E+00  0.0000E+00
     1    12     1     5        0  0.8017E+03  0.4808E+01  0.0000E+00  0.0000E+00
     1    12     1     6        0  0.2046E+04  0.1185E+02  0.0000E+00  0.0000E+00
     1    12     2     1        0  0.4375E+02  0.8755E+02  0.0000E+00  0.0000E+00
     1    12     2     2        0  0.2826E+04  0.1000E+03  0.0000E+00  0.0000E+00
     1    12     2     3        0  0.1199E+02  0.1419E+02  0.0000E+00  0.0000E+00
