SUMMARY OF C0NVERGENCE INFORMATION
  STEP   INC  ATT   ITER     CONT.   RESID.        CORR.      RESID.      CORR.
                              EL.    FORCE         DISP       FLUX        TEMP.
                              (#)     (%)           (%)        (%)         (%)
     1     1     1     1        0  0.2008E+04  0.1000E+03  0.0000E+00  0.0000E+00
     1     1     1     2        0  0.3561E+05  0.3706E+02  0.0000E+00  0.0000E+00
     1     1     1     3        0  0.2606E+05  0.9601E+02  0.0000E+00  0.0000E+00
     1     1     1     4        0  0.1045E+05  0.3527E+02  0.0000E+00  0.0000E+00
     1     1     1     5        0  0.2970E+04  0.2404E+02  0.0000E+00  0.0000E+00
     1     1     1     6        0  0.2473E+05  0.6193E+02  0.0000E+00  0.0000E+00
     1     1     1     7        0  0.3548E+04  0.6208E+02  0.0000E+00  0.0000E+00
     1     1     2     1        0  0.5084E+03  0.1000E+03  0.0000E+00  0.0000E+00
     1     1     2     2        0  0.4343E+01  0.1767E+01  0.0000E+00  0.0000E+00
     1     1     2     3        0  0.0000E+00  0.6036E-02  0.0000E+00  0.0000E+00
     1     2     1     1        0  0.3639E+04  0.1040E+02  0.0000E+00  0.0000E+00
     1     2     1     2        0  0.1467E+02  0.6599E+01  0.0000E+00  0.0000E+00
     1     2     1     3        0  0.3323E+04  0.8627E+01  0.0000E+00  0.0000E+00
     1     2     1     4        0  0.7236E+02  0.7553E+01  0.0000E+00  0.0000E+00
     1     2     2     1        0  0.2167E+01  0.2657E+01  0.0000E+00  0.0000E+00
     1     2     2     2        0  0.0000E+00  0.1878E-01  0.0000E+00  0.0000E+00
     1     3     1     1        0  0.5053E+01  0.1901E+01  0.0000E+00  0.0000E+00
     1     3     1     2        0  0.0000E+00  0.4264E-01  0.0000E+00  0.0000E+00
     1     4     1     1        0  0.5182E+04  0.2829E+02  0.0000E+00  0.0000E+00
     1     4     1     2        0  0.1103E+02  0.2313E+02  0.0000E+00  0.0000E+00
     1     4     1     3        0  0.1271E+03  0.1161E+02  0.0000E+00  0.0000E+00
     1     4     1     4        0  0.2567E+01  0.8848E+00  0.0000E+00  0.0000E+00
     1     4     1     5        0  0.1339E+00  0.3216E+00  0.0000E+00  0.0000E+00
     1     5     1     1        0  0.5889E+03  0.5670E+02  0.0000E+00  0.0000E+00
     1     5     1     2        0  0.1306E+05  0.1000E+03  0.0000E+00  0.0000E+00
     1     5     1     3        0  0.4400E+04  0.1188E+02  0.0000E+00  0.0000E+00
     1     5     1     4        0  0.2599E+03  0.2396E+02  0.0000E+00  0.0000E+00
     1     5     1     5        0  0.4913E+05  0.4274E+02  0.0000E+00  0.0000E+00
     1     5     1     6        0  0.1225E+04  0.6797E+02  0.0000E+00  0.0000E+00
     1     5     2     1        0  0.4162E+03  0.8373E+02  0.0000E+00  0.0000E+00
     1     5     2     2        0  0.2647E+03  0.6875E+02  0.0000E+00  0.0000E+00
     1     5     2     3        0  0.5932E+01  0.1437E+02  0.0000E+00  0.0000E+00
     1     5     2     4        0  0.2090E+00  0.2088E+01  0.0000E+00  0.0000E+00
     1     6     1     1        0  0.3075E+03  0.2471E+02  0.0000E+00  0.0000E+00
     1     6     1     2        0  0.7182E+02  0.1928E+02  0.0000E+00  0.0000E+00
     1     6     1     3        0  0.9815E+01  0.1384E+01  0.0000E+00  0.0000E+00
     1     6     1     4        0  0.3532E+00  0.1211E+00  0.0000E+00  0.0000E+00
     1     7     1     1        0  0.2098E+04  0.1731E+02  0.0000E+00  0.0000E+00
     1     7     1     2        0  0.2715E+02  0.5056E+01  0.0000E+00  0.0000E+00
     1     7     1     3        0  0.5419E+03  0.4233E+01  0.0000E+00  0.0000E+00
     1     7     1     4        0  0.1034E+02  0.7871E+00  0.0000E+00  0.0000E+00
     1     7     1     5        0  0.1052E+01  0.3878E+00  0.0000E+00  0.0000E+00
     1     7     1     6        0  0.4778E-02  0.1760E-01  0.0000E+00  0.0000E+00
     1     8     1     1        0  0.1236E+03  0.1461E+02  0.0000E+00  0.0000E+00
     1     8     1     2        0  0.1783E+06  0.1000E+03  0.0000E+00  0.0000E+00
     1     8     1     3        0  0.7710E+05  0.1000E+03  0.0000E+00  0.0000E+00
     1     8     1     4        0  0.1722E+05  0.3555E+02  0.0000E+00  0.0000E+00
     1     8     1     5        0  0.5682E+04  0.5200E+02  0.0000E+00  0.0000E+00
     1     8     1     6        0  0.4308E+03  0.1136E+02  0.0000E+00  0.0000E+00
     1     8     1     7        0  0.1133E+04  0.2735E+01  0.0000E+00  0.0000E+00
     1     8     1     8        0  0.5002E+02  0.3609E+00  0.0000E+00  0.0000E+00
     1     8     1     9        0  0.3392E+03  0.8047E+00  0.0000E+00  0.0000E+00
     1     8     1    10        0  0.4076E+01  0.8286E-01  0.0000E+00  0.0000E+00
     1     8     1    11        0  0.4577E+01  0.9090E-01  0.0000E+00  0.0000E+00
     1     8     1    12        0  0.2047E-02  0.1907E-02  0.0000E+00  0.0000E+00
     1     9     1     1        0  0.6488E+05  0.1000E+03  0.0000E+00  0.0000E+00
     1     9     1     2        0  0.1188E+06  0.5859E+02  0.0000E+00  0.0000E+00
     1     9     1     3        0  0.1399E+05  0.1776E+02  0.0000E+00  0.0000E+00
     1     9     1     4        0  0.1080E+05  0.1452E+02  0.0000E+00  0.0000E+00
     1     9     1     5        0  0.5286E+04  0.4782E+01  0.0000E+00  0.0000E+00
     1     9     1     6        0  0.3565E+04  0.2470E+01  0.0000E+00  0.0000E+00
     1     9     1     7        0  0.2119E+04  0.1235E+01  0.0000E+00  0.0000E+00
     1     9     1     8        0  0.1399E+04  0.7238E+00  0.0000E+00  0.0000E+00
     1     9     2     1        0  0.1542E+05  0.1000E+03  0.0000E+00  0.0000E+00
     1     9     2     2        0  0.1232E+05  0.8359E+02  0.0000E+00  0.0000E+00
     1     9     2     3        0  0.1348E+04  0.6622E+01  0.0000E+00  0.0000E+00
     1     9     2     4        0  0.1817E+04  0.1974E+01  0.0000E+00  0.0000E+00
     1     9     2     5        0  0.4466E+03  0.3714E+01  0.0000E+00  0.0000E+00
     1     9     2     6        0  0.5220E+03  0.9040E+00  0.0000E+00  0.0000E+00
     1     9     2     7        0  0.1694E+03  0.5698E+00  0.0000E+00  0.0000E+00
     1     9     2     8        0  0.7050E+02  0.3549E+00  0.0000E+00  0.0000E+00
     1     9     2     9        0  0.3848E+01  0.8520E-01  0.0000E+00  0.0000E+00
     1     9     2    10        0  0.3048E-01  0.7452E-02  0.0000E+00  0.0000E+00
     1    10     1     1        0  0.1307E+04  0.2417E+02  0.0000E+00  0.0000E+00
     1    10     1     2        0  0.2688E+03  0.2869E+02  0.0000E+00  0.0000E+00
     1    10     1     3        0  0.3240E+03  0.1280E+02  0.0000E+00  0.0000E+00
     1    10     1     4        0  0.1826E+02  0.2951E+01  0.0000E+00  0.0000E+00
     1    10     1     5        0  0.3388E+01  0.1269E+01  0.0000E+00  0.0000E+00
     1    10     1     6        0  0.2776E-02  0.3659E-01  0.0000E+00  0.0000E+00
     1    11     1     1        0  0.4097E+03  0.1094E+02  0.0000E+00  0.0000E+00
     1    11     1     2        0  0.1085E+03  0.1676E+02  0.0000E+00  0.0000E+00
     1    11     1     3        0  0.1898E+02  0.3961E+01  0.0000E+00  0.0000E+00
     1    11     1     4        0  0.3635E+00  0.5502E+00  0.0000E+00  0.0000E+00
     1    12     1     1        0  0.2200E+03  0.7307E+01  0.0000E+00  0.0000E+00
     1    12     1     2        0  0.4629E+02  0.1173E+02  0.0000E+00  0.0000E+00
     1    12     1     3        0  0.2258E+01  0.1584E+01  0.0000E+00  0.0000E+00
     1    12     1     4        0  0.6515E-02  0.8750E-01  0.0000E+00  0.0000E+00
     1    13     1     1        0  0.5050E+03  0.9709E+01  0.0000E+00  0.0000E+00
     1    13     1     2        0  0.4707E+02  0.1207E+02  0.0000E+00  0.0000E+00
     1    13     1     3        0  0.7131E+01  0.2082E+01  0.0000E+00  0.0000E+00
     1    13     1     4        0  0.1317E-01  0.9273E-01  0.0000E+00  0.0000E+00
     1    14     1     1        0  0.1758E+04  0.1769E+02  0.0000E+00  0.0000E+00
     1    14     1     2        0  0.6995E+02  0.1732E+02  0.0000E+00  0.0000E+00
     1    14     1     3        0  0.2174E+03  0.3463E+01  0.0000E+00  0.0000E+00
     1    14     1     4        0  0.1549E+01  0.4674E+00  0.0000E+00  0.0000E+00
     1    14     1     5        0  0.4831E+00  0.8954E-01  0.0000E+00  0.0000E+00
     1    15     1     1        0  0.1880E+04  0.1998E+02  0.0000E+00  0.0000E+00
     1    15     1     2        0  0.3857E+03  0.1910E+02  0.0000E+00  0.0000E+00
     1    15     1     3        0  0.4869E+04  0.1067E+02  0.0000E+00  0.0000E+00
     1    15     1     4        0  0.3593E+02  0.8347E+01  0.0000E+00  0.0000E+00
     1    15     1     5        0  0.1453E+05  0.4187E+02  0.0000E+00  0.0000E+00
     1    15     1     6        0  0.1484E+03  0.1876E+02  0.0000E+00  0.0000E+00
     1    15     2     1        0  0.4830E+02  0.4652E+01  0.0000E+00  0.0000E+00
     1    15     2     2        0  0.1879E+02  0.6551E+01  0.0000E+00  0.0000E+00
     1    15     2     3        0  0.4599E+00  0.4962E+00  0.0000E+00  0.0000E+00
     1    16     1     1        0  0.2423E+02  0.5424E+01  0.0000E+00  0.0000E+00
     1    16     1     2        0  0.1202E+03  0.8801E+01  0.0000E+00  0.0000E+00
     1    16     1     3        0  0.2378E+00  0.1232E+01  0.0000E+00  0.0000E+00
     1    17     1     1        0  0.2517E+02  0.1800E+02  0.0000E+00  0.0000E+00
     1    17     1     2        0  0.1383E+04  0.4683E+02  0.0000E+00  0.0000E+00
     1    17     1     3        0  0.2797E+01  0.5452E+01  0.0000E+00  0.0000E+00
     1    17     1     4        0  0.1995E+02  0.7253E+01  0.0000E+00  0.0000E+00
     1    17     1     5        0  0.3972E-01  0.2375E+00  0.0000E+00  0.0000E+00
     1    18     1     1        0  0.1009E+03  0.5811E+02  0.0000E+00  0.0000E+00
     1    18     1     2        0  0.3262E+02  0.1647E+02  0.0000E+00  0.0000E+00
     1    18     1     3        0  0.1146E+01  0.2389E+01  0.0000E+00  0.0000E+00
     1    18     1     4        0  0.1175E-02  0.8604E-01  0.0000E+00  0.0000E+00
     1    19     1     1        0  0.9969E+02  0.4753E+02  0.0000E+00  0.0000E+00
     1    19     1     2        0  0.7003E+02  0.2232E+02  0.0000E+00  0.0000E+00
     1    19     1     3        0  0.2559E+01  0.4382E+01  0.0000E+00  0.0000E+00
     1    19     1     4        0  0.2710E-01  0.4656E+00  0.0000E+00  0.0000E+00
     1    20     1     1        0  0.3748E+03  0.3856E+02  0.0000E+00  0.0000E+00
     1    20     1     2        0  0.6279E+03  0.3940E+02  0.0000E+00  0.0000E+00
     1    20     1     3        0  0.1649E+03  0.3200E+02  0.0000E+00  0.0000E+00
     1    20     1     4        0  0.4151E+03  0.5251E+02  0.0000E+00  0.0000E+00
     1    20     1     5        0  0.3334E+02  0.1791E+02  0.0000E+00  0.0000E+00
     1    20     1     6        0  0.2729E+03  0.4769E+02  0.0000E+00  0.0000E+00
     1    20     1     7        0  0.6638E+01  0.9234E+01  0.0000E+00  0.0000E+00
     1    20     1     8        0  0.9166E+02  0.2977E+02  0.0000E+00  0.0000E+00
     1    20     1     9        0  0.2479E+01  0.6007E+01  0.0000E+00  0.0000E+00
     1    20     1    10        0  0.1814E+02  0.1402E+02  0.0000E+00  0.0000E+00
     1    20     1    11        0  0.1345E+01  0.4209E+01  0.0000E+00  0.0000E+00
     1    20     1    12        0  0.2223E+01  0.5109E+01  0.0000E+00  0.0000E+00
     1    20     1    13        0  0.3282E+00  0.2034E+01  0.0000E+00  0.0000E+00
     1    21     1     1        0  0.4947E+04  0.3950E+02  0.0000E+00  0.0000E+00
     1    21     1     2        0  0.2681E+04  0.1000E+03  0.0000E+00  0.0000E+00
     1    21     1     3        0  0.4699E+05  0.1000E+03  0.0000E+00  0.0000E+00
     1    21     1     4        0  0.2268E+04  0.2248E+02  0.0000E+00  0.0000E+00
     1    21     1     5        0  0.1221E+06  0.1000E+03  0.0000E+00  0.0000E+00
     1    21     1     6        0  0.1569E+05  0.9796E+01  0.0000E+00  0.0000E+00
     1    21     2     1        0  0.1504E+03  0.4832E+02  0.0000E+00  0.0000E+00
     1    21     2     2        0  0.5729E+06  0.1000E+03  0.0000E+00  0.0000E+00
     1    21     2     3        0  0.5720E+06  0.1000E+03  0.0000E+00  0.0000E+00
     1    21     2     4        0  0.5694E+06  0.2195E+02  0.0000E+00  0.0000E+00
     1    21     2     5        0  0.5765E+06  0.2486E+02  0.0000E+00  0.0000E+00
     1    21     2     6        0  0.5416E+06  0.3384E+02  0.0000E+00  0.0000E+00
     1    21     2     7        0  0.4893E+06  0.1300E+02  0.0000E+00  0.0000E+00
     1    21     2     8        0  0.3229E+06  0.1710E+02  0.0000E+00  0.0000E+00
     1    21     3     1        0  0.3280E+02  0.4936E+02  0.0000E+00  0.0000E+00
     1    21     3     2        0  0.2065E+05  0.1000E+03  0.0000E+00  0.0000E+00
     1    21     3     3        0  0.4447E+03  0.3000E+02  0.0000E+00  0.0000E+00
     1    21     3     4        0  0.9185E+03  0.9463E+01  0.0000E+00  0.0000E+00
     1    21     3     5        0  0.4652E+03  0.1430E+02  0.0000E+00  0.0000E+00
     1    21     4     1        0  0.3019E+01  0.7100E+02  0.0000E+00  0.0000E+00
     1    21     4     2        0  0.1071E+05  0.1000E+03  0.0000E+00  0.0000E+00
     1    21     4     3        0  0.1193E+03  0.1849E+02  0.0000E+00  0.0000E+00
     1    21     4     4        0  0.1324E+04  0.2287E+02  0.0000E+00  0.0000E+00
     1    21     4     5        0  0.2968E+02  0.6996E+01  0.0000E+00  0.0000E+00
     1    21     4     6        0  0.1353E+04  0.2639E+02  0.0000E+00  0.0000E+00
     1    21     4     7        0  0.5535E+01  0.2767E+01  0.0000E+00  0.0000E+00
     1    21     4     8        0  0.8970E+03  0.2418E+02  0.0000E+00  0.0000E+00
     1    21     4     9        0  0.9711E+01  0.3935E+01  0.0000E+00  0.0000E+00
     1    21     5     1        0  0.1458E+01  0.1000E+03  0.0000E+00  0.0000E+00
     1    21     5     2        0  0.4882E+06  0.1000E+03  0.0000E+00  0.0000E+00
     1    21     5     3        0  0.4165E+06  0.8358E+02  0.0000E+00  0.0000E+00
     1    21     5     4        0  0.2468E+06  0.9180E+02  0.0000E+00  0.0000E+00
     1    21     5     5        0  0.7217E+05  0.6740E+02  0.0000E+00  0.0000E+00
     1    21     5     6        0  0.1259E+05  0.3531E+02  0.0000E+00  0.0000E+00
     1    21     5     7        0  0.1685E+05  0.4739E+02  0.0000E+00  0.0000E+00
     1    21     5     8        0  0.4842E+04  0.5093E+01  0.0000E+00  0.0000E+00
     1    21     5     9        0  0.5953E+05  0.9556E+01  0.0000E+00  0.0000E+00
     1    21     5    10        0  0.3274E+04  0.2603E+01  0.0000E+00  0.0000E+00
     1    21     5    11        0  0.9482E+05  0.1045E+02  0.0000E+00  0.0000E+00
     1    21     5    12        0  0.8296E+04  0.3161E+01  0.0000E+00  0.0000E+00
     1    21     6     1        0  0.1200E+01  0.1000E+03  0.0000E+00  0.0000E+00
     1    21     6     2        0  0.5588E+03  0.1000E+03  0.0000E+00  0.0000E+00
     1    21     6     3        0  0.1015E+02  0.2376E+02  0.0000E+00  0.0000E+00
     1    21     6     4        0  0.2005E+03  0.7514E+02  0.0000E+00  0.0000E+00
     1    21     6     5        0  0.4016E+01  0.1331E+02  0.0000E+00  0.0000E+00
     1    21     6     6        0  0.8105E+02  0.4251E+02  0.0000E+00  0.0000E+00
     1    21     6     7        0  0.3007E+01  0.9070E+01  0.0000E+00  0.0000E+00
     1    21     6     8        0  0.6619E+02  0.3628E+02  0.0000E+00  0.0000E+00
     1    21     6     9        0  0.1458E+01  0.6019E+01  0.0000E+00  0.0000E+00
     1    21     6    10        0  0.2617E+03  0.6838E+02  0.0000E+00  0.0000E+00
     1    21     6    11        0  0.6709E+01  0.1800E+02  0.0000E+00  0.0000E+00
