SUMMARY OF C0NVERGENCE INFORMATION
  STEP   INC  ATT   ITER     CONT.   RESID.        CORR.      RESID.      CORR.
                              EL.    FORCE         DISP       FLUX        TEMP.
                              (#)     (%)           (%)        (%)         (%)
     1     1     1     1        0  0.2029E+04  0.1000E+03  0.0000E+00  0.0000E+00
     1     1     1     2        0  0.3145E+05  0.3193E+02  0.0000E+00  0.0000E+00
     1     1     1     3        0  0.2779E+05  0.6918E+02  0.0000E+00  0.0000E+00
     1     1     1     4        0  0.9594E+05  0.3779E+02  0.0000E+00  0.0000E+00
     1     1     1     5        0  0.3257E+05  0.1000E+03  0.0000E+00  0.0000E+00
     1     1     2     1        0  0.5139E+03  0.1000E+03  0.0000E+00  0.0000E+00
     1     1     2     2        0  0.4201E+01  0.1764E+01  0.0000E+00  0.0000E+00
     1     1     2     3        0  0.0000E+00  0.5936E-02  0.0000E+00  0.0000E+00
     1     2     1     1        0  0.4213E+04  0.1097E+02  0.0000E+00  0.0000E+00
     1     2     1     2        0  0.1757E+02  0.7694E+01  0.0000E+00  0.0000E+00
     1     2     1     3        0  0.1810E+04  0.6964E+01  0.0000E+00  0.0000E+00
     1     2     1     4        0  0.1065E+03  0.3987E+01  0.0000E+00  0.0000E+00
     1     2     2     1        0  0.2043E+01  0.2638E+01  0.0000E+00  0.0000E+00
     1     2     2     2        0  0.0000E+00  0.1807E-01  0.0000E+00  0.0000E+00
     1     3     1     1        0  0.4579E+01  0.1844E+01  0.0000E+00  0.0000E+00
     1     3     1     2        0  0.0000E+00  0.3916E-01  0.0000E+00  0.0000E+00
     1     4     1     1        0  0.3601E+04  0.2339E+02  0.0000E+00  0.0000E+00
     1     4     1     2        0  0.5036E+01  0.1622E+02  0.0000E+00  0.0000E+00
     1     4     1     3        0  0.3938E+02  0.5732E+01  0.0000E+00  0.0000E+00
     1     4     1     4        0  0.2681E+00  0.2586E+00  0.0000E+00  0.0000E+00
     1     5     1     1        0  0.7573E+03  0.5565E+02  0.0000E+00  0.0000E+00
     1     5     1     2        0  0.3712E+05  0.1000E+03  0.0000E+00  0.0000E+00
     1     5     1     3        0  0.8539E+03  0.4452E+01  0.0000E+00  0.0000E+00
     1     5     1     4        0  0.1266E+06  0.3565E+02  0.0000E+00  0.0000E+00
     1     5     1     5        0  0.5171E+05  0.1000E+03  0.0000E+00  0.0000E+00
     1     5     2     1        0  0.7169E+03  0.7712E+02  0.0000E+00  0.0000E+00
     1     5     2     2        0  0.5608E+03  0.7401E+02  0.0000E+00  0.0000E+00
     1     5     2     3        0  0.2297E+02  0.2145E+02  0.0000E+00  0.0000E+00
     1     5     2     4        0  0.2311E+01  0.5369E+01  0.0000E+00  0.0000E+00
     1     5     2     5        0  0.3368E-02  0.2461E-01  0.0000E+00  0.0000E+00
     1     6     1     1        0  0.7200E+03  0.3381E+02  0.0000E+00  0.0000E+00
     1     6     1     2        0  0.1568E+03  0.2584E+02  0.0000E+00  0.0000E+00
     1     6     1     3        0  0.7893E+01  0.2467E+01  0.0000E+00  0.0000E+00
     1     6     1     4        0  0.2771E-01  0.2676E+00  0.0000E+00  0.0000E+00
     1     7     1     1        0  0.1568E+04  0.5766E+01  0.0000E+00  0.0000E+00
     1     7     1     2        0  0.1959E+04  0.1813E+02  0.0000E+00  0.0000E+00
     1     7     1     3        0  0.1047E+04  0.9600E+01  0.0000E+00  0.0000E+00
     1     7     1     4        0  0.3486E+04  0.1898E+02  0.0000E+00  0.0000E+00
     1     7     1     5        0  0.2053E+03  0.2193E+01  0.0000E+00  0.0000E+00
     1     7     1     6        0  0.1745E+05  0.5370E+02  0.0000E+00  0.0000E+00
     1     7     1     7        0  0.1070E+03  0.7388E+01  0.0000E+00  0.0000E+00
     1     7     1     8        0  0.1224E+03  0.1614E+02  0.0000E+00  0.0000E+00
     1     7     1     9        0  0.2187E+01  0.5175E+00  0.0000E+00  0.0000E+00
     1     7     1    10        0  0.1093E+00  0.1678E+00  0.0000E+00  0.0000E+00
     1     8     1     1        0  0.1050E+05  0.1000E+03  0.0000E+00  0.0000E+00
     1     8     1     2        0  0.1023E+04  0.9256E+02  0.0000E+00  0.0000E+00
     1     8     1     3        0  0.3833E+03  0.1257E+02  0.0000E+00  0.0000E+00
     1     8     1     4        0  0.1186E+02  0.1113E+01  0.0000E+00  0.0000E+00
     1     8     1     5        0  0.7377E+00  0.5098E-01  0.0000E+00  0.0000E+00
     1     8     1     6        0  0.1869E-03  0.7546E-03  0.0000E+00  0.0000E+00
     1     9     1     1        0  0.1105E+05  0.2669E+02  0.0000E+00  0.0000E+00
     1     9     1     2        0  0.5076E+03  0.2752E+02  0.0000E+00  0.0000E+00
     1     9     1     3        0  0.7028E+04  0.1385E+02  0.0000E+00  0.0000E+00
     1     9     1     4        0  0.2403E+02  0.1212E+01  0.0000E+00  0.0000E+00
     1     9     1     5        0  0.5117E+04  0.5263E+01  0.0000E+00  0.0000E+00
     1     9     1     6        0  0.1208E+02  0.9237E+00  0.0000E+00  0.0000E+00
     1     9     1     7        0  0.1375E+02  0.2374E+00  0.0000E+00  0.0000E+00
     1     9     1     8        0  0.8690E-01  0.1866E-01  0.0000E+00  0.0000E+00
     1    10     1     1        0  0.2677E+04  0.1491E+02  0.0000E+00  0.0000E+00
     1    10     1     2        0  0.5713E+04  0.3241E+02  0.0000E+00  0.0000E+00
     1    10     1     3        0  0.2806E+03  0.1702E+02  0.0000E+00  0.0000E+00
     1    10     1     4        0  0.3638E+06  0.1000E+03  0.0000E+00  0.0000E+00
     1    10     1     5        0  0.8151E+05  0.1000E+03  0.0000E+00  0.0000E+00
     1    10     2     1        0  0.6703E+02  0.8497E+01  0.0000E+00  0.0000E+00
     1    10     2     2        0  0.2192E+05  0.4949E+02  0.0000E+00  0.0000E+00
     1    10     2     3        0  0.3017E+03  0.3149E+02  0.0000E+00  0.0000E+00
     1    10     2     4        0  0.2419E+02  0.2881E+01  0.0000E+00  0.0000E+00
     1    10     2     5        0  0.2774E+03  0.6881E+01  0.0000E+00  0.0000E+00
     1    10     2     6        0  0.4244E+01  0.8733E+00  0.0000E+00  0.0000E+00
     1    10     2     7        0  0.3288E+02  0.2778E+01  0.0000E+00  0.0000E+00
     1    10     2     8        0  0.4374E+00  0.2755E+00  0.0000E+00  0.0000E+00
     1    11     1     1        0  0.2333E+04  0.1000E+03  0.0000E+00  0.0000E+00
     1    11     1     2        0  0.4295E+03  0.2735E+02  0.0000E+00  0.0000E+00
     1    11     1     3        0  0.1138E+03  0.6053E+01  0.0000E+00  0.0000E+00
     1    11     1     4        0  0.5432E+02  0.2017E+02  0.0000E+00  0.0000E+00
     1    11     1     5        0  0.3110E+02  0.1062E+02  0.0000E+00  0.0000E+00
     1    11     1     6        0  0.2880E+01  0.3614E+01  0.0000E+00  0.0000E+00
     1    11     1     7        0  0.6775E-01  0.5372E+00  0.0000E+00  0.0000E+00
     1    12     1     1        0  0.8148E+03  0.8669E+02  0.0000E+00  0.0000E+00
     1    12     1     2        0  0.3373E+05  0.1000E+03  0.0000E+00  0.0000E+00
     1    12     1     3        0  0.8635E+03  0.3776E+02  0.0000E+00  0.0000E+00
     1    12     1     4        0  0.7376E+03  0.4851E+01  0.0000E+00  0.0000E+00
     1    12     1     5        0  0.8017E+03  0.4808E+01  0.0000E+00  0.0000E+00
     1    12     1     6        0  0.2046E+04  0.1185E+02  0.0000E+00  0.0000E+00
     1    12     2     1        0  0.4375E+02  0.8755E+02  0.0000E+00  0.0000E+00
     1    12     2     2        0  0.2826E+04  0.1000E+03  0.0000E+00  0.0000E+00
     1    12     2     3        0  0.1199E+02  0.1419E+02  0.0000E+00  0.0000E+00
     1    12     2     4        0  0.1454E+04  0.5689E+02  0.0000E+00  0.0000E+00
     1    12     2     5        0  0.1692E+02  0.1001E+02  0.0000E+00  0.0000E+00
     1    12     3     1        0  0.3104E+02  0.1000E+03  0.0000E+00  0.0000E+00
     1    12     3     2        0  0.5102E+03  0.1000E+03  0.0000E+00  0.0000E+00
     1    12     3     3        0  0.2810E+01  0.9968E+01  0.0000E+00  0.0000E+00
     1    12     3     4        0  0.1257E+02  0.1429E+02  0.0000E+00  0.0000E+00
     1    12     3     5        0  0.2516E-01  0.5572E+00  0.0000E+00  0.0000E+00
     1    13     1     1        0  0.2031E+02  0.4426E+02  0.0000E+00  0.0000E+00
     1    13     1     2        0  0.1167E+03  0.9763E+02  0.0000E+00  0.0000E+00
     1    13     1     3        0  0.6074E+01  0.2341E+02  0.0000E+00  0.0000E+00
     1    13     1     4        0  0.5642E+02  0.6488E+02  0.0000E+00  0.0000E+00
     1    13     1     5        0  0.5539E+01  0.2068E+02  0.0000E+00  0.0000E+00
     1    13     1     6        0  0.4377E+05  0.1000E+03  0.0000E+00  0.0000E+00
     1    13     1     7        0  0.1794E+04  0.6362E+02  0.0000E+00  0.0000E+00
     1    13     2     1        0  0.9187E+00  0.3265E+02  0.0000E+00  0.0000E+00
     1    13     2     2        0  0.1182E+00  0.1238E+02  0.0000E+00  0.0000E+00
     1    13     2     3        0  0.2032E-03  0.4870E+00  0.0000E+00  0.0000E+00
     1    14     1     1        0  0.7433E+00  0.2505E+02  0.0000E+00  0.0000E+00
     1    14     1     2        0  0.8542E-01  0.8753E+01  0.0000E+00  0.0000E+00
     1    14     1     3        0  0.1966E-03  0.4064E+00  0.0000E+00  0.0000E+00
     1    15     1     1        0  0.2591E+05  0.1000E+03  0.0000E+00  0.0000E+00
     1    15     1     2        0  0.5455E+03  0.4786E+02  0.0000E+00  0.0000E+00
     1    15     1     3        0  0.4012E+04  0.7745E+01  0.0000E+00  0.0000E+00
     1    15     1     4        0  0.3307E+04  0.4036E+01  0.0000E+00  0.0000E+00
     1    15     2     1        0  0.1073E+00  0.2208E+02  0.0000E+00  0.0000E+00
     1    15     2     2        0  0.6912E-02  0.5689E+01  0.0000E+00  0.0000E+00
     1    16     1     1        0  0.1115E+00  0.1973E+02  0.0000E+00  0.0000E+00
     1    16     1     2        0  0.9624E-02  0.5840E+01  0.0000E+00  0.0000E+00
     1    16     1     3        0  0.0000E+00  0.2569E+00  0.0000E+00  0.0000E+00
     1    17     1     1        0  0.2168E+01  0.5203E+02  0.0000E+00  0.0000E+00
     1    17     1     2        0  0.4545E+00  0.2412E+02  0.0000E+00  0.0000E+00
     1    17     1     3        0  0.1632E-01  0.4514E+01  0.0000E+00  0.0000E+00
     1    18     1     1        0  0.1086E+02  0.6133E+02  0.0000E+00  0.0000E+00
     1    18     1     2        0  0.3951E+03  0.1000E+03  0.0000E+00  0.0000E+00
     1    18     1     3        0  0.6538E+01  0.1748E+02  0.0000E+00  0.0000E+00
     1    18     1     4        0  0.6238E+02  0.3488E+02  0.0000E+00  0.0000E+00
     1    18     1     5        0  0.7795E+01  0.1448E+02  0.0000E+00  0.0000E+00
     1    18     2     1        0  0.1764E+01  0.9550E+02  0.0000E+00  0.0000E+00
     1    18     2     2        0  0.3622E+00  0.4358E+02  0.0000E+00  0.0000E+00
     1    18     2     3        0  0.3567E-01  0.1357E+02  0.0000E+00  0.0000E+00
     1    18     2     4        0  0.3324E-03  0.1304E+01  0.0000E+00  0.0000E+00
     1    19     1     1        0  0.2407E+02  0.1000E+03  0.0000E+00  0.0000E+00
     1    19     1     2        0  0.1154E+03  0.1000E+03  0.0000E+00  0.0000E+00
     1    19     1     3        0  0.8929E+00  0.1131E+02  0.0000E+00  0.0000E+00
     1    19     1     4        0  0.8638E+01  0.2582E+02  0.0000E+00  0.0000E+00
     1    19     1     5        0  0.3646E+01  0.1746E+02  0.0000E+00  0.0000E+00
