SUMMARY OF C0NVERGENCE INFORMATION
  STEP   INC  ATT   ITER     CONT.   RESID.        CORR.      RESID.      CORR.
                              EL.    FORCE         DISP       FLUX        TEMP.
                              (#)     (%)           (%)        (%)         (%)
     1     1     1     1        0  0.5188E+03  0.1000E+03  0.0000E+00  0.0000E+00
     1     1     1     2        0  0.1603E+04  0.1000E+03  0.0000E+00  0.0000E+00
     1     1     1     3        0  0.7066E+02  0.1584E+02  0.0000E+00  0.0000E+00
     1     1     1     4        0  0.2172E+03  0.2525E+02  0.0000E+00  0.0000E+00
     1     1     1     5        0  0.1737E+04  0.4025E+02  0.0000E+00  0.0000E+00
     1     1     2     1        0  0.1302E+03  0.1000E+03  0.0000E+00  0.0000E+00
     1     1     2     2        0  0.9742E+02  0.9373E+01  0.0000E+00  0.0000E+00
     1     1     2     3        0  0.1874E+01  0.4590E+01  0.0000E+00  0.0000E+00
     1     1     2     4        0  0.6095E+00  0.8795E-01  0.0000E+00  0.0000E+00
     1     1     2     5        0  0.1003E-02  0.1880E-02  0.0000E+00  0.0000E+00
     1     2     1     1        0  0.2174E+04  0.9330E+02  0.0000E+00  0.0000E+00
     1     2     1     2        0  0.1005E+03  0.1000E+03  0.0000E+00  0.0000E+00
     1     2     1     3        0  0.3533E+03  0.1000E+03  0.0000E+00  0.0000E+00
     1     2     1     4        0  0.1204E+03  0.5006E+02  0.0000E+00  0.0000E+00
     1     2     2     1        0  0.7415E+03  0.6245E+02  0.0000E+00  0.0000E+00
     1     2     2     2        0  0.3118E+02  0.1980E+01  0.0000E+00  0.0000E+00
     1     2     2     3        0  0.5575E+02  0.1753E+01  0.0000E+00  0.0000E+00
     1     2     2     4        0  0.8508E+01  0.7374E+00  0.0000E+00  0.0000E+00
     1     2     2     5        0  0.1107E+01  0.2599E+00  0.0000E+00  0.0000E+00
     1     2     2     6        0  0.9649E-02  0.2394E-01  0.0000E+00  0.0000E+00
     1     3     1     1        0  0.1046E+02  0.1000E+03  0.0000E+00  0.0000E+00
     1     3     1     2        0  0.5342E+00  0.7060E+01  0.0000E+00  0.0000E+00
     1     3     1     3        0  0.5777E-03  0.1010E+00  0.0000E+00  0.0000E+00
     1     4     1     1        0  0.2983E+03  0.1000E+03  0.0000E+00  0.0000E+00
     1     4     1     2        0  0.3080E+01  0.9157E+01  0.0000E+00  0.0000E+00
     1     4     1     3        0  0.2181E+02  0.2728E+02  0.0000E+00  0.0000E+00
     1     4     1     4        0  0.2101E+02  0.2683E+02  0.0000E+00  0.0000E+00
     1     4     2     1        0  0.3715E+00  0.1000E+03  0.0000E+00  0.0000E+00
     1     4     2     2        0  0.9813E-03  0.3096E+00  0.0000E+00  0.0000E+00
     1     5     1     1        0  0.8247E+00  0.1000E+03  0.0000E+00  0.0000E+00
     1     5     1     2        0  0.0000E+00  0.1366E+01  0.0000E+00  0.0000E+00
     1     6     1     1        0  0.5577E+02  0.1000E+03  0.0000E+00  0.0000E+00
     1     6     1     2        0  0.2535E+01  0.2095E+02  0.0000E+00  0.0000E+00
     1     6     1     3        0  0.9656E+00  0.1315E+02  0.0000E+00  0.0000E+00
     1     6     1     4        0  0.1562E-01  0.1677E+01  0.0000E+00  0.0000E+00
     1     7     1     1        0  0.1286E+03  0.8180E+00  0.0000E+00  0.0000E+00
     1     7     1     2        0  0.1065E+01  0.4892E+01  0.0000E+00  0.0000E+00
     1     7     1     3        0  0.3132E+04  0.1180E+02  0.0000E+00  0.0000E+00
     1     7     1     4        0  0.6730E+02  0.2539E+02  0.0000E+00  0.0000E+00
     1     7     2     1        0  0.4477E+01  0.1835E+02  0.0000E+00  0.0000E+00
     1     7     2     2        0  0.2639E-01  0.3959E+01  0.0000E+00  0.0000E+00
     1     8     1     1        0  0.1393E+01  0.8665E+01  0.0000E+00  0.0000E+00
     1     8     1     2        0  0.1378E+00  0.3954E+00  0.0000E+00  0.0000E+00
     1     9     1     1        0  0.2732E+00  0.1088E+02  0.0000E+00  0.0000E+00
     1     9     1     2        0  0.2617E+00  0.1659E+01  0.0000E+00  0.0000E+00
     1     9     1     3        0  0.9553E-03  0.2853E-01  0.0000E+00  0.0000E+00
     1    10     1     1        0  0.1111E+01  0.1338E+02  0.0000E+00  0.0000E+00
     1    10     1     2        0  0.6991E+00  0.2557E+01  0.0000E+00  0.0000E+00
     1    10     1     3        0  0.4276E-02  0.6130E-01  0.0000E+00  0.0000E+00
     1    11     1     1        0  0.2449E+02  0.1455E+02  0.0000E+00  0.0000E+00
     1    11     1     2        0  0.4710E+00  0.2623E+01  0.0000E+00  0.0000E+00
     1    11     1     3        0  0.1195E-02  0.4679E-01  0.0000E+00  0.0000E+00
     1    12     1     1        0  0.2314E+04  0.1211E+02  0.0000E+00  0.0000E+00
     1    12     1     2        0  0.3398E+02  0.2817E+01  0.0000E+00  0.0000E+00
     1    12     1     3        0  0.8744E+02  0.2065E+01  0.0000E+00  0.0000E+00
     1    12     1     4        0  0.3922E+01  0.2387E+00  0.0000E+00  0.0000E+00
     1    12     1     5        0  0.6853E-01  0.4308E-01  0.0000E+00  0.0000E+00
     1    13     1     1        0  0.6248E+02  0.1164E+02  0.0000E+00  0.0000E+00
     1    13     1     2        0  0.2031E+02  0.1147E+01  0.0000E+00  0.0000E+00
     1    13     1     3        0  0.1118E+00  0.2198E-01  0.0000E+00  0.0000E+00
     1    14     1     1        0  0.2973E+02  0.9933E+01  0.0000E+00  0.0000E+00
     1    14     1     2        0  0.1883E+02  0.2630E+01  0.0000E+00  0.0000E+00
     1    14     1     3        0  0.6399E-01  0.1061E+00  0.0000E+00  0.0000E+00
     1    15     1     1        0  0.3160E+02  0.1020E+02  0.0000E+00  0.0000E+00
     1    15     1     2        0  0.1012E+02  0.1883E+01  0.0000E+00  0.0000E+00
     1    15     1     3        0  0.1264E-01  0.4822E-01  0.0000E+00  0.0000E+00
     1    16     1     1        0  0.4460E+02  0.1154E+02  0.0000E+00  0.0000E+00
     1    16     1     2        0  0.1207E+02  0.1999E+01  0.0000E+00  0.0000E+00
     1    16     1     3        0  0.1697E-01  0.4672E-01  0.0000E+00  0.0000E+00
     1    17     1     1        0  0.6211E+02  0.1278E+02  0.0000E+00  0.0000E+00
     1    17     1     2        0  0.1626E+02  0.2173E+01  0.0000E+00  0.0000E+00
     1    17     1     3        0  0.1011E+00  0.4708E-01  0.0000E+00  0.0000E+00
     1    18     1     1        0  0.1787E+01  0.9677E+01  0.0000E+00  0.0000E+00
     1    18     1     2        0  0.1123E+00  0.1056E+01  0.0000E+00  0.0000E+00
     1    18     1     3        0  0.0000E+00  0.1458E-01  0.0000E+00  0.0000E+00
