SUMMARY OF C0NVERGENCE INFORMATION
  STEP   INC  ATT   ITER     CONT.   RESID.        CORR.      RESID.      CORR.
                              EL.    FORCE         DISP       FLUX        TEMP.
                              (#)     (%)           (%)        (%)         (%)
     1     1     1     1        0  0.2029E+04  0.1000E+03  0.0000E+00  0.0000E+00
     1     1     1     2        0  0.3155E+05  0.3203E+02  0.0000E+00  0.0000E+00
     1     1     1     3        0  0.2777E+05  0.6980E+02  0.0000E+00  0.0000E+00
     1     1     1     4        0  0.6935E+05  0.3592E+02  0.0000E+00  0.0000E+00
     1     1     1     5        0  0.3767E+05  0.1000E+03  0.0000E+00  0.0000E+00
     1     1     2     1        0  0.5139E+03  0.1000E+03  0.0000E+00  0.0000E+00
     1     1     2     2        0  0.4218E+01  0.1764E+01  0.0000E+00  0.0000E+00
     1     1     2     3        0  0.0000E+00  0.5953E-02  0.0000E+00  0.0000E+00
     1     2     1     1        0  0.4212E+04  0.1136E+02  0.0000E+00  0.0000E+00
     1     2     1     2        0  0.1755E+02  0.7692E+01  0.0000E+00  0.0000E+00
     1     2     1     3        0  0.1827E+04  0.6991E+01  0.0000E+00  0.0000E+00
     1     2     1     4        0  0.1063E+03  0.4026E+01  0.0000E+00  0.0000E+00
     1     2     2     1        0  0.2055E+01  0.2639E+01  0.0000E+00  0.0000E+00
     1     2     2     2        0  0.0000E+00  0.1807E-01  0.0000E+00  0.0000E+00
     1     3     1     1        0  0.4614E+01  0.1848E+01  0.0000E+00  0.0000E+00
     1     3     1     2        0  0.0000E+00  0.3934E-01  0.0000E+00  0.0000E+00
     1     4     1     1        0  0.3654E+04  0.2382E+02  0.0000E+00  0.0000E+00
     1     4     1     2        0  0.5214E+01  0.1644E+02  0.0000E+00  0.0000E+00
     1     4     1     3        0  0.4168E+02  0.5924E+01  0.0000E+00  0.0000E+00
     1     4     1     4        0  0.2998E+00  0.2748E+00  0.0000E+00  0.0000E+00
     1     5     1     1        0  0.7462E+03  0.5568E+02  0.0000E+00  0.0000E+00
     1     5     1     2        0  0.3719E+05  0.1000E+03  0.0000E+00  0.0000E+00
     1     5     1     3        0  0.8569E+03  0.5050E+01  0.0000E+00  0.0000E+00
     1     5     1     4        0  0.1329E+06  0.3945E+02  0.0000E+00  0.0000E+00
     1     5     1     5        0  0.6648E+05  0.1000E+03  0.0000E+00  0.0000E+00
     1     5     2     1        0  0.7051E+03  0.7683E+02  0.0000E+00  0.0000E+00
     1     5     2     2        0  0.5715E+03  0.7445E+02  0.0000E+00  0.0000E+00
     1     5     2     3        0  0.2120E+02  0.2093E+02  0.0000E+00  0.0000E+00
     1     5     2     4        0  0.2242E+01  0.5268E+01  0.0000E+00  0.0000E+00
     1     5     2     5        0  0.3174E-02  0.2074E-01  0.0000E+00  0.0000E+00
     1     6     1     1        0  0.7202E+03  0.3368E+02  0.0000E+00  0.0000E+00
     1     6     1     2        0  0.1555E+03  0.2575E+02  0.0000E+00  0.0000E+00
     1     6     1     3        0  0.7832E+01  0.2447E+01  0.0000E+00  0.0000E+00
     1     6     1     4        0  0.2670E-01  0.2630E+00  0.0000E+00  0.0000E+00
     1     7     1     1        0  0.1568E+04  0.6101E+01  0.0000E+00  0.0000E+00
     1     7     1     2        0  0.1965E+04  0.1838E+02  0.0000E+00  0.0000E+00
     1     7     1     3        0  0.1044E+04  0.9893E+01  0.0000E+00  0.0000E+00
     1     7     1     4        0  0.3525E+04  0.1948E+02  0.0000E+00  0.0000E+00
     1     7     1     5        0  0.2021E+03  0.2161E+01  0.0000E+00  0.0000E+00
     1     7     1     6        0  0.1786E+05  0.5505E+02  0.0000E+00  0.0000E+00
     1     7     1     7        0  0.1127E+03  0.7724E+01  0.0000E+00  0.0000E+00
     1     7     1     8        0  0.9926E+02  0.1600E+02  0.0000E+00  0.0000E+00
     1     7     2     1        0  0.7028E+03  0.1087E+02  0.0000E+00  0.0000E+00
     1     7     2     2        0  0.3578E+03  0.1404E+02  0.0000E+00  0.0000E+00
     1     7     2     3        0  0.6420E+03  0.1312E+02  0.0000E+00  0.0000E+00
     1     7     2     4        0  0.1027E+03  0.6591E+01  0.0000E+00  0.0000E+00
     1     7     2     5        0  0.4294E+03  0.1291E+02  0.0000E+00  0.0000E+00
     1     7     2     6        0  0.6841E+01  0.2185E+01  0.0000E+00  0.0000E+00
     1     7     2     7        0  0.2311E+02  0.3310E+01  0.0000E+00  0.0000E+00
     1     7     2     8        0  0.4941E-02  0.7080E-01  0.0000E+00  0.0000E+00
     1     8     1     1        0  0.2001E+03  0.5375E+02  0.0000E+00  0.0000E+00
     1     8     1     2        0  0.8996E+04  0.1000E+03  0.0000E+00  0.0000E+00
     1     8     1     3        0  0.4784E+03  0.6969E+01  0.0000E+00  0.0000E+00
     1     8     1     4        0  0.7118E+03  0.9552E+01  0.0000E+00  0.0000E+00
     1     8     1     5        0  0.2457E+01  0.2324E+00  0.0000E+00  0.0000E+00
     1     8     1     6        0  0.1263E-01  0.4112E-01  0.0000E+00  0.0000E+00
     1     9     1     1        0  0.2545E+04  0.4660E+02  0.0000E+00  0.0000E+00
     1     9     1     2        0  0.2703E+03  0.4531E+02  0.0000E+00  0.0000E+00
     1     9     1     3        0  0.6847E+03  0.1077E+02  0.0000E+00  0.0000E+00
     1     9     1     4        0  0.7029E+01  0.7926E+00  0.0000E+00  0.0000E+00
     1     9     1     5        0  0.9627E+01  0.1512E+01  0.0000E+00  0.0000E+00
     1     9     1     6        0  0.3539E-02  0.3007E-01  0.0000E+00  0.0000E+00
     1    10     1     1        0  0.8025E+03  0.8739E+01  0.0000E+00  0.0000E+00
     1    10     1     2        0  0.1718E+03  0.5598E+01  0.0000E+00  0.0000E+00
     1    10     1     3        0  0.1118E+03  0.6441E+01  0.0000E+00  0.0000E+00
     1    10     1     4        0  0.4029E+01  0.1238E+01  0.0000E+00  0.0000E+00
     1    10     1     5        0  0.1259E+00  0.2307E+00  0.0000E+00  0.0000E+00
     1    11     1     1        0  0.3260E+03  0.4683E+01  0.0000E+00  0.0000E+00
     1    11     1     2        0  0.8053E+02  0.8545E+01  0.0000E+00  0.0000E+00
     1    11     1     3        0  0.1279E+02  0.2673E+01  0.0000E+00  0.0000E+00
     1    11     1     4        0  0.1600E+00  0.3104E+00  0.0000E+00  0.0000E+00
     1    12     1     1        0  0.1908E+03  0.4474E+01  0.0000E+00  0.0000E+00
     1    12     1     2        0  0.1593E+03  0.7261E+01  0.0000E+00  0.0000E+00
     1    12     1     3        0  0.3693E+02  0.1257E+01  0.0000E+00  0.0000E+00
     1    12     1     4        0  0.3866E+02  0.1002E+01  0.0000E+00  0.0000E+00
     1    12     1     5        0  0.2122E+01  0.2292E+00  0.0000E+00  0.0000E+00
     1    12     1     6        0  0.2296E+00  0.7594E-01  0.0000E+00  0.0000E+00
     1    13     1     1        0  0.1376E+03  0.1066E+02  0.0000E+00  0.0000E+00
     1    13     1     2        0  0.7752E+06  0.1000E+03  0.0000E+00  0.0000E+00
     1    13     1     3        0  0.4057E+06  0.1000E+03  0.0000E+00  0.0000E+00
     1    13     1     4        0  0.1139E+06  0.2871E+02  0.0000E+00  0.0000E+00
     1    13     1     5        0  0.1234E+05  0.7471E+01  0.0000E+00  0.0000E+00
     1    13     1     6        0  0.1140E+05  0.1748E+02  0.0000E+00  0.0000E+00
     1    13     1     7        0  0.6583E+04  0.2751E+02  0.0000E+00  0.0000E+00
     1    13     1     8        0  0.8251E+04  0.1835E+02  0.0000E+00  0.0000E+00
     1    13     1     9        0  0.3657E+04  0.1144E+02  0.0000E+00  0.0000E+00
     1    13     2     1        0  0.2471E+02  0.8484E+01  0.0000E+00  0.0000E+00
     1    13     2     2        0  0.3344E+05  0.6397E+02  0.0000E+00  0.0000E+00
     1    13     2     3        0  0.6516E+03  0.6218E+02  0.0000E+00  0.0000E+00
     1    13     2     4        0  0.1806E+03  0.2183E+02  0.0000E+00  0.0000E+00
     1    13     2     5        0  0.2926E+03  0.1839E+02  0.0000E+00  0.0000E+00
     1    13     2     6        0  0.6387E+02  0.4779E+01  0.0000E+00  0.0000E+00
     1    13     2     7        0  0.1371E+03  0.7549E+01  0.0000E+00  0.0000E+00
     1    13     2     8        0  0.1056E+02  0.1800E+01  0.0000E+00  0.0000E+00
     1    13     2     9        0  0.1165E+02  0.2069E+01  0.0000E+00  0.0000E+00
     1    13     2    10        0  0.1131E+00  0.1903E+00  0.0000E+00  0.0000E+00
     1    14     1     1        0  0.9977E+03  0.1000E+03  0.0000E+00  0.0000E+00
     1    14     1     2        0  0.7793E+02  0.2391E+02  0.0000E+00  0.0000E+00
     1    14     1     3        0  0.4325E+02  0.2145E+02  0.0000E+00  0.0000E+00
     1    14     1     4        0  0.6325E+01  0.4807E+01  0.0000E+00  0.0000E+00
     1    14     1     5        0  0.2998E+00  0.3970E+00  0.0000E+00  0.0000E+00
     1    15     1     1        0  0.7616E+03  0.1000E+03  0.0000E+00  0.0000E+00
     1    15     1     2        0  0.1159E+05  0.1000E+03  0.0000E+00  0.0000E+00
     1    15     1     3        0  0.3740E+03  0.3690E+02  0.0000E+00  0.0000E+00
     1    15     1     4        0  0.5126E+05  0.1000E+03  0.0000E+00  0.0000E+00
     1    15     1     5        0  0.1878E+04  0.2137E+02  0.0000E+00  0.0000E+00
     1    15     2     1        0  0.8877E+02  0.1000E+03  0.0000E+00  0.0000E+00
     1    15     2     2        0  0.3325E+04  0.1000E+03  0.0000E+00  0.0000E+00
     1    15     2     3        0  0.5884E+02  0.3278E+02  0.0000E+00  0.0000E+00
     1    15     2     4        0  0.3223E+04  0.1000E+03  0.0000E+00  0.0000E+00
     1    15     2     5        0  0.1564E+02  0.1334E+02  0.0000E+00  0.0000E+00
     1    15     2     6        0  0.1886E+04  0.6403E+02  0.0000E+00  0.0000E+00
     1    15     2     7        0  0.1945E+02  0.1166E+02  0.0000E+00  0.0000E+00
     1    15     3     1        0  0.6375E+01  0.1000E+03  0.0000E+00  0.0000E+00
     1    15     3     2        0  0.3154E+01  0.5651E+02  0.0000E+00  0.0000E+00
     1    15     3     3        0  0.8835E-01  0.8897E+01  0.0000E+00  0.0000E+00
     1    16     1     1        0  0.1766E+02  0.5900E+02  0.0000E+00  0.0000E+00
     1    16     1     2        0  0.1574E+04  0.1000E+03  0.0000E+00  0.0000E+00
     1    16     1     3        0  0.3767E+02  0.2872E+02  0.0000E+00  0.0000E+00
     1    16     1     4        0  0.9356E+03  0.9466E+02  0.0000E+00  0.0000E+00
     1    16     1     5        0  0.7899E+01  0.1264E+02  0.0000E+00  0.0000E+00
     1    16     1     6        0  0.2575E+03  0.4428E+02  0.0000E+00  0.0000E+00
     1    16     1     7        0  0.1214E+02  0.1030E+02  0.0000E+00  0.0000E+00
     1    16     2     1        0  0.1054E+01  0.5246E+02  0.0000E+00  0.0000E+00
     1    16     2     2        0  0.1593E+00  0.1906E+02  0.0000E+00  0.0000E+00
     1    16     2     3        0  0.5140E-03  0.1127E+01  0.0000E+00  0.0000E+00
     1    17     1     1        0  0.2277E+01  0.4569E+02  0.0000E+00  0.0000E+00
     1    17     1     2        0  0.2060E+01  0.4195E+02  0.0000E+00  0.0000E+00
     1    17     1     3        0  0.2764E+00  0.1562E+02  0.0000E+00  0.0000E+00
     1    17     1     4        0  0.2258E-01  0.4457E+01  0.0000E+00  0.0000E+00
     1    18     1     1        0  0.4143E+02  0.7168E+02  0.0000E+00  0.0000E+00
     1    18     1     2        0  0.4100E+03  0.1000E+03  0.0000E+00  0.0000E+00
     1    18     1     3        0  0.2613E+01  0.1197E+02  0.0000E+00  0.0000E+00
     1    18     1     4        0  0.2800E+03  0.7485E+02  0.0000E+00  0.0000E+00
     1    18     1     5        0  0.4304E+02  0.3633E+02  0.0000E+00  0.0000E+00
     1    18     2     1        0  0.1985E+02  0.1000E+03  0.0000E+00  0.0000E+00
     1    18     2     2        0  0.1682E+03  0.1000E+03  0.0000E+00  0.0000E+00
     1    18     2     3        0  0.2790E+01  0.1545E+02  0.0000E+00  0.0000E+00
     1    18     2     4        0  0.2380E+02  0.3527E+02  0.0000E+00  0.0000E+00
     1    18     2     5        0  0.1020E+02  0.2449E+02  0.0000E+00  0.0000E+00
     1    18     3     1        0  0.1159E+01  0.1000E+03  0.0000E+00  0.0000E+00
     1    18     3     2        0  0.3454E+01  0.1000E+03  0.0000E+00  0.0000E+00
     1    18     3     3        0  0.1700E+02  0.1000E+03  0.0000E+00  0.0000E+00
     1    18     3     4        0  0.1136E+01  0.2628E+02  0.0000E+00  0.0000E+00
     1    18     3     5        0  0.2087E+01  0.3464E+02  0.0000E+00  0.0000E+00
     1    18     3     6        0  0.4137E+01  0.4928E+02  0.0000E+00  0.0000E+00
