SUMMARY OF C0NVERGENCE INFORMATION
  STEP   INC  ATT   ITER     CONT.   RESID.        CORR.      RESID.      CORR.
                              EL.    FORCE         DISP       FLUX        TEMP.
                              (#)     (%)           (%)        (%)         (%)
     1     1     1     1        0  0.2060E+04  0.1000E+03  0.0000E+00  0.0000E+00
     1     1     1     2        0  0.2713E+05  0.2794E+02  0.0000E+00  0.0000E+00
     1     1     1     3        0  0.3102E+05  0.4921E+02  0.0000E+00  0.0000E+00
     1     1     1     4        0  0.3035E+04  0.2064E+02  0.0000E+00  0.0000E+00
     1     1     1     5        0  0.4397E+04  0.1314E+02  0.0000E+00  0.0000E+00
     1     1     1     6        0  0.1747E+04  0.1030E+02  0.0000E+00  0.0000E+00
     1     1     1     7        0  0.1261E+04  0.4220E+01  0.0000E+00  0.0000E+00
     1     1     1     8        0  0.6239E+03  0.2206E+01  0.0000E+00  0.0000E+00
     1     1     2     1        0  0.1039E+04  0.1000E+03  0.0000E+00  0.0000E+00
     1     1     2     2        0  0.4949E+04  0.7635E+01  0.0000E+00  0.0000E+00
     1     1     2     3        0  0.2309E+02  0.6447E+01  0.0000E+00  0.0000E+00
     1     1     2     4        0  0.7963E+03  0.3769E+01  0.0000E+00  0.0000E+00
     1     1     2     5        0  0.8635E+02  0.7752E+00  0.0000E+00  0.0000E+00
     1     1     3     1        0  0.2614E+03  0.1000E+03  0.0000E+00  0.0000E+00
     1     1     3     2        0  0.2669E+00  0.8425E+00  0.0000E+00  0.0000E+00
     1     2     1     1        0  0.2166E+01  0.1844E+01  0.0000E+00  0.0000E+00
     1     2     1     2        0  0.0000E+00  0.2842E-01  0.0000E+00  0.0000E+00
     1     3     1     1        0  0.2958E+03  0.4458E+01  0.0000E+00  0.0000E+00
     1     3     1     2        0  0.5765E+00  0.6315E+00  0.0000E+00  0.0000E+00
     1     3     1     3        0  0.2161E-01  0.2888E-01  0.0000E+00  0.0000E+00
     1     4     1     1        0  0.4965E+04  0.1535E+02  0.0000E+00  0.0000E+00
     1     4     1     2        0  0.1071E+05  0.1127E+02  0.0000E+00  0.0000E+00
     1     4     1     3        0  0.5694E+04  0.3799E+02  0.0000E+00  0.0000E+00
     1     4     1     4        0  0.4239E+05  0.1000E+03  0.0000E+00  0.0000E+00
     1     4     1     5        0  0.8901E+04  0.1762E+02  0.0000E+00  0.0000E+00
     1     4     2     1        0  0.8466E+04  0.5645E+02  0.0000E+00  0.0000E+00
     1     4     2     2        0  0.1691E+02  0.4866E+02  0.0000E+00  0.0000E+00
     1     4     2     3        0  0.8456E+03  0.1607E+02  0.0000E+00  0.0000E+00
     1     4     2     4        0  0.1930E+03  0.4926E+01  0.0000E+00  0.0000E+00
     1     4     3     1        0  0.1467E+03  0.2867E+02  0.0000E+00  0.0000E+00
     1     4     3     2        0  0.1141E+00  0.4096E+01  0.0000E+00  0.0000E+00
     1     5     1     1        0  0.2010E+03  0.4417E+02  0.0000E+00  0.0000E+00
     1     5     1     2        0  0.3993E+02  0.2356E+02  0.0000E+00  0.0000E+00
     1     5     1     3        0  0.3071E+01  0.6626E+01  0.0000E+00  0.0000E+00
     1     5     1     4        0  0.7371E-02  0.3507E+00  0.0000E+00  0.0000E+00
     1     6     1     1        0  0.1596E+02  0.3857E+02  0.0000E+00  0.0000E+00
     1     6     1     2        0  0.7971E+02  0.1950E+02  0.0000E+00  0.0000E+00
     1     6     1     3        0  0.5247E+00  0.1062E+01  0.0000E+00  0.0000E+00
     1     6     1     4        0  0.2371E-02  0.1079E+00  0.0000E+00  0.0000E+00
     1     7     1     1        0  0.7577E+03  0.3615E+02  0.0000E+00  0.0000E+00
     1     7     1     2        0  0.2516E+03  0.2770E+02  0.0000E+00  0.0000E+00
     1     7     1     3        0  0.1309E+02  0.3169E+01  0.0000E+00  0.0000E+00
     1     7     1     4        0  0.3646E+00  0.5402E+00  0.0000E+00  0.0000E+00
     1     8     1     1        0  0.3723E+04  0.9930E+01  0.0000E+00  0.0000E+00
     1     8     1     2        0  0.2684E+04  0.7061E+01  0.0000E+00  0.0000E+00
     1     8     1     3        0  0.5280E+04  0.6100E+01  0.0000E+00  0.0000E+00
     1     8     1     4        0  0.1179E+04  0.7152E+01  0.0000E+00  0.0000E+00
     1     8     1     5        0  0.1680E+05  0.1982E+02  0.0000E+00  0.0000E+00
     1     8     1     6        0  0.2181E+03  0.1297E+01  0.0000E+00  0.0000E+00
     1     8     1     7        0  0.5430E+05  0.8522E+02  0.0000E+00  0.0000E+00
     1     8     1     8        0  0.1989E+04  0.1552E+02  0.0000E+00  0.0000E+00
     1     8     2     1        0  0.6590E+03  0.1263E+02  0.0000E+00  0.0000E+00
     1     8     2     2        0  0.1401E+03  0.1071E+02  0.0000E+00  0.0000E+00
     1     8     2     3        0  0.4937E+03  0.1302E+02  0.0000E+00  0.0000E+00
     1     8     2     4        0  0.1345E+02  0.2627E+01  0.0000E+00  0.0000E+00
     1     8     2     5        0  0.4997E+02  0.4596E+01  0.0000E+00  0.0000E+00
     1     8     2     6        0  0.3749E-01  0.1870E+00  0.0000E+00  0.0000E+00
     1     9     1     1        0  0.2606E+05  0.4439E+02  0.0000E+00  0.0000E+00
     1     9     1     2        0  0.2870E+05  0.1000E+03  0.0000E+00  0.0000E+00
     1     9     1     3        0  0.2087E+04  0.4706E+02  0.0000E+00  0.0000E+00
     1     9     1     4        0  0.5427E+03  0.8752E+01  0.0000E+00  0.0000E+00
     1     9     1     5        0  0.3304E+03  0.9941E+01  0.0000E+00  0.0000E+00
     1     9     1     6        0  0.1234E+03  0.5852E+01  0.0000E+00  0.0000E+00
     1     9     1     7        0  0.1751E+02  0.1863E+01  0.0000E+00  0.0000E+00
     1     9     1     8        0  0.1093E+01  0.4925E+00  0.0000E+00  0.0000E+00
     1     9     1     9        0  0.9020E-03  0.1465E-01  0.0000E+00  0.0000E+00
     1    10     1     1        0  0.1626E+04  0.6847E+02  0.0000E+00  0.0000E+00
     1    10     1     2        0  0.6572E+03  0.7132E+02  0.0000E+00  0.0000E+00
     1    10     1     3        0  0.1880E+03  0.6719E+01  0.0000E+00  0.0000E+00
     1    10     1     4        0  0.2925E+01  0.9613E+00  0.0000E+00  0.0000E+00
     1    10     1     5        0  0.4323E+00  0.3588E+00  0.0000E+00  0.0000E+00
     1    11     1     1        0  0.7601E+03  0.1248E+02  0.0000E+00  0.0000E+00
     1    11     1     2        0  0.1954E+03  0.7742E+01  0.0000E+00  0.0000E+00
     1    11     1     3        0  0.1234E+03  0.6590E+01  0.0000E+00  0.0000E+00
     1    11     1     4        0  0.5900E+01  0.1504E+01  0.0000E+00  0.0000E+00
     1    11     1     5        0  0.2647E+00  0.3315E+00  0.0000E+00  0.0000E+00
     1    12     1     1        0  0.2873E+03  0.3111E+01  0.0000E+00  0.0000E+00
     1    12     1     2        0  0.1009E+03  0.7925E+01  0.0000E+00  0.0000E+00
     1    12     1     3        0  0.1265E+02  0.2790E+01  0.0000E+00  0.0000E+00
     1    12     1     4        0  0.2781E+00  0.4294E+00  0.0000E+00  0.0000E+00
     1    13     1     1        0  0.1461E+03  0.3518E+01  0.0000E+00  0.0000E+00
     1    13     1     2        0  0.4636E+02  0.7427E+01  0.0000E+00  0.0000E+00
     1    13     1     3        0  0.1770E+01  0.1213E+01  0.0000E+00  0.0000E+00
     1    13     1     4        0  0.7573E-02  0.8335E-01  0.0000E+00  0.0000E+00
     1    14     1     1        0  0.3390E+03  0.5264E+01  0.0000E+00  0.0000E+00
     1    14     1     2        0  0.5078E+03  0.7458E+01  0.0000E+00  0.0000E+00
     1    14     1     3        0  0.5446E+02  0.1332E+01  0.0000E+00  0.0000E+00
     1    14     1     4        0  0.1116E+04  0.4173E+01  0.0000E+00  0.0000E+00
     1    14     1     5        0  0.2547E+01  0.5447E+00  0.0000E+00  0.0000E+00
     1    14     1     6        0  0.4314E+03  0.2521E+01  0.0000E+00  0.0000E+00
     1    14     1     7        0  0.1133E+00  0.1534E+00  0.0000E+00  0.0000E+00
     1    15     1     1        0  0.3848E+03  0.1889E+02  0.0000E+00  0.0000E+00
     1    15     1     2        0  0.2763E+05  0.6842E+02  0.0000E+00  0.0000E+00
     1    15     1     3        0  0.7809E+03  0.1000E+03  0.0000E+00  0.0000E+00
     1    15     1     4        0  0.8682E+04  0.1000E+03  0.0000E+00  0.0000E+00
     1    15     1     5        0  0.4915E+03  0.7094E+02  0.0000E+00  0.0000E+00
     1    15     1     6        0  0.1170E+06  0.1000E+03  0.0000E+00  0.0000E+00
     1    15     1     7        0  0.8275E+04  0.4391E+02  0.0000E+00  0.0000E+00
     1    15     2     1        0  0.1185E+02  0.1254E+02  0.0000E+00  0.0000E+00
     1    15     2     2        0  0.5018E+05  0.1000E+03  0.0000E+00  0.0000E+00
     1    15     2     3        0  0.1421E+04  0.1000E+03  0.0000E+00  0.0000E+00
     1    15     2     4        0  0.9068E+03  0.3618E+02  0.0000E+00  0.0000E+00
     1    15     2     5        0  0.5974E+03  0.5067E+02  0.0000E+00  0.0000E+00
     1    15     2     6        0  0.1849E+03  0.1120E+02  0.0000E+00  0.0000E+00
     1    15     2     7        0  0.2593E+03  0.9308E+01  0.0000E+00  0.0000E+00
     1    15     2     8        0  0.6490E+02  0.2675E+01  0.0000E+00  0.0000E+00
     1    15     2     9        0  0.1720E+03  0.3504E+01  0.0000E+00  0.0000E+00
     1    15     2    10        0  0.8662E+01  0.8962E+00  0.0000E+00  0.0000E+00
     1    15     2    11        0  0.1219E+02  0.1153E+01  0.0000E+00  0.0000E+00
     1    15     2    12        0  0.6567E-01  0.7915E-01  0.0000E+00  0.0000E+00
     1    16     1     1        0  0.7031E+03  0.1000E+03  0.0000E+00  0.0000E+00
     1    16     1     2        0  0.5089E+03  0.1363E+02  0.0000E+00  0.0000E+00
     1    16     1     3        0  0.4646E+03  0.5354E+02  0.0000E+00  0.0000E+00
     1    16     1     4        0  0.3988E+02  0.6020E+01  0.0000E+00  0.0000E+00
     1    16     1     5        0  0.2925E+02  0.1018E+02  0.0000E+00  0.0000E+00
     1    16     1     6        0  0.1764E+00  0.9226E-01  0.0000E+00  0.0000E+00
     1    17     1     1        0  0.3686E+03  0.1000E+03  0.0000E+00  0.0000E+00
     1    17     1     2        0  0.6261E+04  0.1000E+03  0.0000E+00  0.0000E+00
     1    17     1     3        0  0.1110E+03  0.4106E+02  0.0000E+00  0.0000E+00
     1    17     1     4        0  0.1201E+05  0.1000E+03  0.0000E+00  0.0000E+00
     1    17     1     5        0  0.1065E+03  0.1575E+02  0.0000E+00  0.0000E+00
     1    17     1     6        0  0.2535E+05  0.1000E+03  0.0000E+00  0.0000E+00
     1    17     1     7        0  0.4371E+03  0.4356E+02  0.0000E+00  0.0000E+00
     1    17     2     1        0  0.1505E+02  0.8585E+02  0.0000E+00  0.0000E+00
     1    17     2     2        0  0.2191E+02  0.1813E+02  0.0000E+00  0.0000E+00
     1    17     2     3        0  0.7529E-01  0.1644E+01  0.0000E+00  0.0000E+00
     1    18     1     1        0  0.2423E+02  0.5442E+02  0.0000E+00  0.0000E+00
     1    18     1     2        0  0.1433E+05  0.1000E+03  0.0000E+00  0.0000E+00
     1    18     1     3        0  0.2163E+03  0.4024E+02  0.0000E+00  0.0000E+00
     1    18     1     4        0  0.1143E+06  0.1000E+03  0.0000E+00  0.0000E+00
     1    18     1     5        0  0.1772E+06  0.1000E+03  0.0000E+00  0.0000E+00
     1    18     2     1        0  0.2692E+01  0.5802E+02  0.0000E+00  0.0000E+00
     1    18     2     2        0  0.1005E+01  0.2994E+02  0.0000E+00  0.0000E+00
     1    18     2     3        0  0.6075E-02  0.2498E+01  0.0000E+00  0.0000E+00
     1    19     1     1        0  0.9001E+01  0.5553E+02  0.0000E+00  0.0000E+00
     1    19     1     2        0  0.5527E+02  0.1000E+03  0.0000E+00  0.0000E+00
     1    19     1     3        0  0.2025E+03  0.1000E+03  0.0000E+00  0.0000E+00
     1    19     1     4        0  0.7281E+03  0.1000E+03  0.0000E+00  0.0000E+00
     1    19     2     1        0  0.2960E+00  0.3835E+02  0.0000E+00  0.0000E+00
     1    19     2     2        0  0.1566E-01  0.8471E+01  0.0000E+00  0.0000E+00
     1    20     1     1        0  0.2891E+00  0.2633E+02  0.0000E+00  0.0000E+00
     1    20     1     2        0  0.3093E-01  0.8434E+01  0.0000E+00  0.0000E+00
     1    20     1     3        0  0.7301E-04  0.4180E+00  0.0000E+00  0.0000E+00
     1    21     1     1        0  0.5852E+01  0.6059E+02  0.0000E+00  0.0000E+00
     1    21     1     2        0  0.9259E+02  0.1000E+03  0.0000E+00  0.0000E+00
     1    21     1     3        0  0.3863E+03  0.1000E+03  0.0000E+00  0.0000E+00
     1    21     1     4        0  0.3429E+03  0.1000E+03  0.0000E+00  0.0000E+00
     1    21     2     1        0  0.9301E-01  0.2989E+02  0.0000E+00  0.0000E+00
     1    21     2     2        0  0.7441E-02  0.8403E+01  0.0000E+00  0.0000E+00
     1    22     1     1        0  0.1582E+00  0.2866E+02  0.0000E+00  0.0000E+00
     1    22     1     2        0  0.3169E-01  0.1278E+02  0.0000E+00  0.0000E+00
     1    22     1     3        0  0.2760E-03  0.1200E+01  0.0000E+00  0.0000E+00
     1    23     1     1        0  0.7604E+01  0.9530E+02  0.0000E+00  0.0000E+00
     1    23     1     2        0  0.1169E+03  0.1000E+03  0.0000E+00  0.0000E+00
     1    23     1     3        0  0.3876E+01  0.2012E+02  0.0000E+00  0.0000E+00
     1    23     1     4        0  0.1623E+02  0.3536E+02  0.0000E+00  0.0000E+00
     1    23     1     5        0  0.5353E+01  0.2141E+02  0.0000E+00  0.0000E+00
     1    23     2     1        0  0.7655E-01  0.3778E+02  0.0000E+00  0.0000E+00
     1    23     2     2        0  0.1681E-01  0.1770E+02  0.0000E+00  0.0000E+00
     1    23     2     3        0  0.2568E-03  0.2194E+01  0.0000E+00  0.0000E+00
     1    24     1     1        0  0.3883E+00  0.5475E+02  0.0000E+00  0.0000E+00
     1    24     1     2        0  0.9208E+00  0.8421E+02  0.0000E+00  0.0000E+00
     1    24     1     3        0  0.6270E+04  0.1000E+03  0.0000E+00  0.0000E+00
     1    24     1     4        0  0.6928E+02  0.3256E+02  0.0000E+00  0.0000E+00
