SUMMARY OF C0NVERGENCE INFORMATION
  STEP   INC  ATT   ITER     CONT.   RESID.        CORR.      RESID.      CORR.
                              EL.    FORCE         DISP       FLUX        TEMP.
                              (#)     (%)           (%)        (%)         (%)
     1     1     1     1        0  0.2034E+04  0.1000E+03  0.0000E+00  0.0000E+00
     1     1     1     2        0  0.3106E+05  0.3172E+02  0.0000E+00  0.0000E+00
     1     1     1     3        0  0.2699E+05  0.6621E+02  0.0000E+00  0.0000E+00
     1     1     1     4        0  0.7607E+05  0.2893E+02  0.0000E+00  0.0000E+00
     1     1     1     5        0  0.4676E+05  0.1000E+03  0.0000E+00  0.0000E+00
     1     1     2     1        0  0.5152E+03  0.1000E+03  0.0000E+00  0.0000E+00
     1     1     2     2        0  0.4186E+01  0.1776E+01  0.0000E+00  0.0000E+00
     1     1     2     3        0  0.0000E+00  0.5872E-02  0.0000E+00  0.0000E+00
     1     2     1     1        0  0.4306E+04  0.1123E+02  0.0000E+00  0.0000E+00
     1     2     1     2        0  0.1806E+02  0.7756E+01  0.0000E+00  0.0000E+00
     1     2     1     3        0  0.1747E+04  0.6845E+01  0.0000E+00  0.0000E+00
     1     2     1     4        0  0.1073E+03  0.3756E+01  0.0000E+00  0.0000E+00
     1     2     2     1        0  0.2029E+01  0.2649E+01  0.0000E+00  0.0000E+00
     1     2     2     2        0  0.0000E+00  0.1800E-01  0.0000E+00  0.0000E+00
     1     3     1     1        0  0.4522E+01  0.1837E+01  0.0000E+00  0.0000E+00
     1     3     1     2        0  0.0000E+00  0.3851E-01  0.0000E+00  0.0000E+00
     1     4     1     1        0  0.3442E+04  0.2265E+02  0.0000E+00  0.0000E+00
     1     4     1     2        0  0.4332E+01  0.1535E+02  0.0000E+00  0.0000E+00
     1     4     1     3        0  0.3001E+02  0.4872E+01  0.0000E+00  0.0000E+00
     1     4     1     4        0  0.1545E+00  0.1918E+00  0.0000E+00  0.0000E+00
     1     5     1     1        0  0.7857E+03  0.5519E+02  0.0000E+00  0.0000E+00
     1     5     1     2        0  0.3850E+05  0.1000E+03  0.0000E+00  0.0000E+00
     1     5     1     3        0  0.1793E+05  0.7534E+01  0.0000E+00  0.0000E+00
     1     5     1     4        0  0.1114E+06  0.2407E+02  0.0000E+00  0.0000E+00
     1     5     1     5        0  0.2921E+05  0.1000E+03  0.0000E+00  0.0000E+00
     1     5     2     1        0  0.7501E+03  0.7732E+02  0.0000E+00  0.0000E+00
     1     5     2     2        0  0.5578E+03  0.7356E+02  0.0000E+00  0.0000E+00
     1     5     2     3        0  0.2844E+02  0.2299E+02  0.0000E+00  0.0000E+00
     1     5     2     4        0  0.2783E+01  0.5887E+01  0.0000E+00  0.0000E+00
     1     5     2     5        0  0.4430E-02  0.4162E-01  0.0000E+00  0.0000E+00
     1     6     1     1        0  0.7530E+03  0.3434E+02  0.0000E+00  0.0000E+00
     1     6     1     2        0  0.1629E+03  0.2625E+02  0.0000E+00  0.0000E+00
     1     6     1     3        0  0.8649E+01  0.2541E+01  0.0000E+00  0.0000E+00
     1     6     1     4        0  0.3253E-01  0.2876E+00  0.0000E+00  0.0000E+00
     1     7     1     1        0  0.1460E+04  0.8442E+01  0.0000E+00  0.0000E+00
     1     7     1     2        0  0.2372E+04  0.1939E+02  0.0000E+00  0.0000E+00
     1     7     1     3        0  0.7266E+03  0.3750E+01  0.0000E+00  0.0000E+00
     1     7     1     4        0  0.7772E+04  0.2895E+02  0.0000E+00  0.0000E+00
     1     7     1     5        0  0.8361E+02  0.2889E+01  0.0000E+00  0.0000E+00
     1     7     1     6        0  0.2730E+05  0.7571E+02  0.0000E+00  0.0000E+00
     1     7     1     7        0  0.2990E+03  0.1443E+02  0.0000E+00  0.0000E+00
     1     7     2     1        0  0.1941E+03  0.1226E+02  0.0000E+00  0.0000E+00
     1     7     2     2        0  0.5510E+02  0.1001E+02  0.0000E+00  0.0000E+00
     1     7     2     3        0  0.1603E+02  0.4088E+01  0.0000E+00  0.0000E+00
     1     7     2     4        0  0.4258E+00  0.7046E+00  0.0000E+00  0.0000E+00
     1     8     1     1        0  0.2458E+02  0.2222E+01  0.0000E+00  0.0000E+00
     1     8     1     2        0  0.3101E+04  0.5805E+02  0.0000E+00  0.0000E+00
     1     8     1     3        0  0.1282E+02  0.3576E+01  0.0000E+00  0.0000E+00
     1     8     1     4        0  0.1345E+02  0.2277E+01  0.0000E+00  0.0000E+00
     1     8     1     5        0  0.7936E-01  0.2759E+00  0.0000E+00  0.0000E+00
     1     9     1     1        0  0.8185E+02  0.3538E+02  0.0000E+00  0.0000E+00
     1     9     1     2        0  0.1163E+04  0.7205E+02  0.0000E+00  0.0000E+00
     1     9     1     3        0  0.3500E+01  0.2478E+01  0.0000E+00  0.0000E+00
     1     9     1     4        0  0.3426E+02  0.5381E+01  0.0000E+00  0.0000E+00
     1     9     1     5        0  0.6213E-02  0.5563E-01  0.0000E+00  0.0000E+00
     1    10     1     1        0  0.2320E+03  0.3162E+02  0.0000E+00  0.0000E+00
     1    10     1     2        0  0.7291E+02  0.3423E+02  0.0000E+00  0.0000E+00
     1    10     1     3        0  0.9062E+01  0.1992E+01  0.0000E+00  0.0000E+00
     1    10     1     4        0  0.2045E-01  0.1011E+00  0.0000E+00  0.0000E+00
     1    11     1     1        0  0.1444E+03  0.8068E+01  0.0000E+00  0.0000E+00
     1    11     1     2        0  0.8823E+02  0.2541E+01  0.0000E+00  0.0000E+00
     1    11     1     3        0  0.6805E+01  0.2157E+01  0.0000E+00  0.0000E+00
     1    11     1     4        0  0.2546E+00  0.4552E+00  0.0000E+00  0.0000E+00
     1    12     1     1        0  0.2475E+03  0.4618E+01  0.0000E+00  0.0000E+00
     1    12     1     2        0  0.1156E+03  0.4617E+01  0.0000E+00  0.0000E+00
     1    12     1     3        0  0.1510E+02  0.2752E+01  0.0000E+00  0.0000E+00
     1    12     1     4        0  0.6702E+00  0.6091E+00  0.0000E+00  0.0000E+00
     1    12     1     5        0  0.6322E-03  0.1953E-01  0.0000E+00  0.0000E+00
     1    13     1     1        0  0.1756E+03  0.2813E+01  0.0000E+00  0.0000E+00
     1    13     1     2        0  0.7497E+02  0.7424E+01  0.0000E+00  0.0000E+00
     1    13     1     3        0  0.4786E+01  0.1924E+01  0.0000E+00  0.0000E+00
     1    13     1     4        0  0.7692E-01  0.2554E+00  0.0000E+00  0.0000E+00
     1    14     1     1        0  0.9337E+02  0.2797E+01  0.0000E+00  0.0000E+00
     1    14     1     2        0  0.3515E+02  0.6854E+01  0.0000E+00  0.0000E+00
     1    14     1     3        0  0.7354E+00  0.8623E+00  0.0000E+00  0.0000E+00
     1    14     1     4        0  0.2275E-02  0.5058E-01  0.0000E+00  0.0000E+00
     1    15     1     1        0  0.2203E+03  0.4321E+01  0.0000E+00  0.0000E+00
     1    15     1     2        0  0.1017E+03  0.6989E+01  0.0000E+00  0.0000E+00
     1    15     1     3        0  0.2732E+02  0.1107E+01  0.0000E+00  0.0000E+00
     1    15     1     4        0  0.9085E+01  0.4435E+00  0.0000E+00  0.0000E+00
     1    15     1     5        0  0.3110E+00  0.7849E-01  0.0000E+00  0.0000E+00
     1    16     1     1        0  0.2314E+03  0.8255E+01  0.0000E+00  0.0000E+00
     1    16     1     2        0  0.1529E+07  0.1000E+03  0.0000E+00  0.0000E+00
     1    16     1     3        0  0.1072E+07  0.1000E+03  0.0000E+00  0.0000E+00
     1    16     1     4        0  0.4808E+06  0.7383E+02  0.0000E+00  0.0000E+00
     1    16     1     5        0  0.1058E+06  0.9887E+02  0.0000E+00  0.0000E+00
     1    16     1     6        0  0.3380E+05  0.6200E+02  0.0000E+00  0.0000E+00
     1    16     1     7        0  0.2764E+05  0.7652E+02  0.0000E+00  0.0000E+00
     1    16     1     8        0  0.8708E+05  0.1000E+03  0.0000E+00  0.0000E+00
     1    16     1     9        0  0.9729E+05  0.1000E+03  0.0000E+00  0.0000E+00
     1    16     2     1        0  0.4070E+02  0.7157E+01  0.0000E+00  0.0000E+00
     1    16     2     2        0  0.3825E+03  0.1255E+02  0.0000E+00  0.0000E+00
     1    16     2     3        0  0.2645E+01  0.1541E+01  0.0000E+00  0.0000E+00
     1    16     2     4        0  0.5702E+02  0.4500E+01  0.0000E+00  0.0000E+00
     1    16     2     5        0  0.2044E-02  0.1413E+00  0.0000E+00  0.0000E+00
     1    17     1     1        0  0.8855E+01  0.9834E+01  0.0000E+00  0.0000E+00
     1    17     1     2        0  0.4343E+04  0.4959E+02  0.0000E+00  0.0000E+00
     1    17     1     3        0  0.1701E+02  0.1306E+02  0.0000E+00  0.0000E+00
     1    17     1     4        0  0.1343E+03  0.1468E+02  0.0000E+00  0.0000E+00
     1    17     1     5        0  0.1590E+01  0.7527E+00  0.0000E+00  0.0000E+00
     1    17     1     6        0  0.2255E+01  0.1509E+01  0.0000E+00  0.0000E+00
     1    17     1     7        0  0.1313E-02  0.3304E-01  0.0000E+00  0.0000E+00
     1    18     1     1        0  0.3180E+03  0.5048E+02  0.0000E+00  0.0000E+00
     1    18     1     2        0  0.5761E+03  0.1277E+02  0.0000E+00  0.0000E+00
     1    18     1     3        0  0.2246E+04  0.2607E+02  0.0000E+00  0.0000E+00
     1    18     1     4        0  0.3700E+03  0.2416E+02  0.0000E+00  0.0000E+00
     1    18     1     5        0  0.2291E+04  0.2356E+02  0.0000E+00  0.0000E+00
     1    18     1     6        0  0.1002E+03  0.1631E+02  0.0000E+00  0.0000E+00
     1    18     1     7        0  0.2143E+04  0.4207E+02  0.0000E+00  0.0000E+00
     1    18     1     8        0  0.5997E+01  0.5865E+01  0.0000E+00  0.0000E+00
     1    18     1     9        0  0.5641E+03  0.1302E+02  0.0000E+00  0.0000E+00
     1    18     1    10        0  0.3949E+00  0.8986E+00  0.0000E+00  0.0000E+00
     1    19     1     1        0  0.3956E+04  0.1000E+03  0.0000E+00  0.0000E+00
     1    19     1     2        0  0.1397E+04  0.1660E+02  0.0000E+00  0.0000E+00
     1    19     1     3        0  0.3483E+05  0.1000E+03  0.0000E+00  0.0000E+00
     1    19     1     4        0  0.9401E+03  0.6556E+02  0.0000E+00  0.0000E+00
     1    19     1     5        0  0.1841E+07  0.1000E+03  0.0000E+00  0.0000E+00
     1    19     1     6        0  0.1593E+07  0.1000E+03  0.0000E+00  0.0000E+00
     1    19     2     1        0  0.2640E+03  0.1000E+03  0.0000E+00  0.0000E+00
     1    19     2     2        0  0.3142E+03  0.1000E+03  0.0000E+00  0.0000E+00
     1    19     2     3        0  0.7381E+02  0.6576E+01  0.0000E+00  0.0000E+00
     1    19     2     4        0  0.9418E+02  0.4738E+01  0.0000E+00  0.0000E+00
     1    19     2     5        0  0.2258E+02  0.2836E+01  0.0000E+00  0.0000E+00
     1    19     2     6        0  0.2560E+02  0.3269E+01  0.0000E+00  0.0000E+00
     1    19     2     7        0  0.1287E+01  0.8117E+00  0.0000E+00  0.0000E+00
     1    19     2     8        0  0.1658E+00  0.2769E+00  0.0000E+00  0.0000E+00
     1    20     1     1        0  0.9696E+00  0.1260E+02  0.0000E+00  0.0000E+00
     1    20     1     2        0  0.6858E+02  0.2062E+02  0.0000E+00  0.0000E+00
     1    20     1     3        0  0.1505E-01  0.3886E+00  0.0000E+00  0.0000E+00
     1    21     1     1        0  0.2041E+01  0.1894E+02  0.0000E+00  0.0000E+00
     1    21     1     2        0  0.1319E+02  0.1051E+02  0.0000E+00  0.0000E+00
     1    21     1     3        0  0.2909E-02  0.2995E+00  0.0000E+00  0.0000E+00
     1    22     1     1        0  0.1094E+02  0.3603E+02  0.0000E+00  0.0000E+00
     1    22     1     2        0  0.4595E+02  0.2283E+02  0.0000E+00  0.0000E+00
     1    22     1     3        0  0.7852E+00  0.3538E+01  0.0000E+00  0.0000E+00
     1    22     1     4        0  0.2531E+00  0.1370E+01  0.0000E+00  0.0000E+00
     1    23     1     1        0  0.1018E+03  0.8673E+02  0.0000E+00  0.0000E+00
     1    23     1     2        0  0.6992E+05  0.1000E+03  0.0000E+00  0.0000E+00
     1    23     1     3        0  0.2098E+05  0.9286E+02  0.0000E+00  0.0000E+00
     1    23     1     4        0  0.1566E+05  0.1000E+03  0.0000E+00  0.0000E+00
     1    23     1     5        0  0.2118E+05  0.7124E+02  0.0000E+00  0.0000E+00
     1    23     1     6        0  0.8350E+06  0.1000E+03  0.0000E+00  0.0000E+00
     1    23     2     1        0  0.3886E+01  0.5483E+02  0.0000E+00  0.0000E+00
     1    23     2     2        0  0.6595E+02  0.6734E+02  0.0000E+00  0.0000E+00
     1    23     2     3        0  0.5359E+00  0.1367E+02  0.0000E+00  0.0000E+00
     1    23     2     4        0  0.9826E+00  0.8880E+01  0.0000E+00  0.0000E+00
     1    23     2     5        0  0.2074E-02  0.5908E+00  0.0000E+00  0.0000E+00
     1    24     1     1        0  0.1563E+02  0.5831E+02  0.0000E+00  0.0000E+00
     1    24     1     2        0  0.1785E+04  0.1000E+03  0.0000E+00  0.0000E+00
     1    24     1     3        0  0.1148E+02  0.2045E+02  0.0000E+00  0.0000E+00
     1    24     1     4        0  0.1061E+04  0.4471E+02  0.0000E+00  0.0000E+00
     1    24     1     5        0  0.9943E+01  0.1695E+02  0.0000E+00  0.0000E+00
     1    24     1     6        0  0.7198E+04  0.1000E+03  0.0000E+00  0.0000E+00
     1    24     1     7        0  0.4253E+02  0.2945E+02  0.0000E+00  0.0000E+00
     1    24     2     1        0  0.1396E+01  0.5978E+02  0.0000E+00  0.0000E+00
     1    24     2     2        0  0.1349E+03  0.1000E+03  0.0000E+00  0.0000E+00
     1    24     2     3        0  0.7524E+01  0.5197E+02  0.0000E+00  0.0000E+00
     1    24     2     4        0  0.1213E+03  0.1000E+03  0.0000E+00  0.0000E+00
     1    24     2     5        0  0.1444E+01  0.1913E+02  0.0000E+00  0.0000E+00
     1    24     2     6        0  0.7175E+03  0.1000E+03  0.0000E+00  0.0000E+00
     1    24     2     7        0  0.1735E+02  0.4635E+02  0.0000E+00  0.0000E+00
     1    24     3     1        0  0.2895E+00  0.7104E+02  0.0000E+00  0.0000E+00
     1    24     3     2        0  0.6993E+00  0.5479E+02  0.0000E+00  0.0000E+00
     1    24     3     3        0  0.2212E-02  0.4160E+01  0.0000E+00  0.0000E+00
     1    25     1     1        0  0.2856E+00  0.2481E+02  0.0000E+00  0.0000E+00
     1    25     1     2        0  0.3580E+00  0.2057E+02  0.0000E+00  0.0000E+00
     1    25     1     3        0  0.3633E-02  0.2355E+01  0.0000E+00  0.0000E+00
     1    26     1     1        0  0.2780E+01  0.4615E+02  0.0000E+00  0.0000E+00
     1    26     1     2        0  0.5206E+03  0.1000E+03  0.0000E+00  0.0000E+00
     1    26     1     3        0  0.2818E+01  0.1968E+02  0.0000E+00  0.0000E+00
     1    26     1     4        0  0.1564E+03  0.3686E+02  0.0000E+00  0.0000E+00
     1    26     1     5        0  0.1326E+01  0.1043E+02  0.0000E+00  0.0000E+00
     1    26     1     6        0  0.6331E+02  0.2794E+02  0.0000E+00  0.0000E+00
     1    26     1     7        0  0.5913E+01  0.1453E+02  0.0000E+00  0.0000E+00
     1    26     2     1        0  0.2484E+00  0.3916E+02  0.0000E+00  0.0000E+00
     1    26     2     2        0  0.2296E+00  0.3227E+02  0.0000E+00  0.0000E+00
     1    26     2     3        0  0.6448E-02  0.5784E+01  0.0000E+00  0.0000E+00
     1    27     1     1        0  0.1636E+01  0.5897E+02  0.0000E+00  0.0000E+00
     1    27     1     2        0  0.8849E+04  0.1000E+03  0.0000E+00  0.0000E+00
     1    27     1     3        0  0.1063E+03  0.4031E+02  0.0000E+00  0.0000E+00
     1    27     1     4        0  0.2668E+04  0.1000E+03  0.0000E+00  0.0000E+00
     1    27     1     5        0  0.4145E+02  0.1553E+02  0.0000E+00  0.0000E+00
     1    27     1     6        0  0.5680E+03  0.2848E+02  0.0000E+00  0.0000E+00
     1    27     1     7        0  0.9475E+01  0.8045E+01  0.0000E+00  0.0000E+00
     1    27     1     8        0  0.1377E+03  0.1628E+02  0.0000E+00  0.0000E+00
     1    27     1     9        0  0.6311E+01  0.4742E+01  0.0000E+00  0.0000E+00
     1    27     1    10        0  0.5280E+02  0.9612E+01  0.0000E+00  0.0000E+00
     1    27     1    11        0  0.7180E+01  0.3800E+01  0.0000E+00  0.0000E+00
