SUMMARY OF C0NVERGENCE INFORMATION
  STEP   INC  ATT   ITER     CONT.   RESID.        CORR.      RESID.      CORR.
                              EL.    FORCE         DISP       FLUX        TEMP.
                              (#)     (%)           (%)        (%)         (%)
     1     1     1     1        0  0.2055E+04  0.1000E+03  0.0000E+00  0.0000E+00
     1     1     1     2        0  0.3419E+05  0.3541E+02  0.0000E+00  0.0000E+00
     1     1     1     3        0  0.2634E+05  0.8560E+02  0.0000E+00  0.0000E+00
     1     1     1     4        0  0.2500E+05  0.6972E+02  0.0000E+00  0.0000E+00
     1     1     1     5        0  0.7811E+04  0.2194E+02  0.0000E+00  0.0000E+00
     1     1     1     6        0  0.2606E+05  0.9267E+02  0.0000E+00  0.0000E+00
     1     1     1     7        0  0.9222E+04  0.3965E+02  0.0000E+00  0.0000E+00
     1     1     2     1        0  0.5206E+03  0.1000E+03  0.0000E+00  0.0000E+00
     1     1     2     2        0  0.4236E+01  0.1786E+01  0.0000E+00  0.0000E+00
     1     1     2     3        0  0.0000E+00  0.6023E-02  0.0000E+00  0.0000E+00
     1     2     1     1        0  0.3721E+04  0.1038E+02  0.0000E+00  0.0000E+00
     1     2     1     2        0  0.1500E+02  0.6735E+01  0.0000E+00  0.0000E+00
     1     2     1     3        0  0.2673E+04  0.7803E+01  0.0000E+00  0.0000E+00
     1     2     1     4        0  0.8156E+02  0.6097E+01  0.0000E+00  0.0000E+00
     1     2     2     1        0  0.2074E+01  0.2676E+01  0.0000E+00  0.0000E+00
     1     2     2     2        0  0.0000E+00  0.1804E-01  0.0000E+00  0.0000E+00
     1     3     1     1        0  0.4725E+01  0.1885E+01  0.0000E+00  0.0000E+00
     1     3     1     2        0  0.0000E+00  0.3992E-01  0.0000E+00  0.0000E+00
     1     4     1     1        0  0.4383E+04  0.2608E+02  0.0000E+00  0.0000E+00
     1     4     1     2        0  0.7766E+01  0.1958E+02  0.0000E+00  0.0000E+00
     1     4     1     3        0  0.7862E+02  0.8640E+01  0.0000E+00  0.0000E+00
     1     4     1     4        0  0.1053E+01  0.5480E+00  0.0000E+00  0.0000E+00
     1     4     1     5        0  0.2309E-01  0.1295E+00  0.0000E+00  0.0000E+00
     1     5     1     1        0  0.6875E+03  0.5674E+02  0.0000E+00  0.0000E+00
     1     5     1     2        0  0.1240E+05  0.1000E+03  0.0000E+00  0.0000E+00
     1     5     1     3        0  0.5516E+04  0.1323E+02  0.0000E+00  0.0000E+00
     1     5     1     4        0  0.2279E+03  0.2043E+02  0.0000E+00  0.0000E+00
     1     5     1     5        0  0.6606E+05  0.5828E+02  0.0000E+00  0.0000E+00
     1     5     1     6        0  0.8666E+04  0.1000E+03  0.0000E+00  0.0000E+00
     1     5     2     1        0  0.4788E+03  0.8630E+02  0.0000E+00  0.0000E+00
     1     5     2     2        0  0.2287E+03  0.6552E+02  0.0000E+00  0.0000E+00
     1     5     2     3        0  0.1114E+02  0.1775E+02  0.0000E+00  0.0000E+00
     1     5     2     4        0  0.2645E+00  0.2422E+01  0.0000E+00  0.0000E+00
     1     6     1     1        0  0.3290E+03  0.2570E+02  0.0000E+00  0.0000E+00
     1     6     1     2        0  0.7670E+02  0.1986E+02  0.0000E+00  0.0000E+00
     1     6     1     3        0  0.1171E+02  0.1480E+01  0.0000E+00  0.0000E+00
     1     6     1     4        0  0.5129E+00  0.1458E+00  0.0000E+00  0.0000E+00
     1     6     1     5        0  0.2311E-02  0.9554E-02  0.0000E+00  0.0000E+00
     1     7     1     1        0  0.2507E+03  0.9957E+01  0.0000E+00  0.0000E+00
     1     7     1     2        0  0.3064E+01  0.6326E+01  0.0000E+00  0.0000E+00
     1     7     1     3        0  0.2842E-01  0.4532E-01  0.0000E+00  0.0000E+00
     1     8     1     1        0  0.6064E+03  0.7005E+01  0.0000E+00  0.0000E+00
     1     8     1     2        0  0.1937E+04  0.2285E+02  0.0000E+00  0.0000E+00
     1     8     1     3        0  0.1379E+03  0.4151E+01  0.0000E+00  0.0000E+00
     1     8     1     4        0  0.8360E+04  0.4365E+02  0.0000E+00  0.0000E+00
     1     8     1     5        0  0.4660E+02  0.6548E+01  0.0000E+00  0.0000E+00
     1     8     1     6        0  0.1428E+03  0.1727E+02  0.0000E+00  0.0000E+00
     1     8     1     7        0  0.1008E+01  0.4187E+00  0.0000E+00  0.0000E+00
     1     8     1     8        0  0.3018E+00  0.3314E+00  0.0000E+00  0.0000E+00
     1     9     1     1        0  0.1649E+06  0.1000E+03  0.0000E+00  0.0000E+00
     1     9     1     2        0  0.2369E+05  0.1000E+03  0.0000E+00  0.0000E+00
     1     9     1     3        0  0.8003E+04  0.2596E+02  0.0000E+00  0.0000E+00
     1     9     1     4        0  0.4889E+04  0.1852E+02  0.0000E+00  0.0000E+00
     1     9     1     5        0  0.2492E+04  0.9830E+01  0.0000E+00  0.0000E+00
     1     9     1     6        0  0.1426E+04  0.6087E+01  0.0000E+00  0.0000E+00
     1     9     1     7        0  0.7250E+03  0.3200E+01  0.0000E+00  0.0000E+00
     1     9     1     8        0  0.3719E+03  0.1778E+01  0.0000E+00  0.0000E+00
     1     9     2     1        0  0.2379E+03  0.5938E+02  0.0000E+00  0.0000E+00
     1     9     2     2        0  0.2091E+04  0.9833E+02  0.0000E+00  0.0000E+00
     1     9     2     3        0  0.3859E+02  0.4299E+01  0.0000E+00  0.0000E+00
     1     9     2     4        0  0.1911E+03  0.1195E+02  0.0000E+00  0.0000E+00
     1     9     2     5        0  0.4490E-01  0.1201E+00  0.0000E+00  0.0000E+00
     1    10     1     1        0  0.5107E+03  0.1844E+02  0.0000E+00  0.0000E+00
     1    10     1     2        0  0.1608E+03  0.1240E+02  0.0000E+00  0.0000E+00
     1    10     1     3        0  0.7422E+02  0.5229E+01  0.0000E+00  0.0000E+00
     1    10     1     4        0  0.3680E+01  0.1233E+01  0.0000E+00  0.0000E+00
     1    10     1     5        0  0.9015E-01  0.2083E+00  0.0000E+00  0.0000E+00
     1    11     1     1        0  0.2085E+03  0.4282E+01  0.0000E+00  0.0000E+00
     1    11     1     2        0  0.1040E+03  0.5750E+01  0.0000E+00  0.0000E+00
     1    11     1     3        0  0.9560E+01  0.2510E+01  0.0000E+00  0.0000E+00
     1    11     1     4        0  0.3306E+00  0.4900E+00  0.0000E+00  0.0000E+00
     1    12     1     1        0  0.1009E+03  0.2378E+01  0.0000E+00  0.0000E+00
     1    12     1     2        0  0.4954E+02  0.7039E+01  0.0000E+00  0.0000E+00
     1    12     1     3        0  0.1235E+01  0.1115E+01  0.0000E+00  0.0000E+00
     1    12     1     4        0  0.9012E-02  0.1005E+00  0.0000E+00  0.0000E+00
     1    13     1     1        0  0.1987E+03  0.3616E+01  0.0000E+00  0.0000E+00
     1    13     1     2        0  0.5696E+02  0.7196E+01  0.0000E+00  0.0000E+00
     1    13     1     3        0  0.4125E+01  0.1544E+01  0.0000E+00  0.0000E+00
     1    13     1     4        0  0.2981E-01  0.1372E+00  0.0000E+00  0.0000E+00
     1    14     1     1        0  0.6648E+03  0.7132E+01  0.0000E+00  0.0000E+00
     1    14     1     2        0  0.8654E+03  0.8792E+01  0.0000E+00  0.0000E+00
     1    14     1     3        0  0.7680E+02  0.2491E+01  0.0000E+00  0.0000E+00
     1    14     1     4        0  0.9991E+04  0.1067E+02  0.0000E+00  0.0000E+00
     1    14     1     5        0  0.5758E+02  0.4006E+01  0.0000E+00  0.0000E+00
     1    14     1     6        0  0.1105E+04  0.4765E+01  0.0000E+00  0.0000E+00
     1    14     1     7        0  0.3086E+01  0.4962E+00  0.0000E+00  0.0000E+00
     1    14     1     8        0  0.1035E+03  0.1683E+01  0.0000E+00  0.0000E+00
     1    14     1     9        0  0.3679E-01  0.2202E-01  0.0000E+00  0.0000E+00
     1    15     1     1        0  0.2378E+04  0.5975E+02  0.0000E+00  0.0000E+00
     1    15     1     2        0  0.5549E+03  0.1000E+03  0.0000E+00  0.0000E+00
     1    15     1     3        0  0.8703E+05  0.1000E+03  0.0000E+00  0.0000E+00
     1    15     1     4        0  0.6224E+04  0.6088E+02  0.0000E+00  0.0000E+00
     1    15     2     1        0  0.8874E+02  0.2854E+02  0.0000E+00  0.0000E+00
     1    15     2     2        0  0.3921E+04  0.8433E+02  0.0000E+00  0.0000E+00
     1    15     2     3        0  0.1986E+02  0.4809E+02  0.0000E+00  0.0000E+00
     1    15     2     4        0  0.4485E+02  0.2089E+02  0.0000E+00  0.0000E+00
     1    15     2     5        0  0.5914E+01  0.1614E+01  0.0000E+00  0.0000E+00
     1    15     2     6        0  0.6148E+00  0.5179E+00  0.0000E+00  0.0000E+00
     1    15     2     7        0  0.1331E-02  0.2411E-01  0.0000E+00  0.0000E+00
     1    16     1     1        0  0.9622E+03  0.1000E+03  0.0000E+00  0.0000E+00
     1    16     1     2        0  0.3018E+03  0.5590E+02  0.0000E+00  0.0000E+00
     1    16     1     3        0  0.7253E+05  0.1000E+03  0.0000E+00  0.0000E+00
     1    16     1     4        0  0.3370E+04  0.5018E+02  0.0000E+00  0.0000E+00
     1    16     2     1        0  0.2859E+02  0.1000E+03  0.0000E+00  0.0000E+00
     1    16     2     2        0  0.5274E+02  0.4534E+02  0.0000E+00  0.0000E+00
     1    16     2     3        0  0.2346E+01  0.2705E+01  0.0000E+00  0.0000E+00
     1    16     2     4        0  0.6874E-01  0.8045E+00  0.0000E+00  0.0000E+00
     1    17     1     1        0  0.9842E+01  0.4444E+02  0.0000E+00  0.0000E+00
     1    17     1     2        0  0.6059E+02  0.7297E+02  0.0000E+00  0.0000E+00
     1    17     1     3        0  0.1210E+02  0.3660E+02  0.0000E+00  0.0000E+00
     1    17     1     4        0  0.3849E+02  0.6261E+02  0.0000E+00  0.0000E+00
     1    17     1     5        0  0.2473E+03  0.1000E+03  0.0000E+00  0.0000E+00
     1    17     2     1        0  0.3713E+00  0.3300E+02  0.0000E+00  0.0000E+00
     1    17     2     2        0  0.2959E-01  0.5951E+01  0.0000E+00  0.0000E+00
     1    18     1     1        0  0.4236E+00  0.2123E+02  0.0000E+00  0.0000E+00
     1    18     1     2        0  0.2569E-01  0.4295E+01  0.0000E+00  0.0000E+00
     1    18     1     3        0  0.0000E+00  0.7264E-01  0.0000E+00  0.0000E+00
     1    19     1     1        0  0.4318E+01  0.3706E+02  0.0000E+00  0.0000E+00
     1    19     1     2        0  0.4057E+01  0.3068E+02  0.0000E+00  0.0000E+00
     1    19     1     3        0  0.1237E+00  0.5688E+01  0.0000E+00  0.0000E+00
     1    20     1     1        0  0.3161E+02  0.4915E+02  0.0000E+00  0.0000E+00
     1    20     1     2        0  0.1498E+04  0.1000E+03  0.0000E+00  0.0000E+00
     1    20     1     3        0  0.1149E+02  0.1703E+02  0.0000E+00  0.0000E+00
     1    20     1     4        0  0.4161E+03  0.4083E+02  0.0000E+00  0.0000E+00
     1    20     1     5        0  0.2478E+02  0.1574E+02  0.0000E+00  0.0000E+00
     1    20     2     1        0  0.9489E+01  0.8333E+02  0.0000E+00  0.0000E+00
     1    20     2     2        0  0.1091E+03  0.1000E+03  0.0000E+00  0.0000E+00
     1    20     2     3        0  0.1739E+03  0.1000E+03  0.0000E+00  0.0000E+00
     1    20     2     4        0  0.2219E+05  0.1000E+03  0.0000E+00  0.0000E+00
     1    20     3     1        0  0.6566E+00  0.8401E+02  0.0000E+00  0.0000E+00
     1    20     3     2        0  0.7436E-01  0.2718E+02  0.0000E+00  0.0000E+00
     1    20     3     3        0  0.3054E-03  0.1790E+01  0.0000E+00  0.0000E+00
     1    21     1     1        0  0.4972E+00  0.3483E+02  0.0000E+00  0.0000E+00
     1    21     1     2        0  0.1606E+00  0.1948E+02  0.0000E+00  0.0000E+00
     1    21     1     3        0  0.2953E-02  0.2667E+01  0.0000E+00  0.0000E+00
     1    22     1     1        0  0.2781E+02  0.1000E+03  0.0000E+00  0.0000E+00
     1    22     1     2        0  0.2567E+03  0.1000E+03  0.0000E+00  0.0000E+00
     1    22     1     3        0  0.2692E+01  0.1372E+02  0.0000E+00  0.0000E+00
     1    22     1     4        0  0.3535E+02  0.3400E+02  0.0000E+00  0.0000E+00
     1    22     1     5        0  0.1133E+02  0.2089E+02  0.0000E+00  0.0000E+00
     1    22     2     1        0  0.6763E+00  0.6991E+02  0.0000E+00  0.0000E+00
     1    22     2     2        0  0.6249E+00  0.6678E+02  0.0000E+00  0.0000E+00
     1    22     2     3        0  0.3394E+00  0.4940E+02  0.0000E+00  0.0000E+00
     1    22     2     4        0  0.8356E+00  0.7754E+02  0.0000E+00  0.0000E+00
     1    22     2     5        0  0.2696E+01  0.1000E+03  0.0000E+00  0.0000E+00
