SUMMARY OF C0NVERGENCE INFORMATION
  STEP   INC  ATT   ITER     CONT.   RESID.        CORR.      RESID.      CORR.
                              EL.    FORCE         DISP       FLUX        TEMP.
                              (#)     (%)           (%)        (%)         (%)
     1     1     1     1        0  0.2029E+04  0.1000E+03  0.0000E+00  0.0000E+00
     1     1     1     2        0  0.3146E+05  0.3194E+02  0.0000E+00  0.0000E+00
     1     1     1     3        0  0.2777E+05  0.6924E+02  0.0000E+00  0.0000E+00
     1     1     1     4        0  0.7999E+05  0.3628E+02  0.0000E+00  0.0000E+00
     1     1     1     5        0  0.4804E+05  0.1000E+03  0.0000E+00  0.0000E+00
     1     1     2     1        0  0.5138E+03  0.1000E+03  0.0000E+00  0.0000E+00
     1     1     2     2        0  0.4200E+01  0.1764E+01  0.0000E+00  0.0000E+00
     1     1     2     3        0  0.0000E+00  0.5937E-02  0.0000E+00  0.0000E+00
     1     2     1     1        0  0.4210E+04  0.1097E+02  0.0000E+00  0.0000E+00
     1     2     1     2        0  0.1756E+02  0.7690E+01  0.0000E+00  0.0000E+00
     1     2     1     3        0  0.1812E+04  0.6966E+01  0.0000E+00  0.0000E+00
     1     2     1     4        0  0.1065E+03  0.3993E+01  0.0000E+00  0.0000E+00
     1     2     2     1        0  0.2043E+01  0.2638E+01  0.0000E+00  0.0000E+00
     1     2     2     2        0  0.0000E+00  0.1807E-01  0.0000E+00  0.0000E+00
     1     3     1     1        0  0.4580E+01  0.1844E+01  0.0000E+00  0.0000E+00
     1     3     1     2        0  0.0000E+00  0.3917E-01  0.0000E+00  0.0000E+00
     1     4     1     1        0  0.3603E+04  0.2340E+02  0.0000E+00  0.0000E+00
     1     4     1     2        0  0.5045E+01  0.1623E+02  0.0000E+00  0.0000E+00
     1     4     1     3        0  0.3952E+02  0.5743E+01  0.0000E+00  0.0000E+00
     1     4     1     4        0  0.2699E+00  0.2596E+00  0.0000E+00  0.0000E+00
     1     5     1     1        0  0.7566E+03  0.5566E+02  0.0000E+00  0.0000E+00
     1     5     1     2        0  0.3712E+05  0.1000E+03  0.0000E+00  0.0000E+00
     1     5     1     3        0  0.8510E+03  0.4463E+01  0.0000E+00  0.0000E+00
     1     5     1     4        0  0.1268E+06  0.3570E+02  0.0000E+00  0.0000E+00
     1     5     1     5        0  0.5213E+05  0.1000E+03  0.0000E+00  0.0000E+00
     1     5     2     1        0  0.7162E+03  0.7711E+02  0.0000E+00  0.0000E+00
     1     5     2     2        0  0.5614E+03  0.7404E+02  0.0000E+00  0.0000E+00
     1     5     2     3        0  0.2288E+02  0.2143E+02  0.0000E+00  0.0000E+00
     1     5     2     4        0  0.2309E+01  0.5365E+01  0.0000E+00  0.0000E+00
     1     5     2     5        0  0.3365E-02  0.2440E-01  0.0000E+00  0.0000E+00
     1     6     1     1        0  0.7201E+03  0.3380E+02  0.0000E+00  0.0000E+00
     1     6     1     2        0  0.1567E+03  0.2584E+02  0.0000E+00  0.0000E+00
     1     6     1     3        0  0.7894E+01  0.2466E+01  0.0000E+00  0.0000E+00
     1     6     1     4        0  0.2767E-01  0.2675E+00  0.0000E+00  0.0000E+00
     1     7     1     1        0  0.1567E+04  0.5764E+01  0.0000E+00  0.0000E+00
     1     7     1     2        0  0.1961E+04  0.1814E+02  0.0000E+00  0.0000E+00
     1     7     1     3        0  0.1045E+04  0.9606E+01  0.0000E+00  0.0000E+00
     1     7     1     4        0  0.3505E+04  0.1903E+02  0.0000E+00  0.0000E+00
     1     7     1     5        0  0.2031E+03  0.2171E+01  0.0000E+00  0.0000E+00
     1     7     1     6        0  0.1764E+05  0.5402E+02  0.0000E+00  0.0000E+00
     1     7     1     7        0  0.1096E+03  0.7540E+01  0.0000E+00  0.0000E+00
     1     7     1     8        0  0.1088E+03  0.1602E+02  0.0000E+00  0.0000E+00
     1     7     2     1        0  0.7000E+03  0.1040E+02  0.0000E+00  0.0000E+00
     1     7     2     2        0  0.3573E+03  0.1398E+02  0.0000E+00  0.0000E+00
     1     7     2     3        0  0.6343E+03  0.1272E+02  0.0000E+00  0.0000E+00
     1     7     2     4        0  0.1030E+03  0.6489E+01  0.0000E+00  0.0000E+00
     1     7     2     5        0  0.4177E+03  0.1249E+02  0.0000E+00  0.0000E+00
     1     7     2     6        0  0.7003E+01  0.2156E+01  0.0000E+00  0.0000E+00
     1     7     2     7        0  0.2229E+02  0.3195E+01  0.0000E+00  0.0000E+00
     1     7     2     8        0  0.5125E-02  0.7080E-01  0.0000E+00  0.0000E+00
     1     8     1     1        0  0.1965E+03  0.5330E+02  0.0000E+00  0.0000E+00
     1     8     1     2        0  0.9115E+04  0.1000E+03  0.0000E+00  0.0000E+00
     1     8     1     3        0  0.4647E+03  0.6979E+01  0.0000E+00  0.0000E+00
     1     8     1     4        0  0.6815E+03  0.9323E+01  0.0000E+00  0.0000E+00
     1     8     1     5        0  0.2098E+01  0.2131E+00  0.0000E+00  0.0000E+00
     1     8     1     6        0  0.6543E-02  0.1012E-01  0.0000E+00  0.0000E+00
     1     9     1     1        0  0.2546E+04  0.4649E+02  0.0000E+00  0.0000E+00
     1     9     1     2        0  0.2699E+03  0.4550E+02  0.0000E+00  0.0000E+00
     1     9     1     3        0  0.6830E+03  0.1056E+02  0.0000E+00  0.0000E+00
     1     9     1     4        0  0.7010E+01  0.7748E+00  0.0000E+00  0.0000E+00
     1     9     1     5        0  0.9563E+01  0.1486E+01  0.0000E+00  0.0000E+00
     1     9     1     6        0  0.3498E-02  0.2947E-01  0.0000E+00  0.0000E+00
     1    10     1     1        0  0.8042E+03  0.8749E+01  0.0000E+00  0.0000E+00
     1    10     1     2        0  0.1721E+03  0.5615E+01  0.0000E+00  0.0000E+00
     1    10     1     3        0  0.1123E+03  0.6360E+01  0.0000E+00  0.0000E+00
     1    10     1     4        0  0.4050E+01  0.1223E+01  0.0000E+00  0.0000E+00
     1    10     1     5        0  0.1278E+00  0.2292E+00  0.0000E+00  0.0000E+00
     1    11     1     1        0  0.3263E+03  0.4679E+01  0.0000E+00  0.0000E+00
     1    11     1     2        0  0.8069E+02  0.8545E+01  0.0000E+00  0.0000E+00
     1    11     1     3        0  0.1284E+02  0.2642E+01  0.0000E+00  0.0000E+00
     1    11     1     4        0  0.1613E+00  0.3074E+00  0.0000E+00  0.0000E+00
     1    12     1     1        0  0.1908E+03  0.4473E+01  0.0000E+00  0.0000E+00
     1    12     1     2        0  0.1474E+03  0.7270E+01  0.0000E+00  0.0000E+00
     1    12     1     3        0  0.3565E+02  0.1242E+01  0.0000E+00  0.0000E+00
     1    12     1     4        0  0.3124E+02  0.9026E+00  0.0000E+00  0.0000E+00
     1    12     1     5        0  0.1721E+01  0.2068E+00  0.0000E+00  0.0000E+00
     1    12     1     6        0  0.1179E+00  0.5447E-01  0.0000E+00  0.0000E+00
     1    13     1     1        0  0.1373E+03  0.1025E+02  0.0000E+00  0.0000E+00
     1    13     1     2        0  0.7375E+06  0.1000E+03  0.0000E+00  0.0000E+00
     1    13     1     3        0  0.3686E+06  0.1000E+03  0.0000E+00  0.0000E+00
     1    13     1     4        0  0.9635E+05  0.3377E+02  0.0000E+00  0.0000E+00
     1    13     1     5        0  0.9716E+04  0.5610E+01  0.0000E+00  0.0000E+00
     1    13     1     6        0  0.1319E+05  0.2462E+02  0.0000E+00  0.0000E+00
     1    13     1     7        0  0.4729E+04  0.2309E+02  0.0000E+00  0.0000E+00
     1    13     1     8        0  0.1107E+05  0.2473E+02  0.0000E+00  0.0000E+00
     1    13     1     9        0  0.1779E+04  0.5585E+01  0.0000E+00  0.0000E+00
     1    13     1    10        0  0.1092E+05  0.2886E+02  0.0000E+00  0.0000E+00
     1    13     1    11        0  0.2946E+03  0.5305E+01  0.0000E+00  0.0000E+00
     1    13     1    12        0  0.2996E+04  0.5617E+01  0.0000E+00  0.0000E+00
     1    13     1    13        0  0.7870E+02  0.4451E+01  0.0000E+00  0.0000E+00
     1    13     1    14        0  0.3663E+04  0.1795E+02  0.0000E+00  0.0000E+00
     1    13     1    15        0  0.4214E+02  0.4662E+01  0.0000E+00  0.0000E+00
     1    13     1    16        0  0.3519E+03  0.1443E+01  0.0000E+00  0.0000E+00
     1    13     2     1        0  0.2673E+02  0.8201E+01  0.0000E+00  0.0000E+00
     1    13     2     2        0  0.2607E+05  0.5649E+02  0.0000E+00  0.0000E+00
     1    13     2     3        0  0.4005E+03  0.4362E+02  0.0000E+00  0.0000E+00
     1    13     2     4        0  0.1124E+03  0.1522E+02  0.0000E+00  0.0000E+00
     1    13     2     5        0  0.1937E+03  0.1041E+02  0.0000E+00  0.0000E+00
     1    13     2     6        0  0.2772E+02  0.3040E+01  0.0000E+00  0.0000E+00
     1    13     2     7        0  0.4699E+02  0.4062E+01  0.0000E+00  0.0000E+00
     1    13     2     8        0  0.1830E+01  0.7276E+00  0.0000E+00  0.0000E+00
     1    13     2     9        0  0.3060E+00  0.3184E+00  0.0000E+00  0.0000E+00
     1    14     1     1        0  0.9177E+03  0.1000E+03  0.0000E+00  0.0000E+00
     1    14     1     2        0  0.5886E+02  0.2426E+02  0.0000E+00  0.0000E+00
     1    14     1     3        0  0.5517E+02  0.1771E+02  0.0000E+00  0.0000E+00
     1    14     1     4        0  0.7586E+01  0.2234E+01  0.0000E+00  0.0000E+00
     1    14     1     5        0  0.6683E+00  0.2963E+00  0.0000E+00  0.0000E+00
     1    14     1     6        0  0.1173E-02  0.1242E-01  0.0000E+00  0.0000E+00
     1    15     1     1        0  0.9003E+03  0.1000E+03  0.0000E+00  0.0000E+00
     1    15     1     2        0  0.5186E+04  0.1000E+03  0.0000E+00  0.0000E+00
     1    15     1     3        0  0.5413E+03  0.4676E+02  0.0000E+00  0.0000E+00
     1    15     1     4        0  0.7773E+05  0.1000E+03  0.0000E+00  0.0000E+00
     1    15     1     5        0  0.4440E+04  0.4080E+02  0.0000E+00  0.0000E+00
     1    15     2     1        0  0.9073E+02  0.1000E+03  0.0000E+00  0.0000E+00
     1    15     2     2        0  0.1134E+04  0.1000E+03  0.0000E+00  0.0000E+00
     1    15     2     3        0  0.9836E+02  0.4651E+02  0.0000E+00  0.0000E+00
     1    15     2     4        0  0.2920E+04  0.1000E+03  0.0000E+00  0.0000E+00
     1    15     2     5        0  0.1100E+02  0.1367E+02  0.0000E+00  0.0000E+00
     1    15     2     6        0  0.9722E+04  0.1000E+03  0.0000E+00  0.0000E+00
     1    15     2     7        0  0.1164E+03  0.3600E+02  0.0000E+00  0.0000E+00
     1    15     3     1        0  0.5601E+01  0.1000E+03  0.0000E+00  0.0000E+00
     1    15     3     2        0  0.1803E+01  0.2844E+02  0.0000E+00  0.0000E+00
     1    15     3     3        0  0.2979E-02  0.2299E+01  0.0000E+00  0.0000E+00
     1    16     1     1        0  0.8158E+01  0.4879E+02  0.0000E+00  0.0000E+00
     1    16     1     2        0  0.2632E+02  0.7701E+02  0.0000E+00  0.0000E+00
     1    16     1     3        0  0.1455E+02  0.6045E+02  0.0000E+00  0.0000E+00
     1    16     1     4        0  0.7131E+04  0.1000E+03  0.0000E+00  0.0000E+00
     1    16     1     5        0  0.1050E+03  0.3221E+02  0.0000E+00  0.0000E+00
     1    16     2     1        0  0.2874E+00  0.3424E+02  0.0000E+00  0.0000E+00
     1    16     2     2        0  0.1158E-01  0.6308E+01  0.0000E+00  0.0000E+00
     1    17     1     1        0  0.2149E+00  0.2130E+02  0.0000E+00  0.0000E+00
     1    17     1     2        0  0.1298E-01  0.5027E+01  0.0000E+00  0.0000E+00
     1    17     1     3        0  0.0000E+00  0.1398E+00  0.0000E+00  0.0000E+00
     1    18     1     1        0  0.2679E+01  0.4114E+02  0.0000E+00  0.0000E+00
     1    18     1     2        0  0.2476E+01  0.3769E+02  0.0000E+00  0.0000E+00
     1    18     1     3        0  0.2610E+00  0.1250E+02  0.0000E+00  0.0000E+00
     1    18     1     4        0  0.1425E-01  0.2912E+01  0.0000E+00  0.0000E+00
     1    19     1     1        0  0.3561E+02  0.6102E+02  0.0000E+00  0.0000E+00
     1    19     1     2        0  0.4657E+03  0.1000E+03  0.0000E+00  0.0000E+00
     1    19     1     3        0  0.3851E+01  0.1335E+02  0.0000E+00  0.0000E+00
     1    19     1     4        0  0.4074E+03  0.8394E+02  0.0000E+00  0.0000E+00
     1    19     1     5        0  0.3573E+02  0.3341E+02  0.0000E+00  0.0000E+00
     1    19     2     1        0  0.1677E+02  0.1000E+03  0.0000E+00  0.0000E+00
     1    19     2     2        0  0.2817E+03  0.1000E+03  0.0000E+00  0.0000E+00
     1    19     2     3        0  0.4740E+01  0.1652E+02  0.0000E+00  0.0000E+00
     1    19     2     4        0  0.4141E+02  0.3486E+02  0.0000E+00  0.0000E+00
     1    19     2     5        0  0.8104E+01  0.1710E+02  0.0000E+00  0.0000E+00
     1    19     3     1        0  0.1137E+01  0.1000E+03  0.0000E+00  0.0000E+00
     1    19     3     2        0  0.1421E+01  0.1000E+03  0.0000E+00  0.0000E+00
     1    19     3     3        0  0.5975E+01  0.1000E+03  0.0000E+00  0.0000E+00
     1    19     3     4        0  0.9440E+01  0.1000E+03  0.0000E+00  0.0000E+00
