SUMMARY OF C0NVERGENCE INFORMATION
  STEP   INC  ATT   ITER     CONT.   RESID.        CORR.      RESID.      CORR.
                              EL.    FORCE         DISP       FLUX        TEMP.
                              (#)     (%)           (%)        (%)         (%)
     1     1     1     1        0  0.3570E+03  0.1000E+03  0.0000E+00  0.0000E+00
     1     1     1     2        0  0.1278E+05  0.1000E+03  0.0000E+00  0.0000E+00
     1     1     1     3        0  0.7123E+03  0.1591E+02  0.0000E+00  0.0000E+00
     1     1     1     4        0  0.3741E+04  0.2772E+02  0.0000E+00  0.0000E+00
     1     1     1     5        0  0.3903E+04  0.1655E+02  0.0000E+00  0.0000E+00
     1     1     2     1        0  0.8956E+02  0.1000E+03  0.0000E+00  0.0000E+00
     1     1     2     2        0  0.5630E+03  0.9463E+02  0.0000E+00  0.0000E+00
     1     1     2     3        0  0.1211E+02  0.1158E+02  0.0000E+00  0.0000E+00
     1     1     2     4        0  0.2561E+04  0.2226E+02  0.0000E+00  0.0000E+00
     1     1     2     5        0  0.1116E+03  0.6450E+01  0.0000E+00  0.0000E+00
     1     1     3     1        0  0.2241E+02  0.1000E+03  0.0000E+00  0.0000E+00
     1     1     3     2        0  0.5228E+00  0.4007E+01  0.0000E+00  0.0000E+00
     1     1     3     3        0  0.0000E+00  0.2885E-02  0.0000E+00  0.0000E+00
     1     2     1     1        0  0.4655E+02  0.9436E+02  0.0000E+00  0.0000E+00
     1     2     1     2        0  0.2270E-01  0.2314E+01  0.0000E+00  0.0000E+00
     1     2     1     3        0  0.0000E+00  0.2519E+00  0.0000E+00  0.0000E+00
     1     3     1     1        0  0.8895E+05  0.1000E+03  0.0000E+00  0.0000E+00
     1     3     1     2        0  0.4605E+04  0.3821E+02  0.0000E+00  0.0000E+00
     1     3     1     3        0  0.1268E+05  0.1187E+02  0.0000E+00  0.0000E+00
     1     3     1     4        0  0.2094E+04  0.1134E+02  0.0000E+00  0.0000E+00
     1     3     1     5        0  0.2285E+05  0.2734E+02  0.0000E+00  0.0000E+00
     1     3     1     6        0  0.3880E+04  0.9801E+01  0.0000E+00  0.0000E+00
     1     3     2     1        0  0.7867E+03  0.1000E+03  0.0000E+00  0.0000E+00
     1     3     2     2        0  0.1574E+01  0.2921E+01  0.0000E+00  0.0000E+00
     1     3     2     3        0  0.2677E+03  0.5802E+02  0.0000E+00  0.0000E+00
     1     3     2     4        0  0.1540E+04  0.1000E+03  0.0000E+00  0.0000E+00
     1     3     3     1        0  0.2769E+03  0.1000E+03  0.0000E+00  0.0000E+00
     1     3     3     2        0  0.1090E+02  0.5218E+01  0.0000E+00  0.0000E+00
     1     3     3     3        0  0.1397E+02  0.1540E+01  0.0000E+00  0.0000E+00
     1     3     3     4        0  0.1157E+01  0.4434E+00  0.0000E+00  0.0000E+00
     1     3     3     5        0  0.2703E-01  0.6776E-01  0.0000E+00  0.0000E+00
     1     4     1     1        0  0.2366E+02  0.1000E+03  0.0000E+00  0.0000E+00
     1     4     1     2        0  0.7186E+00  0.1527E+01  0.0000E+00  0.0000E+00
     1     4     1     3        0  0.0000E+00  0.1053E+00  0.0000E+00  0.0000E+00
     1     5     1     1        0  0.3235E+01  0.1816E+02  0.0000E+00  0.0000E+00
     1     5     1     2        0  0.8674E+00  0.6294E+01  0.0000E+00  0.0000E+00
     1     5     1     3        0  0.1794E-02  0.1078E+00  0.0000E+00  0.0000E+00
     1     6     1     1        0  0.4510E+01  0.9236E+01  0.0000E+00  0.0000E+00
     1     6     1     2        0  0.1058E+01  0.5882E+01  0.0000E+00  0.0000E+00
     1     6     1     3        0  0.1334E-02  0.2210E+00  0.0000E+00  0.0000E+00
     1     7     1     1        0  0.8039E+01  0.1414E+02  0.0000E+00  0.0000E+00
     1     7     1     2        0  0.3030E+01  0.7618E+01  0.0000E+00  0.0000E+00
     1     7     1     3        0  0.7320E-02  0.4038E+00  0.0000E+00  0.0000E+00
     1     8     1     1        0  0.1163E+02  0.1515E+02  0.0000E+00  0.0000E+00
     1     8     1     2        0  0.3053E+01  0.6221E+01  0.0000E+00  0.0000E+00
     1     8     1     3        0  0.4765E-02  0.2632E+00  0.0000E+00  0.0000E+00
     1     9     1     1        0  0.1163E+03  0.4513E+02  0.0000E+00  0.0000E+00
     1     9     1     2        0  0.3349E+01  0.7588E+01  0.0000E+00  0.0000E+00
     1     9     1     3        0  0.4886E+00  0.2067E+01  0.0000E+00  0.0000E+00
     1    10     1     1        0  0.3705E+04  0.7049E+02  0.0000E+00  0.0000E+00
     1    10     1     2        0  0.8189E+06  0.6252E+02  0.0000E+00  0.0000E+00
     1    10     1     3        0  0.3830E+06  0.1000E+03  0.0000E+00  0.0000E+00
     1    10     1     4        0  0.1570E+06  0.5369E+02  0.0000E+00  0.0000E+00
     1    10     1     5        0  0.3526E+06  0.5820E+02  0.0000E+00  0.0000E+00
     1    10     1     6        0  0.1077E+06  0.3604E+02  0.0000E+00  0.0000E+00
     1    10     1     7        0  0.6047E+06  0.1000E+03  0.0000E+00  0.0000E+00
     1    10     1     8        0  0.9192E+05  0.3444E+02  0.0000E+00  0.0000E+00
     1    10     1     9        0  0.5202E+06  0.1000E+03  0.0000E+00  0.0000E+00
     1    10     1    10        0  0.3891E+06  0.3168E+02  0.0000E+00  0.0000E+00
     1    10     2     1        0  0.8490E+03  0.2592E+02  0.0000E+00  0.0000E+00
     1    10     2     2        0  0.3508E+02  0.2510E+02  0.0000E+00  0.0000E+00
     1    10     2     3        0  0.8090E+02  0.2512E+02  0.0000E+00  0.0000E+00
     1    10     2     4        0  0.3931E+02  0.4042E+02  0.0000E+00  0.0000E+00
     1    10     3     1        0  0.2292E+01  0.4360E+02  0.0000E+00  0.0000E+00
     1    10     3     2        0  0.0000E+00  0.4567E+00  0.0000E+00  0.0000E+00
     1    11     1     1        0  0.9764E+00  0.6372E+01  0.0000E+00  0.0000E+00
     1    11     1     2        0  0.0000E+00  0.3769E+00  0.0000E+00  0.0000E+00
     1    12     1     1        0  0.5501E+01  0.1132E+02  0.0000E+00  0.0000E+00
     1    12     1     2        0  0.4926E-02  0.1890E+01  0.0000E+00  0.0000E+00
     1    12     1     3        0  0.0000E+00  0.3411E-01  0.0000E+00  0.0000E+00
     1    13     1     1        0  0.1061E+01  0.3262E+02  0.0000E+00  0.0000E+00
     1    13     1     2        0  0.1487E+00  0.1130E+02  0.0000E+00  0.0000E+00
     1    13     1     3        0  0.0000E+00  0.1610E-01  0.0000E+00  0.0000E+00
     1    14     1     1        0  0.3499E+02  0.1000E+03  0.0000E+00  0.0000E+00
     1    14     1     2        0  0.4528E+03  0.1000E+03  0.0000E+00  0.0000E+00
     1    14     1     3        0  0.4375E+03  0.4785E+02  0.0000E+00  0.0000E+00
     1    14     1     4        0  0.1354E+04  0.1000E+03  0.0000E+00  0.0000E+00
     1    14     1     5        0  0.1767E+02  0.1549E+02  0.0000E+00  0.0000E+00
     1    14     1     6        0  0.2021E+00  0.1605E+01  0.0000E+00  0.0000E+00
     1    15     1     1        0  0.1961E+03  0.3088E+02  0.0000E+00  0.0000E+00
     1    15     1     2        0  0.6841E+03  0.3346E+02  0.0000E+00  0.0000E+00
     1    15     1     3        0  0.1105E+03  0.1400E+02  0.0000E+00  0.0000E+00
     1    15     1     4        0  0.4567E+02  0.6657E+01  0.0000E+00  0.0000E+00
     1    15     1     5        0  0.2766E+01  0.1573E+01  0.0000E+00  0.0000E+00
     1    15     1     6        0  0.2036E-01  0.1301E+00  0.0000E+00  0.0000E+00
     1    16     1     1        0  0.2109E+01  0.6964E+01  0.0000E+00  0.0000E+00
     1    16     1     2        0  0.1498E+01  0.9026E+01  0.0000E+00  0.0000E+00
     1    16     1     3        0  0.2606E-02  0.3625E+00  0.0000E+00  0.0000E+00
     1    17     1     1        0  0.3379E+01  0.9225E+01  0.0000E+00  0.0000E+00
     1    17     1     2        0  0.1217E+01  0.8510E+01  0.0000E+00  0.0000E+00
     1    17     1     3        0  0.2569E-02  0.3870E+00  0.0000E+00  0.0000E+00
     1    18     1     1        0  0.4243E+01  0.1085E+02  0.0000E+00  0.0000E+00
     1    18     1     2        0  0.1408E+01  0.7638E+01  0.0000E+00  0.0000E+00
     1    18     1     3        0  0.2504E-02  0.3162E+00  0.0000E+00  0.0000E+00
     1    19     1     1        0  0.1056E+02  0.1093E+02  0.0000E+00  0.0000E+00
     1    19     1     2        0  0.1802E+01  0.6863E+01  0.0000E+00  0.0000E+00
     1    19     1     3        0  0.2846E-02  0.2623E+00  0.0000E+00  0.0000E+00
     1    20     1     1        0  0.1751E+04  0.1480E+02  0.0000E+00  0.0000E+00
     1    20     1     2        0  0.2041E+01  0.9056E+01  0.0000E+00  0.0000E+00
     1    20     1     3        0  0.2476E+01  0.6005E+00  0.0000E+00  0.0000E+00
     1    20     1     4        0  0.1864E-01  0.3417E-01  0.0000E+00  0.0000E+00
     1    21     1     1        0  0.2097E+04  0.8547E+01  0.0000E+00  0.0000E+00
     1    21     1     2        0  0.1888E+03  0.5466E+01  0.0000E+00  0.0000E+00
     1    21     1     3        0  0.1675E+03  0.2158E+01  0.0000E+00  0.0000E+00
     1    21     1     4        0  0.4652E+02  0.7068E+00  0.0000E+00  0.0000E+00
     1    21     1     5        0  0.2683E+02  0.3154E+00  0.0000E+00  0.0000E+00
     1    21     1     6        0  0.7640E+01  0.1692E+00  0.0000E+00  0.0000E+00
     1    21     1     7        0  0.1188E+01  0.6678E-01  0.0000E+00  0.0000E+00
     1    21     1     8        0  0.2778E-01  0.1022E-01  0.0000E+00  0.0000E+00
     1    22     1     1        0  0.1491E+03  0.1130E+02  0.0000E+00  0.0000E+00
     1    22     1     2        0  0.7637E+01  0.2413E+01  0.0000E+00  0.0000E+00
     1    22     1     3        0  0.4287E-01  0.8724E-01  0.0000E+00  0.0000E+00
     1    23     1     1        0  0.2032E+02  0.1041E+02  0.0000E+00  0.0000E+00
     1    23     1     2        0  0.1299E+02  0.1572E+01  0.0000E+00  0.0000E+00
     1    23     1     3        0  0.2270E+00  0.5722E-01  0.0000E+00  0.0000E+00
     1    24     1     1        0  0.1145E+02  0.1076E+02  0.0000E+00  0.0000E+00
     1    24     1     2        0  0.2176E+01  0.1405E+01  0.0000E+00  0.0000E+00
     1    24     1     3        0  0.3959E-02  0.1421E-01  0.0000E+00  0.0000E+00
     1    25     1     1        0  0.1159E+02  0.1233E+02  0.0000E+00  0.0000E+00
     1    25     1     2        0  0.1625E+01  0.1976E+01  0.0000E+00  0.0000E+00
     1    25     1     3        0  0.1438E-02  0.2858E-01  0.0000E+00  0.0000E+00
     1    26     1     1        0  0.2483E+02  0.1335E+02  0.0000E+00  0.0000E+00
     1    26     1     2        0  0.5049E+01  0.3052E+01  0.0000E+00  0.0000E+00
     1    26     1     3        0  0.9723E-02  0.1605E+00  0.0000E+00  0.0000E+00
     1    27     1     1        0  0.5048E+02  0.1313E+02  0.0000E+00  0.0000E+00
     1    27     1     2        0  0.2786E+02  0.6147E+01  0.0000E+00  0.0000E+00
     1    27     1     3        0  0.1850E+00  0.7330E+00  0.0000E+00  0.0000E+00
