SUMMARY OF C0NVERGENCE INFORMATION
  STEP   INC  ATT   ITER     CONT.   RESID.        CORR.      RESID.      CORR.
                              EL.    FORCE         DISP       FLUX        TEMP.
                              (#)     (%)           (%)        (%)         (%)
     1     1     1     1        0  0.2040E+04  0.1000E+03  0.0000E+00  0.0000E+00
     1     1     1     2        0  0.3161E+05  0.3217E+02  0.0000E+00  0.0000E+00
     1     1     1     3        0  0.2629E+05  0.7058E+02  0.0000E+00  0.0000E+00
     1     1     1     4        0  0.3448E+04  0.3250E+02  0.0000E+00  0.0000E+00
     1     1     1     5        0  0.3169E+04  0.1852E+02  0.0000E+00  0.0000E+00
     1     1     1     6        0  0.1097E+04  0.1111E+02  0.0000E+00  0.0000E+00
     1     1     1     7        0  0.9456E+03  0.8469E+01  0.0000E+00  0.0000E+00
     1     1     1     8        0  0.4205E+03  0.3430E+01  0.0000E+00  0.0000E+00
     1     1     2     1        0  0.1029E+04  0.1000E+03  0.0000E+00  0.0000E+00
     1     1     2     2        0  0.3847E+04  0.6761E+01  0.0000E+00  0.0000E+00
     1     1     2     3        0  0.1538E+02  0.4936E+01  0.0000E+00  0.0000E+00
     1     1     2     4        0  0.8400E+03  0.3446E+01  0.0000E+00  0.0000E+00
     1     1     2     5        0  0.9492E+02  0.9704E+00  0.0000E+00  0.0000E+00
     1     1     3     1        0  0.2588E+03  0.1000E+03  0.0000E+00  0.0000E+00
     1     1     3     2        0  0.2780E+00  0.8364E+00  0.0000E+00  0.0000E+00
     1     2     1     1        0  0.2305E+01  0.1837E+01  0.0000E+00  0.0000E+00
     1     2     1     2        0  0.0000E+00  0.2813E-01  0.0000E+00  0.0000E+00
     1     3     1     1        0  0.3563E+03  0.4705E+01  0.0000E+00  0.0000E+00
     1     3     1     2        0  0.7328E+00  0.7768E+00  0.0000E+00  0.0000E+00
     1     3     1     3        0  0.4465E-01  0.4364E-01  0.0000E+00  0.0000E+00
     1     4     1     1        0  0.6472E+04  0.1759E+02  0.0000E+00  0.0000E+00
     1     4     1     2        0  0.2189E+05  0.1615E+02  0.0000E+00  0.0000E+00
     1     4     1     3        0  0.3310E+05  0.3672E+02  0.0000E+00  0.0000E+00
     1     4     1     4        0  0.1062E+06  0.1000E+03  0.0000E+00  0.0000E+00
     1     4     2     1        0  0.9460E+04  0.6066E+02  0.0000E+00  0.0000E+00
     1     4     2     2        0  0.1939E+02  0.5589E+02  0.0000E+00  0.0000E+00
     1     4     2     3        0  0.5184E+03  0.1384E+02  0.0000E+00  0.0000E+00
     1     4     2     4        0  0.2102E+03  0.3315E+01  0.0000E+00  0.0000E+00
     1     4     3     1        0  0.2061E+03  0.3548E+02  0.0000E+00  0.0000E+00
     1     4     3     2        0  0.1440E+00  0.5656E+01  0.0000E+00  0.0000E+00
     1     5     1     1        0  0.1786E+03  0.4569E+02  0.0000E+00  0.0000E+00
     1     5     1     2        0  0.7393E+02  0.3076E+02  0.0000E+00  0.0000E+00
     1     5     1     3        0  0.2221E+01  0.6510E+01  0.0000E+00  0.0000E+00
     1     5     1     4        0  0.2161E-01  0.5615E+00  0.0000E+00  0.0000E+00
     1     6     1     1        0  0.7365E+02  0.3877E+02  0.0000E+00  0.0000E+00
     1     6     1     2        0  0.1627E+04  0.7067E+01  0.0000E+00  0.0000E+00
     1     6     1     3        0  0.3772E+02  0.2659E+01  0.0000E+00  0.0000E+00
     1     6     1     4        0  0.1070E+03  0.2064E+01  0.0000E+00  0.0000E+00
     1     6     1     5        0  0.2065E+02  0.4994E+00  0.0000E+00  0.0000E+00
     1     6     1     6        0  0.4825E+01  0.2508E+00  0.0000E+00  0.0000E+00
     1     6     1     7        0  0.1580E+00  0.4368E-01  0.0000E+00  0.0000E+00
     1     7     1     1        0  0.2034E+03  0.2652E+02  0.0000E+00  0.0000E+00
     1     7     1     2        0  0.8280E+02  0.1897E+02  0.0000E+00  0.0000E+00
     1     7     1     3        0  0.7496E+00  0.1348E+01  0.0000E+00  0.0000E+00
     1     7     1     4        0  0.1606E-02  0.7671E-01  0.0000E+00  0.0000E+00
     1     8     1     1        0  0.1316E+04  0.1262E+02  0.0000E+00  0.0000E+00
     1     8     1     2        0  0.4218E+02  0.2237E+01  0.0000E+00  0.0000E+00
     1     8     1     3        0  0.9143E+03  0.9632E+01  0.0000E+00  0.0000E+00
     1     8     1     4        0  0.3909E+01  0.7697E+00  0.0000E+00  0.0000E+00
     1     8     1     5        0  0.1808E+01  0.5797E+00  0.0000E+00  0.0000E+00
     1     8     1     6        0  0.0000E+00  0.3836E-02  0.0000E+00  0.0000E+00
     1     9     1     1        0  0.1301E+04  0.1870E+02  0.0000E+00  0.0000E+00
     1     9     1     2        0  0.2365E+06  0.1000E+03  0.0000E+00  0.0000E+00
     1     9     1     3        0  0.3054E+06  0.1000E+03  0.0000E+00  0.0000E+00
     1     9     1     4        0  0.2297E+06  0.1000E+03  0.0000E+00  0.0000E+00
     1     9     1     5        0  0.8389E+05  0.1487E+02  0.0000E+00  0.0000E+00
     1     9     1     6        0  0.4064E+05  0.8743E+02  0.0000E+00  0.0000E+00
     1     9     1     7        0  0.1847E+05  0.2648E+01  0.0000E+00  0.0000E+00
     1     9     1     8        0  0.7683E+04  0.6991E+01  0.0000E+00  0.0000E+00
     1     9     2     1        0  0.8502E+05  0.1000E+03  0.0000E+00  0.0000E+00
     1     9     2     2        0  0.8493E+05  0.1000E+03  0.0000E+00  0.0000E+00
     1     9     2     3        0  0.7567E+04  0.7210E+02  0.0000E+00  0.0000E+00
     1     9     2     4        0  0.1561E+04  0.1686E+02  0.0000E+00  0.0000E+00
     1     9     2     5        0  0.5729E+04  0.1566E+02  0.0000E+00  0.0000E+00
     1     9     2     6        0  0.5130E+03  0.3391E+01  0.0000E+00  0.0000E+00
     1     9     2     7        0  0.5840E+04  0.1002E+02  0.0000E+00  0.0000E+00
     1     9     2     8        0  0.1060E+03  0.1232E+01  0.0000E+00  0.0000E+00
     1     9     2     9        0  0.1054E+04  0.3545E+01  0.0000E+00  0.0000E+00
     1     9     2    10        0  0.4862E+01  0.2593E+00  0.0000E+00  0.0000E+00
     1     9     2    11        0  0.1852E+02  0.4205E+00  0.0000E+00  0.0000E+00
     1     9     2    12        0  0.8078E-02  0.8636E-02  0.0000E+00  0.0000E+00
     1    10     1     1        0  0.9164E+03  0.6708E+02  0.0000E+00  0.0000E+00
     1    10     1     2        0  0.1664E+03  0.7145E+02  0.0000E+00  0.0000E+00
     1    10     1     3        0  0.1207E+02  0.2533E+01  0.0000E+00  0.0000E+00
     1    10     1     4        0  0.4203E+00  0.4684E+00  0.0000E+00  0.0000E+00
     1    11     1     1        0  0.6152E+03  0.1433E+02  0.0000E+00  0.0000E+00
     1    11     1     2        0  0.1800E+03  0.8993E+01  0.0000E+00  0.0000E+00
     1    11     1     3        0  0.9119E+02  0.5508E+01  0.0000E+00  0.0000E+00
     1    11     1     4        0  0.4648E+01  0.1309E+01  0.0000E+00  0.0000E+00
     1    11     1     5        0  0.1343E+00  0.2352E+00  0.0000E+00  0.0000E+00
     1    12     1     1        0  0.2434E+03  0.3169E+01  0.0000E+00  0.0000E+00
     1    12     1     2        0  0.1021E+03  0.6360E+01  0.0000E+00  0.0000E+00
     1    12     1     3        0  0.1027E+02  0.2512E+01  0.0000E+00  0.0000E+00
     1    12     1     4        0  0.2716E+00  0.4262E+00  0.0000E+00  0.0000E+00
     1    13     1     1        0  0.1197E+03  0.2518E+01  0.0000E+00  0.0000E+00
     1    13     1     2        0  0.4708E+02  0.7012E+01  0.0000E+00  0.0000E+00
     1    13     1     3        0  0.1422E+01  0.1112E+01  0.0000E+00  0.0000E+00
     1    13     1     4        0  0.7630E-02  0.8562E-01  0.0000E+00  0.0000E+00
     1    14     1     1        0  0.2593E+03  0.4230E+01  0.0000E+00  0.0000E+00
     1    14     1     2        0  0.5391E+02  0.7181E+01  0.0000E+00  0.0000E+00
     1    14     1     3        0  0.6271E+01  0.1460E+01  0.0000E+00  0.0000E+00
     1    14     1     4        0  0.1103E+00  0.1009E+00  0.0000E+00  0.0000E+00
     1    15     1     1        0  0.9048E+03  0.8050E+01  0.0000E+00  0.0000E+00
     1    15     1     2        0  0.1707E+05  0.1669E+02  0.0000E+00  0.0000E+00
     1    15     1     3        0  0.1721E+03  0.6249E+01  0.0000E+00  0.0000E+00
     1    15     1     4        0  0.4545E+06  0.1000E+03  0.0000E+00  0.0000E+00
     1    15     1     5        0  0.1292E+06  0.1000E+03  0.0000E+00  0.0000E+00
     1    15     2     1        0  0.6880E+02  0.5966E+01  0.0000E+00  0.0000E+00
     1    15     2     2        0  0.9409E+02  0.4760E+01  0.0000E+00  0.0000E+00
     1    15     2     3        0  0.1221E+02  0.1353E+01  0.0000E+00  0.0000E+00
     1    15     2     4        0  0.7527E+01  0.1053E+01  0.0000E+00  0.0000E+00
     1    15     2     5        0  0.7788E-01  0.1060E+00  0.0000E+00  0.0000E+00
     1    16     1     1        0  0.1017E+02  0.6303E+01  0.0000E+00  0.0000E+00
     1    16     1     2        0  0.2518E+05  0.6396E+02  0.0000E+00  0.0000E+00
     1    16     1     3        0  0.3740E+03  0.5428E+02  0.0000E+00  0.0000E+00
     1    16     1     4        0  0.2797E+03  0.3006E+02  0.0000E+00  0.0000E+00
     1    16     1     5        0  0.2258E+03  0.1083E+02  0.0000E+00  0.0000E+00
     1    16     1     6        0  0.1219E+03  0.8442E+01  0.0000E+00  0.0000E+00
     1    16     1     7        0  0.1130E+03  0.6861E+01  0.0000E+00  0.0000E+00
     1    16     1     8        0  0.3513E+02  0.3699E+01  0.0000E+00  0.0000E+00
     1    16     1     9        0  0.2264E+02  0.2956E+01  0.0000E+00  0.0000E+00
     1    16     2     1        0  0.7586E+01  0.5166E+01  0.0000E+00  0.0000E+00
     1    16     2     2        0  0.7511E+03  0.2209E+02  0.0000E+00  0.0000E+00
     1    16     2     3        0  0.3712E+00  0.2214E+01  0.0000E+00  0.0000E+00
     1    17     1     1        0  0.1053E+02  0.1227E+02  0.0000E+00  0.0000E+00
     1    17     1     2        0  0.1294E+04  0.3670E+02  0.0000E+00  0.0000E+00
     1    17     1     3        0  0.1970E+01  0.4097E+01  0.0000E+00  0.0000E+00
     1    17     1     4        0  0.4718E+01  0.2985E+01  0.0000E+00  0.0000E+00
     1    17     1     5        0  0.4994E-02  0.6551E-01  0.0000E+00  0.0000E+00
     1    18     1     1        0  0.1047E+03  0.4338E+02  0.0000E+00  0.0000E+00
     1    18     1     2        0  0.1027E+02  0.1142E+02  0.0000E+00  0.0000E+00
     1    18     1     3        0  0.6098E+01  0.1772E+01  0.0000E+00  0.0000E+00
     1    18     1     4        0  0.1085E+00  0.2595E+00  0.0000E+00  0.0000E+00
     1    19     1     1        0  0.8958E+02  0.1000E+03  0.0000E+00  0.0000E+00
     1    19     1     2        0  0.4235E+03  0.6459E+02  0.0000E+00  0.0000E+00
     1    19     1     3        0  0.1101E+02  0.7856E+01  0.0000E+00  0.0000E+00
     1    19     1     4        0  0.6194E+01  0.7158E+01  0.0000E+00  0.0000E+00
     1    19     1     5        0  0.4544E-01  0.1369E+00  0.0000E+00  0.0000E+00
     1    20     1     1        0  0.8718E+02  0.9279E+02  0.0000E+00  0.0000E+00
     1    20     1     2        0  0.1655E+03  0.5758E+02  0.0000E+00  0.0000E+00
     1    20     1     3        0  0.2544E+03  0.1000E+03  0.0000E+00  0.0000E+00
     1    20     1     4        0  0.2689E+03  0.1000E+03  0.0000E+00  0.0000E+00
     1    20     2     1        0  0.1993E+01  0.4684E+02  0.0000E+00  0.0000E+00
     1    20     2     2        0  0.5620E+01  0.1259E+02  0.0000E+00  0.0000E+00
     1    20     2     3        0  0.1452E-01  0.4142E+00  0.0000E+00  0.0000E+00
     1    21     1     1        0  0.7303E+00  0.2314E+02  0.0000E+00  0.0000E+00
     1    21     1     2        0  0.8585E-01  0.5488E+01  0.0000E+00  0.0000E+00
     1    21     1     3        0  0.0000E+00  0.9491E-01  0.0000E+00  0.0000E+00
     1    22     1     1        0  0.7181E+01  0.3995E+02  0.0000E+00  0.0000E+00
     1    22     1     2        0  0.3088E+02  0.5700E+02  0.0000E+00  0.0000E+00
     1    22     1     3        0  0.4569E+01  0.2430E+02  0.0000E+00  0.0000E+00
     1    22     1     4        0  0.2860E+01  0.1853E+02  0.0000E+00  0.0000E+00
     1    22     1     5        0  0.4083E+00  0.7145E+01  0.0000E+00  0.0000E+00
     1    22     1     6        0  0.2884E-01  0.1898E+01  0.0000E+00  0.0000E+00
     1    23     1     1        0  0.2960E+02  0.4544E+02  0.0000E+00  0.0000E+00
     1    23     1     2        0  0.1561E+04  0.1000E+03  0.0000E+00  0.0000E+00
     1    23     1     3        0  0.1157E+02  0.1570E+02  0.0000E+00  0.0000E+00
     1    23     1     4        0  0.2369E+04  0.1000E+03  0.0000E+00  0.0000E+00
     1    23     1     5        0  0.3460E+02  0.3021E+02  0.0000E+00  0.0000E+00
     1    23     2     1        0  0.3195E+02  0.1000E+03  0.0000E+00  0.0000E+00
     1    23     2     2        0  0.1145E+04  0.1000E+03  0.0000E+00  0.0000E+00
     1    23     2     3        0  0.9037E+01  0.1669E+02  0.0000E+00  0.0000E+00
     1    23     2     4        0  0.2099E+03  0.3384E+02  0.0000E+00  0.0000E+00
     1    23     2     5        0  0.1520E+02  0.1291E+02  0.0000E+00  0.0000E+00
     1    23     3     1        0  0.1339E+02  0.1000E+03  0.0000E+00  0.0000E+00
     1    23     3     2        0  0.8568E+04  0.1000E+03  0.0000E+00  0.0000E+00
     1    23     3     3        0  0.1962E+03  0.3225E+02  0.0000E+00  0.0000E+00
     1    23     3     4        0  0.1197E+05  0.2186E+02  0.0000E+00  0.0000E+00
     1    23     3     5        0  0.3202E+03  0.4871E+02  0.0000E+00  0.0000E+00
     1    23     4     1        0  0.1968E+01  0.1000E+03  0.0000E+00  0.0000E+00
     1    23     4     2        0  0.3182E+01  0.1000E+03  0.0000E+00  0.0000E+00
     1    23     4     3        0  0.6502E+03  0.1000E+03  0.0000E+00  0.0000E+00
     1    23     4     4        0  0.3371E+02  0.3307E+02  0.0000E+00  0.0000E+00
