SUMMARY OF C0NVERGENCE INFORMATION
  STEP   INC  ATT   ITER     CONT.   RESID.        CORR.      RESID.      CORR.
                              EL.    FORCE         DISP       FLUX        TEMP.
                              (#)     (%)           (%)        (%)         (%)
     1     1     1     1        0  0.2029E+04  0.1000E+03  0.0000E+00  0.0000E+00
     1     1     1     2        0  0.3144E+05  0.3192E+02  0.0000E+00  0.0000E+00
     1     1     1     3        0  0.2777E+05  0.6917E+02  0.0000E+00  0.0000E+00
     1     1     1     4        0  0.9968E+05  0.3831E+02  0.0000E+00  0.0000E+00
     1     1     1     5        0  0.6862E+05  0.1000E+03  0.0000E+00  0.0000E+00
     1     1     2     1        0  0.5138E+03  0.1000E+03  0.0000E+00  0.0000E+00
     1     1     2     2        0  0.4200E+01  0.1764E+01  0.0000E+00  0.0000E+00
     1     1     2     3        0  0.0000E+00  0.5936E-02  0.0000E+00  0.0000E+00
     1     2     1     1        0  0.4213E+04  0.1097E+02  0.0000E+00  0.0000E+00
     1     2     1     2        0  0.1757E+02  0.7695E+01  0.0000E+00  0.0000E+00
     1     2     1     3        0  0.1810E+04  0.6964E+01  0.0000E+00  0.0000E+00
     1     2     1     4        0  0.1065E+03  0.3986E+01  0.0000E+00  0.0000E+00
     1     2     2     1        0  0.2043E+01  0.2638E+01  0.0000E+00  0.0000E+00
     1     2     2     2        0  0.0000E+00  0.1807E-01  0.0000E+00  0.0000E+00
     1     3     1     1        0  0.4578E+01  0.1844E+01  0.0000E+00  0.0000E+00
     1     3     1     2        0  0.0000E+00  0.3916E-01  0.0000E+00  0.0000E+00
     1     4     1     1        0  0.3599E+04  0.2339E+02  0.0000E+00  0.0000E+00
     1     4     1     2        0  0.5032E+01  0.1621E+02  0.0000E+00  0.0000E+00
     1     4     1     3        0  0.3935E+02  0.5729E+01  0.0000E+00  0.0000E+00
     1     4     1     4        0  0.2676E+00  0.2584E+00  0.0000E+00  0.0000E+00
     1     5     1     1        0  0.7573E+03  0.5565E+02  0.0000E+00  0.0000E+00
     1     5     1     2        0  0.3711E+05  0.1000E+03  0.0000E+00  0.0000E+00
     1     5     1     3        0  0.8542E+03  0.4449E+01  0.0000E+00  0.0000E+00
     1     5     1     4        0  0.1265E+06  0.3564E+02  0.0000E+00  0.0000E+00
     1     5     1     5        0  0.5161E+05  0.1000E+03  0.0000E+00  0.0000E+00
     1     5     2     1        0  0.7170E+03  0.7712E+02  0.0000E+00  0.0000E+00
     1     5     2     2        0  0.5606E+03  0.7400E+02  0.0000E+00  0.0000E+00
     1     5     2     3        0  0.2299E+02  0.2146E+02  0.0000E+00  0.0000E+00
     1     5     2     4        0  0.2312E+01  0.5370E+01  0.0000E+00  0.0000E+00
     1     5     2     5        0  0.3371E-02  0.2467E-01  0.0000E+00  0.0000E+00
     1     6     1     1        0  0.7199E+03  0.3381E+02  0.0000E+00  0.0000E+00
     1     6     1     2        0  0.1568E+03  0.2584E+02  0.0000E+00  0.0000E+00
     1     6     1     3        0  0.7892E+01  0.2467E+01  0.0000E+00  0.0000E+00
     1     6     1     4        0  0.2772E-01  0.2677E+00  0.0000E+00  0.0000E+00
     1     7     1     1        0  0.1568E+04  0.5767E+01  0.0000E+00  0.0000E+00
     1     7     1     2        0  0.1958E+04  0.1813E+02  0.0000E+00  0.0000E+00
     1     7     1     3        0  0.1048E+04  0.9599E+01  0.0000E+00  0.0000E+00
     1     7     1     4        0  0.3483E+04  0.1897E+02  0.0000E+00  0.0000E+00
     1     7     1     5        0  0.2057E+03  0.2196E+01  0.0000E+00  0.0000E+00
     1     7     1     6        0  0.1742E+05  0.5364E+02  0.0000E+00  0.0000E+00
     1     7     1     7        0  0.1066E+03  0.7363E+01  0.0000E+00  0.0000E+00
     1     7     1     8        0  0.1247E+03  0.1616E+02  0.0000E+00  0.0000E+00
     1     7     1     9        0  0.2212E+01  0.5185E+00  0.0000E+00  0.0000E+00
     1     7     1    10        0  0.1158E+00  0.1725E+00  0.0000E+00  0.0000E+00
     1     8     1     1        0  0.1050E+05  0.1000E+03  0.0000E+00  0.0000E+00
     1     8     1     2        0  0.1023E+04  0.9256E+02  0.0000E+00  0.0000E+00
     1     8     1     3        0  0.3856E+03  0.1258E+02  0.0000E+00  0.0000E+00
     1     8     1     4        0  0.1186E+02  0.1113E+01  0.0000E+00  0.0000E+00
     1     8     1     5        0  0.7376E+00  0.5185E-01  0.0000E+00  0.0000E+00
     1     8     1     6        0  0.1869E-03  0.7547E-03  0.0000E+00  0.0000E+00
     1     9     1     1        0  0.1105E+05  0.2669E+02  0.0000E+00  0.0000E+00
     1     9     1     2        0  0.5076E+03  0.2752E+02  0.0000E+00  0.0000E+00
     1     9     1     3        0  0.7027E+04  0.1385E+02  0.0000E+00  0.0000E+00
     1     9     1     4        0  0.2403E+02  0.1212E+01  0.0000E+00  0.0000E+00
     1     9     1     5        0  0.5117E+04  0.5263E+01  0.0000E+00  0.0000E+00
     1     9     1     6        0  0.1208E+02  0.9238E+00  0.0000E+00  0.0000E+00
     1     9     1     7        0  0.1374E+02  0.2373E+00  0.0000E+00  0.0000E+00
     1     9     1     8        0  0.8690E-01  0.1866E-01  0.0000E+00  0.0000E+00
     1    10     1     1        0  0.2677E+04  0.1491E+02  0.0000E+00  0.0000E+00
     1    10     1     2        0  0.5713E+04  0.3241E+02  0.0000E+00  0.0000E+00
     1    10     1     3        0  0.2806E+03  0.1702E+02  0.0000E+00  0.0000E+00
     1    10     1     4        0  0.3638E+06  0.1000E+03  0.0000E+00  0.0000E+00
     1    10     1     5        0  0.8152E+05  0.1000E+03  0.0000E+00  0.0000E+00
     1    10     2     1        0  0.6703E+02  0.8497E+01  0.0000E+00  0.0000E+00
     1    10     2     2        0  0.2191E+05  0.4948E+02  0.0000E+00  0.0000E+00
     1    10     2     3        0  0.3016E+03  0.3149E+02  0.0000E+00  0.0000E+00
     1    10     2     4        0  0.2419E+02  0.2879E+01  0.0000E+00  0.0000E+00
     1    10     2     5        0  0.2774E+03  0.6881E+01  0.0000E+00  0.0000E+00
     1    10     2     6        0  0.4244E+01  0.8733E+00  0.0000E+00  0.0000E+00
     1    10     2     7        0  0.3288E+02  0.2778E+01  0.0000E+00  0.0000E+00
     1    10     2     8        0  0.4373E+00  0.2755E+00  0.0000E+00  0.0000E+00
     1    11     1     1        0  0.2333E+04  0.1000E+03  0.0000E+00  0.0000E+00
     1    11     1     2        0  0.4294E+03  0.2735E+02  0.0000E+00  0.0000E+00
     1    11     1     3        0  0.1139E+03  0.6048E+01  0.0000E+00  0.0000E+00
     1    11     1     4        0  0.5446E+02  0.2019E+02  0.0000E+00  0.0000E+00
     1    11     1     5        0  0.3123E+02  0.1065E+02  0.0000E+00  0.0000E+00
     1    11     1     6        0  0.2911E+01  0.3633E+01  0.0000E+00  0.0000E+00
     1    11     1     7        0  0.6901E-01  0.5422E+00  0.0000E+00  0.0000E+00
     1    12     1     1        0  0.8148E+03  0.8670E+02  0.0000E+00  0.0000E+00
     1    12     1     2        0  0.3373E+05  0.1000E+03  0.0000E+00  0.0000E+00
     1    12     1     3        0  0.8636E+03  0.3776E+02  0.0000E+00  0.0000E+00
     1    12     1     4        0  0.7375E+03  0.4851E+01  0.0000E+00  0.0000E+00
     1    12     1     5        0  0.8016E+03  0.4808E+01  0.0000E+00  0.0000E+00
     1    12     1     6        0  0.2045E+04  0.1184E+02  0.0000E+00  0.0000E+00
     1    12     2     1        0  0.4375E+02  0.8755E+02  0.0000E+00  0.0000E+00
     1    12     2     2        0  0.2826E+04  0.1000E+03  0.0000E+00  0.0000E+00
     1    12     2     3        0  0.1199E+02  0.1419E+02  0.0000E+00  0.0000E+00
     1    12     2     4        0  0.1454E+04  0.5689E+02  0.0000E+00  0.0000E+00
     1    12     2     5        0  0.1692E+02  0.1001E+02  0.0000E+00  0.0000E+00
     1    12     3     1        0  0.3103E+02  0.1000E+03  0.0000E+00  0.0000E+00
     1    12     3     2        0  0.5102E+03  0.1000E+03  0.0000E+00  0.0000E+00
     1    12     3     3        0  0.2810E+01  0.9968E+01  0.0000E+00  0.0000E+00
     1    12     3     4        0  0.1257E+02  0.1429E+02  0.0000E+00  0.0000E+00
     1    12     3     5        0  0.2515E-01  0.5572E+00  0.0000E+00  0.0000E+00
     1    13     1     1        0  0.2031E+02  0.4426E+02  0.0000E+00  0.0000E+00
     1    13     1     2        0  0.1167E+03  0.9763E+02  0.0000E+00  0.0000E+00
     1    13     1     3        0  0.6073E+01  0.2341E+02  0.0000E+00  0.0000E+00
     1    13     1     4        0  0.5638E+02  0.6486E+02  0.0000E+00  0.0000E+00
     1    13     1     5        0  0.5540E+01  0.2068E+02  0.0000E+00  0.0000E+00
     1    13     1     6        0  0.4718E+05  0.1000E+03  0.0000E+00  0.0000E+00
     1    13     1     7        0  0.2091E+04  0.6573E+02  0.0000E+00  0.0000E+00
