SUMMARY OF C0NVERGENCE INFORMATION
  STEP   INC  ATT   ITER     CONT.   RESID.        CORR.      RESID.      CORR.
                              EL.    FORCE         DISP       FLUX        TEMP.
                              (#)     (%)           (%)        (%)         (%)
     1     1     1     1        0  0.8005E+03  0.1000E+03  0.0000E+00  0.0000E+00
     1     1     1     2        0  0.1027E+05  0.6183E+01  0.0000E+00  0.0000E+00
     1     1     1     3        0  0.3910E+03  0.4190E+02  0.0000E+00  0.0000E+00
     1     1     1     4        0  0.1018E+04  0.2450E+02  0.0000E+00  0.0000E+00
     1     1     1     5        0  0.1805E+03  0.4715E+01  0.0000E+00  0.0000E+00
     1     1     1     6        0  0.4730E+03  0.1132E+02  0.0000E+00  0.0000E+00
     1     1     1     7        0  0.1661E+03  0.3153E+01  0.0000E+00  0.0000E+00
     1     1     1     8        0  0.1407E+04  0.1068E+02  0.0000E+00  0.0000E+00
     1     1     1     9        0  0.5276E+02  0.5175E+01  0.0000E+00  0.0000E+00
     1     1     1    10        0  0.4159E+05  0.4464E+02  0.0000E+00  0.0000E+00
     1     1     1    11        0  0.3403E+05  0.1000E+03  0.0000E+00  0.0000E+00
     1     1     2     1        0  0.2012E+03  0.1000E+03  0.0000E+00  0.0000E+00
     1     1     2     2        0  0.4196E+03  0.1156E+01  0.0000E+00  0.0000E+00
     1     1     2     3        0  0.7311E+01  0.1907E+00  0.0000E+00  0.0000E+00
     1     1     2     4        0  0.9506E+01  0.1321E+00  0.0000E+00  0.0000E+00
     1     1     2     5        0  0.1328E+00  0.1577E-01  0.0000E+00  0.0000E+00
     1     2     1     1        0  0.8845E+04  0.8879E+01  0.0000E+00  0.0000E+00
     1     2     1     2        0  0.3689E+02  0.9345E+01  0.0000E+00  0.0000E+00
     1     2     1     3        0  0.3438E+04  0.5341E+01  0.0000E+00  0.0000E+00
     1     2     1     4        0  0.1271E+02  0.2278E+00  0.0000E+00  0.0000E+00
     1     2     1     5        0  0.7767E+03  0.2509E+01  0.0000E+00  0.0000E+00
     1     2     1     6        0  0.1026E+01  0.6137E-01  0.0000E+00  0.0000E+00
     1     2     1     7        0  0.1327E+01  0.1031E+00  0.0000E+00  0.0000E+00
     1     2     1     8        0  0.0000E+00  0.1440E-03  0.0000E+00  0.0000E+00
     1     3     1     1        0  0.6033E+03  0.6588E+01  0.0000E+00  0.0000E+00
     1     3     1     2        0  0.5422E+03  0.5587E+01  0.0000E+00  0.0000E+00
     1     3     1     3        0  0.2046E+03  0.1482E+01  0.0000E+00  0.0000E+00
     1     3     1     4        0  0.9916E+01  0.3849E+00  0.0000E+00  0.0000E+00
     1     3     1     5        0  0.1146E+02  0.3500E+00  0.0000E+00  0.0000E+00
     1     3     1     6        0  0.3029E-01  0.1809E-01  0.0000E+00  0.0000E+00
     1     4     1     1        0  0.2405E+05  0.3244E+02  0.0000E+00  0.0000E+00
     1     4     1     2        0  0.1367E+05  0.1000E+03  0.0000E+00  0.0000E+00
     1     4     1     3        0  0.1656E+06  0.2683E+02  0.0000E+00  0.0000E+00
     1     4     1     4        0  0.2207E+05  0.1985E+02  0.0000E+00  0.0000E+00
     1     4     2     1        0  0.1450E+02  0.2318E+01  0.0000E+00  0.0000E+00
     1     4     2     2        0  0.5338E-02  0.3815E+00  0.0000E+00  0.0000E+00
     1     5     1     1        0  0.3608E+02  0.8241E+01  0.0000E+00  0.0000E+00
     1     5     1     2        0  0.7748E-01  0.1575E+01  0.0000E+00  0.0000E+00
     1     5     1     3        0  0.0000E+00  0.1665E-01  0.0000E+00  0.0000E+00
     1     6     1     1        0  0.2199E+03  0.4115E+02  0.0000E+00  0.0000E+00
     1     6     1     2        0  0.2817E+02  0.2069E+02  0.0000E+00  0.0000E+00
     1     6     1     3        0  0.1028E+01  0.3844E+01  0.0000E+00  0.0000E+00
     1     6     1     4        0  0.3786E-03  0.9017E-01  0.0000E+00  0.0000E+00
     1     7     1     1        0  0.5542E+01  0.6912E+02  0.0000E+00  0.0000E+00
     1     7     1     2        0  0.4058E+00  0.8925E+01  0.0000E+00  0.0000E+00
     1     7     1     3        0  0.0000E+00  0.2092E-01  0.0000E+00  0.0000E+00
