SUMMARY OF C0NVERGENCE INFORMATION
  STEP   INC  ATT   ITER     CONT.   RESID.        CORR.      RESID.      CORR.
                              EL.    FORCE         DISP       FLUX        TEMP.
                              (#)     (%)           (%)        (%)         (%)
     1     1     1     1        0  0.2030E+04  0.1000E+03  0.0000E+00  0.0000E+00
     1     1     1     2        0  0.3146E+05  0.3194E+02  0.0000E+00  0.0000E+00
     1     1     1     3        0  0.2780E+05  0.6926E+02  0.0000E+00  0.0000E+00
     1     1     1     4        0  0.1030E+06  0.3882E+02  0.0000E+00  0.0000E+00
     1     1     1     5        0  0.7428E+05  0.1000E+03  0.0000E+00  0.0000E+00
     1     1     2     1        0  0.5140E+03  0.1000E+03  0.0000E+00  0.0000E+00
     1     1     2     2        0  0.4201E+01  0.1764E+01  0.0000E+00  0.0000E+00
     1     1     2     3        0  0.0000E+00  0.5936E-02  0.0000E+00  0.0000E+00
     1     2     1     1        0  0.4210E+04  0.1097E+02  0.0000E+00  0.0000E+00
     1     2     1     2        0  0.1756E+02  0.7689E+01  0.0000E+00  0.0000E+00
     1     2     1     3        0  0.1813E+04  0.6967E+01  0.0000E+00  0.0000E+00
     1     2     1     4        0  0.1064E+03  0.3995E+01  0.0000E+00  0.0000E+00
     1     2     2     1        0  0.2043E+01  0.2638E+01  0.0000E+00  0.0000E+00
     1     2     2     2        0  0.0000E+00  0.1807E-01  0.0000E+00  0.0000E+00
     1     3     1     1        0  0.4580E+01  0.1844E+01  0.0000E+00  0.0000E+00
     1     3     1     2        0  0.0000E+00  0.3917E-01  0.0000E+00  0.0000E+00
     1     4     1     1        0  0.3605E+04  0.2340E+02  0.0000E+00  0.0000E+00
     1     4     1     2        0  0.5049E+01  0.1623E+02  0.0000E+00  0.0000E+00
     1     4     1     3        0  0.3956E+02  0.5746E+01  0.0000E+00  0.0000E+00
     1     4     1     4        0  0.2705E+00  0.2598E+00  0.0000E+00  0.0000E+00
     1     5     1     1        0  0.7565E+03  0.5565E+02  0.0000E+00  0.0000E+00
     1     5     1     2        0  0.3704E+05  0.1000E+03  0.0000E+00  0.0000E+00
     1     5     1     3        0  0.8716E+03  0.4489E+01  0.0000E+00  0.0000E+00
     1     5     1     4        0  0.1270E+06  0.3576E+02  0.0000E+00  0.0000E+00
     1     5     1     5        0  0.5257E+05  0.1000E+03  0.0000E+00  0.0000E+00
     1     5     2     1        0  0.7162E+03  0.7710E+02  0.0000E+00  0.0000E+00
     1     5     2     2        0  0.5617E+03  0.7404E+02  0.0000E+00  0.0000E+00
     1     5     2     3        0  0.2285E+02  0.2141E+02  0.0000E+00  0.0000E+00
     1     5     2     4        0  0.2307E+01  0.5361E+01  0.0000E+00  0.0000E+00
     1     5     2     5        0  0.3287E-02  0.2419E-01  0.0000E+00  0.0000E+00
     1     6     1     1        0  0.7201E+03  0.3380E+02  0.0000E+00  0.0000E+00
     1     6     1     2        0  0.1567E+03  0.2583E+02  0.0000E+00  0.0000E+00
     1     6     1     3        0  0.7896E+01  0.2470E+01  0.0000E+00  0.0000E+00
     1     6     1     4        0  0.2773E-01  0.2679E+00  0.0000E+00  0.0000E+00
     1     7     1     1        0  0.1567E+04  0.5764E+01  0.0000E+00  0.0000E+00
     1     7     1     2        0  0.1961E+04  0.1814E+02  0.0000E+00  0.0000E+00
     1     7     1     3        0  0.1045E+04  0.9604E+01  0.0000E+00  0.0000E+00
     1     7     1     4        0  0.3504E+04  0.1903E+02  0.0000E+00  0.0000E+00
     1     7     1     5        0  0.2032E+03  0.2170E+01  0.0000E+00  0.0000E+00
     1     7     1     6        0  0.1763E+05  0.5400E+02  0.0000E+00  0.0000E+00
     1     7     1     7        0  0.1094E+03  0.7533E+01  0.0000E+00  0.0000E+00
     1     7     1     8        0  0.1095E+03  0.1602E+02  0.0000E+00  0.0000E+00
     1     7     1     9        0  0.2023E+01  0.5090E+00  0.0000E+00  0.0000E+00
     1     7     1    10        0  0.7678E-01  0.1417E+00  0.0000E+00  0.0000E+00
     1     8     1     1        0  0.1050E+05  0.1000E+03  0.0000E+00  0.0000E+00
     1     8     1     2        0  0.1023E+04  0.9256E+02  0.0000E+00  0.0000E+00
     1     8     1     3        0  0.3893E+03  0.1258E+02  0.0000E+00  0.0000E+00
     1     8     1     4        0  0.1186E+02  0.1113E+01  0.0000E+00  0.0000E+00
     1     8     1     5        0  0.7376E+00  0.5315E-01  0.0000E+00  0.0000E+00
     1     8     1     6        0  0.1869E-03  0.7547E-03  0.0000E+00  0.0000E+00
     1     9     1     1        0  0.1105E+05  0.2669E+02  0.0000E+00  0.0000E+00
     1     9     1     2        0  0.5076E+03  0.2752E+02  0.0000E+00  0.0000E+00
     1     9     1     3        0  0.7028E+04  0.1385E+02  0.0000E+00  0.0000E+00
     1     9     1     4        0  0.2403E+02  0.1212E+01  0.0000E+00  0.0000E+00
     1     9     1     5        0  0.5117E+04  0.5263E+01  0.0000E+00  0.0000E+00
     1     9     1     6        0  0.1207E+02  0.9237E+00  0.0000E+00  0.0000E+00
     1     9     1     7        0  0.1375E+02  0.2375E+00  0.0000E+00  0.0000E+00
     1     9     1     8        0  0.8691E-01  0.1866E-01  0.0000E+00  0.0000E+00
     1    10     1     1        0  0.2677E+04  0.1491E+02  0.0000E+00  0.0000E+00
     1    10     1     2        0  0.5714E+04  0.3241E+02  0.0000E+00  0.0000E+00
     1    10     1     3        0  0.2806E+03  0.1702E+02  0.0000E+00  0.0000E+00
     1    10     1     4        0  0.3638E+06  0.1000E+03  0.0000E+00  0.0000E+00
     1    10     1     5        0  0.8149E+05  0.1000E+03  0.0000E+00  0.0000E+00
     1    10     2     1        0  0.6703E+02  0.8497E+01  0.0000E+00  0.0000E+00
     1    10     2     2        0  0.2192E+05  0.4949E+02  0.0000E+00  0.0000E+00
     1    10     2     3        0  0.3017E+03  0.3150E+02  0.0000E+00  0.0000E+00
     1    10     2     4        0  0.2419E+02  0.2883E+01  0.0000E+00  0.0000E+00
     1    10     2     5        0  0.2774E+03  0.6880E+01  0.0000E+00  0.0000E+00
     1    10     2     6        0  0.4244E+01  0.8733E+00  0.0000E+00  0.0000E+00
     1    10     2     7        0  0.3288E+02  0.2778E+01  0.0000E+00  0.0000E+00
     1    10     2     8        0  0.4376E+00  0.2755E+00  0.0000E+00  0.0000E+00
     1    11     1     1        0  0.2334E+04  0.1000E+03  0.0000E+00  0.0000E+00
     1    11     1     2        0  0.4295E+03  0.2735E+02  0.0000E+00  0.0000E+00
     1    11     1     3        0  0.1137E+03  0.6067E+01  0.0000E+00  0.0000E+00
     1    11     1     4        0  0.5395E+02  0.2012E+02  0.0000E+00  0.0000E+00
     1    11     1     5        0  0.3079E+02  0.1056E+02  0.0000E+00  0.0000E+00
     1    11     1     6        0  0.2808E+01  0.3569E+01  0.0000E+00  0.0000E+00
     1    11     1     7        0  0.6480E-01  0.5253E+00  0.0000E+00  0.0000E+00
     1    12     1     1        0  0.8146E+03  0.8669E+02  0.0000E+00  0.0000E+00
     1    12     1     2        0  0.3372E+05  0.1000E+03  0.0000E+00  0.0000E+00
     1    12     1     3        0  0.8633E+03  0.3776E+02  0.0000E+00  0.0000E+00
     1    12     1     4        0  0.7378E+03  0.4852E+01  0.0000E+00  0.0000E+00
     1    12     1     5        0  0.8019E+03  0.4810E+01  0.0000E+00  0.0000E+00
     1    12     1     6        0  0.2048E+04  0.1186E+02  0.0000E+00  0.0000E+00
     1    12     2     1        0  0.4375E+02  0.8755E+02  0.0000E+00  0.0000E+00
     1    12     2     2        0  0.2826E+04  0.1000E+03  0.0000E+00  0.0000E+00
     1    12     2     3        0  0.1199E+02  0.1419E+02  0.0000E+00  0.0000E+00
     1    12     2     4        0  0.1454E+04  0.5690E+02  0.0000E+00  0.0000E+00
     1    12     2     5        0  0.1692E+02  0.1001E+02  0.0000E+00  0.0000E+00
     1    12     3     1        0  0.3104E+02  0.1000E+03  0.0000E+00  0.0000E+00
     1    12     3     2        0  0.5102E+03  0.1000E+03  0.0000E+00  0.0000E+00
     1    12     3     3        0  0.2809E+01  0.9967E+01  0.0000E+00  0.0000E+00
     1    12     3     4        0  0.1257E+02  0.1429E+02  0.0000E+00  0.0000E+00
     1    12     3     5        0  0.2516E-01  0.5572E+00  0.0000E+00  0.0000E+00
     1    13     1     1        0  0.2030E+02  0.4425E+02  0.0000E+00  0.0000E+00
     1    13     1     2        0  0.1167E+03  0.9763E+02  0.0000E+00  0.0000E+00
     1    13     1     3        0  0.6076E+01  0.2342E+02  0.0000E+00  0.0000E+00
     1    13     1     4        0  0.5651E+02  0.6492E+02  0.0000E+00  0.0000E+00
     1    13     1     5        0  0.5535E+01  0.2067E+02  0.0000E+00  0.0000E+00
     1    13     1     6        0  0.3713E+05  0.1000E+03  0.0000E+00  0.0000E+00
     1    13     1     7        0  0.1289E+04  0.5929E+02  0.0000E+00  0.0000E+00
     1    13     2     1        0  0.9190E+00  0.3265E+02  0.0000E+00  0.0000E+00
     1    13     2     2        0  0.1183E+00  0.1238E+02  0.0000E+00  0.0000E+00
     1    13     2     3        0  0.2035E-03  0.4873E+00  0.0000E+00  0.0000E+00
     1    14     1     1        0  0.7438E+00  0.2506E+02  0.0000E+00  0.0000E+00
     1    14     1     2        0  0.8550E-01  0.8756E+01  0.0000E+00  0.0000E+00
     1    14     1     3        0  0.1969E-03  0.4067E+00  0.0000E+00  0.0000E+00
     1    15     1     1        0  0.2729E+05  0.1000E+03  0.0000E+00  0.0000E+00
     1    15     1     2        0  0.6035E+03  0.4892E+02  0.0000E+00  0.0000E+00
     1    15     1     3        0  0.3738E+04  0.7663E+01  0.0000E+00  0.0000E+00
     1    15     1     4        0  0.1363E+04  0.5367E+01  0.0000E+00  0.0000E+00
     1    15     2     1        0  0.1074E+00  0.2209E+02  0.0000E+00  0.0000E+00
     1    15     2     2        0  0.6918E-02  0.5691E+01  0.0000E+00  0.0000E+00
     1    16     1     1        0  0.1116E+00  0.1974E+02  0.0000E+00  0.0000E+00
     1    16     1     2        0  0.9635E-02  0.5843E+01  0.0000E+00  0.0000E+00
     1    16     1     3        0  0.0000E+00  0.2571E+00  0.0000E+00  0.0000E+00
     1    17     1     1        0  0.2174E+01  0.5209E+02  0.0000E+00  0.0000E+00
     1    17     1     2        0  0.4564E+00  0.2417E+02  0.0000E+00  0.0000E+00
     1    17     1     3        0  0.1646E-01  0.4533E+01  0.0000E+00  0.0000E+00
     1    18     1     1        0  0.1084E+02  0.6126E+02  0.0000E+00  0.0000E+00
     1    18     1     2        0  0.3987E+03  0.1000E+03  0.0000E+00  0.0000E+00
     1    18     1     3        0  0.6571E+01  0.1748E+02  0.0000E+00  0.0000E+00
     1    18     1     4        0  0.6295E+02  0.3486E+02  0.0000E+00  0.0000E+00
     1    18     1     5        0  0.7801E+01  0.1443E+02  0.0000E+00  0.0000E+00
     1    18     2     1        0  0.1774E+01  0.9573E+02  0.0000E+00  0.0000E+00
     1    18     2     2        0  0.3664E+00  0.4382E+02  0.0000E+00  0.0000E+00
     1    18     2     3        0  0.3650E-01  0.1372E+02  0.0000E+00  0.0000E+00
     1    18     2     4        0  0.3406E-03  0.1320E+01  0.0000E+00  0.0000E+00
     1    19     1     1        0  0.2362E+02  0.1000E+03  0.0000E+00  0.0000E+00
     1    19     1     2        0  0.1111E+03  0.1000E+03  0.0000E+00  0.0000E+00
     1    19     1     3        0  0.8772E+00  0.1134E+02  0.0000E+00  0.0000E+00
     1    19     1     4        0  0.8427E+01  0.2604E+02  0.0000E+00  0.0000E+00
     1    19     1     5        0  0.3823E+01  0.1822E+02  0.0000E+00  0.0000E+00
