SUMMARY OF C0NVERGENCE INFORMATION
  STEP   INC  ATT   ITER     CONT.   RESID.        CORR.      RESID.      CORR.
                              EL.    FORCE         DISP       FLUX        TEMP.
                              (#)     (%)           (%)        (%)         (%)
     1     1     1     1        0  0.2029E+04  0.1000E+03  0.0000E+00  0.0000E+00
     1     1     1     2        0  0.3145E+05  0.3193E+02  0.0000E+00  0.0000E+00
     1     1     1     3        0  0.2781E+05  0.6921E+02  0.0000E+00  0.0000E+00
     1     1     1     4        0  0.9807E+05  0.3810E+02  0.0000E+00  0.0000E+00
     1     1     1     5        0  0.6523E+05  0.1000E+03  0.0000E+00  0.0000E+00
     1     1     2     1        0  0.5139E+03  0.1000E+03  0.0000E+00  0.0000E+00
     1     1     2     2        0  0.4200E+01  0.1764E+01  0.0000E+00  0.0000E+00
     1     1     2     3        0  0.0000E+00  0.5936E-02  0.0000E+00  0.0000E+00
     1     2     1     1        0  0.4212E+04  0.1097E+02  0.0000E+00  0.0000E+00
     1     2     1     2        0  0.1757E+02  0.7692E+01  0.0000E+00  0.0000E+00
     1     2     1     3        0  0.1811E+04  0.6965E+01  0.0000E+00  0.0000E+00
     1     2     1     4        0  0.1065E+03  0.3990E+01  0.0000E+00  0.0000E+00
     1     2     2     1        0  0.2043E+01  0.2638E+01  0.0000E+00  0.0000E+00
     1     2     2     2        0  0.0000E+00  0.1807E-01  0.0000E+00  0.0000E+00
     1     3     1     1        0  0.4580E+01  0.1844E+01  0.0000E+00  0.0000E+00
     1     3     1     2        0  0.0000E+00  0.3917E-01  0.0000E+00  0.0000E+00
     1     4     1     1        0  0.3602E+04  0.2339E+02  0.0000E+00  0.0000E+00
     1     4     1     2        0  0.5040E+01  0.1622E+02  0.0000E+00  0.0000E+00
     1     4     1     3        0  0.3944E+02  0.5737E+01  0.0000E+00  0.0000E+00
     1     4     1     4        0  0.2688E+00  0.2590E+00  0.0000E+00  0.0000E+00
     1     5     1     1        0  0.7570E+03  0.5566E+02  0.0000E+00  0.0000E+00
     1     5     1     2        0  0.3717E+05  0.1000E+03  0.0000E+00  0.0000E+00
     1     5     1     3        0  0.8508E+03  0.4444E+01  0.0000E+00  0.0000E+00
     1     5     1     4        0  0.1266E+06  0.3565E+02  0.0000E+00  0.0000E+00
     1     5     1     5        0  0.5172E+05  0.1000E+03  0.0000E+00  0.0000E+00
     1     5     2     1        0  0.7166E+03  0.7712E+02  0.0000E+00  0.0000E+00
     1     5     2     2        0  0.5611E+03  0.7402E+02  0.0000E+00  0.0000E+00
     1     5     2     3        0  0.2294E+02  0.2144E+02  0.0000E+00  0.0000E+00
     1     5     2     4        0  0.2311E+01  0.5368E+01  0.0000E+00  0.0000E+00
     1     5     2     5        0  0.3399E-02  0.2460E-01  0.0000E+00  0.0000E+00
     1     6     1     1        0  0.7201E+03  0.3380E+02  0.0000E+00  0.0000E+00
     1     6     1     2        0  0.1568E+03  0.2584E+02  0.0000E+00  0.0000E+00
     1     6     1     3        0  0.7893E+01  0.2465E+01  0.0000E+00  0.0000E+00
     1     6     1     4        0  0.2767E-01  0.2673E+00  0.0000E+00  0.0000E+00
     1     7     1     1        0  0.1567E+04  0.5765E+01  0.0000E+00  0.0000E+00
     1     7     1     2        0  0.1960E+04  0.1813E+02  0.0000E+00  0.0000E+00
     1     7     1     3        0  0.1046E+04  0.9603E+01  0.0000E+00  0.0000E+00
     1     7     1     4        0  0.3499E+04  0.1901E+02  0.0000E+00  0.0000E+00
     1     7     1     5        0  0.2038E+03  0.2176E+01  0.0000E+00  0.0000E+00
     1     7     1     6        0  0.1758E+05  0.5392E+02  0.0000E+00  0.0000E+00
     1     7     1     7        0  0.1088E+03  0.7494E+01  0.0000E+00  0.0000E+00
     1     7     1     8        0  0.1129E+03  0.1605E+02  0.0000E+00  0.0000E+00
     1     7     1     9        0  0.2070E+01  0.5117E+00  0.0000E+00  0.0000E+00
     1     7     1    10        0  0.8474E-01  0.1485E+00  0.0000E+00  0.0000E+00
     1     8     1     1        0  0.1050E+05  0.1000E+03  0.0000E+00  0.0000E+00
     1     8     1     2        0  0.1023E+04  0.9256E+02  0.0000E+00  0.0000E+00
     1     8     1     3        0  0.3864E+03  0.1258E+02  0.0000E+00  0.0000E+00
     1     8     1     4        0  0.1186E+02  0.1113E+01  0.0000E+00  0.0000E+00
     1     8     1     5        0  0.7377E+00  0.5213E-01  0.0000E+00  0.0000E+00
     1     8     1     6        0  0.1869E-03  0.7547E-03  0.0000E+00  0.0000E+00
     1     9     1     1        0  0.1105E+05  0.2669E+02  0.0000E+00  0.0000E+00
     1     9     1     2        0  0.5076E+03  0.2752E+02  0.0000E+00  0.0000E+00
     1     9     1     3        0  0.7028E+04  0.1385E+02  0.0000E+00  0.0000E+00
     1     9     1     4        0  0.2403E+02  0.1212E+01  0.0000E+00  0.0000E+00
     1     9     1     5        0  0.5117E+04  0.5263E+01  0.0000E+00  0.0000E+00
     1     9     1     6        0  0.1207E+02  0.9236E+00  0.0000E+00  0.0000E+00
     1     9     1     7        0  0.1376E+02  0.2375E+00  0.0000E+00  0.0000E+00
     1     9     1     8        0  0.8691E-01  0.1866E-01  0.0000E+00  0.0000E+00
     1    10     1     1        0  0.2677E+04  0.1491E+02  0.0000E+00  0.0000E+00
     1    10     1     2        0  0.5713E+04  0.3241E+02  0.0000E+00  0.0000E+00
     1    10     1     3        0  0.2806E+03  0.1702E+02  0.0000E+00  0.0000E+00
     1    10     1     4        0  0.3637E+06  0.1000E+03  0.0000E+00  0.0000E+00
     1    10     1     5        0  0.8148E+05  0.1000E+03  0.0000E+00  0.0000E+00
     1    10     2     1        0  0.6703E+02  0.8497E+01  0.0000E+00  0.0000E+00
     1    10     2     2        0  0.2192E+05  0.4949E+02  0.0000E+00  0.0000E+00
     1    10     2     3        0  0.3018E+03  0.3150E+02  0.0000E+00  0.0000E+00
     1    10     2     4        0  0.2419E+02  0.2885E+01  0.0000E+00  0.0000E+00
     1    10     2     5        0  0.2773E+03  0.6880E+01  0.0000E+00  0.0000E+00
     1    10     2     6        0  0.4244E+01  0.8733E+00  0.0000E+00  0.0000E+00
     1    10     2     7        0  0.3287E+02  0.2777E+01  0.0000E+00  0.0000E+00
     1    10     2     8        0  0.4376E+00  0.2756E+00  0.0000E+00  0.0000E+00
     1    11     1     1        0  0.2334E+04  0.1000E+03  0.0000E+00  0.0000E+00
     1    11     1     2        0  0.4295E+03  0.2735E+02  0.0000E+00  0.0000E+00
     1    11     1     3        0  0.1137E+03  0.6074E+01  0.0000E+00  0.0000E+00
     1    11     1     4        0  0.5378E+02  0.2009E+02  0.0000E+00  0.0000E+00
     1    11     1     5        0  0.3064E+02  0.1053E+02  0.0000E+00  0.0000E+00
     1    11     1     6        0  0.2773E+01  0.3547E+01  0.0000E+00  0.0000E+00
     1    11     1     7        0  0.6340E-01  0.5196E+00  0.0000E+00  0.0000E+00
     1    12     1     1        0  0.8146E+03  0.8669E+02  0.0000E+00  0.0000E+00
     1    12     1     2        0  0.3372E+05  0.1000E+03  0.0000E+00  0.0000E+00
     1    12     1     3        0  0.8631E+03  0.3775E+02  0.0000E+00  0.0000E+00
     1    12     1     4        0  0.7379E+03  0.4852E+01  0.0000E+00  0.0000E+00
     1    12     1     5        0  0.8019E+03  0.4810E+01  0.0000E+00  0.0000E+00
     1    12     1     6        0  0.2050E+04  0.1186E+02  0.0000E+00  0.0000E+00
     1    12     2     1        0  0.4374E+02  0.8755E+02  0.0000E+00  0.0000E+00
     1    12     2     2        0  0.2825E+04  0.1000E+03  0.0000E+00  0.0000E+00
     1    12     2     3        0  0.1199E+02  0.1419E+02  0.0000E+00  0.0000E+00
     1    12     2     4        0  0.1454E+04  0.5690E+02  0.0000E+00  0.0000E+00
     1    12     2     5        0  0.1692E+02  0.1001E+02  0.0000E+00  0.0000E+00
     1    12     3     1        0  0.3104E+02  0.1000E+03  0.0000E+00  0.0000E+00
     1    12     3     2        0  0.5102E+03  0.1000E+03  0.0000E+00  0.0000E+00
     1    12     3     3        0  0.2809E+01  0.9967E+01  0.0000E+00  0.0000E+00
     1    12     3     4        0  0.1257E+02  0.1429E+02  0.0000E+00  0.0000E+00
     1    12     3     5        0  0.2516E-01  0.5573E+00  0.0000E+00  0.0000E+00
     1    13     1     1        0  0.2030E+02  0.4424E+02  0.0000E+00  0.0000E+00
     1    13     1     2        0  0.1167E+03  0.9762E+02  0.0000E+00  0.0000E+00
     1    13     1     3        0  0.6077E+01  0.2342E+02  0.0000E+00  0.0000E+00
     1    13     1     4        0  0.5655E+02  0.6495E+02  0.0000E+00  0.0000E+00
     1    13     1     5        0  0.5532E+01  0.2066E+02  0.0000E+00  0.0000E+00
     1    13     1     6        0  0.3371E+05  0.1000E+03  0.0000E+00  0.0000E+00
     1    13     1     7        0  0.1064E+04  0.5691E+02  0.0000E+00  0.0000E+00
     1    13     2     1        0  0.9192E+00  0.3266E+02  0.0000E+00  0.0000E+00
     1    13     2     2        0  0.1183E+00  0.1238E+02  0.0000E+00  0.0000E+00
     1    13     2     3        0  0.2036E-03  0.4874E+00  0.0000E+00  0.0000E+00
     1    14     1     1        0  0.7441E+00  0.2506E+02  0.0000E+00  0.0000E+00
     1    14     1     2        0  0.8554E-01  0.8758E+01  0.0000E+00  0.0000E+00
     1    14     1     3        0  0.1971E-03  0.4068E+00  0.0000E+00  0.0000E+00
     1    15     1     1        0  0.2820E+05  0.1000E+03  0.0000E+00  0.0000E+00
     1    15     1     2        0  0.6434E+03  0.4959E+02  0.0000E+00  0.0000E+00
     1    15     1     3        0  0.3537E+04  0.7613E+01  0.0000E+00  0.0000E+00
     1    15     1     4        0  0.9574E+03  0.5784E+01  0.0000E+00  0.0000E+00
     1    15     2     1        0  0.1075E+00  0.2209E+02  0.0000E+00  0.0000E+00
     1    15     2     2        0  0.6922E-02  0.5692E+01  0.0000E+00  0.0000E+00
     1    16     1     1        0  0.1117E+00  0.1974E+02  0.0000E+00  0.0000E+00
     1    16     1     2        0  0.9642E-02  0.5845E+01  0.0000E+00  0.0000E+00
     1    16     1     3        0  0.0000E+00  0.2573E+00  0.0000E+00  0.0000E+00
     1    17     1     1        0  0.2177E+01  0.5212E+02  0.0000E+00  0.0000E+00
     1    17     1     2        0  0.4576E+00  0.2420E+02  0.0000E+00  0.0000E+00
     1    17     1     3        0  0.1655E-01  0.4545E+01  0.0000E+00  0.0000E+00
     1    18     1     1        0  0.1083E+02  0.6122E+02  0.0000E+00  0.0000E+00
     1    18     1     2        0  0.4009E+03  0.1000E+03  0.0000E+00  0.0000E+00
     1    18     1     3        0  0.6591E+01  0.1748E+02  0.0000E+00  0.0000E+00
     1    18     1     4        0  0.6331E+02  0.3484E+02  0.0000E+00  0.0000E+00
     1    18     1     5        0  0.7805E+01  0.1440E+02  0.0000E+00  0.0000E+00
     1    18     2     1        0  0.1780E+01  0.9588E+02  0.0000E+00  0.0000E+00
     1    18     2     2        0  0.3691E+00  0.4397E+02  0.0000E+00  0.0000E+00
     1    18     2     3        0  0.3703E-01  0.1382E+02  0.0000E+00  0.0000E+00
     1    18     2     4        0  0.3458E-03  0.1329E+01  0.0000E+00  0.0000E+00
     1    19     1     1        0  0.2335E+02  0.1000E+03  0.0000E+00  0.0000E+00
     1    19     1     2        0  0.1085E+03  0.1000E+03  0.0000E+00  0.0000E+00
     1    19     1     3        0  0.8686E+00  0.1137E+02  0.0000E+00  0.0000E+00
     1    19     1     4        0  0.8310E+01  0.2618E+02  0.0000E+00  0.0000E+00
     1    19     1     5        0  0.3944E+01  0.1872E+02  0.0000E+00  0.0000E+00
