SUMMARY OF C0NVERGENCE INFORMATION
  STEP   INC  ATT   ITER     CONT.   RESID.        CORR.      RESID.      CORR.
                              EL.    FORCE         DISP       FLUX        TEMP.
                              (#)     (%)           (%)        (%)         (%)
     1     1     1     1        0  0.4031E+03  0.1000E+03  0.0000E+00  0.0000E+00
     1     1     1     2        0  0.2689E+04  0.4100E+01  0.0000E+00  0.0000E+00
     1     1     1     3        0  0.1364E+02  0.8451E+01  0.0000E+00  0.0000E+00
     1     1     1     4        0  0.3235E+03  0.7515E+01  0.0000E+00  0.0000E+00
     1     1     1     5        0  0.1103E+03  0.1977E+01  0.0000E+00  0.0000E+00
     1     1     2     1        0  0.1012E+03  0.1000E+03  0.0000E+00  0.0000E+00
     1     1     2     2        0  0.2128E+03  0.1007E+01  0.0000E+00  0.0000E+00
     1     1     2     3        0  0.4455E+01  0.1441E+00  0.0000E+00  0.0000E+00
     1     1     2     4        0  0.6676E+01  0.1704E+00  0.0000E+00  0.0000E+00
     1     1     2     5        0  0.1980E+00  0.2941E-01  0.0000E+00  0.0000E+00
     1     2     1     1        0  0.1851E+05  0.1236E+02  0.0000E+00  0.0000E+00
     1     2     1     2        0  0.2461E+03  0.7632E+01  0.0000E+00  0.0000E+00
     1     2     1     3        0  0.1170E+04  0.3205E+01  0.0000E+00  0.0000E+00
     1     2     1     4        0  0.2576E+03  0.1351E+01  0.0000E+00  0.0000E+00
     1     2     2     1        0  0.1144E+04  0.9529E+01  0.0000E+00  0.0000E+00
     1     2     2     2        0  0.4581E+02  0.2096E+01  0.0000E+00  0.0000E+00
     1     2     2     3        0  0.9406E+02  0.2635E+01  0.0000E+00  0.0000E+00
     1     2     2     4        0  0.1716E+02  0.1179E+01  0.0000E+00  0.0000E+00
     1     2     2     5        0  0.3727E+01  0.5340E+00  0.0000E+00  0.0000E+00
     1     2     2     6        0  0.9528E-01  0.8625E-01  0.0000E+00  0.0000E+00
     1     3     1     1        0  0.2889E+05  0.5368E+02  0.0000E+00  0.0000E+00
     1     3     1     2        0  0.4610E+04  0.1000E+03  0.0000E+00  0.0000E+00
     1     3     1     3        0  0.2564E+04  0.5849E+02  0.0000E+00  0.0000E+00
     1     3     1     4        0  0.3338E+04  0.2118E+02  0.0000E+00  0.0000E+00
     1     3     1     5        0  0.1237E+05  0.5202E+02  0.0000E+00  0.0000E+00
     1     3     2     1        0  0.1146E+01  0.1181E+01  0.0000E+00  0.0000E+00
     1     3     2     2        0  0.6939E-02  0.9422E-01  0.0000E+00  0.0000E+00
     1     4     1     1        0  0.2616E+01  0.1948E+01  0.0000E+00  0.0000E+00
     1     4     1     2        0  0.4521E-03  0.9106E-01  0.0000E+00  0.0000E+00
     1     5     1     1        0  0.3168E+02  0.4607E+01  0.0000E+00  0.0000E+00
     1     5     1     2        0  0.5785E+00  0.4958E+00  0.0000E+00  0.0000E+00
     1     5     1     3        0  0.1478E-01  0.9949E-01  0.0000E+00  0.0000E+00
     1     6     1     1        0  0.7131E+02  0.2346E+01  0.0000E+00  0.0000E+00
     1     6     1     2        0  0.1624E+01  0.4656E+00  0.0000E+00  0.0000E+00
     1     6     1     3        0  0.6581E-01  0.5542E-01  0.0000E+00  0.0000E+00
     1     7     1     1        0  0.1548E+02  0.2094E+01  0.0000E+00  0.0000E+00
     1     7     1     2        0  0.1179E+02  0.1581E+01  0.0000E+00  0.0000E+00
     1     7     1     3        0  0.1891E+00  0.1668E+00  0.0000E+00  0.0000E+00
     1     8     1     1        0  0.1787E+02  0.1570E+01  0.0000E+00  0.0000E+00
     1     8     1     2        0  0.4965E+01  0.8921E+00  0.0000E+00  0.0000E+00
     1     8     1     3        0  0.3736E-01  0.3867E-01  0.0000E+00  0.0000E+00
     1     9     1     1        0  0.1617E+02  0.1772E+01  0.0000E+00  0.0000E+00
     1     9     1     2        0  0.3317E+01  0.7778E+00  0.0000E+00  0.0000E+00
     1     9     1     3        0  0.1172E-01  0.2417E-01  0.0000E+00  0.0000E+00
     1    10     1     1        0  0.2535E+02  0.1951E+01  0.0000E+00  0.0000E+00
     1    10     1     2        0  0.3416E+01  0.7120E+00  0.0000E+00  0.0000E+00
     1    10     1     3        0  0.3262E-01  0.1395E-01  0.0000E+00  0.0000E+00
     1    11     1     1        0  0.1585E+05  0.4032E+02  0.0000E+00  0.0000E+00
     1    11     1     2        0  0.2019E+04  0.1000E+03  0.0000E+00  0.0000E+00
     1    11     1     3        0  0.6704E+03  0.4063E+02  0.0000E+00  0.0000E+00
     1    11     1     4        0  0.2083E+03  0.1243E+02  0.0000E+00  0.0000E+00
     1    11     1     5        0  0.8266E+05  0.1620E+02  0.0000E+00  0.0000E+00
     1    11     1     6        0  0.1428E+05  0.1000E+03  0.0000E+00  0.0000E+00
     1    11     2     1        0  0.1367E+02  0.4678E+01  0.0000E+00  0.0000E+00
     1    11     2     2        0  0.1432E-02  0.5258E+00  0.0000E+00  0.0000E+00
     1    12     1     1        0  0.3494E+02  0.8821E+01  0.0000E+00  0.0000E+00
     1    12     1     2        0  0.1335E-01  0.1500E+01  0.0000E+00  0.0000E+00
     1    12     1     3        0  0.0000E+00  0.3048E-02  0.0000E+00  0.0000E+00
     1    13     1     1        0  0.2311E+03  0.4217E+02  0.0000E+00  0.0000E+00
     1    13     1     2        0  0.7540E+01  0.1421E+02  0.0000E+00  0.0000E+00
     1    13     1     3        0  0.2257E+00  0.1629E+01  0.0000E+00  0.0000E+00
     1    14     1     1        0  0.1851E+01  0.4465E+02  0.0000E+00  0.0000E+00
     1    14     1     2        0  0.8007E-01  0.2836E+01  0.0000E+00  0.0000E+00
     1    14     1     3        0  0.0000E+00  0.4376E-02  0.0000E+00  0.0000E+00
