SUMMARY OF C0NVERGENCE INFORMATION
  STEP   INC  ATT   ITER     CONT.   RESID.        CORR.      RESID.      CORR.
                              EL.    FORCE         DISP       FLUX        TEMP.
                              (#)     (%)           (%)        (%)         (%)
     1     1     1     1        0  0.2031E+04  0.1000E+03  0.0000E+00  0.0000E+00
     1     1     1     2        0  0.3169E+05  0.3220E+02  0.0000E+00  0.0000E+00
     1     1     1     3        0  0.2745E+05  0.7055E+02  0.0000E+00  0.0000E+00
     1     1     1     4        0  0.5826E+05  0.3534E+02  0.0000E+00  0.0000E+00
     1     1     1     5        0  0.1820E+05  0.7932E+02  0.0000E+00  0.0000E+00
     1     1     1     6        0  0.5878E+04  0.2813E+02  0.0000E+00  0.0000E+00
     1     1     1     7        0  0.2283E+05  0.8731E+02  0.0000E+00  0.0000E+00
     1     1     1     8        0  0.2576E+05  0.1102E+02  0.0000E+00  0.0000E+00
     1     1     2     1        0  0.5144E+03  0.1000E+03  0.0000E+00  0.0000E+00
     1     1     2     2        0  0.4211E+01  0.1766E+01  0.0000E+00  0.0000E+00
     1     1     2     3        0  0.0000E+00  0.5956E-02  0.0000E+00  0.0000E+00
     1     2     1     1        0  0.4174E+04  0.1093E+02  0.0000E+00  0.0000E+00
     1     2     1     2        0  0.1735E+02  0.7619E+01  0.0000E+00  0.0000E+00
     1     2     1     3        0  0.1854E+04  0.7014E+01  0.0000E+00  0.0000E+00
     1     2     1     4        0  0.1051E+03  0.4101E+01  0.0000E+00  0.0000E+00
     1     2     2     1        0  0.2049E+01  0.2642E+01  0.0000E+00  0.0000E+00
     1     2     2     2        0  0.0000E+00  0.1812E-01  0.0000E+00  0.0000E+00
     1     3     1     1        0  0.4601E+01  0.1847E+01  0.0000E+00  0.0000E+00
     1     3     1     2        0  0.0000E+00  0.3932E-01  0.0000E+00  0.0000E+00
     1     4     1     1        0  0.3668E+04  0.2360E+02  0.0000E+00  0.0000E+00
     1     4     1     2        0  0.5248E+01  0.1651E+02  0.0000E+00  0.0000E+00
     1     4     1     3        0  0.4217E+02  0.5965E+01  0.0000E+00  0.0000E+00
     1     4     1     4        0  0.3076E+00  0.2788E+00  0.0000E+00  0.0000E+00
     1     5     1     1        0  0.7448E+03  0.5572E+02  0.0000E+00  0.0000E+00
     1     5     1     2        0  0.3756E+05  0.1000E+03  0.0000E+00  0.0000E+00
     1     5     1     3        0  0.8682E+03  0.4611E+01  0.0000E+00  0.0000E+00
     1     5     1     4        0  0.1308E+06  0.3669E+02  0.0000E+00  0.0000E+00
     1     5     1     5        0  0.6055E+05  0.1000E+03  0.0000E+00  0.0000E+00
     1     5     2     1        0  0.7044E+03  0.7684E+02  0.0000E+00  0.0000E+00
     1     5     2     2        0  0.5756E+03  0.7468E+02  0.0000E+00  0.0000E+00
     1     5     2     3        0  0.2106E+02  0.2093E+02  0.0000E+00  0.0000E+00
     1     5     2     4        0  0.2266E+01  0.5297E+01  0.0000E+00  0.0000E+00
     1     5     2     5        0  0.3358E-02  0.2127E-01  0.0000E+00  0.0000E+00
     1     6     1     1        0  0.7246E+03  0.3369E+02  0.0000E+00  0.0000E+00
     1     6     1     2        0  0.1559E+03  0.2578E+02  0.0000E+00  0.0000E+00
     1     6     1     3        0  0.7930E+01  0.2446E+01  0.0000E+00  0.0000E+00
     1     6     1     4        0  0.2694E-01  0.2638E+00  0.0000E+00  0.0000E+00
     1     7     1     1        0  0.1548E+04  0.5711E+01  0.0000E+00  0.0000E+00
     1     7     1     2        0  0.2025E+04  0.1826E+02  0.0000E+00  0.0000E+00
     1     7     1     3        0  0.1084E+04  0.9806E+01  0.0000E+00  0.0000E+00
     1     7     1     4        0  0.4002E+04  0.2045E+02  0.0000E+00  0.0000E+00
     1     7     1     5        0  0.1556E+03  0.1621E+01  0.0000E+00  0.0000E+00
     1     7     1     6        0  0.2213E+05  0.6161E+02  0.0000E+00  0.0000E+00
     1     7     1     7        0  0.1837E+03  0.1148E+02  0.0000E+00  0.0000E+00
     1     7     2     1        0  0.1938E+03  0.1212E+02  0.0000E+00  0.0000E+00
     1     7     2     2        0  0.5096E+02  0.9290E+01  0.0000E+00  0.0000E+00
     1     7     2     3        0  0.1515E+02  0.3879E+01  0.0000E+00  0.0000E+00
     1     7     2     4        0  0.3445E+00  0.6166E+00  0.0000E+00  0.0000E+00
     1     8     1     1        0  0.3362E+02  0.2940E+01  0.0000E+00  0.0000E+00
     1     8     1     2        0  0.3078E+04  0.5877E+02  0.0000E+00  0.0000E+00
     1     8     1     3        0  0.1366E+02  0.3592E+01  0.0000E+00  0.0000E+00
     1     8     1     4        0  0.1023E+02  0.2886E+01  0.0000E+00  0.0000E+00
     1     8     1     5        0  0.6243E-01  0.2519E+00  0.0000E+00  0.0000E+00
     1     9     1     1        0  0.8401E+02  0.3602E+02  0.0000E+00  0.0000E+00
     1     9     1     2        0  0.1233E+04  0.7392E+02  0.0000E+00  0.0000E+00
     1     9     1     3        0  0.3906E+01  0.2634E+01  0.0000E+00  0.0000E+00
     1     9     1     4        0  0.3733E+02  0.5846E+01  0.0000E+00  0.0000E+00
     1     9     1     5        0  0.7602E-02  0.6461E-01  0.0000E+00  0.0000E+00
     1    10     1     1        0  0.2401E+03  0.3194E+02  0.0000E+00  0.0000E+00
     1    10     1     2        0  0.7595E+02  0.3417E+02  0.0000E+00  0.0000E+00
     1    10     1     3        0  0.1111E+02  0.2605E+01  0.0000E+00  0.0000E+00
     1    10     1     4        0  0.3254E-01  0.1323E+00  0.0000E+00  0.0000E+00
     1    11     1     1        0  0.1457E+03  0.8681E+01  0.0000E+00  0.0000E+00
     1    11     1     2        0  0.9028E+02  0.2560E+01  0.0000E+00  0.0000E+00
     1    11     1     3        0  0.7036E+01  0.2205E+01  0.0000E+00  0.0000E+00
     1    11     1     4        0  0.2764E+00  0.4781E+00  0.0000E+00  0.0000E+00
     1    12     1     1        0  0.2482E+03  0.4893E+01  0.0000E+00  0.0000E+00
     1    12     1     2        0  0.1164E+03  0.4738E+01  0.0000E+00  0.0000E+00
     1    12     1     3        0  0.1526E+02  0.2788E+01  0.0000E+00  0.0000E+00
     1    12     1     4        0  0.6864E+00  0.6213E+00  0.0000E+00  0.0000E+00
     1    12     1     5        0  0.6612E-03  0.2013E-01  0.0000E+00  0.0000E+00
     1    13     1     1        0  0.1758E+03  0.2813E+01  0.0000E+00  0.0000E+00
     1    13     1     2        0  0.7521E+02  0.7480E+01  0.0000E+00  0.0000E+00
     1    13     1     3        0  0.4809E+01  0.1943E+01  0.0000E+00  0.0000E+00
     1    13     1     4        0  0.7771E-01  0.2587E+00  0.0000E+00  0.0000E+00
     1    14     1     1        0  0.9349E+02  0.2813E+01  0.0000E+00  0.0000E+00
     1    14     1     2        0  0.3519E+02  0.6874E+01  0.0000E+00  0.0000E+00
     1    14     1     3        0  0.7370E+00  0.8700E+00  0.0000E+00  0.0000E+00
     1    14     1     4        0  0.2285E-02  0.5108E-01  0.0000E+00  0.0000E+00
     1    15     1     1        0  0.2205E+03  0.4334E+01  0.0000E+00  0.0000E+00
     1    15     1     2        0  0.9605E+02  0.7004E+01  0.0000E+00  0.0000E+00
     1    15     1     3        0  0.2254E+02  0.1112E+01  0.0000E+00  0.0000E+00
     1    15     1     4        0  0.6339E+01  0.3731E+00  0.0000E+00  0.0000E+00
     1    15     1     5        0  0.1377E+00  0.5219E-01  0.0000E+00  0.0000E+00
     1    16     1     1        0  0.2315E+03  0.8894E+01  0.0000E+00  0.0000E+00
     1    16     1     2        0  0.5874E+06  0.1000E+03  0.0000E+00  0.0000E+00
     1    16     1     3        0  0.1833E+06  0.1000E+03  0.0000E+00  0.0000E+00
     1    16     1     4        0  0.2595E+05  0.5725E+02  0.0000E+00  0.0000E+00
     1    16     1     5        0  0.6375E+05  0.1000E+03  0.0000E+00  0.0000E+00
     1    16     1     6        0  0.6663E+05  0.2798E+02  0.0000E+00  0.0000E+00
     1    16     2     1        0  0.4130E+02  0.7211E+01  0.0000E+00  0.0000E+00
     1    16     2     2        0  0.2668E+03  0.1060E+02  0.0000E+00  0.0000E+00
     1    16     2     3        0  0.3504E+01  0.1261E+01  0.0000E+00  0.0000E+00
     1    16     2     4        0  0.3368E+02  0.3465E+01  0.0000E+00  0.0000E+00
     1    16     2     5        0  0.1079E-01  0.1168E+00  0.0000E+00  0.0000E+00
     1    17     1     1        0  0.6534E+01  0.8039E+01  0.0000E+00  0.0000E+00
     1    17     1     2        0  0.5644E+04  0.4841E+02  0.0000E+00  0.0000E+00
     1    17     1     3        0  0.2645E+02  0.1619E+02  0.0000E+00  0.0000E+00
     1    17     1     4        0  0.1826E+03  0.1666E+02  0.0000E+00  0.0000E+00
     1    17     1     5        0  0.3202E+01  0.1071E+01  0.0000E+00  0.0000E+00
     1    17     1     6        0  0.1022E+02  0.2948E+01  0.0000E+00  0.0000E+00
     1    17     1     7        0  0.2421E-01  0.1209E+00  0.0000E+00  0.0000E+00
     1    18     1     1        0  0.1933E+03  0.4811E+02  0.0000E+00  0.0000E+00
     1    18     1     2        0  0.2588E+02  0.3936E+01  0.0000E+00  0.0000E+00
     1    18     1     3        0  0.4861E+02  0.4091E+01  0.0000E+00  0.0000E+00
     1    18     1     4        0  0.2174E+01  0.9471E+00  0.0000E+00  0.0000E+00
     1    18     1     5        0  0.4265E+00  0.5105E+00  0.0000E+00  0.0000E+00
     1    19     1     1        0  0.3487E+03  0.1000E+03  0.0000E+00  0.0000E+00
     1    19     1     2        0  0.4112E+03  0.1572E+02  0.0000E+00  0.0000E+00
     1    19     1     3        0  0.1411E+03  0.3329E+02  0.0000E+00  0.0000E+00
     1    19     1     4        0  0.4151E+02  0.1333E+02  0.0000E+00  0.0000E+00
     1    19     1     5        0  0.5766E+01  0.5509E+01  0.0000E+00  0.0000E+00
     1    19     1     6        0  0.5512E-01  0.4561E+00  0.0000E+00  0.0000E+00
     1    20     1     1        0  0.1113E+03  0.7453E+02  0.0000E+00  0.0000E+00
     1    20     1     2        0  0.5033E+05  0.1000E+03  0.0000E+00  0.0000E+00
     1    20     1     3        0  0.1761E+04  0.5457E+02  0.0000E+00  0.0000E+00
     1    20     1     4        0  0.1620E+04  0.6617E+01  0.0000E+00  0.0000E+00
     1    20     1     5        0  0.2751E+04  0.8676E+01  0.0000E+00  0.0000E+00
     1    20     1     6        0  0.8424E+03  0.4415E+01  0.0000E+00  0.0000E+00
     1    20     1     7        0  0.7820E+04  0.1037E+02  0.0000E+00  0.0000E+00
     1    20     1     8        0  0.4876E+03  0.9239E+01  0.0000E+00  0.0000E+00
     1    20     1     9        0  0.2153E+03  0.7272E+01  0.0000E+00  0.0000E+00
     1    20     2     1        0  0.3952E+02  0.7401E+02  0.0000E+00  0.0000E+00
     1    20     2     2        0  0.7787E+04  0.1000E+03  0.0000E+00  0.0000E+00
     1    20     2     3        0  0.8887E+02  0.3475E+02  0.0000E+00  0.0000E+00
     1    20     2     4        0  0.4836E+04  0.1000E+03  0.0000E+00  0.0000E+00
     1    20     2     5        0  0.2261E+02  0.1549E+02  0.0000E+00  0.0000E+00
     1    20     2     6        0  0.1586E+04  0.4347E+02  0.0000E+00  0.0000E+00
     1    20     2     7        0  0.1109E+02  0.7749E+01  0.0000E+00  0.0000E+00
     1    20     2     8        0  0.2749E+04  0.4615E+02  0.0000E+00  0.0000E+00
     1    20     2     9        0  0.4098E+02  0.1412E+02  0.0000E+00  0.0000E+00
     1    20     3     1        0  0.3481E+01  0.8054E+02  0.0000E+00  0.0000E+00
     1    20     3     2        0  0.3016E+01  0.5285E+02  0.0000E+00  0.0000E+00
     1    20     3     3        0  0.3091E-01  0.5608E+01  0.0000E+00  0.0000E+00
     1    21     1     1        0  0.1250E+02  0.5389E+02  0.0000E+00  0.0000E+00
     1    21     1     2        0  0.1499E+03  0.1000E+03  0.0000E+00  0.0000E+00
     1    21     1     3        0  0.9475E+02  0.8939E+02  0.0000E+00  0.0000E+00
     1    21     1     4        0  0.1926E+04  0.1000E+03  0.0000E+00  0.0000E+00
     1    21     1     5        0  0.7017E+01  0.1523E+02  0.0000E+00  0.0000E+00
     1    21     1     6        0  0.1919E+03  0.2352E+02  0.0000E+00  0.0000E+00
     1    21     1     7        0  0.1201E+02  0.8376E+01  0.0000E+00  0.0000E+00
     1    21     2     1        0  0.5778E+00  0.4240E+02  0.0000E+00  0.0000E+00
     1    21     2     2        0  0.4288E-01  0.1058E+02  0.0000E+00  0.0000E+00
     1    22     1     1        0  0.6831E+00  0.3038E+02  0.0000E+00  0.0000E+00
     1    22     1     2        0  0.1035E+00  0.1127E+02  0.0000E+00  0.0000E+00
     1    22     1     3        0  0.3127E-03  0.6390E+00  0.0000E+00  0.0000E+00
     1    23     1     1        0  0.1214E+02  0.6315E+02  0.0000E+00  0.0000E+00
     1    23     1     2        0  0.5774E+04  0.1000E+03  0.0000E+00  0.0000E+00
     1    23     1     3        0  0.7792E+02  0.3132E+02  0.0000E+00  0.0000E+00
     1    23     1     4        0  0.2768E+04  0.1000E+03  0.0000E+00  0.0000E+00
     1    23     1     5        0  0.1209E+02  0.1270E+02  0.0000E+00  0.0000E+00
     1    23     1     6        0  0.4058E+03  0.2992E+02  0.0000E+00  0.0000E+00
     1    23     1     7        0  0.1068E+02  0.5482E+01  0.0000E+00  0.0000E+00
     1    23     1     8        0  0.1323E+03  0.1605E+02  0.0000E+00  0.0000E+00
     1    23     1     9        0  0.1137E+02  0.4822E+01  0.0000E+00  0.0000E+00
     1    23     2     1        0  0.3140E+00  0.3890E+02  0.0000E+00  0.0000E+00
     1    23     2     2        0  0.3506E-01  0.1271E+02  0.0000E+00  0.0000E+00
     1    23     2     3        0  0.1245E-03  0.7718E+00  0.0000E+00  0.0000E+00
     1    24     1     1        0  0.9376E+00  0.4485E+02  0.0000E+00  0.0000E+00
     1    24     1     2        0  0.6149E+00  0.3580E+02  0.0000E+00  0.0000E+00
     1    24     1     3        0  0.6455E-01  0.1169E+02  0.0000E+00  0.0000E+00
     1    24     1     4        0  0.3293E-02  0.2640E+01  0.0000E+00  0.0000E+00
     1    25     1     1        0  0.6240E+02  0.1000E+03  0.0000E+00  0.0000E+00
     1    25     1     2        0  0.8039E+03  0.1000E+03  0.0000E+00  0.0000E+00
     1    25     1     3        0  0.2952E+01  0.1258E+02  0.0000E+00  0.0000E+00
     1    25     1     4        0  0.6980E+02  0.2453E+02  0.0000E+00  0.0000E+00
     1    25     1     5        0  0.7806E+01  0.9788E+01  0.0000E+00  0.0000E+00
     1    25     2     1        0  0.8547E+01  0.1000E+03  0.0000E+00  0.0000E+00
     1    25     2     2        0  0.4208E+02  0.1000E+03  0.0000E+00  0.0000E+00
     1    25     2     3        0  0.1649E+01  0.2083E+02  0.0000E+00  0.0000E+00
     1    25     2     4        0  0.7561E+01  0.4134E+02  0.0000E+00  0.0000E+00
     1    25     2     5        0  0.3302E+02  0.8831E+02  0.0000E+00  0.0000E+00
