SUMMARY OF C0NVERGENCE INFORMATION
  STEP   INC  ATT   ITER     CONT.   RESID.        CORR.      RESID.      CORR.
                              EL.    FORCE         DISP       FLUX        TEMP.
                              (#)     (%)           (%)        (%)         (%)
     1     1     1     1        0  0.6786E+03  0.1000E+03  0.0000E+00  0.0000E+00
     1     1     1     2        0  0.1659E+04  0.4750E+01  0.0000E+00  0.0000E+00
     1     1     1     3        0  0.5648E+01  0.4222E+01  0.0000E+00  0.0000E+00
     1     1     1     4        0  0.4437E+05  0.1000E+03  0.0000E+00  0.0000E+00
     1     1     1     5        0  0.2922E+05  0.1000E+03  0.0000E+00  0.0000E+00
     1     1     2     1        0  0.1709E+03  0.1000E+03  0.0000E+00  0.0000E+00
     1     1     2     2        0  0.1766E+02  0.1133E+01  0.0000E+00  0.0000E+00
     1     1     2     3        0  0.2762E-01  0.8245E-02  0.0000E+00  0.0000E+00
     1     2     1     1        0  0.7043E+02  0.2377E+01  0.0000E+00  0.0000E+00
     1     2     1     2        0  0.3400E+01  0.1120E+00  0.0000E+00  0.0000E+00
     1     2     1     3        0  0.1537E+00  0.2375E-01  0.0000E+00  0.0000E+00
     1     3     1     1        0  0.6237E+03  0.3670E+01  0.0000E+00  0.0000E+00
     1     3     1     2        0  0.3915E+01  0.2282E+01  0.0000E+00  0.0000E+00
     1     3     1     3        0  0.1381E+01  0.1935E+00  0.0000E+00  0.0000E+00
     1     3     1     4        0  0.2937E-03  0.4084E-02  0.0000E+00  0.0000E+00
     1     4     1     1        0  0.1850E+05  0.1000E+03  0.0000E+00  0.0000E+00
     1     4     1     2        0  0.6216E+04  0.1000E+03  0.0000E+00  0.0000E+00
     1     4     1     3        0  0.3061E+05  0.8375E+02  0.0000E+00  0.0000E+00
     1     4     1     4        0  0.5407E+04  0.5942E+01  0.0000E+00  0.0000E+00
     1     4     1     5        0  0.2962E+04  0.2425E+02  0.0000E+00  0.0000E+00
     1     4     1     6        0  0.5688E+03  0.4544E+01  0.0000E+00  0.0000E+00
     1     4     1     7        0  0.5901E+03  0.3877E+01  0.0000E+00  0.0000E+00
     1     4     1     8        0  0.2354E+03  0.1625E+01  0.0000E+00  0.0000E+00
     1     4     1     9        0  0.1556E+03  0.1391E+01  0.0000E+00  0.0000E+00
     1     4     2     1        0  0.6593E+03  0.3504E+02  0.0000E+00  0.0000E+00
     1     4     2     2        0  0.9014E+01  0.1207E+02  0.0000E+00  0.0000E+00
     1     4     2     3        0  0.4646E+01  0.5229E+01  0.0000E+00  0.0000E+00
     1     4     2     4        0  0.9803E-02  0.1138E+00  0.0000E+00  0.0000E+00
     1     5     1     1        0  0.9081E+01  0.4616E+02  0.0000E+00  0.0000E+00
     1     5     1     2        0  0.5600E+03  0.1731E+02  0.0000E+00  0.0000E+00
     1     5     1     3        0  0.1072E+02  0.2330E+01  0.0000E+00  0.0000E+00
     1     5     1     4        0  0.2794E+02  0.3896E+01  0.0000E+00  0.0000E+00
     1     5     1     5        0  0.6021E+01  0.1831E+01  0.0000E+00  0.0000E+00
     1     5     1     6        0  0.1968E+01  0.9714E+00  0.0000E+00  0.0000E+00
     1     5     1     7        0  0.1180E+00  0.2329E+00  0.0000E+00  0.0000E+00
