SUMMARY OF C0NVERGENCE INFORMATION
  STEP   INC  ATT   ITER     CONT.   RESID.        CORR.      RESID.      CORR.
                              EL.    FORCE         DISP       FLUX        TEMP.
                              (#)     (%)           (%)        (%)         (%)
     1     1     1     1        0  0.9040E+03  0.1000E+03  0.0000E+00  0.0000E+00
     1     1     1     2        0  0.1578E+04  0.4744E+01  0.0000E+00  0.0000E+00
     1     1     1     3        0  0.2008E+02  0.1200E+01  0.0000E+00  0.0000E+00
     1     1     1     4        0  0.2540E+03  0.8024E+00  0.0000E+00  0.0000E+00
     1     1     1     5        0  0.1450E+03  0.2493E+00  0.0000E+00  0.0000E+00
     1     1     2     1        0  0.2274E+03  0.1000E+03  0.0000E+00  0.0000E+00
     1     1     2     2        0  0.5900E+00  0.1084E+01  0.0000E+00  0.0000E+00
     1     1     2     3        0  0.0000E+00  0.5087E-03  0.0000E+00  0.0000E+00
     1     2     1     1        0  0.8037E+01  0.2254E+01  0.0000E+00  0.0000E+00
     1     2     1     2        0  0.3713E-02  0.3832E-01  0.0000E+00  0.0000E+00
     1     3     1     1        0  0.1170E+04  0.2888E+01  0.0000E+00  0.0000E+00
     1     3     1     2        0  0.3215E+02  0.7814E+00  0.0000E+00  0.0000E+00
     1     3     1     3        0  0.5234E+02  0.5751E+00  0.0000E+00  0.0000E+00
     1     3     1     4        0  0.2585E+01  0.6184E-01  0.0000E+00  0.0000E+00
     1     3     1     5        0  0.3969E-01  0.1054E-01  0.0000E+00  0.0000E+00
     1     4     1     1        0  0.1712E+02  0.2144E+01  0.0000E+00  0.0000E+00
     1     4     1     2        0  0.9684E+00  0.4870E+00  0.0000E+00  0.0000E+00
     1     4     1     3        0  0.0000E+00  0.3475E-02  0.0000E+00  0.0000E+00
