SUMMARY OF C0NVERGENCE INFORMATION
  STEP   INC  ATT   ITER     CONT.   RESID.        CORR.      RESID.      CORR.
                              EL.    FORCE         DISP       FLUX        TEMP.
                              (#)     (%)           (%)        (%)         (%)
     1     1     1     1        0  0.2030E+04  0.1000E+03  0.0000E+00  0.0000E+00
     1     1     1     2        0  0.3144E+05  0.3201E+02  0.0000E+00  0.0000E+00
     1     1     1     3        0  0.3393E+05  0.6989E+02  0.0000E+00  0.0000E+00
     1     1     1     4        0  0.1076E+05  0.2936E+02  0.0000E+00  0.0000E+00
     1     1     1     5        0  0.5100E+04  0.1752E+02  0.0000E+00  0.0000E+00
     1     1     1     6        0  0.4228E+04  0.1408E+02  0.0000E+00  0.0000E+00
     1     1     1     7        0  0.1889E+04  0.8498E+01  0.0000E+00  0.0000E+00
     1     1     1     8        0  0.1505E+04  0.4086E+01  0.0000E+00  0.0000E+00
     1     1     2     1        0  0.1024E+04  0.1000E+03  0.0000E+00  0.0000E+00
     1     1     2     2        0  0.3865E+04  0.6796E+01  0.0000E+00  0.0000E+00
     1     1     2     3        0  0.1848E+02  0.4941E+01  0.0000E+00  0.0000E+00
     1     1     2     4        0  0.8282E+03  0.3350E+01  0.0000E+00  0.0000E+00
     1     1     2     5        0  0.9541E+02  0.9584E+00  0.0000E+00  0.0000E+00
     1     1     3     1        0  0.2576E+03  0.1000E+03  0.0000E+00  0.0000E+00
     1     1     3     2        0  0.2773E+00  0.8408E+00  0.0000E+00  0.0000E+00
     1     2     1     1        0  0.2298E+01  0.1846E+01  0.0000E+00  0.0000E+00
     1     2     1     2        0  0.0000E+00  0.2812E-01  0.0000E+00  0.0000E+00
     1     3     1     1        0  0.3548E+03  0.4709E+01  0.0000E+00  0.0000E+00
     1     3     1     2        0  0.7294E+00  0.7710E+00  0.0000E+00  0.0000E+00
     1     3     1     3        0  0.4410E-01  0.4329E-01  0.0000E+00  0.0000E+00
     1     4     1     1        0  0.6441E+04  0.1761E+02  0.0000E+00  0.0000E+00
     1     4     1     2        0  0.2300E+05  0.1647E+02  0.0000E+00  0.0000E+00
     1     4     1     3        0  0.3416E+05  0.3767E+02  0.0000E+00  0.0000E+00
     1     4     1     4        0  0.1142E+06  0.1000E+03  0.0000E+00  0.0000E+00
     1     4     2     1        0  0.9448E+04  0.6083E+02  0.0000E+00  0.0000E+00
     1     4     2     2        0  0.1941E+02  0.5555E+02  0.0000E+00  0.0000E+00
     1     4     2     3        0  0.4795E+04  0.1565E+02  0.0000E+00  0.0000E+00
     1     4     2     4        0  0.1932E+03  0.3609E+01  0.0000E+00  0.0000E+00
     1     4     3     1        0  0.2046E+03  0.3527E+02  0.0000E+00  0.0000E+00
     1     4     3     2        0  0.2452E+00  0.5578E+01  0.0000E+00  0.0000E+00
     1     5     1     1        0  0.1775E+03  0.4543E+02  0.0000E+00  0.0000E+00
     1     5     1     2        0  0.7212E+02  0.3036E+02  0.0000E+00  0.0000E+00
     1     5     1     3        0  0.2171E+01  0.6420E+01  0.0000E+00  0.0000E+00
     1     5     1     4        0  0.2015E-01  0.5426E+00  0.0000E+00  0.0000E+00
     1     6     1     1        0  0.7138E+01  0.3850E+02  0.0000E+00  0.0000E+00
     1     6     1     2        0  0.9056E+01  0.6007E+01  0.0000E+00  0.0000E+00
     1     6     1     3        0  0.8293E-01  0.9897E-01  0.0000E+00  0.0000E+00
     1     7     1     1        0  0.8061E+03  0.3226E+02  0.0000E+00  0.0000E+00
     1     7     1     2        0  0.2136E+03  0.2600E+02  0.0000E+00  0.0000E+00
     1     7     1     3        0  0.1320E+02  0.2685E+01  0.0000E+00  0.0000E+00
     1     7     1     4        0  0.7819E-01  0.3852E+00  0.0000E+00  0.0000E+00
     1     8     1     1        0  0.3036E+04  0.8686E+01  0.0000E+00  0.0000E+00
     1     8     1     2        0  0.4535E+04  0.9673E+01  0.0000E+00  0.0000E+00
     1     8     1     3        0  0.1679E+04  0.3328E+01  0.0000E+00  0.0000E+00
     1     8     1     4        0  0.1475E+05  0.2049E+02  0.0000E+00  0.0000E+00
     1     8     1     5        0  0.2177E+03  0.3930E+01  0.0000E+00  0.0000E+00
     1     8     1     6        0  0.9805E+05  0.1000E+03  0.0000E+00  0.0000E+00
     1     8     1     7        0  0.1469E+05  0.6127E+02  0.0000E+00  0.0000E+00
     1     8     2     1        0  0.6212E+03  0.1201E+02  0.0000E+00  0.0000E+00
     1     8     2     2        0  0.1747E+03  0.1166E+02  0.0000E+00  0.0000E+00
     1     8     2     3        0  0.4426E+03  0.1227E+02  0.0000E+00  0.0000E+00
     1     8     2     4        0  0.2319E+02  0.3324E+01  0.0000E+00  0.0000E+00
     1     8     2     5        0  0.6221E+02  0.5144E+01  0.0000E+00  0.0000E+00
     1     8     2     6        0  0.1802E+00  0.3386E+00  0.0000E+00  0.0000E+00
     1     9     1     1        0  0.5534E+03  0.2676E+02  0.0000E+00  0.0000E+00
     1     9     1     2        0  0.2072E+05  0.1000E+03  0.0000E+00  0.0000E+00
     1     9     1     3        0  0.1496E+03  0.2494E+02  0.0000E+00  0.0000E+00
     1     9     1     4        0  0.1490E+03  0.1768E+02  0.0000E+00  0.0000E+00
     1     9     1     5        0  0.2174E+02  0.2345E+01  0.0000E+00  0.0000E+00
     1     9     1     6        0  0.2459E+01  0.9673E+00  0.0000E+00  0.0000E+00
     1     9     1     7        0  0.1140E-01  0.7074E-01  0.0000E+00  0.0000E+00
     1    10     1     1        0  0.1566E+04  0.6679E+02  0.0000E+00  0.0000E+00
     1    10     1     2        0  0.4193E+03  0.6985E+02  0.0000E+00  0.0000E+00
     1    10     1     3        0  0.1771E+03  0.6335E+01  0.0000E+00  0.0000E+00
     1    10     1     4        0  0.2557E+01  0.8635E+00  0.0000E+00  0.0000E+00
     1    10     1     5        0  0.3328E+00  0.3090E+00  0.0000E+00  0.0000E+00
     1    11     1     1        0  0.7418E+03  0.1234E+02  0.0000E+00  0.0000E+00
     1    11     1     2        0  0.1917E+03  0.7699E+01  0.0000E+00  0.0000E+00
     1    11     1     3        0  0.1162E+03  0.6264E+01  0.0000E+00  0.0000E+00
     1    11     1     4        0  0.5456E+01  0.1420E+01  0.0000E+00  0.0000E+00
     1    11     1     5        0  0.2158E+00  0.2939E+00  0.0000E+00  0.0000E+00
     1    12     1     1        0  0.2840E+03  0.3097E+01  0.0000E+00  0.0000E+00
     1    12     1     2        0  0.9930E+02  0.7718E+01  0.0000E+00  0.0000E+00
     1    12     1     3        0  0.1217E+02  0.2682E+01  0.0000E+00  0.0000E+00
     1    12     1     4        0  0.2579E+00  0.4057E+00  0.0000E+00  0.0000E+00
     1    13     1     1        0  0.1453E+03  0.3449E+01  0.0000E+00  0.0000E+00
     1    13     1     2        0  0.4580E+02  0.7330E+01  0.0000E+00  0.0000E+00
     1    13     1     3        0  0.1718E+01  0.1170E+01  0.0000E+00  0.0000E+00
     1    13     1     4        0  0.7136E-02  0.7940E-01  0.0000E+00  0.0000E+00
     1    14     1     1        0  0.3372E+03  0.5213E+01  0.0000E+00  0.0000E+00
     1    14     1     2        0  0.6010E+03  0.7381E+01  0.0000E+00  0.0000E+00
     1    14     1     3        0  0.5072E+02  0.1304E+01  0.0000E+00  0.0000E+00
     1    14     1     4        0  0.1789E+04  0.5270E+01  0.0000E+00  0.0000E+00
     1    14     1     5        0  0.2585E+01  0.8519E+00  0.0000E+00  0.0000E+00
     1    14     1     6        0  0.4491E+03  0.2553E+01  0.0000E+00  0.0000E+00
     1    14     1     7        0  0.1505E+00  0.1662E+00  0.0000E+00  0.0000E+00
     1    15     1     1        0  0.3929E+03  0.1954E+02  0.0000E+00  0.0000E+00
     1    15     1     2        0  0.1290E+05  0.6500E+02  0.0000E+00  0.0000E+00
     1    15     1     3        0  0.3302E+03  0.7067E+02  0.0000E+00  0.0000E+00
     1    15     1     4        0  0.1124E+06  0.1000E+03  0.0000E+00  0.0000E+00
     1    15     1     5        0  0.8939E+04  0.8142E+02  0.0000E+00  0.0000E+00
     1    15     2     1        0  0.1299E+02  0.1336E+02  0.0000E+00  0.0000E+00
     1    15     2     2        0  0.2732E+05  0.1000E+03  0.0000E+00  0.0000E+00
     1    15     2     3        0  0.4223E+03  0.1000E+03  0.0000E+00  0.0000E+00
     1    15     2     4        0  0.7340E+03  0.7881E+02  0.0000E+00  0.0000E+00
     1    15     2     5        0  0.8240E+02  0.1518E+02  0.0000E+00  0.0000E+00
     1    15     2     6        0  0.3332E+03  0.1806E+02  0.0000E+00  0.0000E+00
     1    15     2     7        0  0.1961E+02  0.1998E+01  0.0000E+00  0.0000E+00
     1    15     2     8        0  0.6436E+02  0.5795E+01  0.0000E+00  0.0000E+00
     1    15     2     9        0  0.8834E+00  0.5812E+00  0.0000E+00  0.0000E+00
     1    15     2    10        0  0.1582E+00  0.2775E+00  0.0000E+00  0.0000E+00
     1    16     1     1        0  0.4691E+03  0.1000E+03  0.0000E+00  0.0000E+00
     1    16     1     2        0  0.4715E+03  0.1912E+02  0.0000E+00  0.0000E+00
     1    16     1     3        0  0.1998E+03  0.4023E+02  0.0000E+00  0.0000E+00
     1    16     1     4        0  0.3092E+02  0.8562E+01  0.0000E+00  0.0000E+00
     1    16     1     5        0  0.4521E+01  0.4096E+01  0.0000E+00  0.0000E+00
     1    16     1     6        0  0.2010E-01  0.1565E+00  0.0000E+00  0.0000E+00
     1    17     1     1        0  0.3660E+03  0.1000E+03  0.0000E+00  0.0000E+00
     1    17     1     2        0  0.3855E+04  0.1000E+03  0.0000E+00  0.0000E+00
     1    17     1     3        0  0.1357E+03  0.4716E+02  0.0000E+00  0.0000E+00
     1    17     1     4        0  0.1238E+05  0.1000E+03  0.0000E+00  0.0000E+00
     1    17     1     5        0  0.1108E+03  0.1710E+02  0.0000E+00  0.0000E+00
     1    17     1     6        0  0.2583E+05  0.1000E+03  0.0000E+00  0.0000E+00
     1    17     1     7        0  0.5585E+03  0.4593E+02  0.0000E+00  0.0000E+00
     1    17     2     1        0  0.1359E+02  0.8448E+02  0.0000E+00  0.0000E+00
     1    17     2     2        0  0.2044E+02  0.7923E+01  0.0000E+00  0.0000E+00
     1    17     2     3        0  0.9156E-01  0.3777E+00  0.0000E+00  0.0000E+00
     1    18     1     1        0  0.1776E+02  0.5189E+02  0.0000E+00  0.0000E+00
     1    18     1     2        0  0.9498E+03  0.1000E+03  0.0000E+00  0.0000E+00
     1    18     1     3        0  0.4710E+02  0.3498E+02  0.0000E+00  0.0000E+00
     1    18     1     4        0  0.9569E+03  0.1000E+03  0.0000E+00  0.0000E+00
     1    18     1     5        0  0.6854E+01  0.1324E+02  0.0000E+00  0.0000E+00
     1    18     1     6        0  0.2315E+04  0.1000E+03  0.0000E+00  0.0000E+00
     1    18     1     7        0  0.2006E+02  0.2062E+02  0.0000E+00  0.0000E+00
     1    18     2     1        0  0.1411E+01  0.4787E+02  0.0000E+00  0.0000E+00
     1    18     2     2        0  0.2611E+00  0.1646E+02  0.0000E+00  0.0000E+00
     1    18     2     3        0  0.3338E-03  0.6502E+00  0.0000E+00  0.0000E+00
     1    19     1     1        0  0.2719E+01  0.3849E+02  0.0000E+00  0.0000E+00
     1    19     1     2        0  0.1300E+01  0.2421E+02  0.0000E+00  0.0000E+00
     1    19     1     3        0  0.1847E-01  0.3015E+01  0.0000E+00  0.0000E+00
     1    20     1     1        0  0.2953E+02  0.5859E+02  0.0000E+00  0.0000E+00
     1    20     1     2        0  0.1426E+04  0.1000E+03  0.0000E+00  0.0000E+00
     1    20     1     3        0  0.1140E+02  0.1761E+02  0.0000E+00  0.0000E+00
     1    20     1     4        0  0.2767E+03  0.3369E+02  0.0000E+00  0.0000E+00
     1    20     1     5        0  0.1617E+02  0.1252E+02  0.0000E+00  0.0000E+00
     1    20     2     1        0  0.3298E+01  0.6857E+02  0.0000E+00  0.0000E+00
     1    20     2     2        0  0.4084E+01  0.7326E+02  0.0000E+00  0.0000E+00
     1    20     2     3        0  0.1419E+01  0.4401E+02  0.0000E+00  0.0000E+00
     1    20     2     4        0  0.1375E+01  0.4329E+02  0.0000E+00  0.0000E+00
     1    20     2     5        0  0.2808E+02  0.1000E+03  0.0000E+00  0.0000E+00
     1    20     2     6        0  0.9735E+02  0.1000E+03  0.0000E+00  0.0000E+00
     1    20     3     1        0  0.1488E+00  0.5712E+02  0.0000E+00  0.0000E+00
     1    20     3     2        0  0.6011E-02  0.1122E+02  0.0000E+00  0.0000E+00
     1    21     1     1        0  0.3109E-01  0.1573E+02  0.0000E+00  0.0000E+00
     1    21     1     2        0  0.3870E-02  0.5559E+01  0.0000E+00  0.0000E+00
     1    21     1     3        0  0.0000E+00  0.2546E+00  0.0000E+00  0.0000E+00
     1    22     1     1        0  0.4569E+00  0.3378E+02  0.0000E+00  0.0000E+00
     1    22     1     2        0  0.1805E+00  0.2101E+02  0.0000E+00  0.0000E+00
     1    22     1     3        0  0.5227E-02  0.3600E+01  0.0000E+00  0.0000E+00
     1    23     1     1        0  0.4012E+02  0.1000E+03  0.0000E+00  0.0000E+00
     1    23     1     2        0  0.3953E+03  0.1000E+03  0.0000E+00  0.0000E+00
     1    23     1     3        0  0.2439E+01  0.1240E+02  0.0000E+00  0.0000E+00
     1    23     1     4        0  0.4055E+02  0.2849E+02  0.0000E+00  0.0000E+00
     1    23     1     5        0  0.7600E+01  0.1372E+02  0.0000E+00  0.0000E+00
     1    23     2     1        0  0.1077E+01  0.8863E+02  0.0000E+00  0.0000E+00
     1    23     2     2        0  0.3969E+01  0.1000E+03  0.0000E+00  0.0000E+00
     1    23     2     3        0  0.1713E+02  0.1000E+03  0.0000E+00  0.0000E+00
     1    23     2     4        0  0.1069E+01  0.2547E+02  0.0000E+00  0.0000E+00
     1    23     2     5        0  0.2224E+01  0.3559E+02  0.0000E+00  0.0000E+00
     1    23     2     6        0  0.6141E+01  0.5978E+02  0.0000E+00  0.0000E+00
