SUMMARY OF C0NVERGENCE INFORMATION
  STEP   INC  ATT   ITER     CONT.   RESID.        CORR.      RESID.      CORR.
                              EL.    FORCE         DISP       FLUX        TEMP.
                              (#)     (%)           (%)        (%)         (%)
     1     1     1     1        0  0.2029E+04  0.1000E+03  0.0000E+00  0.0000E+00
     1     1     1     2        0  0.3145E+05  0.3192E+02  0.0000E+00  0.0000E+00
     1     1     1     3        0  0.2783E+05  0.6916E+02  0.0000E+00  0.0000E+00
     1     1     1     4        0  0.9532E+05  0.3762E+02  0.0000E+00  0.0000E+00
     1     1     1     5        0  0.6479E+05  0.1000E+03  0.0000E+00  0.0000E+00
     1     1     2     1        0  0.5139E+03  0.1000E+03  0.0000E+00  0.0000E+00
     1     1     2     2        0  0.4202E+01  0.1764E+01  0.0000E+00  0.0000E+00
     1     1     2     3        0  0.0000E+00  0.5936E-02  0.0000E+00  0.0000E+00
     1     2     1     1        0  0.4214E+04  0.1097E+02  0.0000E+00  0.0000E+00
     1     2     1     2        0  0.1758E+02  0.7696E+01  0.0000E+00  0.0000E+00
     1     2     1     3        0  0.1810E+04  0.6964E+01  0.0000E+00  0.0000E+00
     1     2     1     4        0  0.1066E+03  0.3985E+01  0.0000E+00  0.0000E+00
     1     2     2     1        0  0.2043E+01  0.2638E+01  0.0000E+00  0.0000E+00
     1     2     2     2        0  0.0000E+00  0.1807E-01  0.0000E+00  0.0000E+00
     1     3     1     1        0  0.4580E+01  0.1844E+01  0.0000E+00  0.0000E+00
     1     3     1     2        0  0.0000E+00  0.3916E-01  0.0000E+00  0.0000E+00
     1     4     1     1        0  0.3600E+04  0.2339E+02  0.0000E+00  0.0000E+00
     1     4     1     2        0  0.5034E+01  0.1621E+02  0.0000E+00  0.0000E+00
     1     4     1     3        0  0.3935E+02  0.5728E+01  0.0000E+00  0.0000E+00
     1     4     1     4        0  0.2676E+00  0.2583E+00  0.0000E+00  0.0000E+00
     1     5     1     1        0  0.7576E+03  0.5565E+02  0.0000E+00  0.0000E+00
     1     5     1     2        0  0.3700E+05  0.1000E+03  0.0000E+00  0.0000E+00
     1     5     1     3        0  0.8791E+03  0.4478E+01  0.0000E+00  0.0000E+00
     1     5     1     4        0  0.1267E+06  0.3569E+02  0.0000E+00  0.0000E+00
     1     5     1     5        0  0.5205E+05  0.1000E+03  0.0000E+00  0.0000E+00
     1     5     2     1        0  0.7173E+03  0.7712E+02  0.0000E+00  0.0000E+00
     1     5     2     2        0  0.5608E+03  0.7400E+02  0.0000E+00  0.0000E+00
     1     5     2     3        0  0.2300E+02  0.2145E+02  0.0000E+00  0.0000E+00
     1     5     2     4        0  0.2311E+01  0.5367E+01  0.0000E+00  0.0000E+00
     1     5     2     5        0  0.3329E-02  0.2456E-01  0.0000E+00  0.0000E+00
     1     6     1     1        0  0.7200E+03  0.3381E+02  0.0000E+00  0.0000E+00
     1     6     1     2        0  0.1568E+03  0.2584E+02  0.0000E+00  0.0000E+00
     1     6     1     3        0  0.7894E+01  0.2472E+01  0.0000E+00  0.0000E+00
     1     6     1     4        0  0.2779E-01  0.2682E+00  0.0000E+00  0.0000E+00
     1     7     1     1        0  0.1569E+04  0.5767E+01  0.0000E+00  0.0000E+00
     1     7     1     2        0  0.1958E+04  0.1813E+02  0.0000E+00  0.0000E+00
     1     7     1     3        0  0.1049E+04  0.9598E+01  0.0000E+00  0.0000E+00
     1     7     1     4        0  0.3478E+04  0.1895E+02  0.0000E+00  0.0000E+00
     1     7     1     5        0  0.2065E+03  0.2204E+01  0.0000E+00  0.0000E+00
     1     7     1     6        0  0.1737E+05  0.5354E+02  0.0000E+00  0.0000E+00
     1     7     1     7        0  0.1057E+03  0.7312E+01  0.0000E+00  0.0000E+00
     1     7     1     8        0  0.1296E+03  0.1621E+02  0.0000E+00  0.0000E+00
     1     7     1     9        0  0.2262E+01  0.5200E+00  0.0000E+00  0.0000E+00
     1     7     1    10        0  0.1300E+00  0.1823E+00  0.0000E+00  0.0000E+00
     1     8     1     1        0  0.1050E+05  0.1000E+03  0.0000E+00  0.0000E+00
     1     8     1     2        0  0.1023E+04  0.9257E+02  0.0000E+00  0.0000E+00
     1     8     1     3        0  0.3805E+03  0.1257E+02  0.0000E+00  0.0000E+00
     1     8     1     4        0  0.1186E+02  0.1113E+01  0.0000E+00  0.0000E+00
     1     8     1     5        0  0.7379E+00  0.4979E-01  0.0000E+00  0.0000E+00
     1     8     1     6        0  0.1870E-03  0.7546E-03  0.0000E+00  0.0000E+00
     1     9     1     1        0  0.1105E+05  0.2668E+02  0.0000E+00  0.0000E+00
     1     9     1     2        0  0.5077E+03  0.2752E+02  0.0000E+00  0.0000E+00
     1     9     1     3        0  0.7028E+04  0.1385E+02  0.0000E+00  0.0000E+00
     1     9     1     4        0  0.2403E+02  0.1212E+01  0.0000E+00  0.0000E+00
     1     9     1     5        0  0.5118E+04  0.5263E+01  0.0000E+00  0.0000E+00
     1     9     1     6        0  0.1208E+02  0.9237E+00  0.0000E+00  0.0000E+00
     1     9     1     7        0  0.1375E+02  0.2374E+00  0.0000E+00  0.0000E+00
     1     9     1     8        0  0.8691E-01  0.1866E-01  0.0000E+00  0.0000E+00
     1    10     1     1        0  0.2678E+04  0.1491E+02  0.0000E+00  0.0000E+00
     1    10     1     2        0  0.5714E+04  0.3241E+02  0.0000E+00  0.0000E+00
     1    10     1     3        0  0.2807E+03  0.1702E+02  0.0000E+00  0.0000E+00
     1    10     1     4        0  0.3638E+06  0.1000E+03  0.0000E+00  0.0000E+00
     1    10     1     5        0  0.8152E+05  0.1000E+03  0.0000E+00  0.0000E+00
     1    10     2     1        0  0.6704E+02  0.8497E+01  0.0000E+00  0.0000E+00
     1    10     2     2        0  0.2192E+05  0.4948E+02  0.0000E+00  0.0000E+00
     1    10     2     3        0  0.3017E+03  0.3149E+02  0.0000E+00  0.0000E+00
     1    10     2     4        0  0.2419E+02  0.2879E+01  0.0000E+00  0.0000E+00
     1    10     2     5        0  0.2774E+03  0.6881E+01  0.0000E+00  0.0000E+00
     1    10     2     6        0  0.4245E+01  0.8733E+00  0.0000E+00  0.0000E+00
     1    10     2     7        0  0.3289E+02  0.2778E+01  0.0000E+00  0.0000E+00
     1    10     2     8        0  0.4373E+00  0.2755E+00  0.0000E+00  0.0000E+00
     1    11     1     1        0  0.2334E+04  0.1000E+03  0.0000E+00  0.0000E+00
     1    11     1     2        0  0.4295E+03  0.2735E+02  0.0000E+00  0.0000E+00
     1    11     1     3        0  0.1139E+03  0.6046E+01  0.0000E+00  0.0000E+00
     1    11     1     4        0  0.5452E+02  0.2020E+02  0.0000E+00  0.0000E+00
     1    11     1     5        0  0.3128E+02  0.1065E+02  0.0000E+00  0.0000E+00
     1    11     1     6        0  0.2920E+01  0.3639E+01  0.0000E+00  0.0000E+00
     1    11     1     7        0  0.6941E-01  0.5438E+00  0.0000E+00  0.0000E+00
     1    12     1     1        0  0.8149E+03  0.8670E+02  0.0000E+00  0.0000E+00
     1    12     1     2        0  0.3373E+05  0.1000E+03  0.0000E+00  0.0000E+00
     1    12     1     3        0  0.8637E+03  0.3776E+02  0.0000E+00  0.0000E+00
     1    12     1     4        0  0.7376E+03  0.4850E+01  0.0000E+00  0.0000E+00
     1    12     1     5        0  0.8016E+03  0.4808E+01  0.0000E+00  0.0000E+00
     1    12     1     6        0  0.2045E+04  0.1184E+02  0.0000E+00  0.0000E+00
     1    12     2     1        0  0.4375E+02  0.8755E+02  0.0000E+00  0.0000E+00
     1    12     2     2        0  0.2826E+04  0.1000E+03  0.0000E+00  0.0000E+00
     1    12     2     3        0  0.1199E+02  0.1419E+02  0.0000E+00  0.0000E+00
     1    12     2     4        0  0.1454E+04  0.5689E+02  0.0000E+00  0.0000E+00
     1    12     2     5        0  0.1692E+02  0.1001E+02  0.0000E+00  0.0000E+00
     1    12     3     1        0  0.3104E+02  0.1000E+03  0.0000E+00  0.0000E+00
     1    12     3     2        0  0.5102E+03  0.1000E+03  0.0000E+00  0.0000E+00
     1    12     3     3        0  0.2810E+01  0.9969E+01  0.0000E+00  0.0000E+00
     1    12     3     4        0  0.1257E+02  0.1429E+02  0.0000E+00  0.0000E+00
     1    12     3     5        0  0.2516E-01  0.5572E+00  0.0000E+00  0.0000E+00
     1    13     1     1        0  0.2032E+02  0.4426E+02  0.0000E+00  0.0000E+00
     1    13     1     2        0  0.1167E+03  0.9763E+02  0.0000E+00  0.0000E+00
     1    13     1     3        0  0.6073E+01  0.2341E+02  0.0000E+00  0.0000E+00
     1    13     1     4        0  0.5638E+02  0.6485E+02  0.0000E+00  0.0000E+00
     1    13     1     5        0  0.5541E+01  0.2068E+02  0.0000E+00  0.0000E+00
     1    13     1     6        0  0.4835E+05  0.1000E+03  0.0000E+00  0.0000E+00
     1    13     1     7        0  0.2198E+04  0.6643E+02  0.0000E+00  0.0000E+00
     1    13     2     1        0  0.9185E+00  0.3265E+02  0.0000E+00  0.0000E+00
     1    13     2     2        0  0.1182E+00  0.1237E+02  0.0000E+00  0.0000E+00
     1    13     2     3        0  0.2031E-03  0.4869E+00  0.0000E+00  0.0000E+00
     1    14     1     1        0  0.7431E+00  0.2505E+02  0.0000E+00  0.0000E+00
     1    14     1     2        0  0.8539E-01  0.8751E+01  0.0000E+00  0.0000E+00
     1    14     1     3        0  0.1965E-03  0.4062E+00  0.0000E+00  0.0000E+00
     1    15     1     1        0  0.2517E+05  0.1000E+03  0.0000E+00  0.0000E+00
     1    15     1     2        0  0.5156E+03  0.4729E+02  0.0000E+00  0.0000E+00
     1    15     1     3        0  0.4137E+04  0.7792E+01  0.0000E+00  0.0000E+00
     1    15     1     4        0  0.8375E+04  0.4056E+01  0.0000E+00  0.0000E+00
     1    15     2     1        0  0.1073E+00  0.2208E+02  0.0000E+00  0.0000E+00
     1    15     2     2        0  0.6909E-02  0.5688E+01  0.0000E+00  0.0000E+00
     1    16     1     1        0  0.1115E+00  0.1972E+02  0.0000E+00  0.0000E+00
     1    16     1     2        0  0.9618E-02  0.5839E+01  0.0000E+00  0.0000E+00
     1    16     1     3        0  0.0000E+00  0.2568E+00  0.0000E+00  0.0000E+00
     1    17     1     1        0  0.2165E+01  0.5200E+02  0.0000E+00  0.0000E+00
     1    17     1     2        0  0.4534E+00  0.2410E+02  0.0000E+00  0.0000E+00
     1    17     1     3        0  0.1624E-01  0.4503E+01  0.0000E+00  0.0000E+00
     1    18     1     1        0  0.1087E+02  0.6137E+02  0.0000E+00  0.0000E+00
     1    18     1     2        0  0.3932E+03  0.1000E+03  0.0000E+00  0.0000E+00
     1    18     1     3        0  0.6519E+01  0.1747E+02  0.0000E+00  0.0000E+00
     1    18     1     4        0  0.6206E+02  0.3490E+02  0.0000E+00  0.0000E+00
     1    18     1     5        0  0.7792E+01  0.1451E+02  0.0000E+00  0.0000E+00
     1    18     2     1        0  0.1758E+01  0.9536E+02  0.0000E+00  0.0000E+00
     1    18     2     2        0  0.3599E+00  0.4345E+02  0.0000E+00  0.0000E+00
     1    18     2     3        0  0.3520E-01  0.1348E+02  0.0000E+00  0.0000E+00
     1    18     2     4        0  0.3279E-03  0.1295E+01  0.0000E+00  0.0000E+00
     1    19     1     1        0  0.2433E+02  0.1000E+03  0.0000E+00  0.0000E+00
     1    19     1     2        0  0.1180E+03  0.1000E+03  0.0000E+00  0.0000E+00
     1    19     1     3        0  0.9031E+00  0.1129E+02  0.0000E+00  0.0000E+00
     1    19     1     4        0  0.8772E+01  0.2571E+02  0.0000E+00  0.0000E+00
     1    19     1     5        0  0.3555E+01  0.1704E+02  0.0000E+00  0.0000E+00
