SUMMARY OF C0NVERGENCE INFORMATION
  STEP   INC  ATT   ITER     CONT.   RESID.        CORR.      RESID.      CORR.
                              EL.    FORCE         DISP       FLUX        TEMP.
                              (#)     (%)           (%)        (%)         (%)
     1     1     1     1        0  0.1957E+04  0.1000E+03  0.0000E+00  0.0000E+00
     1     1     1     2        0  0.4569E+05  0.5867E+02  0.0000E+00  0.0000E+00
     1     1     1     3        0  0.8021E+05  0.1000E+03  0.0000E+00  0.0000E+00
     1     1     1     4        0  0.7712E+05  0.1000E+03  0.0000E+00  0.0000E+00
     1     1     2     1        0  0.4955E+03  0.1000E+03  0.0000E+00  0.0000E+00
     1     1     2     2        0  0.3829E+01  0.1769E+01  0.0000E+00  0.0000E+00
     1     1     2     3        0  0.0000E+00  0.5160E-02  0.0000E+00  0.0000E+00
     1     2     1     1        0  0.2117E+04  0.8452E+01  0.0000E+00  0.0000E+00
     1     2     1     2        0  0.1066E+02  0.3676E+01  0.0000E+00  0.0000E+00
     1     2     1     3        0  0.9167E+03  0.3543E+01  0.0000E+00  0.0000E+00
     1     2     1     4        0  0.4322E+02  0.6577E+00  0.0000E+00  0.0000E+00
     1     2     2     1        0  0.1885E+01  0.2644E+01  0.0000E+00  0.0000E+00
     1     2     2     2        0  0.0000E+00  0.1704E-01  0.0000E+00  0.0000E+00
     1     3     1     1        0  0.4485E+01  0.1857E+01  0.0000E+00  0.0000E+00
     1     3     1     2        0  0.0000E+00  0.3846E-01  0.0000E+00  0.0000E+00
     1     4     1     1        0  0.9486E+04  0.3861E+02  0.0000E+00  0.0000E+00
     1     4     1     2        0  0.4088E+02  0.4275E+02  0.0000E+00  0.0000E+00
     1     4     1     3        0  0.5101E+03  0.2865E+02  0.0000E+00  0.0000E+00
     1     4     1     4        0  0.2486E+02  0.2916E+01  0.0000E+00  0.0000E+00
     1     4     1     5        0  0.1627E+02  0.3932E+01  0.0000E+00  0.0000E+00
     1     4     1     6        0  0.1410E+00  0.2914E+00  0.0000E+00  0.0000E+00
     1     5     1     1        0  0.3069E+04  0.6011E+02  0.0000E+00  0.0000E+00
     1     5     1     2        0  0.1715E+05  0.1000E+03  0.0000E+00  0.0000E+00
     1     5     1     3        0  0.3837E+05  0.6224E+02  0.0000E+00  0.0000E+00
     1     5     1     4        0  0.1138E+05  0.4575E+02  0.0000E+00  0.0000E+00
     1     5     1     5        0  0.2017E+05  0.1000E+03  0.0000E+00  0.0000E+00
     1     5     1     6        0  0.6487E+04  0.9154E+02  0.0000E+00  0.0000E+00
     1     5     1     7        0  0.8652E+04  0.4412E+02  0.0000E+00  0.0000E+00
     1     5     1     8        0  0.2078E+04  0.4109E+02  0.0000E+00  0.0000E+00
     1     5     1     9        0  0.1420E+05  0.1918E+02  0.0000E+00  0.0000E+00
     1     5     1    10        0  0.2951E+03  0.9636E+01  0.0000E+00  0.0000E+00
     1     5     1    11        0  0.2196E+05  0.3389E+02  0.0000E+00  0.0000E+00
     1     5     1    12        0  0.2486E+03  0.1334E+01  0.0000E+00  0.0000E+00
     1     5     1    13        0  0.8158E+02  0.2492E+01  0.0000E+00  0.0000E+00
     1     5     2     1        0  0.4600E+05  0.8889E+02  0.0000E+00  0.0000E+00
     1     5     2     2        0  0.4223E+05  0.1000E+03  0.0000E+00  0.0000E+00
     1     5     2     3        0  0.7886E+04  0.4545E+02  0.0000E+00  0.0000E+00
     1     5     2     4        0  0.1056E+04  0.2963E+02  0.0000E+00  0.0000E+00
     1     5     2     5        0  0.9155E+04  0.2311E+02  0.0000E+00  0.0000E+00
     1     5     2     6        0  0.1045E+03  0.1561E+02  0.0000E+00  0.0000E+00
     1     5     2     7        0  0.1055E+05  0.6694E+02  0.0000E+00  0.0000E+00
     1     5     2     8        0  0.2267E+03  0.5029E+01  0.0000E+00  0.0000E+00
     1     5     3     1        0  0.1987E+03  0.1000E+03  0.0000E+00  0.0000E+00
     1     5     3     2        0  0.7874E+02  0.5986E+02  0.0000E+00  0.0000E+00
     1     5     3     3        0  0.1155E+02  0.1154E+02  0.0000E+00  0.0000E+00
     1     5     3     4        0  0.6382E+00  0.1716E+01  0.0000E+00  0.0000E+00
     1     5     3     5        0  0.1493E-02  0.5045E-01  0.0000E+00  0.0000E+00
     1     6     1     1        0  0.4504E+03  0.9787E+01  0.0000E+00  0.0000E+00
     1     6     1     2        0  0.1066E+04  0.2428E+02  0.0000E+00  0.0000E+00
     1     6     1     3        0  0.1110E+03  0.4061E+01  0.0000E+00  0.0000E+00
     1     6     1     4        0  0.3687E+04  0.4106E+02  0.0000E+00  0.0000E+00
     1     6     1     5        0  0.1363E+02  0.3265E+01  0.0000E+00  0.0000E+00
     1     6     1     6        0  0.3233E+03  0.2408E+02  0.0000E+00  0.0000E+00
     1     6     1     7        0  0.2826E-01  0.3807E+00  0.0000E+00  0.0000E+00
     1     7     1     1        0  0.5075E+03  0.6818E+02  0.0000E+00  0.0000E+00
     1     7     1     2        0  0.2657E+04  0.1000E+03  0.0000E+00  0.0000E+00
     1     7     1     3        0  0.4752E+02  0.7165E+01  0.0000E+00  0.0000E+00
     1     7     1     4        0  0.4820E+03  0.1305E+02  0.0000E+00  0.0000E+00
     1     7     1     5        0  0.8600E-01  0.9679E-01  0.0000E+00  0.0000E+00
     1     8     1     1        0  0.1427E+04  0.1809E+02  0.0000E+00  0.0000E+00
     1     8     1     2        0  0.2628E+03  0.1490E+02  0.0000E+00  0.0000E+00
     1     8     1     3        0  0.5733E+03  0.1105E+02  0.0000E+00  0.0000E+00
     1     8     1     4        0  0.4195E+02  0.1835E+01  0.0000E+00  0.0000E+00
     1     8     1     5        0  0.5943E+03  0.4283E+01  0.0000E+00  0.0000E+00
     1     8     1     6        0  0.1374E+02  0.2303E+01  0.0000E+00  0.0000E+00
     1     8     1     7        0  0.7245E+02  0.2460E+01  0.0000E+00  0.0000E+00
     1     8     1     8        0  0.4343E+02  0.1152E+01  0.0000E+00  0.0000E+00
     1     8     2     1        0  0.3988E+02  0.4231E+01  0.0000E+00  0.0000E+00
     1     8     2     2        0  0.5348E+02  0.9310E+01  0.0000E+00  0.0000E+00
     1     8     2     3        0  0.7616E+00  0.1495E+01  0.0000E+00  0.0000E+00
     1     8     2     4        0  0.2041E-01  0.2655E+00  0.0000E+00  0.0000E+00
     1     9     1     1        0  0.1138E+02  0.2825E+01  0.0000E+00  0.0000E+00
     1     9     1     2        0  0.4345E+01  0.4687E+01  0.0000E+00  0.0000E+00
     1     9     1     3        0  0.1317E-02  0.8066E-01  0.0000E+00  0.0000E+00
     1    10     1     1        0  0.2675E+02  0.6581E+01  0.0000E+00  0.0000E+00
     1    10     1     2        0  0.8372E+01  0.4803E+01  0.0000E+00  0.0000E+00
     1    10     1     3        0  0.4669E-02  0.1172E+00  0.0000E+00  0.0000E+00
     1    11     1     1        0  0.2245E+02  0.7258E+01  0.0000E+00  0.0000E+00
     1    11     1     2        0  0.2391E+02  0.8120E+01  0.0000E+00  0.0000E+00
     1    11     1     3        0  0.8169E-01  0.5383E+00  0.0000E+00  0.0000E+00
     1    12     1     1        0  0.7176E+02  0.4489E+01  0.0000E+00  0.0000E+00
     1    12     1     2        0  0.5069E+02  0.9551E+01  0.0000E+00  0.0000E+00
     1    12     1     3        0  0.8958E+00  0.1315E+01  0.0000E+00  0.0000E+00
     1    12     1     4        0  0.1095E-01  0.1308E+00  0.0000E+00  0.0000E+00
     1    13     1     1        0  0.2048E+03  0.6453E+01  0.0000E+00  0.0000E+00
     1    13     1     2        0  0.7636E+02  0.8984E+01  0.0000E+00  0.0000E+00
     1    13     1     3        0  0.6653E+01  0.2254E+01  0.0000E+00  0.0000E+00
     1    13     1     4        0  0.1121E+00  0.2910E+00  0.0000E+00  0.0000E+00
     1    14     1     1        0  0.6108E+03  0.1013E+02  0.0000E+00  0.0000E+00
     1    14     1     2        0  0.8891E+02  0.1182E+02  0.0000E+00  0.0000E+00
     1    14     1     3        0  0.3627E+02  0.3671E+01  0.0000E+00  0.0000E+00
     1    14     1     4        0  0.4444E+00  0.4134E+00  0.0000E+00  0.0000E+00
     1    15     1     1        0  0.5415E+04  0.1494E+02  0.0000E+00  0.0000E+00
     1    15     1     2        0  0.1258E+03  0.1456E+02  0.0000E+00  0.0000E+00
     1    15     1     3        0  0.1038E+04  0.5271E+01  0.0000E+00  0.0000E+00
     1    15     1     4        0  0.7989E+00  0.3041E+00  0.0000E+00  0.0000E+00
     1    15     1     5        0  0.3791E+00  0.6595E-01  0.0000E+00  0.0000E+00
     1    16     1     1        0  0.1792E+04  0.1502E+02  0.0000E+00  0.0000E+00
     1    16     1     2        0  0.6214E+06  0.1000E+03  0.0000E+00  0.0000E+00
     1    16     1     3        0  0.1981E+06  0.1000E+03  0.0000E+00  0.0000E+00
     1    16     1     4        0  0.2803E+05  0.7613E+02  0.0000E+00  0.0000E+00
     1    16     1     5        0  0.1684E+06  0.1000E+03  0.0000E+00  0.0000E+00
     1    16     1     6        0  0.2481E+05  0.1000E+03  0.0000E+00  0.0000E+00
     1    16     1     7        0  0.3325E+05  0.1856E+02  0.0000E+00  0.0000E+00
     1    16     1     8        0  0.3125E+04  0.6810E+01  0.0000E+00  0.0000E+00
     1    16     1     9        0  0.8246E+04  0.1603E+02  0.0000E+00  0.0000E+00
     1    16     1    10        0  0.7361E+04  0.1430E+02  0.0000E+00  0.0000E+00
     1    16     2     1        0  0.6513E+04  0.3517E+02  0.0000E+00  0.0000E+00
     1    16     2     2        0  0.4381E+02  0.9178E+01  0.0000E+00  0.0000E+00
     1    16     2     3        0  0.2253E+05  0.6653E+02  0.0000E+00  0.0000E+00
     1    16     2     4        0  0.2995E+03  0.4828E+02  0.0000E+00  0.0000E+00
     1    16     3     1        0  0.5766E+02  0.1127E+02  0.0000E+00  0.0000E+00
     1    16     3     2        0  0.1586E+02  0.5758E+01  0.0000E+00  0.0000E+00
     1    16     3     3        0  0.1681E+01  0.2143E+01  0.0000E+00  0.0000E+00
     1    16     3     4        0  0.1220E-01  0.1840E+00  0.0000E+00  0.0000E+00
     1    17     1     1        0  0.5727E+00  0.1388E+01  0.0000E+00  0.0000E+00
     1    17     1     2        0  0.3017E-02  0.1913E+00  0.0000E+00  0.0000E+00
     1    18     1     1        0  0.7342E+00  0.1122E+01  0.0000E+00  0.0000E+00
     1    18     1     2        0  0.3057E-02  0.1452E+00  0.0000E+00  0.0000E+00
     1    19     1     1        0  0.1227E+01  0.1083E+01  0.0000E+00  0.0000E+00
     1    19     1     2        0  0.5185E-02  0.1308E+00  0.0000E+00  0.0000E+00
     1    20     1     1        0  0.1752E+01  0.1048E+01  0.0000E+00  0.0000E+00
     1    20     1     2        0  0.2966E-01  0.2907E+00  0.0000E+00  0.0000E+00
     1    21     1     1        0  0.8267E+01  0.2616E+01  0.0000E+00  0.0000E+00
     1    21     1     2        0  0.1478E+00  0.7748E+00  0.0000E+00  0.0000E+00
     1    22     1     1        0  0.3955E+02  0.7203E+01  0.0000E+00  0.0000E+00
     1    22     1     2        0  0.4266E+00  0.1517E+01  0.0000E+00  0.0000E+00
     1    22     1     3        0  0.2937E-03  0.2409E-01  0.0000E+00  0.0000E+00
     1    23     1     1        0  0.1915E+03  0.3468E+02  0.0000E+00  0.0000E+00
     1    23     1     2        0  0.6682E+02  0.4101E+02  0.0000E+00  0.0000E+00
     1    23     1     3        0  0.1004E+03  0.4798E+02  0.0000E+00  0.0000E+00
     1    23     1     4        0  0.5479E+02  0.4309E+02  0.0000E+00  0.0000E+00
     1    23     1     5        0  0.3464E+03  0.1000E+03  0.0000E+00  0.0000E+00
     1    23     1     6        0  0.3751E+02  0.5216E+02  0.0000E+00  0.0000E+00
     1    23     1     7        0  0.1756E+04  0.1000E+03  0.0000E+00  0.0000E+00
     1    23     1     8        0  0.1192E+02  0.1999E+02  0.0000E+00  0.0000E+00
     1    23     1     9        0  0.2997E+03  0.2571E+02  0.0000E+00  0.0000E+00
     1    23     1    10        0  0.9186E+01  0.8940E+01  0.0000E+00  0.0000E+00
     1    23     1    11        0  0.6272E+04  0.1000E+03  0.0000E+00  0.0000E+00
     1    23     1    12        0  0.1027E+03  0.4119E+02  0.0000E+00  0.0000E+00
     1    23     2     1        0  0.3661E+01  0.1485E+02  0.0000E+00  0.0000E+00
     1    23     2     2        0  0.8600E-02  0.1744E+01  0.0000E+00  0.0000E+00
     1    24     1     1        0  0.2016E+01  0.1998E+02  0.0000E+00  0.0000E+00
     1    24     1     2        0  0.3538E-01  0.3247E+01  0.0000E+00  0.0000E+00
     1    24     1     3        0  0.0000E+00  0.4839E-01  0.0000E+00  0.0000E+00
     1    25     1     1        0  0.2432E+02  0.4880E+02  0.0000E+00  0.0000E+00
     1    25     1     2        0  0.1658E+02  0.4189E+02  0.0000E+00  0.0000E+00
     1    25     1     3        0  0.1789E+01  0.1517E+02  0.0000E+00  0.0000E+00
     1    25     1     4        0  0.9935E-01  0.3471E+01  0.0000E+00  0.0000E+00
     1    26     1     1        0  0.5724E+02  0.6267E+02  0.0000E+00  0.0000E+00
     1    26     1     2        0  0.8395E+04  0.1000E+03  0.0000E+00  0.0000E+00
     1    26     1     3        0  0.8009E+02  0.4227E+02  0.0000E+00  0.0000E+00
     1    26     1     4        0  0.5756E+04  0.1397E+02  0.0000E+00  0.0000E+00
     1    26     1     5        0  0.4855E+03  0.7626E+01  0.0000E+00  0.0000E+00
     1    26     2     1        0  0.2548E+02  0.9466E+02  0.0000E+00  0.0000E+00
     1    26     2     2        0  0.6586E+03  0.1000E+03  0.0000E+00  0.0000E+00
     1    26     2     3        0  0.1798E+02  0.3534E+02  0.0000E+00  0.0000E+00
     1    26     2     4        0  0.8679E+03  0.1000E+03  0.0000E+00  0.0000E+00
     1    26     2     5        0  0.5408E+01  0.1665E+02  0.0000E+00  0.0000E+00
     1    26     2     6        0  0.4816E+04  0.1000E+03  0.0000E+00  0.0000E+00
     1    26     2     7        0  0.8631E+02  0.4947E+02  0.0000E+00  0.0000E+00
     1    26     3     1        0  0.3824E+01  0.1000E+03  0.0000E+00  0.0000E+00
     1    26     3     2        0  0.1490E+01  0.5879E+02  0.0000E+00  0.0000E+00
     1    26     3     3        0  0.2830E-01  0.8704E+01  0.0000E+00  0.0000E+00
     1    27     1     1        0  0.3830E+01  0.4866E+02  0.0000E+00  0.0000E+00
     1    27     1     2        0  0.2126E+02  0.1000E+03  0.0000E+00  0.0000E+00
     1    27     1     3        0  0.6709E+01  0.6310E+02  0.0000E+00  0.0000E+00
     1    27     1     4        0  0.1183E+04  0.1000E+03  0.0000E+00  0.0000E+00
     1    27     1     5        0  0.1687E+02  0.3013E+02  0.0000E+00  0.0000E+00
     1    27     2     1        0  0.1836E+00  0.3862E+02  0.0000E+00  0.0000E+00
     1    27     2     2        0  0.1957E-01  0.1164E+02  0.0000E+00  0.0000E+00
     1    27     2     3        0  0.4507E-04  0.5802E+00  0.0000E+00  0.0000E+00
     1    28     1     1        0  0.1156E+00  0.2127E+02  0.0000E+00  0.0000E+00
     1    28     1     2        0  0.3078E-01  0.1010E+02  0.0000E+00  0.0000E+00
     1    28     1     3        0  0.1369E-03  0.6913E+00  0.0000E+00  0.0000E+00
     1    29     1     1        0  0.1316E+01  0.3854E+02  0.0000E+00  0.0000E+00
     1    29     1     2        0  0.4655E+01  0.6627E+02  0.0000E+00  0.0000E+00
     1    29     1     3        0  0.1927E+01  0.4478E+02  0.0000E+00  0.0000E+00
     1    29     1     4        0  0.1199E+02  0.1000E+03  0.0000E+00  0.0000E+00
     1    29     1     5        0  0.3017E+03  0.1000E+03  0.0000E+00  0.0000E+00
     1    29     2     1        0  0.2843E-01  0.2161E+02  0.0000E+00  0.0000E+00
     1    29     2     2        0  0.6536E-02  0.9683E+01  0.0000E+00  0.0000E+00
     1    29     2     3        0  0.0000E+00  0.6868E+00  0.0000E+00  0.0000E+00
     1    30     1     1        0  0.2104E-01  0.1450E+02  0.0000E+00  0.0000E+00
     1    30     1     2        0  0.1329E-01  0.1072E+02  0.0000E+00  0.0000E+00
     1    30     1     3        0  0.1151E-03  0.1008E+01  0.0000E+00  0.0000E+00
     1    31     1     1        0  0.3062E+00  0.2987E+02  0.0000E+00  0.0000E+00
     1    31     1     2        0  0.5619E+00  0.3801E+02  0.0000E+00  0.0000E+00
     1    31     1     3        0  0.7359E-01  0.1405E+02  0.0000E+00  0.0000E+00
     1    31     1     4        0  0.9322E-02  0.4975E+01  0.0000E+00  0.0000E+00
     1    32     1     1        0  0.4903E+01  0.5063E+02  0.0000E+00  0.0000E+00
     1    32     1     2        0  0.1039E+03  0.1000E+03  0.0000E+00  0.0000E+00
     1    32     1     3        0  0.6543E+00  0.1316E+02  0.0000E+00  0.0000E+00
     1    32     1     4        0  0.4345E+02  0.5692E+02  0.0000E+00  0.0000E+00
     1    32     1     5        0  0.7209E+01  0.2851E+02  0.0000E+00  0.0000E+00
     1    32     2     1        0  0.1272E+01  0.8794E+02  0.0000E+00  0.0000E+00
     1    32     2     2        0  0.7831E+03  0.1000E+03  0.0000E+00  0.0000E+00
     1    32     2     3        0  0.1107E+02  0.2817E+02  0.0000E+00  0.0000E+00
     1    32     2     4        0  0.3253E+03  0.9122E+02  0.0000E+00  0.0000E+00
     1    32     2     5        0  0.1510E+01  0.1131E+02  0.0000E+00  0.0000E+00
     1    32     2     6        0  0.6099E+02  0.3278E+02  0.0000E+00  0.0000E+00
     1    32     2     7        0  0.1804E+01  0.6610E+01  0.0000E+00  0.0000E+00
     1    32     3     1        0  0.7957E-01  0.8602E+02  0.0000E+00  0.0000E+00
     1    32     3     2        0  0.9032E-01  0.8959E+02  0.0000E+00  0.0000E+00
     1    32     3     3        0  0.2581E-01  0.4818E+02  0.0000E+00  0.0000E+00
     1    32     3     4        0  0.8111E-02  0.2701E+02  0.0000E+00  0.0000E+00
     1    32     3     5        0  0.2544E-02  0.1513E+02  0.0000E+00  0.0000E+00
     1    32     3     6        0  0.8094E-03  0.8537E+01  0.0000E+00  0.0000E+00
     1    32     3     7        0  0.2609E-03  0.4847E+01  0.0000E+00  0.0000E+00
     1    32     3     8        0  0.8486E-04  0.2764E+01  0.0000E+00  0.0000E+00
     1    33     1     1        0  0.1515E+01  0.1000E+03  0.0000E+00  0.0000E+00
     1    33     1     2        0  0.1240E+02  0.1000E+03  0.0000E+00  0.0000E+00
     1    33     1     3        0  0.1588E+00  0.1309E+02  0.0000E+00  0.0000E+00
     1    33     1     4        0  0.1183E+01  0.2974E+02  0.0000E+00  0.0000E+00
     1    33     1     5        0  0.1985E+01  0.3936E+02  0.0000E+00  0.0000E+00
