SUMMARY OF C0NVERGENCE INFORMATION
  STEP   INC  ATT   ITER     CONT.   RESID.        CORR.      RESID.      CORR.
                              EL.    FORCE         DISP       FLUX        TEMP.
                              (#)     (%)           (%)        (%)         (%)
     1     1     1     1        0  0.2062E+04  0.1000E+03  0.0000E+00  0.0000E+00
     1     1     1     2        0  0.3497E+05  0.3591E+02  0.0000E+00  0.0000E+00
     1     1     1     3        0  0.2746E+05  0.9118E+02  0.0000E+00  0.0000E+00
     1     1     1     4        0  0.3023E+05  0.3714E+02  0.0000E+00  0.0000E+00
     1     1     1     5        0  0.8871E+04  0.1000E+03  0.0000E+00  0.0000E+00
     1     1     1     6        0  0.5374E+05  0.1000E+03  0.0000E+00  0.0000E+00
     1     1     1     7        0  0.3663E+05  0.1000E+03  0.0000E+00  0.0000E+00
     1     1     2     1        0  0.5224E+03  0.1000E+03  0.0000E+00  0.0000E+00
     1     1     2     2        0  0.4298E+01  0.1773E+01  0.0000E+00  0.0000E+00
     1     1     2     3        0  0.0000E+00  0.6072E-02  0.0000E+00  0.0000E+00
     1     2     1     1        0  0.3655E+04  0.1027E+02  0.0000E+00  0.0000E+00
     1     2     1     2        0  0.1458E+02  0.6616E+01  0.0000E+00  0.0000E+00
     1     2     1     3        0  0.2986E+04  0.8351E+01  0.0000E+00  0.0000E+00
     1     2     1     4        0  0.7594E+02  0.6792E+01  0.0000E+00  0.0000E+00
     1     2     2     1        0  0.2112E+01  0.2656E+01  0.0000E+00  0.0000E+00
     1     2     2     2        0  0.0000E+00  0.1852E-01  0.0000E+00  0.0000E+00
     1     3     1     1        0  0.4842E+01  0.1873E+01  0.0000E+00  0.0000E+00
     1     3     1     2        0  0.0000E+00  0.4108E-01  0.0000E+00  0.0000E+00
     1     4     1     1        0  0.4719E+04  0.2668E+02  0.0000E+00  0.0000E+00
     1     4     1     2        0  0.9034E+01  0.2112E+02  0.0000E+00  0.0000E+00
     1     4     1     3        0  0.9750E+02  0.9817E+01  0.0000E+00  0.0000E+00
     1     4     1     4        0  0.1583E+01  0.6781E+00  0.0000E+00  0.0000E+00
     1     4     1     5        0  0.5182E-01  0.1958E+00  0.0000E+00  0.0000E+00
     1     5     1     1        0  0.6404E+03  0.5675E+02  0.0000E+00  0.0000E+00
     1     5     1     2        0  0.1297E+05  0.1000E+03  0.0000E+00  0.0000E+00
     1     5     1     3        0  0.4545E+04  0.1216E+02  0.0000E+00  0.0000E+00
     1     5     1     4        0  0.2102E+04  0.2272E+02  0.0000E+00  0.0000E+00
     1     5     1     5        0  0.5614E+05  0.5311E+02  0.0000E+00  0.0000E+00
     1     5     1     6        0  0.4486E+04  0.8603E+02  0.0000E+00  0.0000E+00
     1     5     2     1        0  0.4504E+03  0.8510E+02  0.0000E+00  0.0000E+00
     1     5     2     2        0  0.2475E+03  0.6729E+02  0.0000E+00  0.0000E+00
     1     5     2     3        0  0.8660E+01  0.1633E+02  0.0000E+00  0.0000E+00
     1     5     2     4        0  0.2566E+00  0.2348E+01  0.0000E+00  0.0000E+00
     1     6     1     1        0  0.3063E+03  0.2543E+02  0.0000E+00  0.0000E+00
     1     6     1     2        0  0.7521E+02  0.1970E+02  0.0000E+00  0.0000E+00
     1     6     1     3        0  0.9896E+01  0.1439E+01  0.0000E+00  0.0000E+00
     1     6     1     4        0  0.3606E+00  0.1212E+00  0.0000E+00  0.0000E+00
     1     7     1     1        0  0.2093E+04  0.1507E+02  0.0000E+00  0.0000E+00
     1     7     1     2        0  0.1112E+02  0.4412E+01  0.0000E+00  0.0000E+00
     1     7     1     3        0  0.4869E+03  0.5634E+01  0.0000E+00  0.0000E+00
     1     7     1     4        0  0.7205E+00  0.2302E+00  0.0000E+00  0.0000E+00
     1     7     1     5        0  0.1692E+00  0.8296E-01  0.0000E+00  0.0000E+00
     1     8     1     1        0  0.4401E+03  0.1267E+02  0.0000E+00  0.0000E+00
     1     8     1     2        0  0.1722E+06  0.1000E+03  0.0000E+00  0.0000E+00
     1     8     1     3        0  0.6168E+05  0.1000E+03  0.0000E+00  0.0000E+00
     1     8     1     4        0  0.2205E+05  0.3830E+02  0.0000E+00  0.0000E+00
     1     8     1     5        0  0.5315E+04  0.4691E+02  0.0000E+00  0.0000E+00
     1     8     1     6        0  0.1002E+04  0.1145E+02  0.0000E+00  0.0000E+00
     1     8     1     7        0  0.7635E+02  0.9574E+00  0.0000E+00  0.0000E+00
     1     8     1     8        0  0.9629E+02  0.3780E+00  0.0000E+00  0.0000E+00
     1     8     1     9        0  0.4096E+01  0.9317E-01  0.0000E+00  0.0000E+00
     1     8     1    10        0  0.4349E+00  0.3066E-01  0.0000E+00  0.0000E+00
     1     9     1     1        0  0.6462E+05  0.1000E+03  0.0000E+00  0.0000E+00
     1     9     1     2        0  0.1081E+06  0.5831E+02  0.0000E+00  0.0000E+00
     1     9     1     3        0  0.1082E+05  0.2042E+02  0.0000E+00  0.0000E+00
     1     9     1     4        0  0.9988E+04  0.1254E+02  0.0000E+00  0.0000E+00
     1     9     1     5        0  0.4359E+04  0.3813E+01  0.0000E+00  0.0000E+00
     1     9     1     6        0  0.3280E+04  0.2179E+01  0.0000E+00  0.0000E+00
     1     9     1     7        0  0.1807E+04  0.1004E+01  0.0000E+00  0.0000E+00
     1     9     1     8        0  0.1273E+04  0.7073E+00  0.0000E+00  0.0000E+00
     1     9     2     1        0  0.1531E+05  0.1000E+03  0.0000E+00  0.0000E+00
     1     9     2     2        0  0.1240E+05  0.8379E+02  0.0000E+00  0.0000E+00
     1     9     2     3        0  0.1360E+04  0.6384E+01  0.0000E+00  0.0000E+00
     1     9     2     4        0  0.1797E+04  0.2026E+01  0.0000E+00  0.0000E+00
     1     9     2     5        0  0.4433E+03  0.2872E+01  0.0000E+00  0.0000E+00
     1     9     2     6        0  0.5186E+03  0.9069E+00  0.0000E+00  0.0000E+00
     1     9     2     7        0  0.1688E+03  0.5721E+00  0.0000E+00  0.0000E+00
     1     9     2     8        0  0.7088E+02  0.3570E+00  0.0000E+00  0.0000E+00
     1     9     2     9        0  0.3908E+01  0.8611E-01  0.0000E+00  0.0000E+00
     1     9     2    10        0  0.3183E-01  0.7632E-02  0.0000E+00  0.0000E+00
     1    10     1     1        0  0.1302E+04  0.2391E+02  0.0000E+00  0.0000E+00
     1    10     1     2        0  0.2679E+03  0.2843E+02  0.0000E+00  0.0000E+00
     1    10     1     3        0  0.3217E+03  0.1304E+02  0.0000E+00  0.0000E+00
     1    10     1     4        0  0.1815E+02  0.3008E+01  0.0000E+00  0.0000E+00
     1    10     1     5        0  0.3321E+01  0.1285E+01  0.0000E+00  0.0000E+00
     1    10     1     6        0  0.2684E-02  0.3681E-01  0.0000E+00  0.0000E+00
     1    11     1     1        0  0.4093E+03  0.1084E+02  0.0000E+00  0.0000E+00
     1    11     1     2        0  0.1083E+03  0.1662E+02  0.0000E+00  0.0000E+00
     1    11     1     3        0  0.1891E+02  0.4035E+01  0.0000E+00  0.0000E+00
     1    11     1     4        0  0.3609E+00  0.5596E+00  0.0000E+00  0.0000E+00
     1    12     1     1        0  0.2199E+03  0.7240E+01  0.0000E+00  0.0000E+00
     1    12     1     2        0  0.4619E+02  0.1163E+02  0.0000E+00  0.0000E+00
     1    12     1     3        0  0.2252E+01  0.1613E+01  0.0000E+00  0.0000E+00
     1    12     1     4        0  0.6479E-02  0.8901E-01  0.0000E+00  0.0000E+00
     1    13     1     1        0  0.5048E+03  0.9619E+01  0.0000E+00  0.0000E+00
     1    13     1     2        0  0.4699E+02  0.1196E+02  0.0000E+00  0.0000E+00
     1    13     1     3        0  0.7122E+01  0.2120E+01  0.0000E+00  0.0000E+00
     1    13     1     4        0  0.1312E-01  0.9438E-01  0.0000E+00  0.0000E+00
     1    14     1     1        0  0.1757E+04  0.1748E+02  0.0000E+00  0.0000E+00
     1    14     1     2        0  0.6623E+02  0.1714E+02  0.0000E+00  0.0000E+00
     1    14     1     3        0  0.1718E+03  0.3372E+01  0.0000E+00  0.0000E+00
     1    14     1     4        0  0.1139E+01  0.3856E+00  0.0000E+00  0.0000E+00
     1    14     1     5        0  0.1947E+00  0.5696E-01  0.0000E+00  0.0000E+00
     1    15     1     1        0  0.1879E+04  0.1983E+02  0.0000E+00  0.0000E+00
     1    15     1     2        0  0.2818E+03  0.1845E+02  0.0000E+00  0.0000E+00
     1    15     1     3        0  0.8968E+04  0.1360E+02  0.0000E+00  0.0000E+00
     1    15     1     4        0  0.6082E+02  0.1304E+02  0.0000E+00  0.0000E+00
     1    15     1     5        0  0.2057E+04  0.1719E+02  0.0000E+00  0.0000E+00
     1    15     1     6        0  0.4653E+01  0.2145E+01  0.0000E+00  0.0000E+00
     1    15     1     7        0  0.3351E+02  0.2863E+01  0.0000E+00  0.0000E+00
     1    15     1     8        0  0.8707E-01  0.1080E+00  0.0000E+00  0.0000E+00
     1    16     1     1        0  0.2043E+04  0.3192E+02  0.0000E+00  0.0000E+00
     1    16     1     2        0  0.3195E+03  0.5437E+02  0.0000E+00  0.0000E+00
     1    16     1     3        0  0.2896E+04  0.5875E+02  0.0000E+00  0.0000E+00
     1    16     1     4        0  0.4171E+02  0.9577E+01  0.0000E+00  0.0000E+00
     1    16     1     5        0  0.5306E+03  0.3003E+02  0.0000E+00  0.0000E+00
     1    16     1     6        0  0.1874E+01  0.1939E+01  0.0000E+00  0.0000E+00
     1    16     1     7        0  0.1498E+01  0.1680E+01  0.0000E+00  0.0000E+00
     1    16     1     8        0  0.7792E-04  0.2293E-01  0.0000E+00  0.0000E+00
     1    17     1     1        0  0.6323E+04  0.7616E+02  0.0000E+00  0.0000E+00
     1    17     1     2        0  0.8801E+03  0.4947E+02  0.0000E+00  0.0000E+00
     1    17     1     3        0  0.3576E+05  0.1000E+03  0.0000E+00  0.0000E+00
     1    17     1     4        0  0.1110E+04  0.1459E+02  0.0000E+00  0.0000E+00
     1    17     2     1        0  0.1900E+03  0.5072E+02  0.0000E+00  0.0000E+00
     1    17     2     2        0  0.8817E+03  0.1000E+03  0.0000E+00  0.0000E+00
     1    17     2     3        0  0.4094E+02  0.3253E+02  0.0000E+00  0.0000E+00
     1    17     2     4        0  0.7705E+03  0.1000E+03  0.0000E+00  0.0000E+00
     1    17     2     5        0  0.5953E+01  0.9573E+01  0.0000E+00  0.0000E+00
     1    17     2     6        0  0.5034E+03  0.8116E+02  0.0000E+00  0.0000E+00
     1    17     2     7        0  0.2345E+01  0.6011E+01  0.0000E+00  0.0000E+00
     1    17     2     8        0  0.1350E+04  0.1000E+03  0.0000E+00  0.0000E+00
     1    17     2     9        0  0.3578E+01  0.5592E+01  0.0000E+00  0.0000E+00
     1    17     3     1        0  0.9719E+01  0.4967E+02  0.0000E+00  0.0000E+00
     1    17     3     2        0  0.4883E+02  0.1000E+03  0.0000E+00  0.0000E+00
     1    17     3     3        0  0.1461E+00  0.7165E+01  0.0000E+00  0.0000E+00
     1    18     1     1        0  0.1401E+01  0.7469E+01  0.0000E+00  0.0000E+00
     1    18     1     2        0  0.9193E+01  0.2360E+02  0.0000E+00  0.0000E+00
     1    18     1     3        0  0.3437E-02  0.6364E+00  0.0000E+00  0.0000E+00
     1    19     1     1        0  0.5405E+01  0.5866E+01  0.0000E+00  0.0000E+00
     1    19     1     2        0  0.1862E+03  0.5776E+02  0.0000E+00  0.0000E+00
     1    19     1     3        0  0.9820E+00  0.4674E+01  0.0000E+00  0.0000E+00
     1    19     1     4        0  0.3133E+01  0.7721E+01  0.0000E+00  0.0000E+00
     1    19     1     5        0  0.3248E-02  0.3014E+00  0.0000E+00  0.0000E+00
     1    20     1     1        0  0.2889E+02  0.6106E+01  0.0000E+00  0.0000E+00
     1    20     1     2        0  0.1990E+06  0.1000E+03  0.0000E+00  0.0000E+00
     1    20     1     3        0  0.4615E+05  0.4770E+02  0.0000E+00  0.0000E+00
     1    20     1     4        0  0.7777E+05  0.3452E+02  0.0000E+00  0.0000E+00
     1    20     1     5        0  0.4851E+05  0.1000E+03  0.0000E+00  0.0000E+00
     1    20     2     1        0  0.1670E+01  0.1047E+02  0.0000E+00  0.0000E+00
     1    20     2     2        0  0.1463E+03  0.1000E+03  0.0000E+00  0.0000E+00
     1    20     2     3        0  0.1068E+01  0.9275E+01  0.0000E+00  0.0000E+00
     1    20     2     4        0  0.1667E+02  0.3384E+02  0.0000E+00  0.0000E+00
     1    20     2     5        0  0.3206E+00  0.4944E+01  0.0000E+00  0.0000E+00
     1    20     2     6        0  0.1473E+00  0.3211E+01  0.0000E+00  0.0000E+00
     1    20     2     7        0  0.2965E-03  0.1663E+00  0.0000E+00  0.0000E+00
     1    21     1     1        0  0.5216E+01  0.5024E+01  0.0000E+00  0.0000E+00
     1    21     1     2        0  0.2614E+04  0.1000E+03  0.0000E+00  0.0000E+00
     1    21     1     3        0  0.7690E+01  0.2829E+01  0.0000E+00  0.0000E+00
     1    21     1     4        0  0.1285E+04  0.6861E+02  0.0000E+00  0.0000E+00
     1    21     1     5        0  0.3644E+01  0.3823E+01  0.0000E+00  0.0000E+00
     1    21     1     6        0  0.1088E+05  0.1000E+03  0.0000E+00  0.0000E+00
     1    21     1     7        0  0.1235E+03  0.6543E+01  0.0000E+00  0.0000E+00
     1    21     2     1        0  0.1251E+01  0.1493E+02  0.0000E+00  0.0000E+00
     1    21     2     2        0  0.4436E+04  0.1000E+03  0.0000E+00  0.0000E+00
     1    21     2     3        0  0.2165E+02  0.5319E+01  0.0000E+00  0.0000E+00
     1    21     2     4        0  0.1699E+04  0.6606E+02  0.0000E+00  0.0000E+00
     1    21     2     5        0  0.3299E+01  0.2260E+01  0.0000E+00  0.0000E+00
     1    21     2     6        0  0.3969E+03  0.3001E+02  0.0000E+00  0.0000E+00
     1    21     2     7        0  0.1111E+01  0.1438E+01  0.0000E+00  0.0000E+00
     1    21     2     8        0  0.7435E+03  0.4135E+02  0.0000E+00  0.0000E+00
     1    21     2     9        0  0.1513E+01  0.1483E+01  0.0000E+00  0.0000E+00
     1    21     3     1        0  0.7115E+00  0.4667E+02  0.0000E+00  0.0000E+00
     1    21     3     2        0  0.9647E+01  0.1000E+03  0.0000E+00  0.0000E+00
     1    21     3     3        0  0.4879E+00  0.2315E+02  0.0000E+00  0.0000E+00
     1    21     3     4        0  0.6277E+00  0.2554E+02  0.0000E+00  0.0000E+00
     1    21     3     5        0  0.3037E-01  0.5772E+01  0.0000E+00  0.0000E+00
     1    22     1     1        0  0.1444E+01  0.1598E+02  0.0000E+00  0.0000E+00
     1    22     1     2        0  0.1496E+03  0.1000E+03  0.0000E+00  0.0000E+00
     1    22     1     3        0  0.7902E+00  0.6745E+01  0.0000E+00  0.0000E+00
     1    22     1     4        0  0.9844E+02  0.8135E+02  0.0000E+00  0.0000E+00
     1    22     1     5        0  0.1849E+01  0.1188E+02  0.0000E+00  0.0000E+00
     1    22     2     1        0  0.8926E+00  0.5128E+02  0.0000E+00  0.0000E+00
     1    22     2     2        0  0.2062E+03  0.1000E+03  0.0000E+00  0.0000E+00
     1    22     2     3        0  0.2101E+01  0.1111E+02  0.0000E+00  0.0000E+00
     1    22     2     4        0  0.8135E+02  0.6295E+02  0.0000E+00  0.0000E+00
     1    22     2     5        0  0.1121E+01  0.7066E+01  0.0000E+00  0.0000E+00
     1    22     2     6        0  0.2931E+02  0.3771E+02  0.0000E+00  0.0000E+00
     1    22     2     7        0  0.1062E+01  0.6945E+01  0.0000E+00  0.0000E+00
     1    22     2     8        0  0.2519E+02  0.3494E+02  0.0000E+00  0.0000E+00
     1    22     2     9        0  0.5256E+00  0.4827E+01  0.0000E+00  0.0000E+00
     1    22     2    10        0  0.4876E+02  0.4864E+02  0.0000E+00  0.0000E+00
     1    22     2    11        0  0.2937E+01  0.1237E+02  0.0000E+00  0.0000E+00
